[2022-03-01 01:49:48,130] {taskinstance.py:851} INFO - Dependencies all met for <TaskInstance: example_bash_operator.runme_2 2022-02-27T00:00:00+00:00 [queued]>
[2022-03-01 01:49:48,162] {taskinstance.py:851} INFO - Dependencies all met for <TaskInstance: example_bash_operator.runme_2 2022-02-27T00:00:00+00:00 [queued]>
[2022-03-01 01:49:48,163] {taskinstance.py:1042} INFO - 
--------------------------------------------------------------------------------
[2022-03-01 01:49:48,164] {taskinstance.py:1043} INFO - Starting attempt 1 of 1
[2022-03-01 01:49:48,166] {taskinstance.py:1044} INFO - 
--------------------------------------------------------------------------------
[2022-03-01 01:49:48,193] {taskinstance.py:1063} INFO - Executing <Task(BashOperator): runme_2> on 2022-02-27T00:00:00+00:00
[2022-03-01 01:49:48,220] {standard_task_runner.py:76} INFO - Running: ['airflow', 'tasks', 'run', 'example_bash_operator', 'runme_2', '2022-02-27T00:00:00+00:00', '--job-id', '5', '--pool', 'default_pool', '--raw', '--subdir', '/home/airflow/.local/lib/python3.6/site-packages/airflow/example_dags/example_bash_operator.py', '--cfg-path', '/tmp/tmp63tyzbet', '--error-file', '/tmp/tmpwrs8l7dg']
[2022-03-01 01:49:48,203] {standard_task_runner.py:52} INFO - Started process 52 to run task
[2022-03-01 01:49:48,226] {standard_task_runner.py:77} INFO - Job 5: Subtask runme_2
[2022-03-01 01:49:48,390] {logging_mixin.py:104} INFO - Running <TaskInstance: example_bash_operator.runme_2 2022-02-27T00:00:00+00:00 [running]> on host aaa141cd3a10
[2022-03-01 01:49:48,542] {taskinstance.py:1257} INFO - Exporting the following env vars:
AIRFLOW_CTX_DAG_OWNER=airflow
AIRFLOW_CTX_DAG_ID=example_bash_operator
AIRFLOW_CTX_TASK_ID=runme_2
AIRFLOW_CTX_EXECUTION_DATE=2022-02-27T00:00:00+00:00
AIRFLOW_CTX_DAG_RUN_ID=scheduled__2022-02-27T00:00:00+00:00
[2022-03-01 01:49:48,543] {bash.py:135} INFO - Tmp dir root location: 
 /tmp
[2022-03-01 01:49:48,545] {bash.py:158} INFO - Running command: echo "example_bash_operator__runme_2__20220227" && sleep 1
[2022-03-01 01:49:48,559] {bash.py:169} INFO - Output:
[2022-03-01 01:49:48,562] {bash.py:173} INFO - example_bash_operator__runme_2__20220227
[2022-03-01 01:49:49,565] {bash.py:177} INFO - Command exited with return code 0
[2022-03-01 01:49:49,600] {taskinstance.py:1166} INFO - Marking task as SUCCESS. dag_id=example_bash_operator, task_id=runme_2, execution_date=20220227T000000, start_date=20220301T014948, end_date=20220301T014949
[2022-03-01 01:49:49,646] {taskinstance.py:1220} INFO - 0 downstream tasks scheduled from follow-on schedule check
[2022-03-01 01:49:49,665] {local_task_job.py:146} INFO - Task exited with return code 0
