[2022-03-01 01:50:01,573] {taskinstance.py:851} INFO - Dependencies all met for <TaskInstance: example_bash_operator.run_after_loop 2022-03-01T01:49:58.007630+00:00 [queued]>
[2022-03-01 01:50:01,595] {taskinstance.py:851} INFO - Dependencies all met for <TaskInstance: example_bash_operator.run_after_loop 2022-03-01T01:49:58.007630+00:00 [queued]>
[2022-03-01 01:50:01,596] {taskinstance.py:1042} INFO - 
--------------------------------------------------------------------------------
[2022-03-01 01:50:01,597] {taskinstance.py:1043} INFO - Starting attempt 1 of 1
[2022-03-01 01:50:01,597] {taskinstance.py:1044} INFO - 
--------------------------------------------------------------------------------
[2022-03-01 01:50:01,607] {taskinstance.py:1063} INFO - Executing <Task(BashOperator): run_after_loop> on 2022-03-01T01:49:58.007630+00:00
[2022-03-01 01:50:01,612] {standard_task_runner.py:52} INFO - Started process 86 to run task
[2022-03-01 01:50:01,618] {standard_task_runner.py:76} INFO - Running: ['airflow', 'tasks', 'run', 'example_bash_operator', 'run_after_loop', '2022-03-01T01:49:58.007630+00:00', '--job-id', '16', '--pool', 'default_pool', '--raw', '--subdir', '/home/airflow/.local/lib/python3.6/site-packages/airflow/example_dags/example_bash_operator.py', '--cfg-path', '/tmp/tmparkbg0xp', '--error-file', '/tmp/tmpcne311yo']
[2022-03-01 01:50:01,619] {standard_task_runner.py:77} INFO - Job 16: Subtask run_after_loop
[2022-03-01 01:50:01,675] {logging_mixin.py:104} INFO - Running <TaskInstance: example_bash_operator.run_after_loop 2022-03-01T01:49:58.007630+00:00 [running]> on host aaa141cd3a10
[2022-03-01 01:50:01,728] {taskinstance.py:1257} INFO - Exporting the following env vars:
AIRFLOW_CTX_DAG_OWNER=airflow
AIRFLOW_CTX_DAG_ID=example_bash_operator
AIRFLOW_CTX_TASK_ID=run_after_loop
AIRFLOW_CTX_EXECUTION_DATE=2022-03-01T01:49:58.007630+00:00
AIRFLOW_CTX_DAG_RUN_ID=manual__2022-03-01T01:49:58.007630+00:00
[2022-03-01 01:50:01,730] {bash.py:135} INFO - Tmp dir root location: 
 /tmp
[2022-03-01 01:50:01,733] {bash.py:158} INFO - Running command: echo 1
[2022-03-01 01:50:01,747] {bash.py:169} INFO - Output:
[2022-03-01 01:50:01,748] {bash.py:173} INFO - 1
[2022-03-01 01:50:01,750] {bash.py:177} INFO - Command exited with return code 0
[2022-03-01 01:50:01,787] {taskinstance.py:1166} INFO - Marking task as SUCCESS. dag_id=example_bash_operator, task_id=run_after_loop, execution_date=20220301T014958, start_date=20220301T015001, end_date=20220301T015001
[2022-03-01 01:50:01,823] {taskinstance.py:1220} INFO - 1 downstream tasks scheduled from follow-on schedule check
[2022-03-01 01:50:01,834] {local_task_job.py:146} INFO - Task exited with return code 0
