[2022-03-01 01:49:59,119] {taskinstance.py:851} INFO - Dependencies all met for <TaskInstance: example_bash_operator.also_run_this 2022-03-01T01:49:58.007630+00:00 [queued]>
[2022-03-01 01:49:59,154] {taskinstance.py:851} INFO - Dependencies all met for <TaskInstance: example_bash_operator.also_run_this 2022-03-01T01:49:58.007630+00:00 [queued]>
[2022-03-01 01:49:59,156] {taskinstance.py:1042} INFO - 
--------------------------------------------------------------------------------
[2022-03-01 01:49:59,157] {taskinstance.py:1043} INFO - Starting attempt 1 of 1
[2022-03-01 01:49:59,158] {taskinstance.py:1044} INFO - 
--------------------------------------------------------------------------------
[2022-03-01 01:49:59,173] {taskinstance.py:1063} INFO - Executing <Task(BashOperator): also_run_this> on 2022-03-01T01:49:58.007630+00:00
[2022-03-01 01:49:59,180] {standard_task_runner.py:52} INFO - Started process 77 to run task
[2022-03-01 01:49:59,187] {standard_task_runner.py:76} INFO - Running: ['airflow', 'tasks', 'run', 'example_bash_operator', 'also_run_this', '2022-03-01T01:49:58.007630+00:00', '--job-id', '13', '--pool', 'default_pool', '--raw', '--subdir', '/home/airflow/.local/lib/python3.6/site-packages/airflow/example_dags/example_bash_operator.py', '--cfg-path', '/tmp/tmp0p2nthg3', '--error-file', '/tmp/tmpr5q0_ufn']
[2022-03-01 01:49:59,189] {standard_task_runner.py:77} INFO - Job 13: Subtask also_run_this
[2022-03-01 01:49:59,309] {logging_mixin.py:104} INFO - Running <TaskInstance: example_bash_operator.also_run_this 2022-03-01T01:49:58.007630+00:00 [running]> on host aaa141cd3a10
[2022-03-01 01:49:59,423] {taskinstance.py:1257} INFO - Exporting the following env vars:
AIRFLOW_CTX_DAG_OWNER=airflow
AIRFLOW_CTX_DAG_ID=example_bash_operator
AIRFLOW_CTX_TASK_ID=also_run_this
AIRFLOW_CTX_EXECUTION_DATE=2022-03-01T01:49:58.007630+00:00
AIRFLOW_CTX_DAG_RUN_ID=manual__2022-03-01T01:49:58.007630+00:00
[2022-03-01 01:49:59,425] {bash.py:135} INFO - Tmp dir root location: 
 /tmp
[2022-03-01 01:49:59,428] {bash.py:158} INFO - Running command: echo "run_id=manual__2022-03-01T01:49:58.007630+00:00 | dag_run=<DagRun example_bash_operator @ 2022-03-01 01:49:58.007630+00:00: manual__2022-03-01T01:49:58.007630+00:00, externally triggered: True>"
[2022-03-01 01:49:59,450] {bash.py:169} INFO - Output:
[2022-03-01 01:49:59,453] {bash.py:173} INFO - run_id=manual__2022-03-01T01:49:58.007630+00:00 | dag_run=<DagRun example_bash_operator @ 2022-03-01 01:49:58.007630+00:00: manual__2022-03-01T01:49:58.007630+00:00, externally triggered: True>
[2022-03-01 01:49:59,468] {bash.py:177} INFO - Command exited with return code 0
[2022-03-01 01:49:59,538] {taskinstance.py:1166} INFO - Marking task as SUCCESS. dag_id=example_bash_operator, task_id=also_run_this, execution_date=20220301T014958, start_date=20220301T014959, end_date=20220301T014959
[2022-03-01 01:49:59,581] {taskinstance.py:1220} INFO - 0 downstream tasks scheduled from follow-on schedule check
[2022-03-01 01:49:59,610] {local_task_job.py:146} INFO - Task exited with return code 0
