[2022-03-01 01:49:48,800] {taskinstance.py:851} INFO - Dependencies all met for <TaskInstance: example_bash_operator.runme_0 2022-02-28T00:00:00+00:00 [queued]>
[2022-03-01 01:49:48,825] {taskinstance.py:851} INFO - Dependencies all met for <TaskInstance: example_bash_operator.runme_0 2022-02-28T00:00:00+00:00 [queued]>
[2022-03-01 01:49:48,826] {taskinstance.py:1042} INFO - 
--------------------------------------------------------------------------------
[2022-03-01 01:49:48,827] {taskinstance.py:1043} INFO - Starting attempt 1 of 1
[2022-03-01 01:49:48,828] {taskinstance.py:1044} INFO - 
--------------------------------------------------------------------------------
[2022-03-01 01:49:48,842] {taskinstance.py:1063} INFO - Executing <Task(BashOperator): runme_0> on 2022-02-28T00:00:00+00:00
[2022-03-01 01:49:48,847] {standard_task_runner.py:52} INFO - Started process 60 to run task
[2022-03-01 01:49:48,856] {standard_task_runner.py:76} INFO - Running: ['airflow', 'tasks', 'run', 'example_bash_operator', 'runme_0', '2022-02-28T00:00:00+00:00', '--job-id', '7', '--pool', 'default_pool', '--raw', '--subdir', '/home/airflow/.local/lib/python3.6/site-packages/airflow/example_dags/example_bash_operator.py', '--cfg-path', '/tmp/tmp8qnt5q7c', '--error-file', '/tmp/tmp1eem3kqm']
[2022-03-01 01:49:48,858] {standard_task_runner.py:77} INFO - Job 7: Subtask runme_0
[2022-03-01 01:49:48,941] {logging_mixin.py:104} INFO - Running <TaskInstance: example_bash_operator.runme_0 2022-02-28T00:00:00+00:00 [running]> on host aaa141cd3a10
[2022-03-01 01:49:49,012] {taskinstance.py:1257} INFO - Exporting the following env vars:
AIRFLOW_CTX_DAG_OWNER=airflow
AIRFLOW_CTX_DAG_ID=example_bash_operator
AIRFLOW_CTX_TASK_ID=runme_0
AIRFLOW_CTX_EXECUTION_DATE=2022-02-28T00:00:00+00:00
AIRFLOW_CTX_DAG_RUN_ID=scheduled__2022-02-28T00:00:00+00:00
[2022-03-01 01:49:49,014] {bash.py:135} INFO - Tmp dir root location: 
 /tmp
[2022-03-01 01:49:49,016] {bash.py:158} INFO - Running command: echo "example_bash_operator__runme_0__20220228" && sleep 1
[2022-03-01 01:49:49,031] {bash.py:169} INFO - Output:
[2022-03-01 01:49:49,033] {bash.py:173} INFO - example_bash_operator__runme_0__20220228
[2022-03-01 01:49:50,035] {bash.py:177} INFO - Command exited with return code 0
[2022-03-01 01:49:50,083] {taskinstance.py:1166} INFO - Marking task as SUCCESS. dag_id=example_bash_operator, task_id=runme_0, execution_date=20220228T000000, start_date=20220301T014948, end_date=20220301T014950
[2022-03-01 01:49:50,136] {taskinstance.py:1220} INFO - 0 downstream tasks scheduled from follow-on schedule check
[2022-03-01 01:49:50,161] {local_task_job.py:146} INFO - Task exited with return code 0
