[2022-03-01 01:49:48,141] {taskinstance.py:851} INFO - Dependencies all met for <TaskInstance: example_bash_operator.also_run_this 2022-02-27T00:00:00+00:00 [queued]>
[2022-03-01 01:49:48,203] {taskinstance.py:851} INFO - Dependencies all met for <TaskInstance: example_bash_operator.also_run_this 2022-02-27T00:00:00+00:00 [queued]>
[2022-03-01 01:49:48,205] {taskinstance.py:1042} INFO - 
--------------------------------------------------------------------------------
[2022-03-01 01:49:48,206] {taskinstance.py:1043} INFO - Starting attempt 1 of 1
[2022-03-01 01:49:48,207] {taskinstance.py:1044} INFO - 
--------------------------------------------------------------------------------
[2022-03-01 01:49:48,242] {taskinstance.py:1063} INFO - Executing <Task(BashOperator): also_run_this> on 2022-02-27T00:00:00+00:00
[2022-03-01 01:49:48,268] {standard_task_runner.py:76} INFO - Running: ['airflow', 'tasks', 'run', 'example_bash_operator', 'also_run_this', '2022-02-27T00:00:00+00:00', '--job-id', '4', '--pool', 'default_pool', '--raw', '--subdir', '/home/airflow/.local/lib/python3.6/site-packages/airflow/example_dags/example_bash_operator.py', '--cfg-path', '/tmp/tmp4fcpvxfd', '--error-file', '/tmp/tmp_a2g6st8']
[2022-03-01 01:49:48,272] {standard_task_runner.py:77} INFO - Job 4: Subtask also_run_this
[2022-03-01 01:49:48,260] {standard_task_runner.py:52} INFO - Started process 53 to run task
[2022-03-01 01:49:48,435] {logging_mixin.py:104} INFO - Running <TaskInstance: example_bash_operator.also_run_this 2022-02-27T00:00:00+00:00 [running]> on host aaa141cd3a10
[2022-03-01 01:49:48,558] {taskinstance.py:1257} INFO - Exporting the following env vars:
AIRFLOW_CTX_DAG_OWNER=airflow
AIRFLOW_CTX_DAG_ID=example_bash_operator
AIRFLOW_CTX_TASK_ID=also_run_this
AIRFLOW_CTX_EXECUTION_DATE=2022-02-27T00:00:00+00:00
AIRFLOW_CTX_DAG_RUN_ID=scheduled__2022-02-27T00:00:00+00:00
[2022-03-01 01:49:48,560] {bash.py:135} INFO - Tmp dir root location: 
 /tmp
[2022-03-01 01:49:48,562] {bash.py:158} INFO - Running command: echo "run_id=scheduled__2022-02-27T00:00:00+00:00 | dag_run=<DagRun example_bash_operator @ 2022-02-27 00:00:00+00:00: scheduled__2022-02-27T00:00:00+00:00, externally triggered: False>"
[2022-03-01 01:49:48,575] {bash.py:169} INFO - Output:
[2022-03-01 01:49:48,577] {bash.py:173} INFO - run_id=scheduled__2022-02-27T00:00:00+00:00 | dag_run=<DagRun example_bash_operator @ 2022-02-27 00:00:00+00:00: scheduled__2022-02-27T00:00:00+00:00, externally triggered: False>
[2022-03-01 01:49:48,578] {bash.py:177} INFO - Command exited with return code 0
[2022-03-01 01:49:48,621] {taskinstance.py:1166} INFO - Marking task as SUCCESS. dag_id=example_bash_operator, task_id=also_run_this, execution_date=20220227T000000, start_date=20220301T014948, end_date=20220301T014948
[2022-03-01 01:49:48,674] {taskinstance.py:1220} INFO - 0 downstream tasks scheduled from follow-on schedule check
[2022-03-01 01:49:48,709] {local_task_job.py:146} INFO - Task exited with return code 0
