[2022-03-01 01:48:10,628] {scheduler_job.py:182} INFO - Started process (PID=34) to work on /home/airflow/.local/lib/python3.6/site-packages/airflow/example_dags/example_latest_only_with_trigger.py
[2022-03-01 01:48:10,629] {scheduler_job.py:629} INFO - Processing file /home/airflow/.local/lib/python3.6/site-packages/airflow/example_dags/example_latest_only_with_trigger.py for tasks to queue
[2022-03-01 01:48:10,632] {logging_mixin.py:104} INFO - [2022-03-01 01:48:10,632] {dagbag.py:448} INFO - Filling up the DagBag from /home/airflow/.local/lib/python3.6/site-packages/airflow/example_dags/example_latest_only_with_trigger.py
[2022-03-01 01:48:10,654] {scheduler_job.py:639} INFO - DAG(s) dict_keys(['latest_only_with_trigger']) retrieved from /home/airflow/.local/lib/python3.6/site-packages/airflow/example_dags/example_latest_only_with_trigger.py
[2022-03-01 01:48:10,698] {logging_mixin.py:104} INFO - [2022-03-01 01:48:10,698] {dag.py:1818} INFO - Sync 1 DAGs
[2022-03-01 01:48:10,716] {logging_mixin.py:104} INFO - [2022-03-01 01:48:10,716] {dag.py:1837} INFO - Creating ORM DAG for latest_only_with_trigger
[2022-03-01 01:48:10,724] {logging_mixin.py:104} INFO - [2022-03-01 01:48:10,724] {dag.py:2273} INFO - Setting next_dagrun for latest_only_with_trigger to 2022-02-27 00:00:00+00:00
[2022-03-01 01:48:10,742] {scheduler_job.py:190} INFO - Processing /home/airflow/.local/lib/python3.6/site-packages/airflow/example_dags/example_latest_only_with_trigger.py took 0.119 seconds
[2022-03-01 01:48:41,462] {scheduler_job.py:182} INFO - Started process (PID=61) to work on /home/airflow/.local/lib/python3.6/site-packages/airflow/example_dags/example_latest_only_with_trigger.py
[2022-03-01 01:48:41,464] {scheduler_job.py:629} INFO - Processing file /home/airflow/.local/lib/python3.6/site-packages/airflow/example_dags/example_latest_only_with_trigger.py for tasks to queue
[2022-03-01 01:48:41,466] {logging_mixin.py:104} INFO - [2022-03-01 01:48:41,466] {dagbag.py:448} INFO - Filling up the DagBag from /home/airflow/.local/lib/python3.6/site-packages/airflow/example_dags/example_latest_only_with_trigger.py
[2022-03-01 01:48:41,480] {scheduler_job.py:639} INFO - DAG(s) dict_keys(['latest_only_with_trigger']) retrieved from /home/airflow/.local/lib/python3.6/site-packages/airflow/example_dags/example_latest_only_with_trigger.py
[2022-03-01 01:48:41,505] {logging_mixin.py:104} INFO - [2022-03-01 01:48:41,505] {dag.py:1818} INFO - Sync 1 DAGs
[2022-03-01 01:48:41,523] {logging_mixin.py:104} INFO - [2022-03-01 01:48:41,523] {dag.py:2273} INFO - Setting next_dagrun for latest_only_with_trigger to 2022-02-27 00:00:00+00:00
[2022-03-01 01:48:41,533] {scheduler_job.py:190} INFO - Processing /home/airflow/.local/lib/python3.6/site-packages/airflow/example_dags/example_latest_only_with_trigger.py took 0.075 seconds
[2022-03-01 01:49:12,021] {scheduler_job.py:182} INFO - Started process (PID=85) to work on /home/airflow/.local/lib/python3.6/site-packages/airflow/example_dags/example_latest_only_with_trigger.py
[2022-03-01 01:49:12,023] {scheduler_job.py:629} INFO - Processing file /home/airflow/.local/lib/python3.6/site-packages/airflow/example_dags/example_latest_only_with_trigger.py for tasks to queue
[2022-03-01 01:49:12,024] {logging_mixin.py:104} INFO - [2022-03-01 01:49:12,024] {dagbag.py:448} INFO - Filling up the DagBag from /home/airflow/.local/lib/python3.6/site-packages/airflow/example_dags/example_latest_only_with_trigger.py
[2022-03-01 01:49:12,038] {scheduler_job.py:639} INFO - DAG(s) dict_keys(['latest_only_with_trigger']) retrieved from /home/airflow/.local/lib/python3.6/site-packages/airflow/example_dags/example_latest_only_with_trigger.py
[2022-03-01 01:49:12,062] {logging_mixin.py:104} INFO - [2022-03-01 01:49:12,062] {dag.py:1818} INFO - Sync 1 DAGs
[2022-03-01 01:49:12,083] {logging_mixin.py:104} INFO - [2022-03-01 01:49:12,083] {dag.py:2273} INFO - Setting next_dagrun for latest_only_with_trigger to 2022-02-27 00:00:00+00:00
[2022-03-01 01:49:12,094] {scheduler_job.py:190} INFO - Processing /home/airflow/.local/lib/python3.6/site-packages/airflow/example_dags/example_latest_only_with_trigger.py took 0.077 seconds
[2022-03-01 01:49:42,541] {scheduler_job.py:182} INFO - Started process (PID=111) to work on /home/airflow/.local/lib/python3.6/site-packages/airflow/example_dags/example_latest_only_with_trigger.py
[2022-03-01 01:49:42,543] {scheduler_job.py:629} INFO - Processing file /home/airflow/.local/lib/python3.6/site-packages/airflow/example_dags/example_latest_only_with_trigger.py for tasks to queue
[2022-03-01 01:49:42,544] {logging_mixin.py:104} INFO - [2022-03-01 01:49:42,544] {dagbag.py:448} INFO - Filling up the DagBag from /home/airflow/.local/lib/python3.6/site-packages/airflow/example_dags/example_latest_only_with_trigger.py
[2022-03-01 01:49:42,557] {scheduler_job.py:639} INFO - DAG(s) dict_keys(['latest_only_with_trigger']) retrieved from /home/airflow/.local/lib/python3.6/site-packages/airflow/example_dags/example_latest_only_with_trigger.py
[2022-03-01 01:49:42,581] {logging_mixin.py:104} INFO - [2022-03-01 01:49:42,581] {dag.py:1818} INFO - Sync 1 DAGs
[2022-03-01 01:49:42,599] {logging_mixin.py:104} INFO - [2022-03-01 01:49:42,599] {dag.py:2273} INFO - Setting next_dagrun for latest_only_with_trigger to 2022-02-27 00:00:00+00:00
[2022-03-01 01:49:42,610] {scheduler_job.py:190} INFO - Processing /home/airflow/.local/lib/python3.6/site-packages/airflow/example_dags/example_latest_only_with_trigger.py took 0.073 seconds
[2022-03-01 01:50:13,956] {scheduler_job.py:182} INFO - Started process (PID=163) to work on /home/airflow/.local/lib/python3.6/site-packages/airflow/example_dags/example_latest_only_with_trigger.py
[2022-03-01 01:50:13,959] {scheduler_job.py:629} INFO - Processing file /home/airflow/.local/lib/python3.6/site-packages/airflow/example_dags/example_latest_only_with_trigger.py for tasks to queue
[2022-03-01 01:50:13,961] {logging_mixin.py:104} INFO - [2022-03-01 01:50:13,961] {dagbag.py:448} INFO - Filling up the DagBag from /home/airflow/.local/lib/python3.6/site-packages/airflow/example_dags/example_latest_only_with_trigger.py
[2022-03-01 01:50:13,981] {scheduler_job.py:639} INFO - DAG(s) dict_keys(['latest_only_with_trigger']) retrieved from /home/airflow/.local/lib/python3.6/site-packages/airflow/example_dags/example_latest_only_with_trigger.py
[2022-03-01 01:50:14,022] {logging_mixin.py:104} INFO - [2022-03-01 01:50:14,022] {dag.py:1818} INFO - Sync 1 DAGs
[2022-03-01 01:50:14,047] {logging_mixin.py:104} INFO - [2022-03-01 01:50:14,047] {dag.py:2273} INFO - Setting next_dagrun for latest_only_with_trigger to 2022-02-27 00:00:00+00:00
[2022-03-01 01:50:14,063] {scheduler_job.py:190} INFO - Processing /home/airflow/.local/lib/python3.6/site-packages/airflow/example_dags/example_latest_only_with_trigger.py took 0.114 seconds
[2022-03-01 01:50:44,821] {scheduler_job.py:182} INFO - Started process (PID=189) to work on /home/airflow/.local/lib/python3.6/site-packages/airflow/example_dags/example_latest_only_with_trigger.py
[2022-03-01 01:50:44,823] {scheduler_job.py:629} INFO - Processing file /home/airflow/.local/lib/python3.6/site-packages/airflow/example_dags/example_latest_only_with_trigger.py for tasks to queue
[2022-03-01 01:50:44,825] {logging_mixin.py:104} INFO - [2022-03-01 01:50:44,825] {dagbag.py:448} INFO - Filling up the DagBag from /home/airflow/.local/lib/python3.6/site-packages/airflow/example_dags/example_latest_only_with_trigger.py
[2022-03-01 01:50:44,836] {scheduler_job.py:639} INFO - DAG(s) dict_keys(['latest_only_with_trigger']) retrieved from /home/airflow/.local/lib/python3.6/site-packages/airflow/example_dags/example_latest_only_with_trigger.py
[2022-03-01 01:50:44,857] {logging_mixin.py:104} INFO - [2022-03-01 01:50:44,857] {dag.py:1818} INFO - Sync 1 DAGs
[2022-03-01 01:50:44,873] {logging_mixin.py:104} INFO - [2022-03-01 01:50:44,873] {dag.py:2273} INFO - Setting next_dagrun for latest_only_with_trigger to 2022-02-27 00:00:00+00:00
[2022-03-01 01:50:44,883] {scheduler_job.py:190} INFO - Processing /home/airflow/.local/lib/python3.6/site-packages/airflow/example_dags/example_latest_only_with_trigger.py took 0.065 seconds
[2022-03-01 01:51:15,701] {scheduler_job.py:182} INFO - Started process (PID=216) to work on /home/airflow/.local/lib/python3.6/site-packages/airflow/example_dags/example_latest_only_with_trigger.py
[2022-03-01 01:51:15,703] {scheduler_job.py:629} INFO - Processing file /home/airflow/.local/lib/python3.6/site-packages/airflow/example_dags/example_latest_only_with_trigger.py for tasks to queue
[2022-03-01 01:51:15,704] {logging_mixin.py:104} INFO - [2022-03-01 01:51:15,704] {dagbag.py:448} INFO - Filling up the DagBag from /home/airflow/.local/lib/python3.6/site-packages/airflow/example_dags/example_latest_only_with_trigger.py
[2022-03-01 01:51:15,718] {scheduler_job.py:639} INFO - DAG(s) dict_keys(['latest_only_with_trigger']) retrieved from /home/airflow/.local/lib/python3.6/site-packages/airflow/example_dags/example_latest_only_with_trigger.py
[2022-03-01 01:51:15,740] {logging_mixin.py:104} INFO - [2022-03-01 01:51:15,740] {dag.py:1818} INFO - Sync 1 DAGs
[2022-03-01 01:51:15,758] {logging_mixin.py:104} INFO - [2022-03-01 01:51:15,758] {dag.py:2273} INFO - Setting next_dagrun for latest_only_with_trigger to 2022-02-27 00:00:00+00:00
[2022-03-01 01:51:15,768] {scheduler_job.py:190} INFO - Processing /home/airflow/.local/lib/python3.6/site-packages/airflow/example_dags/example_latest_only_with_trigger.py took 0.072 seconds
[2022-03-01 01:51:46,351] {scheduler_job.py:182} INFO - Started process (PID=242) to work on /home/airflow/.local/lib/python3.6/site-packages/airflow/example_dags/example_latest_only_with_trigger.py
[2022-03-01 01:51:46,353] {scheduler_job.py:629} INFO - Processing file /home/airflow/.local/lib/python3.6/site-packages/airflow/example_dags/example_latest_only_with_trigger.py for tasks to queue
[2022-03-01 01:51:46,355] {logging_mixin.py:104} INFO - [2022-03-01 01:51:46,355] {dagbag.py:448} INFO - Filling up the DagBag from /home/airflow/.local/lib/python3.6/site-packages/airflow/example_dags/example_latest_only_with_trigger.py
[2022-03-01 01:51:46,370] {scheduler_job.py:639} INFO - DAG(s) dict_keys(['latest_only_with_trigger']) retrieved from /home/airflow/.local/lib/python3.6/site-packages/airflow/example_dags/example_latest_only_with_trigger.py
[2022-03-01 01:51:46,401] {logging_mixin.py:104} INFO - [2022-03-01 01:51:46,401] {dag.py:1818} INFO - Sync 1 DAGs
[2022-03-01 01:51:46,421] {logging_mixin.py:104} INFO - [2022-03-01 01:51:46,420] {dag.py:2273} INFO - Setting next_dagrun for latest_only_with_trigger to 2022-02-27 00:00:00+00:00
[2022-03-01 01:51:46,434] {scheduler_job.py:190} INFO - Processing /home/airflow/.local/lib/python3.6/site-packages/airflow/example_dags/example_latest_only_with_trigger.py took 0.087 seconds
[2022-03-01 01:52:17,048] {scheduler_job.py:182} INFO - Started process (PID=268) to work on /home/airflow/.local/lib/python3.6/site-packages/airflow/example_dags/example_latest_only_with_trigger.py
[2022-03-01 01:52:17,050] {scheduler_job.py:629} INFO - Processing file /home/airflow/.local/lib/python3.6/site-packages/airflow/example_dags/example_latest_only_with_trigger.py for tasks to queue
[2022-03-01 01:52:17,052] {logging_mixin.py:104} INFO - [2022-03-01 01:52:17,051] {dagbag.py:448} INFO - Filling up the DagBag from /home/airflow/.local/lib/python3.6/site-packages/airflow/example_dags/example_latest_only_with_trigger.py
[2022-03-01 01:52:17,065] {scheduler_job.py:639} INFO - DAG(s) dict_keys(['latest_only_with_trigger']) retrieved from /home/airflow/.local/lib/python3.6/site-packages/airflow/example_dags/example_latest_only_with_trigger.py
[2022-03-01 01:52:17,092] {logging_mixin.py:104} INFO - [2022-03-01 01:52:17,092] {dag.py:1818} INFO - Sync 1 DAGs
[2022-03-01 01:52:17,111] {logging_mixin.py:104} INFO - [2022-03-01 01:52:17,111] {dag.py:2273} INFO - Setting next_dagrun for latest_only_with_trigger to 2022-02-27 00:00:00+00:00
[2022-03-01 01:52:17,121] {scheduler_job.py:190} INFO - Processing /home/airflow/.local/lib/python3.6/site-packages/airflow/example_dags/example_latest_only_with_trigger.py took 0.077 seconds
[2022-03-01 01:52:47,748] {scheduler_job.py:182} INFO - Started process (PID=294) to work on /home/airflow/.local/lib/python3.6/site-packages/airflow/example_dags/example_latest_only_with_trigger.py
[2022-03-01 01:52:47,751] {scheduler_job.py:629} INFO - Processing file /home/airflow/.local/lib/python3.6/site-packages/airflow/example_dags/example_latest_only_with_trigger.py for tasks to queue
[2022-03-01 01:52:47,753] {logging_mixin.py:104} INFO - [2022-03-01 01:52:47,753] {dagbag.py:448} INFO - Filling up the DagBag from /home/airflow/.local/lib/python3.6/site-packages/airflow/example_dags/example_latest_only_with_trigger.py
[2022-03-01 01:52:47,772] {scheduler_job.py:639} INFO - DAG(s) dict_keys(['latest_only_with_trigger']) retrieved from /home/airflow/.local/lib/python3.6/site-packages/airflow/example_dags/example_latest_only_with_trigger.py
[2022-03-01 01:52:47,819] {logging_mixin.py:104} INFO - [2022-03-01 01:52:47,819] {dag.py:1818} INFO - Sync 1 DAGs
[2022-03-01 01:52:47,851] {logging_mixin.py:104} INFO - [2022-03-01 01:52:47,851] {dag.py:2273} INFO - Setting next_dagrun for latest_only_with_trigger to 2022-02-27 00:00:00+00:00
[2022-03-01 01:52:47,863] {scheduler_job.py:190} INFO - Processing /home/airflow/.local/lib/python3.6/site-packages/airflow/example_dags/example_latest_only_with_trigger.py took 0.121 seconds
[2022-03-01 01:53:18,105] {scheduler_job.py:182} INFO - Started process (PID=321) to work on /home/airflow/.local/lib/python3.6/site-packages/airflow/example_dags/example_latest_only_with_trigger.py
[2022-03-01 01:53:18,107] {scheduler_job.py:629} INFO - Processing file /home/airflow/.local/lib/python3.6/site-packages/airflow/example_dags/example_latest_only_with_trigger.py for tasks to queue
[2022-03-01 01:53:18,108] {logging_mixin.py:104} INFO - [2022-03-01 01:53:18,108] {dagbag.py:448} INFO - Filling up the DagBag from /home/airflow/.local/lib/python3.6/site-packages/airflow/example_dags/example_latest_only_with_trigger.py
[2022-03-01 01:53:18,123] {scheduler_job.py:639} INFO - DAG(s) dict_keys(['latest_only_with_trigger']) retrieved from /home/airflow/.local/lib/python3.6/site-packages/airflow/example_dags/example_latest_only_with_trigger.py
[2022-03-01 01:53:18,150] {logging_mixin.py:104} INFO - [2022-03-01 01:53:18,150] {dag.py:1818} INFO - Sync 1 DAGs
[2022-03-01 01:53:18,171] {logging_mixin.py:104} INFO - [2022-03-01 01:53:18,170] {dag.py:2273} INFO - Setting next_dagrun for latest_only_with_trigger to 2022-02-27 00:00:00+00:00
[2022-03-01 01:53:18,183] {scheduler_job.py:190} INFO - Processing /home/airflow/.local/lib/python3.6/site-packages/airflow/example_dags/example_latest_only_with_trigger.py took 0.083 seconds
[2022-03-01 01:53:48,878] {scheduler_job.py:182} INFO - Started process (PID=346) to work on /home/airflow/.local/lib/python3.6/site-packages/airflow/example_dags/example_latest_only_with_trigger.py
[2022-03-01 01:53:48,880] {scheduler_job.py:629} INFO - Processing file /home/airflow/.local/lib/python3.6/site-packages/airflow/example_dags/example_latest_only_with_trigger.py for tasks to queue
[2022-03-01 01:53:48,882] {logging_mixin.py:104} INFO - [2022-03-01 01:53:48,882] {dagbag.py:448} INFO - Filling up the DagBag from /home/airflow/.local/lib/python3.6/site-packages/airflow/example_dags/example_latest_only_with_trigger.py
[2022-03-01 01:53:48,898] {scheduler_job.py:639} INFO - DAG(s) dict_keys(['latest_only_with_trigger']) retrieved from /home/airflow/.local/lib/python3.6/site-packages/airflow/example_dags/example_latest_only_with_trigger.py
[2022-03-01 01:53:48,929] {logging_mixin.py:104} INFO - [2022-03-01 01:53:48,929] {dag.py:1818} INFO - Sync 1 DAGs
[2022-03-01 01:53:48,948] {logging_mixin.py:104} INFO - [2022-03-01 01:53:48,947] {dag.py:2273} INFO - Setting next_dagrun for latest_only_with_trigger to 2022-02-27 00:00:00+00:00
[2022-03-01 01:53:48,958] {scheduler_job.py:190} INFO - Processing /home/airflow/.local/lib/python3.6/site-packages/airflow/example_dags/example_latest_only_with_trigger.py took 0.087 seconds
[2022-03-01 01:54:19,343] {scheduler_job.py:182} INFO - Started process (PID=372) to work on /home/airflow/.local/lib/python3.6/site-packages/airflow/example_dags/example_latest_only_with_trigger.py
[2022-03-01 01:54:19,345] {scheduler_job.py:629} INFO - Processing file /home/airflow/.local/lib/python3.6/site-packages/airflow/example_dags/example_latest_only_with_trigger.py for tasks to queue
[2022-03-01 01:54:19,347] {logging_mixin.py:104} INFO - [2022-03-01 01:54:19,347] {dagbag.py:448} INFO - Filling up the DagBag from /home/airflow/.local/lib/python3.6/site-packages/airflow/example_dags/example_latest_only_with_trigger.py
[2022-03-01 01:54:19,361] {scheduler_job.py:639} INFO - DAG(s) dict_keys(['latest_only_with_trigger']) retrieved from /home/airflow/.local/lib/python3.6/site-packages/airflow/example_dags/example_latest_only_with_trigger.py
[2022-03-01 01:54:19,386] {logging_mixin.py:104} INFO - [2022-03-01 01:54:19,386] {dag.py:1818} INFO - Sync 1 DAGs
[2022-03-01 01:54:19,407] {logging_mixin.py:104} INFO - [2022-03-01 01:54:19,407] {dag.py:2273} INFO - Setting next_dagrun for latest_only_with_trigger to 2022-02-27 00:00:00+00:00
[2022-03-01 01:54:19,419] {scheduler_job.py:190} INFO - Processing /home/airflow/.local/lib/python3.6/site-packages/airflow/example_dags/example_latest_only_with_trigger.py took 0.081 seconds
[2022-03-01 01:54:50,085] {scheduler_job.py:182} INFO - Started process (PID=398) to work on /home/airflow/.local/lib/python3.6/site-packages/airflow/example_dags/example_latest_only_with_trigger.py
[2022-03-01 01:54:50,087] {scheduler_job.py:629} INFO - Processing file /home/airflow/.local/lib/python3.6/site-packages/airflow/example_dags/example_latest_only_with_trigger.py for tasks to queue
[2022-03-01 01:54:50,089] {logging_mixin.py:104} INFO - [2022-03-01 01:54:50,088] {dagbag.py:448} INFO - Filling up the DagBag from /home/airflow/.local/lib/python3.6/site-packages/airflow/example_dags/example_latest_only_with_trigger.py
[2022-03-01 01:54:50,103] {scheduler_job.py:639} INFO - DAG(s) dict_keys(['latest_only_with_trigger']) retrieved from /home/airflow/.local/lib/python3.6/site-packages/airflow/example_dags/example_latest_only_with_trigger.py
[2022-03-01 01:54:50,145] {logging_mixin.py:104} INFO - [2022-03-01 01:54:50,144] {dag.py:1818} INFO - Sync 1 DAGs
[2022-03-01 01:54:50,187] {logging_mixin.py:104} INFO - [2022-03-01 01:54:50,187] {dag.py:2273} INFO - Setting next_dagrun for latest_only_with_trigger to 2022-02-27 00:00:00+00:00
[2022-03-01 01:54:50,215] {scheduler_job.py:190} INFO - Processing /home/airflow/.local/lib/python3.6/site-packages/airflow/example_dags/example_latest_only_with_trigger.py took 0.134 seconds
[2022-03-01 01:55:20,969] {scheduler_job.py:182} INFO - Started process (PID=424) to work on /home/airflow/.local/lib/python3.6/site-packages/airflow/example_dags/example_latest_only_with_trigger.py
[2022-03-01 01:55:20,972] {scheduler_job.py:629} INFO - Processing file /home/airflow/.local/lib/python3.6/site-packages/airflow/example_dags/example_latest_only_with_trigger.py for tasks to queue
[2022-03-01 01:55:20,973] {logging_mixin.py:104} INFO - [2022-03-01 01:55:20,973] {dagbag.py:448} INFO - Filling up the DagBag from /home/airflow/.local/lib/python3.6/site-packages/airflow/example_dags/example_latest_only_with_trigger.py
[2022-03-01 01:55:20,987] {scheduler_job.py:639} INFO - DAG(s) dict_keys(['latest_only_with_trigger']) retrieved from /home/airflow/.local/lib/python3.6/site-packages/airflow/example_dags/example_latest_only_with_trigger.py
[2022-03-01 01:55:21,026] {logging_mixin.py:104} INFO - [2022-03-01 01:55:21,025] {dag.py:1818} INFO - Sync 1 DAGs
[2022-03-01 01:55:21,049] {logging_mixin.py:104} INFO - [2022-03-01 01:55:21,049] {dag.py:2273} INFO - Setting next_dagrun for latest_only_with_trigger to 2022-02-27 00:00:00+00:00
[2022-03-01 01:55:21,064] {scheduler_job.py:190} INFO - Processing /home/airflow/.local/lib/python3.6/site-packages/airflow/example_dags/example_latest_only_with_trigger.py took 0.099 seconds
[2022-03-01 01:55:51,891] {scheduler_job.py:182} INFO - Started process (PID=450) to work on /home/airflow/.local/lib/python3.6/site-packages/airflow/example_dags/example_latest_only_with_trigger.py
[2022-03-01 01:55:51,894] {scheduler_job.py:629} INFO - Processing file /home/airflow/.local/lib/python3.6/site-packages/airflow/example_dags/example_latest_only_with_trigger.py for tasks to queue
[2022-03-01 01:55:51,895] {logging_mixin.py:104} INFO - [2022-03-01 01:55:51,895] {dagbag.py:448} INFO - Filling up the DagBag from /home/airflow/.local/lib/python3.6/site-packages/airflow/example_dags/example_latest_only_with_trigger.py
[2022-03-01 01:55:51,909] {scheduler_job.py:639} INFO - DAG(s) dict_keys(['latest_only_with_trigger']) retrieved from /home/airflow/.local/lib/python3.6/site-packages/airflow/example_dags/example_latest_only_with_trigger.py
[2022-03-01 01:55:51,940] {logging_mixin.py:104} INFO - [2022-03-01 01:55:51,940] {dag.py:1818} INFO - Sync 1 DAGs
[2022-03-01 01:55:51,967] {logging_mixin.py:104} INFO - [2022-03-01 01:55:51,966] {dag.py:2273} INFO - Setting next_dagrun for latest_only_with_trigger to 2022-02-27 00:00:00+00:00
[2022-03-01 01:55:51,979] {scheduler_job.py:190} INFO - Processing /home/airflow/.local/lib/python3.6/site-packages/airflow/example_dags/example_latest_only_with_trigger.py took 0.092 seconds
[2022-03-01 01:56:22,899] {scheduler_job.py:182} INFO - Started process (PID=476) to work on /home/airflow/.local/lib/python3.6/site-packages/airflow/example_dags/example_latest_only_with_trigger.py
[2022-03-01 01:56:22,905] {scheduler_job.py:629} INFO - Processing file /home/airflow/.local/lib/python3.6/site-packages/airflow/example_dags/example_latest_only_with_trigger.py for tasks to queue
[2022-03-01 01:56:22,907] {logging_mixin.py:104} INFO - [2022-03-01 01:56:22,907] {dagbag.py:448} INFO - Filling up the DagBag from /home/airflow/.local/lib/python3.6/site-packages/airflow/example_dags/example_latest_only_with_trigger.py
[2022-03-01 01:56:22,957] {scheduler_job.py:639} INFO - DAG(s) dict_keys(['latest_only_with_trigger']) retrieved from /home/airflow/.local/lib/python3.6/site-packages/airflow/example_dags/example_latest_only_with_trigger.py
[2022-03-01 01:56:23,013] {logging_mixin.py:104} INFO - [2022-03-01 01:56:23,012] {dag.py:1818} INFO - Sync 1 DAGs
[2022-03-01 01:56:23,052] {logging_mixin.py:104} INFO - [2022-03-01 01:56:23,052] {dag.py:2273} INFO - Setting next_dagrun for latest_only_with_trigger to 2022-02-27 00:00:00+00:00
[2022-03-01 01:56:23,069] {scheduler_job.py:190} INFO - Processing /home/airflow/.local/lib/python3.6/site-packages/airflow/example_dags/example_latest_only_with_trigger.py took 0.180 seconds
[2022-03-01 01:56:54,080] {scheduler_job.py:182} INFO - Started process (PID=503) to work on /home/airflow/.local/lib/python3.6/site-packages/airflow/example_dags/example_latest_only_with_trigger.py
[2022-03-01 01:56:54,082] {scheduler_job.py:629} INFO - Processing file /home/airflow/.local/lib/python3.6/site-packages/airflow/example_dags/example_latest_only_with_trigger.py for tasks to queue
[2022-03-01 01:56:54,084] {logging_mixin.py:104} INFO - [2022-03-01 01:56:54,084] {dagbag.py:448} INFO - Filling up the DagBag from /home/airflow/.local/lib/python3.6/site-packages/airflow/example_dags/example_latest_only_with_trigger.py
[2022-03-01 01:56:54,100] {scheduler_job.py:639} INFO - DAG(s) dict_keys(['latest_only_with_trigger']) retrieved from /home/airflow/.local/lib/python3.6/site-packages/airflow/example_dags/example_latest_only_with_trigger.py
[2022-03-01 01:56:54,129] {logging_mixin.py:104} INFO - [2022-03-01 01:56:54,129] {dag.py:1818} INFO - Sync 1 DAGs
[2022-03-01 01:56:54,161] {logging_mixin.py:104} INFO - [2022-03-01 01:56:54,158] {dag.py:2273} INFO - Setting next_dagrun for latest_only_with_trigger to 2022-02-27 00:00:00+00:00
[2022-03-01 01:56:54,184] {scheduler_job.py:190} INFO - Processing /home/airflow/.local/lib/python3.6/site-packages/airflow/example_dags/example_latest_only_with_trigger.py took 0.110 seconds
[2022-03-01 01:57:24,552] {scheduler_job.py:182} INFO - Started process (PID=528) to work on /home/airflow/.local/lib/python3.6/site-packages/airflow/example_dags/example_latest_only_with_trigger.py
[2022-03-01 01:57:24,554] {scheduler_job.py:629} INFO - Processing file /home/airflow/.local/lib/python3.6/site-packages/airflow/example_dags/example_latest_only_with_trigger.py for tasks to queue
[2022-03-01 01:57:24,556] {logging_mixin.py:104} INFO - [2022-03-01 01:57:24,556] {dagbag.py:448} INFO - Filling up the DagBag from /home/airflow/.local/lib/python3.6/site-packages/airflow/example_dags/example_latest_only_with_trigger.py
[2022-03-01 01:57:24,573] {scheduler_job.py:639} INFO - DAG(s) dict_keys(['latest_only_with_trigger']) retrieved from /home/airflow/.local/lib/python3.6/site-packages/airflow/example_dags/example_latest_only_with_trigger.py
[2022-03-01 01:57:24,602] {logging_mixin.py:104} INFO - [2022-03-01 01:57:24,602] {dag.py:1818} INFO - Sync 1 DAGs
[2022-03-01 01:57:24,624] {logging_mixin.py:104} INFO - [2022-03-01 01:57:24,623] {dag.py:2273} INFO - Setting next_dagrun for latest_only_with_trigger to 2022-02-27 00:00:00+00:00
[2022-03-01 01:57:24,633] {scheduler_job.py:190} INFO - Processing /home/airflow/.local/lib/python3.6/site-packages/airflow/example_dags/example_latest_only_with_trigger.py took 0.086 seconds
[2022-03-01 01:57:55,486] {scheduler_job.py:182} INFO - Started process (PID=555) to work on /home/airflow/.local/lib/python3.6/site-packages/airflow/example_dags/example_latest_only_with_trigger.py
[2022-03-01 01:57:55,487] {scheduler_job.py:629} INFO - Processing file /home/airflow/.local/lib/python3.6/site-packages/airflow/example_dags/example_latest_only_with_trigger.py for tasks to queue
[2022-03-01 01:57:55,488] {logging_mixin.py:104} INFO - [2022-03-01 01:57:55,488] {dagbag.py:448} INFO - Filling up the DagBag from /home/airflow/.local/lib/python3.6/site-packages/airflow/example_dags/example_latest_only_with_trigger.py
[2022-03-01 01:57:55,500] {scheduler_job.py:639} INFO - DAG(s) dict_keys(['latest_only_with_trigger']) retrieved from /home/airflow/.local/lib/python3.6/site-packages/airflow/example_dags/example_latest_only_with_trigger.py
[2022-03-01 01:57:55,525] {logging_mixin.py:104} INFO - [2022-03-01 01:57:55,524] {dag.py:1818} INFO - Sync 1 DAGs
[2022-03-01 01:57:55,544] {logging_mixin.py:104} INFO - [2022-03-01 01:57:55,543] {dag.py:2273} INFO - Setting next_dagrun for latest_only_with_trigger to 2022-02-27 00:00:00+00:00
[2022-03-01 01:57:55,553] {scheduler_job.py:190} INFO - Processing /home/airflow/.local/lib/python3.6/site-packages/airflow/example_dags/example_latest_only_with_trigger.py took 0.072 seconds
[2022-03-01 01:58:26,104] {scheduler_job.py:182} INFO - Started process (PID=581) to work on /home/airflow/.local/lib/python3.6/site-packages/airflow/example_dags/example_latest_only_with_trigger.py
[2022-03-01 01:58:26,107] {scheduler_job.py:629} INFO - Processing file /home/airflow/.local/lib/python3.6/site-packages/airflow/example_dags/example_latest_only_with_trigger.py for tasks to queue
[2022-03-01 01:58:26,109] {logging_mixin.py:104} INFO - [2022-03-01 01:58:26,109] {dagbag.py:448} INFO - Filling up the DagBag from /home/airflow/.local/lib/python3.6/site-packages/airflow/example_dags/example_latest_only_with_trigger.py
[2022-03-01 01:58:26,126] {scheduler_job.py:639} INFO - DAG(s) dict_keys(['latest_only_with_trigger']) retrieved from /home/airflow/.local/lib/python3.6/site-packages/airflow/example_dags/example_latest_only_with_trigger.py
[2022-03-01 01:58:26,160] {logging_mixin.py:104} INFO - [2022-03-01 01:58:26,160] {dag.py:1818} INFO - Sync 1 DAGs
[2022-03-01 01:58:26,179] {logging_mixin.py:104} INFO - [2022-03-01 01:58:26,179] {dag.py:2273} INFO - Setting next_dagrun for latest_only_with_trigger to 2022-02-27 00:00:00+00:00
[2022-03-01 01:58:26,190] {scheduler_job.py:190} INFO - Processing /home/airflow/.local/lib/python3.6/site-packages/airflow/example_dags/example_latest_only_with_trigger.py took 0.091 seconds
[2022-03-01 01:58:56,300] {scheduler_job.py:182} INFO - Started process (PID=607) to work on /home/airflow/.local/lib/python3.6/site-packages/airflow/example_dags/example_latest_only_with_trigger.py
[2022-03-01 01:58:56,305] {scheduler_job.py:629} INFO - Processing file /home/airflow/.local/lib/python3.6/site-packages/airflow/example_dags/example_latest_only_with_trigger.py for tasks to queue
[2022-03-01 01:58:56,306] {logging_mixin.py:104} INFO - [2022-03-01 01:58:56,306] {dagbag.py:448} INFO - Filling up the DagBag from /home/airflow/.local/lib/python3.6/site-packages/airflow/example_dags/example_latest_only_with_trigger.py
[2022-03-01 01:58:56,331] {scheduler_job.py:639} INFO - DAG(s) dict_keys(['latest_only_with_trigger']) retrieved from /home/airflow/.local/lib/python3.6/site-packages/airflow/example_dags/example_latest_only_with_trigger.py
[2022-03-01 01:58:56,372] {logging_mixin.py:104} INFO - [2022-03-01 01:58:56,372] {dag.py:1818} INFO - Sync 1 DAGs
[2022-03-01 01:58:56,399] {logging_mixin.py:104} INFO - [2022-03-01 01:58:56,398] {dag.py:2273} INFO - Setting next_dagrun for latest_only_with_trigger to 2022-02-27 00:00:00+00:00
[2022-03-01 01:58:56,426] {scheduler_job.py:190} INFO - Processing /home/airflow/.local/lib/python3.6/site-packages/airflow/example_dags/example_latest_only_with_trigger.py took 0.138 seconds
[2022-03-01 01:59:27,388] {scheduler_job.py:182} INFO - Started process (PID=632) to work on /home/airflow/.local/lib/python3.6/site-packages/airflow/example_dags/example_latest_only_with_trigger.py
[2022-03-01 01:59:27,390] {scheduler_job.py:629} INFO - Processing file /home/airflow/.local/lib/python3.6/site-packages/airflow/example_dags/example_latest_only_with_trigger.py for tasks to queue
[2022-03-01 01:59:27,391] {logging_mixin.py:104} INFO - [2022-03-01 01:59:27,391] {dagbag.py:448} INFO - Filling up the DagBag from /home/airflow/.local/lib/python3.6/site-packages/airflow/example_dags/example_latest_only_with_trigger.py
[2022-03-01 01:59:27,409] {scheduler_job.py:639} INFO - DAG(s) dict_keys(['latest_only_with_trigger']) retrieved from /home/airflow/.local/lib/python3.6/site-packages/airflow/example_dags/example_latest_only_with_trigger.py
[2022-03-01 01:59:27,445] {logging_mixin.py:104} INFO - [2022-03-01 01:59:27,445] {dag.py:1818} INFO - Sync 1 DAGs
[2022-03-01 01:59:27,467] {logging_mixin.py:104} INFO - [2022-03-01 01:59:27,466] {dag.py:2273} INFO - Setting next_dagrun for latest_only_with_trigger to 2022-02-27 00:00:00+00:00
[2022-03-01 01:59:27,478] {scheduler_job.py:190} INFO - Processing /home/airflow/.local/lib/python3.6/site-packages/airflow/example_dags/example_latest_only_with_trigger.py took 0.095 seconds
[2022-03-01 01:59:58,029] {scheduler_job.py:182} INFO - Started process (PID=658) to work on /home/airflow/.local/lib/python3.6/site-packages/airflow/example_dags/example_latest_only_with_trigger.py
[2022-03-01 01:59:58,031] {scheduler_job.py:629} INFO - Processing file /home/airflow/.local/lib/python3.6/site-packages/airflow/example_dags/example_latest_only_with_trigger.py for tasks to queue
[2022-03-01 01:59:58,033] {logging_mixin.py:104} INFO - [2022-03-01 01:59:58,033] {dagbag.py:448} INFO - Filling up the DagBag from /home/airflow/.local/lib/python3.6/site-packages/airflow/example_dags/example_latest_only_with_trigger.py
[2022-03-01 01:59:58,046] {scheduler_job.py:639} INFO - DAG(s) dict_keys(['latest_only_with_trigger']) retrieved from /home/airflow/.local/lib/python3.6/site-packages/airflow/example_dags/example_latest_only_with_trigger.py
[2022-03-01 01:59:58,078] {logging_mixin.py:104} INFO - [2022-03-01 01:59:58,077] {dag.py:1818} INFO - Sync 1 DAGs
[2022-03-01 01:59:58,099] {logging_mixin.py:104} INFO - [2022-03-01 01:59:58,099] {dag.py:2273} INFO - Setting next_dagrun for latest_only_with_trigger to 2022-02-27 00:00:00+00:00
[2022-03-01 01:59:58,109] {scheduler_job.py:190} INFO - Processing /home/airflow/.local/lib/python3.6/site-packages/airflow/example_dags/example_latest_only_with_trigger.py took 0.085 seconds
[2022-03-01 02:00:28,633] {scheduler_job.py:182} INFO - Started process (PID=684) to work on /home/airflow/.local/lib/python3.6/site-packages/airflow/example_dags/example_latest_only_with_trigger.py
[2022-03-01 02:00:28,636] {scheduler_job.py:629} INFO - Processing file /home/airflow/.local/lib/python3.6/site-packages/airflow/example_dags/example_latest_only_with_trigger.py for tasks to queue
[2022-03-01 02:00:28,637] {logging_mixin.py:104} INFO - [2022-03-01 02:00:28,637] {dagbag.py:448} INFO - Filling up the DagBag from /home/airflow/.local/lib/python3.6/site-packages/airflow/example_dags/example_latest_only_with_trigger.py
[2022-03-01 02:00:28,651] {scheduler_job.py:639} INFO - DAG(s) dict_keys(['latest_only_with_trigger']) retrieved from /home/airflow/.local/lib/python3.6/site-packages/airflow/example_dags/example_latest_only_with_trigger.py
[2022-03-01 02:00:28,677] {logging_mixin.py:104} INFO - [2022-03-01 02:00:28,677] {dag.py:1818} INFO - Sync 1 DAGs
[2022-03-01 02:00:28,693] {logging_mixin.py:104} INFO - [2022-03-01 02:00:28,693] {dag.py:2273} INFO - Setting next_dagrun for latest_only_with_trigger to 2022-02-27 00:00:00+00:00
[2022-03-01 02:00:28,703] {scheduler_job.py:190} INFO - Processing /home/airflow/.local/lib/python3.6/site-packages/airflow/example_dags/example_latest_only_with_trigger.py took 0.074 seconds
[2022-03-01 02:00:59,250] {scheduler_job.py:182} INFO - Started process (PID=710) to work on /home/airflow/.local/lib/python3.6/site-packages/airflow/example_dags/example_latest_only_with_trigger.py
[2022-03-01 02:00:59,253] {scheduler_job.py:629} INFO - Processing file /home/airflow/.local/lib/python3.6/site-packages/airflow/example_dags/example_latest_only_with_trigger.py for tasks to queue
[2022-03-01 02:00:59,254] {logging_mixin.py:104} INFO - [2022-03-01 02:00:59,254] {dagbag.py:448} INFO - Filling up the DagBag from /home/airflow/.local/lib/python3.6/site-packages/airflow/example_dags/example_latest_only_with_trigger.py
[2022-03-01 02:00:59,271] {scheduler_job.py:639} INFO - DAG(s) dict_keys(['latest_only_with_trigger']) retrieved from /home/airflow/.local/lib/python3.6/site-packages/airflow/example_dags/example_latest_only_with_trigger.py
[2022-03-01 02:00:59,296] {logging_mixin.py:104} INFO - [2022-03-01 02:00:59,296] {dag.py:1818} INFO - Sync 1 DAGs
[2022-03-01 02:00:59,313] {logging_mixin.py:104} INFO - [2022-03-01 02:00:59,313] {dag.py:2273} INFO - Setting next_dagrun for latest_only_with_trigger to 2022-02-27 00:00:00+00:00
[2022-03-01 02:00:59,323] {scheduler_job.py:190} INFO - Processing /home/airflow/.local/lib/python3.6/site-packages/airflow/example_dags/example_latest_only_with_trigger.py took 0.077 seconds
[2022-03-01 02:01:29,761] {scheduler_job.py:182} INFO - Started process (PID=736) to work on /home/airflow/.local/lib/python3.6/site-packages/airflow/example_dags/example_latest_only_with_trigger.py
[2022-03-01 02:01:29,762] {scheduler_job.py:629} INFO - Processing file /home/airflow/.local/lib/python3.6/site-packages/airflow/example_dags/example_latest_only_with_trigger.py for tasks to queue
[2022-03-01 02:01:29,764] {logging_mixin.py:104} INFO - [2022-03-01 02:01:29,764] {dagbag.py:448} INFO - Filling up the DagBag from /home/airflow/.local/lib/python3.6/site-packages/airflow/example_dags/example_latest_only_with_trigger.py
[2022-03-01 02:01:29,778] {scheduler_job.py:639} INFO - DAG(s) dict_keys(['latest_only_with_trigger']) retrieved from /home/airflow/.local/lib/python3.6/site-packages/airflow/example_dags/example_latest_only_with_trigger.py
[2022-03-01 02:01:29,798] {logging_mixin.py:104} INFO - [2022-03-01 02:01:29,798] {dag.py:1818} INFO - Sync 1 DAGs
[2022-03-01 02:01:29,812] {logging_mixin.py:104} INFO - [2022-03-01 02:01:29,812] {dag.py:2273} INFO - Setting next_dagrun for latest_only_with_trigger to 2022-02-27 00:00:00+00:00
[2022-03-01 02:01:29,821] {scheduler_job.py:190} INFO - Processing /home/airflow/.local/lib/python3.6/site-packages/airflow/example_dags/example_latest_only_with_trigger.py took 0.063 seconds
[2022-03-01 02:02:00,271] {scheduler_job.py:182} INFO - Started process (PID=762) to work on /home/airflow/.local/lib/python3.6/site-packages/airflow/example_dags/example_latest_only_with_trigger.py
[2022-03-01 02:02:00,273] {scheduler_job.py:629} INFO - Processing file /home/airflow/.local/lib/python3.6/site-packages/airflow/example_dags/example_latest_only_with_trigger.py for tasks to queue
[2022-03-01 02:02:00,275] {logging_mixin.py:104} INFO - [2022-03-01 02:02:00,275] {dagbag.py:448} INFO - Filling up the DagBag from /home/airflow/.local/lib/python3.6/site-packages/airflow/example_dags/example_latest_only_with_trigger.py
[2022-03-01 02:02:00,293] {scheduler_job.py:639} INFO - DAG(s) dict_keys(['latest_only_with_trigger']) retrieved from /home/airflow/.local/lib/python3.6/site-packages/airflow/example_dags/example_latest_only_with_trigger.py
[2022-03-01 02:02:00,319] {logging_mixin.py:104} INFO - [2022-03-01 02:02:00,319] {dag.py:1818} INFO - Sync 1 DAGs
[2022-03-01 02:02:00,337] {logging_mixin.py:104} INFO - [2022-03-01 02:02:00,337] {dag.py:2273} INFO - Setting next_dagrun for latest_only_with_trigger to 2022-02-27 00:00:00+00:00
[2022-03-01 02:02:00,348] {scheduler_job.py:190} INFO - Processing /home/airflow/.local/lib/python3.6/site-packages/airflow/example_dags/example_latest_only_with_trigger.py took 0.081 seconds
