[2022-03-01 01:48:10,487] {scheduler_job.py:182} INFO - Started process (PID=33) to work on /home/airflow/.local/lib/python3.6/site-packages/airflow/example_dags/example_latest_only.py
[2022-03-01 01:48:10,490] {scheduler_job.py:629} INFO - Processing file /home/airflow/.local/lib/python3.6/site-packages/airflow/example_dags/example_latest_only.py for tasks to queue
[2022-03-01 01:48:10,492] {logging_mixin.py:104} INFO - [2022-03-01 01:48:10,492] {dagbag.py:448} INFO - Filling up the DagBag from /home/airflow/.local/lib/python3.6/site-packages/airflow/example_dags/example_latest_only.py
[2022-03-01 01:48:10,512] {scheduler_job.py:639} INFO - DAG(s) dict_keys(['latest_only']) retrieved from /home/airflow/.local/lib/python3.6/site-packages/airflow/example_dags/example_latest_only.py
[2022-03-01 01:48:10,554] {logging_mixin.py:104} INFO - [2022-03-01 01:48:10,554] {dag.py:1818} INFO - Sync 1 DAGs
[2022-03-01 01:48:10,571] {logging_mixin.py:104} INFO - [2022-03-01 01:48:10,571] {dag.py:1837} INFO - Creating ORM DAG for latest_only
[2022-03-01 01:48:10,580] {logging_mixin.py:104} INFO - [2022-03-01 01:48:10,580] {dag.py:2273} INFO - Setting next_dagrun for latest_only to 2022-02-27 00:00:00+00:00
[2022-03-01 01:48:10,599] {scheduler_job.py:190} INFO - Processing /home/airflow/.local/lib/python3.6/site-packages/airflow/example_dags/example_latest_only.py took 0.116 seconds
[2022-03-01 01:48:41,362] {scheduler_job.py:182} INFO - Started process (PID=59) to work on /home/airflow/.local/lib/python3.6/site-packages/airflow/example_dags/example_latest_only.py
[2022-03-01 01:48:41,364] {scheduler_job.py:629} INFO - Processing file /home/airflow/.local/lib/python3.6/site-packages/airflow/example_dags/example_latest_only.py for tasks to queue
[2022-03-01 01:48:41,366] {logging_mixin.py:104} INFO - [2022-03-01 01:48:41,365] {dagbag.py:448} INFO - Filling up the DagBag from /home/airflow/.local/lib/python3.6/site-packages/airflow/example_dags/example_latest_only.py
[2022-03-01 01:48:41,379] {scheduler_job.py:639} INFO - DAG(s) dict_keys(['latest_only']) retrieved from /home/airflow/.local/lib/python3.6/site-packages/airflow/example_dags/example_latest_only.py
[2022-03-01 01:48:41,403] {logging_mixin.py:104} INFO - [2022-03-01 01:48:41,403] {dag.py:1818} INFO - Sync 1 DAGs
[2022-03-01 01:48:41,419] {logging_mixin.py:104} INFO - [2022-03-01 01:48:41,419] {dag.py:2273} INFO - Setting next_dagrun for latest_only to 2022-02-27 00:00:00+00:00
[2022-03-01 01:48:41,429] {scheduler_job.py:190} INFO - Processing /home/airflow/.local/lib/python3.6/site-packages/airflow/example_dags/example_latest_only.py took 0.071 seconds
[2022-03-01 01:49:12,001] {scheduler_job.py:182} INFO - Started process (PID=84) to work on /home/airflow/.local/lib/python3.6/site-packages/airflow/example_dags/example_latest_only.py
[2022-03-01 01:49:12,003] {scheduler_job.py:629} INFO - Processing file /home/airflow/.local/lib/python3.6/site-packages/airflow/example_dags/example_latest_only.py for tasks to queue
[2022-03-01 01:49:12,004] {logging_mixin.py:104} INFO - [2022-03-01 01:49:12,004] {dagbag.py:448} INFO - Filling up the DagBag from /home/airflow/.local/lib/python3.6/site-packages/airflow/example_dags/example_latest_only.py
[2022-03-01 01:49:12,018] {scheduler_job.py:639} INFO - DAG(s) dict_keys(['latest_only']) retrieved from /home/airflow/.local/lib/python3.6/site-packages/airflow/example_dags/example_latest_only.py
[2022-03-01 01:49:12,041] {logging_mixin.py:104} INFO - [2022-03-01 01:49:12,041] {dag.py:1818} INFO - Sync 1 DAGs
[2022-03-01 01:49:12,059] {logging_mixin.py:104} INFO - [2022-03-01 01:49:12,059] {dag.py:2273} INFO - Setting next_dagrun for latest_only to 2022-02-27 00:00:00+00:00
[2022-03-01 01:49:12,071] {scheduler_job.py:190} INFO - Processing /home/airflow/.local/lib/python3.6/site-packages/airflow/example_dags/example_latest_only.py took 0.075 seconds
[2022-03-01 01:49:42,520] {scheduler_job.py:182} INFO - Started process (PID=110) to work on /home/airflow/.local/lib/python3.6/site-packages/airflow/example_dags/example_latest_only.py
[2022-03-01 01:49:42,522] {scheduler_job.py:629} INFO - Processing file /home/airflow/.local/lib/python3.6/site-packages/airflow/example_dags/example_latest_only.py for tasks to queue
[2022-03-01 01:49:42,524] {logging_mixin.py:104} INFO - [2022-03-01 01:49:42,524] {dagbag.py:448} INFO - Filling up the DagBag from /home/airflow/.local/lib/python3.6/site-packages/airflow/example_dags/example_latest_only.py
[2022-03-01 01:49:42,537] {scheduler_job.py:639} INFO - DAG(s) dict_keys(['latest_only']) retrieved from /home/airflow/.local/lib/python3.6/site-packages/airflow/example_dags/example_latest_only.py
[2022-03-01 01:49:42,560] {logging_mixin.py:104} INFO - [2022-03-01 01:49:42,560] {dag.py:1818} INFO - Sync 1 DAGs
[2022-03-01 01:49:42,580] {logging_mixin.py:104} INFO - [2022-03-01 01:49:42,580] {dag.py:2273} INFO - Setting next_dagrun for latest_only to 2022-02-27 00:00:00+00:00
[2022-03-01 01:49:42,592] {scheduler_job.py:190} INFO - Processing /home/airflow/.local/lib/python3.6/site-packages/airflow/example_dags/example_latest_only.py took 0.076 seconds
[2022-03-01 01:50:13,918] {scheduler_job.py:182} INFO - Started process (PID=162) to work on /home/airflow/.local/lib/python3.6/site-packages/airflow/example_dags/example_latest_only.py
[2022-03-01 01:50:13,920] {scheduler_job.py:629} INFO - Processing file /home/airflow/.local/lib/python3.6/site-packages/airflow/example_dags/example_latest_only.py for tasks to queue
[2022-03-01 01:50:13,923] {logging_mixin.py:104} INFO - [2022-03-01 01:50:13,922] {dagbag.py:448} INFO - Filling up the DagBag from /home/airflow/.local/lib/python3.6/site-packages/airflow/example_dags/example_latest_only.py
[2022-03-01 01:50:13,943] {scheduler_job.py:639} INFO - DAG(s) dict_keys(['latest_only']) retrieved from /home/airflow/.local/lib/python3.6/site-packages/airflow/example_dags/example_latest_only.py
[2022-03-01 01:50:13,981] {logging_mixin.py:104} INFO - [2022-03-01 01:50:13,981] {dag.py:1818} INFO - Sync 1 DAGs
[2022-03-01 01:50:14,013] {logging_mixin.py:104} INFO - [2022-03-01 01:50:14,012] {dag.py:2273} INFO - Setting next_dagrun for latest_only to 2022-02-27 00:00:00+00:00
[2022-03-01 01:50:14,030] {scheduler_job.py:190} INFO - Processing /home/airflow/.local/lib/python3.6/site-packages/airflow/example_dags/example_latest_only.py took 0.119 seconds
[2022-03-01 01:50:44,819] {scheduler_job.py:182} INFO - Started process (PID=188) to work on /home/airflow/.local/lib/python3.6/site-packages/airflow/example_dags/example_latest_only.py
[2022-03-01 01:50:44,820] {scheduler_job.py:629} INFO - Processing file /home/airflow/.local/lib/python3.6/site-packages/airflow/example_dags/example_latest_only.py for tasks to queue
[2022-03-01 01:50:44,821] {logging_mixin.py:104} INFO - [2022-03-01 01:50:44,821] {dagbag.py:448} INFO - Filling up the DagBag from /home/airflow/.local/lib/python3.6/site-packages/airflow/example_dags/example_latest_only.py
[2022-03-01 01:50:44,832] {scheduler_job.py:639} INFO - DAG(s) dict_keys(['latest_only']) retrieved from /home/airflow/.local/lib/python3.6/site-packages/airflow/example_dags/example_latest_only.py
[2022-03-01 01:50:44,852] {logging_mixin.py:104} INFO - [2022-03-01 01:50:44,852] {dag.py:1818} INFO - Sync 1 DAGs
[2022-03-01 01:50:44,868] {logging_mixin.py:104} INFO - [2022-03-01 01:50:44,868] {dag.py:2273} INFO - Setting next_dagrun for latest_only to 2022-02-27 00:00:00+00:00
[2022-03-01 01:50:44,876] {scheduler_job.py:190} INFO - Processing /home/airflow/.local/lib/python3.6/site-packages/airflow/example_dags/example_latest_only.py took 0.061 seconds
[2022-03-01 01:51:15,610] {scheduler_job.py:182} INFO - Started process (PID=215) to work on /home/airflow/.local/lib/python3.6/site-packages/airflow/example_dags/example_latest_only.py
[2022-03-01 01:51:15,612] {scheduler_job.py:629} INFO - Processing file /home/airflow/.local/lib/python3.6/site-packages/airflow/example_dags/example_latest_only.py for tasks to queue
[2022-03-01 01:51:15,614] {logging_mixin.py:104} INFO - [2022-03-01 01:51:15,613] {dagbag.py:448} INFO - Filling up the DagBag from /home/airflow/.local/lib/python3.6/site-packages/airflow/example_dags/example_latest_only.py
[2022-03-01 01:51:15,626] {scheduler_job.py:639} INFO - DAG(s) dict_keys(['latest_only']) retrieved from /home/airflow/.local/lib/python3.6/site-packages/airflow/example_dags/example_latest_only.py
[2022-03-01 01:51:15,650] {logging_mixin.py:104} INFO - [2022-03-01 01:51:15,650] {dag.py:1818} INFO - Sync 1 DAGs
[2022-03-01 01:51:15,668] {logging_mixin.py:104} INFO - [2022-03-01 01:51:15,668] {dag.py:2273} INFO - Setting next_dagrun for latest_only to 2022-02-27 00:00:00+00:00
[2022-03-01 01:51:15,678] {scheduler_job.py:190} INFO - Processing /home/airflow/.local/lib/python3.6/site-packages/airflow/example_dags/example_latest_only.py took 0.072 seconds
[2022-03-01 01:51:46,259] {scheduler_job.py:182} INFO - Started process (PID=241) to work on /home/airflow/.local/lib/python3.6/site-packages/airflow/example_dags/example_latest_only.py
[2022-03-01 01:51:46,261] {scheduler_job.py:629} INFO - Processing file /home/airflow/.local/lib/python3.6/site-packages/airflow/example_dags/example_latest_only.py for tasks to queue
[2022-03-01 01:51:46,263] {logging_mixin.py:104} INFO - [2022-03-01 01:51:46,263] {dagbag.py:448} INFO - Filling up the DagBag from /home/airflow/.local/lib/python3.6/site-packages/airflow/example_dags/example_latest_only.py
[2022-03-01 01:51:46,275] {scheduler_job.py:639} INFO - DAG(s) dict_keys(['latest_only']) retrieved from /home/airflow/.local/lib/python3.6/site-packages/airflow/example_dags/example_latest_only.py
[2022-03-01 01:51:46,298] {logging_mixin.py:104} INFO - [2022-03-01 01:51:46,298] {dag.py:1818} INFO - Sync 1 DAGs
[2022-03-01 01:51:46,315] {logging_mixin.py:104} INFO - [2022-03-01 01:51:46,314] {dag.py:2273} INFO - Setting next_dagrun for latest_only to 2022-02-27 00:00:00+00:00
[2022-03-01 01:51:46,324] {scheduler_job.py:190} INFO - Processing /home/airflow/.local/lib/python3.6/site-packages/airflow/example_dags/example_latest_only.py took 0.070 seconds
[2022-03-01 01:52:16,948] {scheduler_job.py:182} INFO - Started process (PID=267) to work on /home/airflow/.local/lib/python3.6/site-packages/airflow/example_dags/example_latest_only.py
[2022-03-01 01:52:16,951] {scheduler_job.py:629} INFO - Processing file /home/airflow/.local/lib/python3.6/site-packages/airflow/example_dags/example_latest_only.py for tasks to queue
[2022-03-01 01:52:16,953] {logging_mixin.py:104} INFO - [2022-03-01 01:52:16,953] {dagbag.py:448} INFO - Filling up the DagBag from /home/airflow/.local/lib/python3.6/site-packages/airflow/example_dags/example_latest_only.py
[2022-03-01 01:52:16,969] {scheduler_job.py:639} INFO - DAG(s) dict_keys(['latest_only']) retrieved from /home/airflow/.local/lib/python3.6/site-packages/airflow/example_dags/example_latest_only.py
[2022-03-01 01:52:16,998] {logging_mixin.py:104} INFO - [2022-03-01 01:52:16,998] {dag.py:1818} INFO - Sync 1 DAGs
[2022-03-01 01:52:17,016] {logging_mixin.py:104} INFO - [2022-03-01 01:52:17,016] {dag.py:2273} INFO - Setting next_dagrun for latest_only to 2022-02-27 00:00:00+00:00
[2022-03-01 01:52:17,026] {scheduler_job.py:190} INFO - Processing /home/airflow/.local/lib/python3.6/site-packages/airflow/example_dags/example_latest_only.py took 0.082 seconds
[2022-03-01 01:52:47,687] {scheduler_job.py:182} INFO - Started process (PID=293) to work on /home/airflow/.local/lib/python3.6/site-packages/airflow/example_dags/example_latest_only.py
[2022-03-01 01:52:47,690] {scheduler_job.py:629} INFO - Processing file /home/airflow/.local/lib/python3.6/site-packages/airflow/example_dags/example_latest_only.py for tasks to queue
[2022-03-01 01:52:47,695] {logging_mixin.py:104} INFO - [2022-03-01 01:52:47,695] {dagbag.py:448} INFO - Filling up the DagBag from /home/airflow/.local/lib/python3.6/site-packages/airflow/example_dags/example_latest_only.py
[2022-03-01 01:52:47,727] {scheduler_job.py:639} INFO - DAG(s) dict_keys(['latest_only']) retrieved from /home/airflow/.local/lib/python3.6/site-packages/airflow/example_dags/example_latest_only.py
[2022-03-01 01:52:47,767] {logging_mixin.py:104} INFO - [2022-03-01 01:52:47,767] {dag.py:1818} INFO - Sync 1 DAGs
[2022-03-01 01:52:47,795] {logging_mixin.py:104} INFO - [2022-03-01 01:52:47,795] {dag.py:2273} INFO - Setting next_dagrun for latest_only to 2022-02-27 00:00:00+00:00
[2022-03-01 01:52:47,814] {scheduler_job.py:190} INFO - Processing /home/airflow/.local/lib/python3.6/site-packages/airflow/example_dags/example_latest_only.py took 0.132 seconds
[2022-03-01 01:53:17,892] {scheduler_job.py:182} INFO - Started process (PID=318) to work on /home/airflow/.local/lib/python3.6/site-packages/airflow/example_dags/example_latest_only.py
[2022-03-01 01:53:17,894] {scheduler_job.py:629} INFO - Processing file /home/airflow/.local/lib/python3.6/site-packages/airflow/example_dags/example_latest_only.py for tasks to queue
[2022-03-01 01:53:17,896] {logging_mixin.py:104} INFO - [2022-03-01 01:53:17,896] {dagbag.py:448} INFO - Filling up the DagBag from /home/airflow/.local/lib/python3.6/site-packages/airflow/example_dags/example_latest_only.py
[2022-03-01 01:53:17,910] {scheduler_job.py:639} INFO - DAG(s) dict_keys(['latest_only']) retrieved from /home/airflow/.local/lib/python3.6/site-packages/airflow/example_dags/example_latest_only.py
[2022-03-01 01:53:17,937] {logging_mixin.py:104} INFO - [2022-03-01 01:53:17,937] {dag.py:1818} INFO - Sync 1 DAGs
[2022-03-01 01:53:17,956] {logging_mixin.py:104} INFO - [2022-03-01 01:53:17,956] {dag.py:2273} INFO - Setting next_dagrun for latest_only to 2022-02-27 00:00:00+00:00
[2022-03-01 01:53:17,968] {scheduler_job.py:190} INFO - Processing /home/airflow/.local/lib/python3.6/site-packages/airflow/example_dags/example_latest_only.py took 0.083 seconds
[2022-03-01 01:53:48,725] {scheduler_job.py:182} INFO - Started process (PID=345) to work on /home/airflow/.local/lib/python3.6/site-packages/airflow/example_dags/example_latest_only.py
[2022-03-01 01:53:48,729] {scheduler_job.py:629} INFO - Processing file /home/airflow/.local/lib/python3.6/site-packages/airflow/example_dags/example_latest_only.py for tasks to queue
[2022-03-01 01:53:48,732] {logging_mixin.py:104} INFO - [2022-03-01 01:53:48,731] {dagbag.py:448} INFO - Filling up the DagBag from /home/airflow/.local/lib/python3.6/site-packages/airflow/example_dags/example_latest_only.py
[2022-03-01 01:53:48,756] {scheduler_job.py:639} INFO - DAG(s) dict_keys(['latest_only']) retrieved from /home/airflow/.local/lib/python3.6/site-packages/airflow/example_dags/example_latest_only.py
[2022-03-01 01:53:48,809] {logging_mixin.py:104} INFO - [2022-03-01 01:53:48,809] {dag.py:1818} INFO - Sync 1 DAGs
[2022-03-01 01:53:48,831] {logging_mixin.py:104} INFO - [2022-03-01 01:53:48,831] {dag.py:2273} INFO - Setting next_dagrun for latest_only to 2022-02-27 00:00:00+00:00
[2022-03-01 01:53:48,841] {scheduler_job.py:190} INFO - Processing /home/airflow/.local/lib/python3.6/site-packages/airflow/example_dags/example_latest_only.py took 0.123 seconds
[2022-03-01 01:54:19,325] {scheduler_job.py:182} INFO - Started process (PID=371) to work on /home/airflow/.local/lib/python3.6/site-packages/airflow/example_dags/example_latest_only.py
[2022-03-01 01:54:19,328] {scheduler_job.py:629} INFO - Processing file /home/airflow/.local/lib/python3.6/site-packages/airflow/example_dags/example_latest_only.py for tasks to queue
[2022-03-01 01:54:19,329] {logging_mixin.py:104} INFO - [2022-03-01 01:54:19,329] {dagbag.py:448} INFO - Filling up the DagBag from /home/airflow/.local/lib/python3.6/site-packages/airflow/example_dags/example_latest_only.py
[2022-03-01 01:54:19,344] {scheduler_job.py:639} INFO - DAG(s) dict_keys(['latest_only']) retrieved from /home/airflow/.local/lib/python3.6/site-packages/airflow/example_dags/example_latest_only.py
[2022-03-01 01:54:19,368] {logging_mixin.py:104} INFO - [2022-03-01 01:54:19,368] {dag.py:1818} INFO - Sync 1 DAGs
[2022-03-01 01:54:19,386] {logging_mixin.py:104} INFO - [2022-03-01 01:54:19,386] {dag.py:2273} INFO - Setting next_dagrun for latest_only to 2022-02-27 00:00:00+00:00
[2022-03-01 01:54:19,396] {scheduler_job.py:190} INFO - Processing /home/airflow/.local/lib/python3.6/site-packages/airflow/example_dags/example_latest_only.py took 0.076 seconds
[2022-03-01 01:54:49,966] {scheduler_job.py:182} INFO - Started process (PID=397) to work on /home/airflow/.local/lib/python3.6/site-packages/airflow/example_dags/example_latest_only.py
[2022-03-01 01:54:49,969] {scheduler_job.py:629} INFO - Processing file /home/airflow/.local/lib/python3.6/site-packages/airflow/example_dags/example_latest_only.py for tasks to queue
[2022-03-01 01:54:49,971] {logging_mixin.py:104} INFO - [2022-03-01 01:54:49,970] {dagbag.py:448} INFO - Filling up the DagBag from /home/airflow/.local/lib/python3.6/site-packages/airflow/example_dags/example_latest_only.py
[2022-03-01 01:54:49,992] {scheduler_job.py:639} INFO - DAG(s) dict_keys(['latest_only']) retrieved from /home/airflow/.local/lib/python3.6/site-packages/airflow/example_dags/example_latest_only.py
[2022-03-01 01:54:50,022] {logging_mixin.py:104} INFO - [2022-03-01 01:54:50,022] {dag.py:1818} INFO - Sync 1 DAGs
[2022-03-01 01:54:50,041] {logging_mixin.py:104} INFO - [2022-03-01 01:54:50,041] {dag.py:2273} INFO - Setting next_dagrun for latest_only to 2022-02-27 00:00:00+00:00
[2022-03-01 01:54:50,058] {scheduler_job.py:190} INFO - Processing /home/airflow/.local/lib/python3.6/site-packages/airflow/example_dags/example_latest_only.py took 0.098 seconds
[2022-03-01 01:55:20,965] {scheduler_job.py:182} INFO - Started process (PID=423) to work on /home/airflow/.local/lib/python3.6/site-packages/airflow/example_dags/example_latest_only.py
[2022-03-01 01:55:20,967] {scheduler_job.py:629} INFO - Processing file /home/airflow/.local/lib/python3.6/site-packages/airflow/example_dags/example_latest_only.py for tasks to queue
[2022-03-01 01:55:20,969] {logging_mixin.py:104} INFO - [2022-03-01 01:55:20,969] {dagbag.py:448} INFO - Filling up the DagBag from /home/airflow/.local/lib/python3.6/site-packages/airflow/example_dags/example_latest_only.py
[2022-03-01 01:55:20,982] {scheduler_job.py:639} INFO - DAG(s) dict_keys(['latest_only']) retrieved from /home/airflow/.local/lib/python3.6/site-packages/airflow/example_dags/example_latest_only.py
[2022-03-01 01:55:21,021] {logging_mixin.py:104} INFO - [2022-03-01 01:55:21,020] {dag.py:1818} INFO - Sync 1 DAGs
[2022-03-01 01:55:21,044] {logging_mixin.py:104} INFO - [2022-03-01 01:55:21,044] {dag.py:2273} INFO - Setting next_dagrun for latest_only to 2022-02-27 00:00:00+00:00
[2022-03-01 01:55:21,059] {scheduler_job.py:190} INFO - Processing /home/airflow/.local/lib/python3.6/site-packages/airflow/example_dags/example_latest_only.py took 0.098 seconds
[2022-03-01 01:55:51,801] {scheduler_job.py:182} INFO - Started process (PID=449) to work on /home/airflow/.local/lib/python3.6/site-packages/airflow/example_dags/example_latest_only.py
[2022-03-01 01:55:51,803] {scheduler_job.py:629} INFO - Processing file /home/airflow/.local/lib/python3.6/site-packages/airflow/example_dags/example_latest_only.py for tasks to queue
[2022-03-01 01:55:51,804] {logging_mixin.py:104} INFO - [2022-03-01 01:55:51,804] {dagbag.py:448} INFO - Filling up the DagBag from /home/airflow/.local/lib/python3.6/site-packages/airflow/example_dags/example_latest_only.py
[2022-03-01 01:55:51,817] {scheduler_job.py:639} INFO - DAG(s) dict_keys(['latest_only']) retrieved from /home/airflow/.local/lib/python3.6/site-packages/airflow/example_dags/example_latest_only.py
[2022-03-01 01:55:51,839] {logging_mixin.py:104} INFO - [2022-03-01 01:55:51,839] {dag.py:1818} INFO - Sync 1 DAGs
[2022-03-01 01:55:51,859] {logging_mixin.py:104} INFO - [2022-03-01 01:55:51,858] {dag.py:2273} INFO - Setting next_dagrun for latest_only to 2022-02-27 00:00:00+00:00
[2022-03-01 01:55:51,869] {scheduler_job.py:190} INFO - Processing /home/airflow/.local/lib/python3.6/site-packages/airflow/example_dags/example_latest_only.py took 0.072 seconds
[2022-03-01 01:56:22,877] {scheduler_job.py:182} INFO - Started process (PID=475) to work on /home/airflow/.local/lib/python3.6/site-packages/airflow/example_dags/example_latest_only.py
[2022-03-01 01:56:22,888] {scheduler_job.py:629} INFO - Processing file /home/airflow/.local/lib/python3.6/site-packages/airflow/example_dags/example_latest_only.py for tasks to queue
[2022-03-01 01:56:22,897] {logging_mixin.py:104} INFO - [2022-03-01 01:56:22,897] {dagbag.py:448} INFO - Filling up the DagBag from /home/airflow/.local/lib/python3.6/site-packages/airflow/example_dags/example_latest_only.py
[2022-03-01 01:56:22,930] {scheduler_job.py:639} INFO - DAG(s) dict_keys(['latest_only']) retrieved from /home/airflow/.local/lib/python3.6/site-packages/airflow/example_dags/example_latest_only.py
[2022-03-01 01:56:23,007] {logging_mixin.py:104} INFO - [2022-03-01 01:56:23,007] {dag.py:1818} INFO - Sync 1 DAGs
[2022-03-01 01:56:23,052] {logging_mixin.py:104} INFO - [2022-03-01 01:56:23,052] {dag.py:2273} INFO - Setting next_dagrun for latest_only to 2022-02-27 00:00:00+00:00
[2022-03-01 01:56:23,074] {scheduler_job.py:190} INFO - Processing /home/airflow/.local/lib/python3.6/site-packages/airflow/example_dags/example_latest_only.py took 0.203 seconds
[2022-03-01 01:56:53,968] {scheduler_job.py:182} INFO - Started process (PID=502) to work on /home/airflow/.local/lib/python3.6/site-packages/airflow/example_dags/example_latest_only.py
[2022-03-01 01:56:53,970] {scheduler_job.py:629} INFO - Processing file /home/airflow/.local/lib/python3.6/site-packages/airflow/example_dags/example_latest_only.py for tasks to queue
[2022-03-01 01:56:53,972] {logging_mixin.py:104} INFO - [2022-03-01 01:56:53,972] {dagbag.py:448} INFO - Filling up the DagBag from /home/airflow/.local/lib/python3.6/site-packages/airflow/example_dags/example_latest_only.py
[2022-03-01 01:56:53,986] {scheduler_job.py:639} INFO - DAG(s) dict_keys(['latest_only']) retrieved from /home/airflow/.local/lib/python3.6/site-packages/airflow/example_dags/example_latest_only.py
[2022-03-01 01:56:54,013] {logging_mixin.py:104} INFO - [2022-03-01 01:56:54,013] {dag.py:1818} INFO - Sync 1 DAGs
[2022-03-01 01:56:54,035] {logging_mixin.py:104} INFO - [2022-03-01 01:56:54,035] {dag.py:2273} INFO - Setting next_dagrun for latest_only to 2022-02-27 00:00:00+00:00
[2022-03-01 01:56:54,049] {scheduler_job.py:190} INFO - Processing /home/airflow/.local/lib/python3.6/site-packages/airflow/example_dags/example_latest_only.py took 0.085 seconds
[2022-03-01 01:57:24,548] {scheduler_job.py:182} INFO - Started process (PID=527) to work on /home/airflow/.local/lib/python3.6/site-packages/airflow/example_dags/example_latest_only.py
[2022-03-01 01:57:24,550] {scheduler_job.py:629} INFO - Processing file /home/airflow/.local/lib/python3.6/site-packages/airflow/example_dags/example_latest_only.py for tasks to queue
[2022-03-01 01:57:24,552] {logging_mixin.py:104} INFO - [2022-03-01 01:57:24,551] {dagbag.py:448} INFO - Filling up the DagBag from /home/airflow/.local/lib/python3.6/site-packages/airflow/example_dags/example_latest_only.py
[2022-03-01 01:57:24,568] {scheduler_job.py:639} INFO - DAG(s) dict_keys(['latest_only']) retrieved from /home/airflow/.local/lib/python3.6/site-packages/airflow/example_dags/example_latest_only.py
[2022-03-01 01:57:24,600] {logging_mixin.py:104} INFO - [2022-03-01 01:57:24,600] {dag.py:1818} INFO - Sync 1 DAGs
[2022-03-01 01:57:24,621] {logging_mixin.py:104} INFO - [2022-03-01 01:57:24,621] {dag.py:2273} INFO - Setting next_dagrun for latest_only to 2022-02-27 00:00:00+00:00
[2022-03-01 01:57:24,633] {scheduler_job.py:190} INFO - Processing /home/airflow/.local/lib/python3.6/site-packages/airflow/example_dags/example_latest_only.py took 0.091 seconds
[2022-03-01 01:57:55,394] {scheduler_job.py:182} INFO - Started process (PID=553) to work on /home/airflow/.local/lib/python3.6/site-packages/airflow/example_dags/example_latest_only.py
[2022-03-01 01:57:55,396] {scheduler_job.py:629} INFO - Processing file /home/airflow/.local/lib/python3.6/site-packages/airflow/example_dags/example_latest_only.py for tasks to queue
[2022-03-01 01:57:55,397] {logging_mixin.py:104} INFO - [2022-03-01 01:57:55,397] {dagbag.py:448} INFO - Filling up the DagBag from /home/airflow/.local/lib/python3.6/site-packages/airflow/example_dags/example_latest_only.py
[2022-03-01 01:57:55,409] {scheduler_job.py:639} INFO - DAG(s) dict_keys(['latest_only']) retrieved from /home/airflow/.local/lib/python3.6/site-packages/airflow/example_dags/example_latest_only.py
[2022-03-01 01:57:55,434] {logging_mixin.py:104} INFO - [2022-03-01 01:57:55,434] {dag.py:1818} INFO - Sync 1 DAGs
[2022-03-01 01:57:55,455] {logging_mixin.py:104} INFO - [2022-03-01 01:57:55,454] {dag.py:2273} INFO - Setting next_dagrun for latest_only to 2022-02-27 00:00:00+00:00
[2022-03-01 01:57:55,464] {scheduler_job.py:190} INFO - Processing /home/airflow/.local/lib/python3.6/site-packages/airflow/example_dags/example_latest_only.py took 0.074 seconds
[2022-03-01 01:58:25,981] {scheduler_job.py:182} INFO - Started process (PID=579) to work on /home/airflow/.local/lib/python3.6/site-packages/airflow/example_dags/example_latest_only.py
[2022-03-01 01:58:25,983] {scheduler_job.py:629} INFO - Processing file /home/airflow/.local/lib/python3.6/site-packages/airflow/example_dags/example_latest_only.py for tasks to queue
[2022-03-01 01:58:25,985] {logging_mixin.py:104} INFO - [2022-03-01 01:58:25,985] {dagbag.py:448} INFO - Filling up the DagBag from /home/airflow/.local/lib/python3.6/site-packages/airflow/example_dags/example_latest_only.py
[2022-03-01 01:58:26,000] {scheduler_job.py:639} INFO - DAG(s) dict_keys(['latest_only']) retrieved from /home/airflow/.local/lib/python3.6/site-packages/airflow/example_dags/example_latest_only.py
[2022-03-01 01:58:26,036] {logging_mixin.py:104} INFO - [2022-03-01 01:58:26,036] {dag.py:1818} INFO - Sync 1 DAGs
[2022-03-01 01:58:26,056] {logging_mixin.py:104} INFO - [2022-03-01 01:58:26,056] {dag.py:2273} INFO - Setting next_dagrun for latest_only to 2022-02-27 00:00:00+00:00
[2022-03-01 01:58:26,069] {scheduler_job.py:190} INFO - Processing /home/airflow/.local/lib/python3.6/site-packages/airflow/example_dags/example_latest_only.py took 0.094 seconds
[2022-03-01 01:58:56,160] {scheduler_job.py:182} INFO - Started process (PID=605) to work on /home/airflow/.local/lib/python3.6/site-packages/airflow/example_dags/example_latest_only.py
[2022-03-01 01:58:56,163] {scheduler_job.py:629} INFO - Processing file /home/airflow/.local/lib/python3.6/site-packages/airflow/example_dags/example_latest_only.py for tasks to queue
[2022-03-01 01:58:56,164] {logging_mixin.py:104} INFO - [2022-03-01 01:58:56,164] {dagbag.py:448} INFO - Filling up the DagBag from /home/airflow/.local/lib/python3.6/site-packages/airflow/example_dags/example_latest_only.py
[2022-03-01 01:58:56,181] {scheduler_job.py:639} INFO - DAG(s) dict_keys(['latest_only']) retrieved from /home/airflow/.local/lib/python3.6/site-packages/airflow/example_dags/example_latest_only.py
[2022-03-01 01:58:56,213] {logging_mixin.py:104} INFO - [2022-03-01 01:58:56,213] {dag.py:1818} INFO - Sync 1 DAGs
[2022-03-01 01:58:56,235] {logging_mixin.py:104} INFO - [2022-03-01 01:58:56,235] {dag.py:2273} INFO - Setting next_dagrun for latest_only to 2022-02-27 00:00:00+00:00
[2022-03-01 01:58:56,249] {scheduler_job.py:190} INFO - Processing /home/airflow/.local/lib/python3.6/site-packages/airflow/example_dags/example_latest_only.py took 0.094 seconds
[2022-03-01 01:59:27,365] {scheduler_job.py:182} INFO - Started process (PID=631) to work on /home/airflow/.local/lib/python3.6/site-packages/airflow/example_dags/example_latest_only.py
[2022-03-01 01:59:27,369] {scheduler_job.py:629} INFO - Processing file /home/airflow/.local/lib/python3.6/site-packages/airflow/example_dags/example_latest_only.py for tasks to queue
[2022-03-01 01:59:27,372] {logging_mixin.py:104} INFO - [2022-03-01 01:59:27,371] {dagbag.py:448} INFO - Filling up the DagBag from /home/airflow/.local/lib/python3.6/site-packages/airflow/example_dags/example_latest_only.py
[2022-03-01 01:59:27,388] {scheduler_job.py:639} INFO - DAG(s) dict_keys(['latest_only']) retrieved from /home/airflow/.local/lib/python3.6/site-packages/airflow/example_dags/example_latest_only.py
[2022-03-01 01:59:27,423] {logging_mixin.py:104} INFO - [2022-03-01 01:59:27,423] {dag.py:1818} INFO - Sync 1 DAGs
[2022-03-01 01:59:27,445] {logging_mixin.py:104} INFO - [2022-03-01 01:59:27,445] {dag.py:2273} INFO - Setting next_dagrun for latest_only to 2022-02-27 00:00:00+00:00
[2022-03-01 01:59:27,458] {scheduler_job.py:190} INFO - Processing /home/airflow/.local/lib/python3.6/site-packages/airflow/example_dags/example_latest_only.py took 0.099 seconds
[2022-03-01 01:59:57,994] {scheduler_job.py:182} INFO - Started process (PID=657) to work on /home/airflow/.local/lib/python3.6/site-packages/airflow/example_dags/example_latest_only.py
[2022-03-01 01:59:57,996] {scheduler_job.py:629} INFO - Processing file /home/airflow/.local/lib/python3.6/site-packages/airflow/example_dags/example_latest_only.py for tasks to queue
[2022-03-01 01:59:57,997] {logging_mixin.py:104} INFO - [2022-03-01 01:59:57,997] {dagbag.py:448} INFO - Filling up the DagBag from /home/airflow/.local/lib/python3.6/site-packages/airflow/example_dags/example_latest_only.py
[2022-03-01 01:59:58,011] {scheduler_job.py:639} INFO - DAG(s) dict_keys(['latest_only']) retrieved from /home/airflow/.local/lib/python3.6/site-packages/airflow/example_dags/example_latest_only.py
[2022-03-01 01:59:58,041] {logging_mixin.py:104} INFO - [2022-03-01 01:59:58,041] {dag.py:1818} INFO - Sync 1 DAGs
[2022-03-01 01:59:58,061] {logging_mixin.py:104} INFO - [2022-03-01 01:59:58,061] {dag.py:2273} INFO - Setting next_dagrun for latest_only to 2022-02-27 00:00:00+00:00
[2022-03-01 01:59:58,074] {scheduler_job.py:190} INFO - Processing /home/airflow/.local/lib/python3.6/site-packages/airflow/example_dags/example_latest_only.py took 0.084 seconds
[2022-03-01 02:00:28,540] {scheduler_job.py:182} INFO - Started process (PID=683) to work on /home/airflow/.local/lib/python3.6/site-packages/airflow/example_dags/example_latest_only.py
[2022-03-01 02:00:28,542] {scheduler_job.py:629} INFO - Processing file /home/airflow/.local/lib/python3.6/site-packages/airflow/example_dags/example_latest_only.py for tasks to queue
[2022-03-01 02:00:28,543] {logging_mixin.py:104} INFO - [2022-03-01 02:00:28,543] {dagbag.py:448} INFO - Filling up the DagBag from /home/airflow/.local/lib/python3.6/site-packages/airflow/example_dags/example_latest_only.py
[2022-03-01 02:00:28,555] {scheduler_job.py:639} INFO - DAG(s) dict_keys(['latest_only']) retrieved from /home/airflow/.local/lib/python3.6/site-packages/airflow/example_dags/example_latest_only.py
[2022-03-01 02:00:28,581] {logging_mixin.py:104} INFO - [2022-03-01 02:00:28,581] {dag.py:1818} INFO - Sync 1 DAGs
[2022-03-01 02:00:28,598] {logging_mixin.py:104} INFO - [2022-03-01 02:00:28,598] {dag.py:2273} INFO - Setting next_dagrun for latest_only to 2022-02-27 00:00:00+00:00
[2022-03-01 02:00:28,608] {scheduler_job.py:190} INFO - Processing /home/airflow/.local/lib/python3.6/site-packages/airflow/example_dags/example_latest_only.py took 0.073 seconds
[2022-03-01 02:00:59,145] {scheduler_job.py:182} INFO - Started process (PID=709) to work on /home/airflow/.local/lib/python3.6/site-packages/airflow/example_dags/example_latest_only.py
[2022-03-01 02:00:59,147] {scheduler_job.py:629} INFO - Processing file /home/airflow/.local/lib/python3.6/site-packages/airflow/example_dags/example_latest_only.py for tasks to queue
[2022-03-01 02:00:59,148] {logging_mixin.py:104} INFO - [2022-03-01 02:00:59,148] {dagbag.py:448} INFO - Filling up the DagBag from /home/airflow/.local/lib/python3.6/site-packages/airflow/example_dags/example_latest_only.py
[2022-03-01 02:00:59,166] {scheduler_job.py:639} INFO - DAG(s) dict_keys(['latest_only']) retrieved from /home/airflow/.local/lib/python3.6/site-packages/airflow/example_dags/example_latest_only.py
[2022-03-01 02:00:59,190] {logging_mixin.py:104} INFO - [2022-03-01 02:00:59,190] {dag.py:1818} INFO - Sync 1 DAGs
[2022-03-01 02:00:59,212] {logging_mixin.py:104} INFO - [2022-03-01 02:00:59,212] {dag.py:2273} INFO - Setting next_dagrun for latest_only to 2022-02-27 00:00:00+00:00
[2022-03-01 02:00:59,226] {scheduler_job.py:190} INFO - Processing /home/airflow/.local/lib/python3.6/site-packages/airflow/example_dags/example_latest_only.py took 0.086 seconds
[2022-03-01 02:01:29,743] {scheduler_job.py:182} INFO - Started process (PID=735) to work on /home/airflow/.local/lib/python3.6/site-packages/airflow/example_dags/example_latest_only.py
[2022-03-01 02:01:29,745] {scheduler_job.py:629} INFO - Processing file /home/airflow/.local/lib/python3.6/site-packages/airflow/example_dags/example_latest_only.py for tasks to queue
[2022-03-01 02:01:29,747] {logging_mixin.py:104} INFO - [2022-03-01 02:01:29,746] {dagbag.py:448} INFO - Filling up the DagBag from /home/airflow/.local/lib/python3.6/site-packages/airflow/example_dags/example_latest_only.py
[2022-03-01 02:01:29,759] {scheduler_job.py:639} INFO - DAG(s) dict_keys(['latest_only']) retrieved from /home/airflow/.local/lib/python3.6/site-packages/airflow/example_dags/example_latest_only.py
[2022-03-01 02:01:29,778] {logging_mixin.py:104} INFO - [2022-03-01 02:01:29,778] {dag.py:1818} INFO - Sync 1 DAGs
[2022-03-01 02:01:29,793] {logging_mixin.py:104} INFO - [2022-03-01 02:01:29,793] {dag.py:2273} INFO - Setting next_dagrun for latest_only to 2022-02-27 00:00:00+00:00
[2022-03-01 02:01:29,803] {scheduler_job.py:190} INFO - Processing /home/airflow/.local/lib/python3.6/site-packages/airflow/example_dags/example_latest_only.py took 0.063 seconds
[2022-03-01 02:02:00,250] {scheduler_job.py:182} INFO - Started process (PID=761) to work on /home/airflow/.local/lib/python3.6/site-packages/airflow/example_dags/example_latest_only.py
[2022-03-01 02:02:00,252] {scheduler_job.py:629} INFO - Processing file /home/airflow/.local/lib/python3.6/site-packages/airflow/example_dags/example_latest_only.py for tasks to queue
[2022-03-01 02:02:00,254] {logging_mixin.py:104} INFO - [2022-03-01 02:02:00,254] {dagbag.py:448} INFO - Filling up the DagBag from /home/airflow/.local/lib/python3.6/site-packages/airflow/example_dags/example_latest_only.py
[2022-03-01 02:02:00,271] {scheduler_job.py:639} INFO - DAG(s) dict_keys(['latest_only']) retrieved from /home/airflow/.local/lib/python3.6/site-packages/airflow/example_dags/example_latest_only.py
[2022-03-01 02:02:00,297] {logging_mixin.py:104} INFO - [2022-03-01 02:02:00,297] {dag.py:1818} INFO - Sync 1 DAGs
[2022-03-01 02:02:00,315] {logging_mixin.py:104} INFO - [2022-03-01 02:02:00,315] {dag.py:2273} INFO - Setting next_dagrun for latest_only to 2022-02-27 00:00:00+00:00
[2022-03-01 02:02:00,326] {scheduler_job.py:190} INFO - Processing /home/airflow/.local/lib/python3.6/site-packages/airflow/example_dags/example_latest_only.py took 0.081 seconds
