[2022-03-01 01:48:11,129] {scheduler_job.py:182} INFO - Started process (PID=40) to work on /home/airflow/.local/lib/python3.6/site-packages/airflow/example_dags/example_subdag_operator.py
[2022-03-01 01:48:11,137] {scheduler_job.py:629} INFO - Processing file /home/airflow/.local/lib/python3.6/site-packages/airflow/example_dags/example_subdag_operator.py for tasks to queue
[2022-03-01 01:48:11,143] {logging_mixin.py:104} INFO - [2022-03-01 01:48:11,143] {dagbag.py:448} INFO - Filling up the DagBag from /home/airflow/.local/lib/python3.6/site-packages/airflow/example_dags/example_subdag_operator.py
[2022-03-01 01:48:11,266] {scheduler_job.py:639} INFO - DAG(s) dict_keys(['example_subdag_operator.section-1', 'example_subdag_operator.section-2', 'example_subdag_operator']) retrieved from /home/airflow/.local/lib/python3.6/site-packages/airflow/example_dags/example_subdag_operator.py
[2022-03-01 01:48:11,294] {logging_mixin.py:104} INFO - [2022-03-01 01:48:11,294] {dag.py:1818} INFO - Sync 3 DAGs
[2022-03-01 01:48:11,325] {logging_mixin.py:104} INFO - [2022-03-01 01:48:11,324] {dag.py:1837} INFO - Creating ORM DAG for example_subdag_operator
[2022-03-01 01:48:11,327] {logging_mixin.py:104} INFO - [2022-03-01 01:48:11,326] {dag.py:1837} INFO - Creating ORM DAG for example_subdag_operator.section-2
[2022-03-01 01:48:11,328] {logging_mixin.py:104} INFO - [2022-03-01 01:48:11,328] {dag.py:1837} INFO - Creating ORM DAG for example_subdag_operator.section-1
[2022-03-01 01:48:11,341] {logging_mixin.py:104} INFO - [2022-03-01 01:48:11,341] {dag.py:2273} INFO - Setting next_dagrun for example_subdag_operator to 2022-02-27 00:00:00+00:00
[2022-03-01 01:48:11,345] {logging_mixin.py:104} INFO - [2022-03-01 01:48:11,345] {dag.py:2273} INFO - Setting next_dagrun for example_subdag_operator.section-1 to None
[2022-03-01 01:48:11,347] {logging_mixin.py:104} INFO - [2022-03-01 01:48:11,347] {dag.py:2273} INFO - Setting next_dagrun for example_subdag_operator.section-2 to None
[2022-03-01 01:48:11,368] {logging_mixin.py:104} INFO - [2022-03-01 01:48:11,368] {dag.py:1818} INFO - Sync 2 DAGs
[2022-03-01 01:48:11,379] {logging_mixin.py:104} INFO - [2022-03-01 01:48:11,379] {dag.py:2273} INFO - Setting next_dagrun for example_subdag_operator.section-1 to None
[2022-03-01 01:48:11,381] {logging_mixin.py:104} INFO - [2022-03-01 01:48:11,381] {dag.py:2273} INFO - Setting next_dagrun for example_subdag_operator.section-2 to None
[2022-03-01 01:48:11,390] {scheduler_job.py:190} INFO - Processing /home/airflow/.local/lib/python3.6/site-packages/airflow/example_dags/example_subdag_operator.py took 0.272 seconds
[2022-03-01 01:48:41,650] {scheduler_job.py:182} INFO - Started process (PID=65) to work on /home/airflow/.local/lib/python3.6/site-packages/airflow/example_dags/example_subdag_operator.py
[2022-03-01 01:48:41,652] {scheduler_job.py:629} INFO - Processing file /home/airflow/.local/lib/python3.6/site-packages/airflow/example_dags/example_subdag_operator.py for tasks to queue
[2022-03-01 01:48:41,653] {logging_mixin.py:104} INFO - [2022-03-01 01:48:41,653] {dagbag.py:448} INFO - Filling up the DagBag from /home/airflow/.local/lib/python3.6/site-packages/airflow/example_dags/example_subdag_operator.py
[2022-03-01 01:48:41,682] {scheduler_job.py:639} INFO - DAG(s) dict_keys(['example_subdag_operator.section-1', 'example_subdag_operator.section-2', 'example_subdag_operator']) retrieved from /home/airflow/.local/lib/python3.6/site-packages/airflow/example_dags/example_subdag_operator.py
[2022-03-01 01:48:41,694] {logging_mixin.py:104} INFO - [2022-03-01 01:48:41,694] {dag.py:1818} INFO - Sync 3 DAGs
[2022-03-01 01:48:41,711] {logging_mixin.py:104} INFO - [2022-03-01 01:48:41,711] {dag.py:2273} INFO - Setting next_dagrun for example_subdag_operator to 2022-02-27 00:00:00+00:00
[2022-03-01 01:48:41,712] {logging_mixin.py:104} INFO - [2022-03-01 01:48:41,712] {dag.py:2273} INFO - Setting next_dagrun for example_subdag_operator.section-1 to None
[2022-03-01 01:48:41,713] {logging_mixin.py:104} INFO - [2022-03-01 01:48:41,713] {dag.py:2273} INFO - Setting next_dagrun for example_subdag_operator.section-2 to None
[2022-03-01 01:48:41,720] {logging_mixin.py:104} INFO - [2022-03-01 01:48:41,720] {dag.py:1818} INFO - Sync 2 DAGs
[2022-03-01 01:48:41,727] {logging_mixin.py:104} INFO - [2022-03-01 01:48:41,727] {dag.py:2273} INFO - Setting next_dagrun for example_subdag_operator.section-1 to None
[2022-03-01 01:48:41,727] {logging_mixin.py:104} INFO - [2022-03-01 01:48:41,727] {dag.py:2273} INFO - Setting next_dagrun for example_subdag_operator.section-2 to None
[2022-03-01 01:48:41,732] {scheduler_job.py:190} INFO - Processing /home/airflow/.local/lib/python3.6/site-packages/airflow/example_dags/example_subdag_operator.py took 0.086 seconds
[2022-03-01 01:49:12,527] {scheduler_job.py:182} INFO - Started process (PID=95) to work on /home/airflow/.local/lib/python3.6/site-packages/airflow/example_dags/example_subdag_operator.py
[2022-03-01 01:49:12,556] {scheduler_job.py:629} INFO - Processing file /home/airflow/.local/lib/python3.6/site-packages/airflow/example_dags/example_subdag_operator.py for tasks to queue
[2022-03-01 01:49:12,566] {logging_mixin.py:104} INFO - [2022-03-01 01:49:12,566] {dagbag.py:448} INFO - Filling up the DagBag from /home/airflow/.local/lib/python3.6/site-packages/airflow/example_dags/example_subdag_operator.py
[2022-03-01 01:49:12,632] {scheduler_job.py:639} INFO - DAG(s) dict_keys(['example_subdag_operator.section-1', 'example_subdag_operator.section-2', 'example_subdag_operator']) retrieved from /home/airflow/.local/lib/python3.6/site-packages/airflow/example_dags/example_subdag_operator.py
[2022-03-01 01:49:12,680] {logging_mixin.py:104} INFO - [2022-03-01 01:49:12,680] {dag.py:1818} INFO - Sync 3 DAGs
[2022-03-01 01:49:12,736] {logging_mixin.py:104} INFO - [2022-03-01 01:49:12,736] {dag.py:2273} INFO - Setting next_dagrun for example_subdag_operator to 2022-02-27 00:00:00+00:00
[2022-03-01 01:49:12,740] {logging_mixin.py:104} INFO - [2022-03-01 01:49:12,740] {dag.py:2273} INFO - Setting next_dagrun for example_subdag_operator.section-1 to None
[2022-03-01 01:49:12,743] {logging_mixin.py:104} INFO - [2022-03-01 01:49:12,743] {dag.py:2273} INFO - Setting next_dagrun for example_subdag_operator.section-2 to None
[2022-03-01 01:49:12,756] {logging_mixin.py:104} INFO - [2022-03-01 01:49:12,756] {dag.py:1818} INFO - Sync 2 DAGs
[2022-03-01 01:49:12,769] {logging_mixin.py:104} INFO - [2022-03-01 01:49:12,769] {dag.py:2273} INFO - Setting next_dagrun for example_subdag_operator.section-1 to None
[2022-03-01 01:49:12,771] {logging_mixin.py:104} INFO - [2022-03-01 01:49:12,770] {dag.py:2273} INFO - Setting next_dagrun for example_subdag_operator.section-2 to None
[2022-03-01 01:49:12,780] {scheduler_job.py:190} INFO - Processing /home/airflow/.local/lib/python3.6/site-packages/airflow/example_dags/example_subdag_operator.py took 0.259 seconds
[2022-03-01 01:49:43,262] {scheduler_job.py:182} INFO - Started process (PID=124) to work on /home/airflow/.local/lib/python3.6/site-packages/airflow/example_dags/example_subdag_operator.py
[2022-03-01 01:49:43,264] {scheduler_job.py:629} INFO - Processing file /home/airflow/.local/lib/python3.6/site-packages/airflow/example_dags/example_subdag_operator.py for tasks to queue
[2022-03-01 01:49:43,265] {logging_mixin.py:104} INFO - [2022-03-01 01:49:43,265] {dagbag.py:448} INFO - Filling up the DagBag from /home/airflow/.local/lib/python3.6/site-packages/airflow/example_dags/example_subdag_operator.py
[2022-03-01 01:49:43,301] {scheduler_job.py:639} INFO - DAG(s) dict_keys(['example_subdag_operator.section-1', 'example_subdag_operator.section-2', 'example_subdag_operator']) retrieved from /home/airflow/.local/lib/python3.6/site-packages/airflow/example_dags/example_subdag_operator.py
[2022-03-01 01:49:43,313] {logging_mixin.py:104} INFO - [2022-03-01 01:49:43,313] {dag.py:1818} INFO - Sync 3 DAGs
[2022-03-01 01:49:43,331] {logging_mixin.py:104} INFO - [2022-03-01 01:49:43,331] {dag.py:2273} INFO - Setting next_dagrun for example_subdag_operator to 2022-02-27 00:00:00+00:00
[2022-03-01 01:49:43,334] {logging_mixin.py:104} INFO - [2022-03-01 01:49:43,333] {dag.py:2273} INFO - Setting next_dagrun for example_subdag_operator.section-1 to None
[2022-03-01 01:49:43,335] {logging_mixin.py:104} INFO - [2022-03-01 01:49:43,335] {dag.py:2273} INFO - Setting next_dagrun for example_subdag_operator.section-2 to None
[2022-03-01 01:49:43,342] {logging_mixin.py:104} INFO - [2022-03-01 01:49:43,342] {dag.py:1818} INFO - Sync 2 DAGs
[2022-03-01 01:49:43,349] {logging_mixin.py:104} INFO - [2022-03-01 01:49:43,349] {dag.py:2273} INFO - Setting next_dagrun for example_subdag_operator.section-1 to None
[2022-03-01 01:49:43,351] {logging_mixin.py:104} INFO - [2022-03-01 01:49:43,350] {dag.py:2273} INFO - Setting next_dagrun for example_subdag_operator.section-2 to None
[2022-03-01 01:49:43,357] {scheduler_job.py:190} INFO - Processing /home/airflow/.local/lib/python3.6/site-packages/airflow/example_dags/example_subdag_operator.py took 0.100 seconds
[2022-03-01 01:50:14,755] {scheduler_job.py:182} INFO - Started process (PID=175) to work on /home/airflow/.local/lib/python3.6/site-packages/airflow/example_dags/example_subdag_operator.py
[2022-03-01 01:50:14,758] {scheduler_job.py:629} INFO - Processing file /home/airflow/.local/lib/python3.6/site-packages/airflow/example_dags/example_subdag_operator.py for tasks to queue
[2022-03-01 01:50:14,759] {logging_mixin.py:104} INFO - [2022-03-01 01:50:14,759] {dagbag.py:448} INFO - Filling up the DagBag from /home/airflow/.local/lib/python3.6/site-packages/airflow/example_dags/example_subdag_operator.py
[2022-03-01 01:50:14,804] {scheduler_job.py:639} INFO - DAG(s) dict_keys(['example_subdag_operator.section-1', 'example_subdag_operator.section-2', 'example_subdag_operator']) retrieved from /home/airflow/.local/lib/python3.6/site-packages/airflow/example_dags/example_subdag_operator.py
[2022-03-01 01:50:14,822] {logging_mixin.py:104} INFO - [2022-03-01 01:50:14,821] {dag.py:1818} INFO - Sync 3 DAGs
[2022-03-01 01:50:14,845] {logging_mixin.py:104} INFO - [2022-03-01 01:50:14,845] {dag.py:2273} INFO - Setting next_dagrun for example_subdag_operator to 2022-02-27 00:00:00+00:00
[2022-03-01 01:50:14,862] {logging_mixin.py:104} INFO - [2022-03-01 01:50:14,862] {dag.py:2273} INFO - Setting next_dagrun for example_subdag_operator.section-1 to None
[2022-03-01 01:50:14,863] {logging_mixin.py:104} INFO - [2022-03-01 01:50:14,863] {dag.py:2273} INFO - Setting next_dagrun for example_subdag_operator.section-2 to None
[2022-03-01 01:50:14,870] {logging_mixin.py:104} INFO - [2022-03-01 01:50:14,870] {dag.py:1818} INFO - Sync 2 DAGs
[2022-03-01 01:50:14,879] {logging_mixin.py:104} INFO - [2022-03-01 01:50:14,879] {dag.py:2273} INFO - Setting next_dagrun for example_subdag_operator.section-1 to None
[2022-03-01 01:50:14,880] {logging_mixin.py:104} INFO - [2022-03-01 01:50:14,880] {dag.py:2273} INFO - Setting next_dagrun for example_subdag_operator.section-2 to None
[2022-03-01 01:50:14,891] {scheduler_job.py:190} INFO - Processing /home/airflow/.local/lib/python3.6/site-packages/airflow/example_dags/example_subdag_operator.py took 0.141 seconds
[2022-03-01 01:50:45,427] {scheduler_job.py:182} INFO - Started process (PID=201) to work on /home/airflow/.local/lib/python3.6/site-packages/airflow/example_dags/example_subdag_operator.py
[2022-03-01 01:50:45,430] {scheduler_job.py:629} INFO - Processing file /home/airflow/.local/lib/python3.6/site-packages/airflow/example_dags/example_subdag_operator.py for tasks to queue
[2022-03-01 01:50:45,432] {logging_mixin.py:104} INFO - [2022-03-01 01:50:45,432] {dagbag.py:448} INFO - Filling up the DagBag from /home/airflow/.local/lib/python3.6/site-packages/airflow/example_dags/example_subdag_operator.py
[2022-03-01 01:50:45,472] {scheduler_job.py:639} INFO - DAG(s) dict_keys(['example_subdag_operator.section-1', 'example_subdag_operator.section-2', 'example_subdag_operator']) retrieved from /home/airflow/.local/lib/python3.6/site-packages/airflow/example_dags/example_subdag_operator.py
[2022-03-01 01:50:45,487] {logging_mixin.py:104} INFO - [2022-03-01 01:50:45,487] {dag.py:1818} INFO - Sync 3 DAGs
[2022-03-01 01:50:45,509] {logging_mixin.py:104} INFO - [2022-03-01 01:50:45,509] {dag.py:2273} INFO - Setting next_dagrun for example_subdag_operator to 2022-02-27 00:00:00+00:00
[2022-03-01 01:50:45,512] {logging_mixin.py:104} INFO - [2022-03-01 01:50:45,512] {dag.py:2273} INFO - Setting next_dagrun for example_subdag_operator.section-1 to None
[2022-03-01 01:50:45,514] {logging_mixin.py:104} INFO - [2022-03-01 01:50:45,514] {dag.py:2273} INFO - Setting next_dagrun for example_subdag_operator.section-2 to None
[2022-03-01 01:50:45,528] {logging_mixin.py:104} INFO - [2022-03-01 01:50:45,528] {dag.py:1818} INFO - Sync 2 DAGs
[2022-03-01 01:50:45,539] {logging_mixin.py:104} INFO - [2022-03-01 01:50:45,539] {dag.py:2273} INFO - Setting next_dagrun for example_subdag_operator.section-1 to None
[2022-03-01 01:50:45,541] {logging_mixin.py:104} INFO - [2022-03-01 01:50:45,541] {dag.py:2273} INFO - Setting next_dagrun for example_subdag_operator.section-2 to None
[2022-03-01 01:50:45,551] {scheduler_job.py:190} INFO - Processing /home/airflow/.local/lib/python3.6/site-packages/airflow/example_dags/example_subdag_operator.py took 0.128 seconds
[2022-03-01 01:51:15,977] {scheduler_job.py:182} INFO - Started process (PID=222) to work on /home/airflow/.local/lib/python3.6/site-packages/airflow/example_dags/example_subdag_operator.py
[2022-03-01 01:51:15,979] {scheduler_job.py:629} INFO - Processing file /home/airflow/.local/lib/python3.6/site-packages/airflow/example_dags/example_subdag_operator.py for tasks to queue
[2022-03-01 01:51:15,981] {logging_mixin.py:104} INFO - [2022-03-01 01:51:15,981] {dagbag.py:448} INFO - Filling up the DagBag from /home/airflow/.local/lib/python3.6/site-packages/airflow/example_dags/example_subdag_operator.py
[2022-03-01 01:51:16,016] {scheduler_job.py:639} INFO - DAG(s) dict_keys(['example_subdag_operator.section-1', 'example_subdag_operator.section-2', 'example_subdag_operator']) retrieved from /home/airflow/.local/lib/python3.6/site-packages/airflow/example_dags/example_subdag_operator.py
[2022-03-01 01:51:16,032] {logging_mixin.py:104} INFO - [2022-03-01 01:51:16,032] {dag.py:1818} INFO - Sync 3 DAGs
[2022-03-01 01:51:16,048] {logging_mixin.py:104} INFO - [2022-03-01 01:51:16,048] {dag.py:2273} INFO - Setting next_dagrun for example_subdag_operator to 2022-02-27 00:00:00+00:00
[2022-03-01 01:51:16,050] {logging_mixin.py:104} INFO - [2022-03-01 01:51:16,050] {dag.py:2273} INFO - Setting next_dagrun for example_subdag_operator.section-1 to None
[2022-03-01 01:51:16,051] {logging_mixin.py:104} INFO - [2022-03-01 01:51:16,051] {dag.py:2273} INFO - Setting next_dagrun for example_subdag_operator.section-2 to None
[2022-03-01 01:51:16,057] {logging_mixin.py:104} INFO - [2022-03-01 01:51:16,057] {dag.py:1818} INFO - Sync 2 DAGs
[2022-03-01 01:51:16,065] {logging_mixin.py:104} INFO - [2022-03-01 01:51:16,065] {dag.py:2273} INFO - Setting next_dagrun for example_subdag_operator.section-1 to None
[2022-03-01 01:51:16,067] {logging_mixin.py:104} INFO - [2022-03-01 01:51:16,067] {dag.py:2273} INFO - Setting next_dagrun for example_subdag_operator.section-2 to None
[2022-03-01 01:51:16,074] {scheduler_job.py:190} INFO - Processing /home/airflow/.local/lib/python3.6/site-packages/airflow/example_dags/example_subdag_operator.py took 0.101 seconds
[2022-03-01 01:51:46,913] {scheduler_job.py:182} INFO - Started process (PID=252) to work on /home/airflow/.local/lib/python3.6/site-packages/airflow/example_dags/example_subdag_operator.py
[2022-03-01 01:51:46,917] {scheduler_job.py:629} INFO - Processing file /home/airflow/.local/lib/python3.6/site-packages/airflow/example_dags/example_subdag_operator.py for tasks to queue
[2022-03-01 01:51:46,918] {logging_mixin.py:104} INFO - [2022-03-01 01:51:46,918] {dagbag.py:448} INFO - Filling up the DagBag from /home/airflow/.local/lib/python3.6/site-packages/airflow/example_dags/example_subdag_operator.py
[2022-03-01 01:51:46,959] {scheduler_job.py:639} INFO - DAG(s) dict_keys(['example_subdag_operator.section-1', 'example_subdag_operator.section-2', 'example_subdag_operator']) retrieved from /home/airflow/.local/lib/python3.6/site-packages/airflow/example_dags/example_subdag_operator.py
[2022-03-01 01:51:46,978] {logging_mixin.py:104} INFO - [2022-03-01 01:51:46,978] {dag.py:1818} INFO - Sync 3 DAGs
[2022-03-01 01:51:46,999] {logging_mixin.py:104} INFO - [2022-03-01 01:51:46,999] {dag.py:2273} INFO - Setting next_dagrun for example_subdag_operator to 2022-02-27 00:00:00+00:00
[2022-03-01 01:51:47,001] {logging_mixin.py:104} INFO - [2022-03-01 01:51:47,001] {dag.py:2273} INFO - Setting next_dagrun for example_subdag_operator.section-1 to None
[2022-03-01 01:51:47,001] {logging_mixin.py:104} INFO - [2022-03-01 01:51:47,001] {dag.py:2273} INFO - Setting next_dagrun for example_subdag_operator.section-2 to None
[2022-03-01 01:51:47,008] {logging_mixin.py:104} INFO - [2022-03-01 01:51:47,008] {dag.py:1818} INFO - Sync 2 DAGs
[2022-03-01 01:51:47,016] {logging_mixin.py:104} INFO - [2022-03-01 01:51:47,016] {dag.py:2273} INFO - Setting next_dagrun for example_subdag_operator.section-1 to None
[2022-03-01 01:51:47,017] {logging_mixin.py:104} INFO - [2022-03-01 01:51:47,017] {dag.py:2273} INFO - Setting next_dagrun for example_subdag_operator.section-2 to None
[2022-03-01 01:51:47,023] {scheduler_job.py:190} INFO - Processing /home/airflow/.local/lib/python3.6/site-packages/airflow/example_dags/example_subdag_operator.py took 0.115 seconds
[2022-03-01 01:52:17,577] {scheduler_job.py:182} INFO - Started process (PID=278) to work on /home/airflow/.local/lib/python3.6/site-packages/airflow/example_dags/example_subdag_operator.py
[2022-03-01 01:52:17,580] {scheduler_job.py:629} INFO - Processing file /home/airflow/.local/lib/python3.6/site-packages/airflow/example_dags/example_subdag_operator.py for tasks to queue
[2022-03-01 01:52:17,581] {logging_mixin.py:104} INFO - [2022-03-01 01:52:17,581] {dagbag.py:448} INFO - Filling up the DagBag from /home/airflow/.local/lib/python3.6/site-packages/airflow/example_dags/example_subdag_operator.py
[2022-03-01 01:52:17,620] {scheduler_job.py:639} INFO - DAG(s) dict_keys(['example_subdag_operator.section-1', 'example_subdag_operator.section-2', 'example_subdag_operator']) retrieved from /home/airflow/.local/lib/python3.6/site-packages/airflow/example_dags/example_subdag_operator.py
[2022-03-01 01:52:17,634] {logging_mixin.py:104} INFO - [2022-03-01 01:52:17,634] {dag.py:1818} INFO - Sync 3 DAGs
[2022-03-01 01:52:17,658] {logging_mixin.py:104} INFO - [2022-03-01 01:52:17,658] {dag.py:2273} INFO - Setting next_dagrun for example_subdag_operator to 2022-02-27 00:00:00+00:00
[2022-03-01 01:52:17,663] {logging_mixin.py:104} INFO - [2022-03-01 01:52:17,662] {dag.py:2273} INFO - Setting next_dagrun for example_subdag_operator.section-1 to None
[2022-03-01 01:52:17,663] {logging_mixin.py:104} INFO - [2022-03-01 01:52:17,663] {dag.py:2273} INFO - Setting next_dagrun for example_subdag_operator.section-2 to None
[2022-03-01 01:52:17,671] {logging_mixin.py:104} INFO - [2022-03-01 01:52:17,671] {dag.py:1818} INFO - Sync 2 DAGs
[2022-03-01 01:52:17,680] {logging_mixin.py:104} INFO - [2022-03-01 01:52:17,680] {dag.py:2273} INFO - Setting next_dagrun for example_subdag_operator.section-1 to None
[2022-03-01 01:52:17,681] {logging_mixin.py:104} INFO - [2022-03-01 01:52:17,681] {dag.py:2273} INFO - Setting next_dagrun for example_subdag_operator.section-2 to None
[2022-03-01 01:52:17,689] {scheduler_job.py:190} INFO - Processing /home/airflow/.local/lib/python3.6/site-packages/airflow/example_dags/example_subdag_operator.py took 0.117 seconds
[2022-03-01 01:52:47,892] {scheduler_job.py:182} INFO - Started process (PID=296) to work on /home/airflow/.local/lib/python3.6/site-packages/airflow/example_dags/example_subdag_operator.py
[2022-03-01 01:52:47,895] {scheduler_job.py:629} INFO - Processing file /home/airflow/.local/lib/python3.6/site-packages/airflow/example_dags/example_subdag_operator.py for tasks to queue
[2022-03-01 01:52:47,898] {logging_mixin.py:104} INFO - [2022-03-01 01:52:47,898] {dagbag.py:448} INFO - Filling up the DagBag from /home/airflow/.local/lib/python3.6/site-packages/airflow/example_dags/example_subdag_operator.py
[2022-03-01 01:52:47,953] {scheduler_job.py:639} INFO - DAG(s) dict_keys(['example_subdag_operator.section-1', 'example_subdag_operator.section-2', 'example_subdag_operator']) retrieved from /home/airflow/.local/lib/python3.6/site-packages/airflow/example_dags/example_subdag_operator.py
[2022-03-01 01:52:47,970] {logging_mixin.py:104} INFO - [2022-03-01 01:52:47,970] {dag.py:1818} INFO - Sync 3 DAGs
[2022-03-01 01:52:48,002] {logging_mixin.py:104} INFO - [2022-03-01 01:52:48,002] {dag.py:2273} INFO - Setting next_dagrun for example_subdag_operator to 2022-02-27 00:00:00+00:00
[2022-03-01 01:52:48,004] {logging_mixin.py:104} INFO - [2022-03-01 01:52:48,004] {dag.py:2273} INFO - Setting next_dagrun for example_subdag_operator.section-1 to None
[2022-03-01 01:52:48,005] {logging_mixin.py:104} INFO - [2022-03-01 01:52:48,005] {dag.py:2273} INFO - Setting next_dagrun for example_subdag_operator.section-2 to None
[2022-03-01 01:52:48,014] {logging_mixin.py:104} INFO - [2022-03-01 01:52:48,014] {dag.py:1818} INFO - Sync 2 DAGs
[2022-03-01 01:52:48,022] {logging_mixin.py:104} INFO - [2022-03-01 01:52:48,022] {dag.py:2273} INFO - Setting next_dagrun for example_subdag_operator.section-1 to None
[2022-03-01 01:52:48,026] {logging_mixin.py:104} INFO - [2022-03-01 01:52:48,026] {dag.py:2273} INFO - Setting next_dagrun for example_subdag_operator.section-2 to None
[2022-03-01 01:52:48,034] {scheduler_job.py:190} INFO - Processing /home/airflow/.local/lib/python3.6/site-packages/airflow/example_dags/example_subdag_operator.py took 0.147 seconds
[2022-03-01 01:53:18,214] {scheduler_job.py:182} INFO - Started process (PID=323) to work on /home/airflow/.local/lib/python3.6/site-packages/airflow/example_dags/example_subdag_operator.py
[2022-03-01 01:53:18,216] {scheduler_job.py:629} INFO - Processing file /home/airflow/.local/lib/python3.6/site-packages/airflow/example_dags/example_subdag_operator.py for tasks to queue
[2022-03-01 01:53:18,219] {logging_mixin.py:104} INFO - [2022-03-01 01:53:18,219] {dagbag.py:448} INFO - Filling up the DagBag from /home/airflow/.local/lib/python3.6/site-packages/airflow/example_dags/example_subdag_operator.py
[2022-03-01 01:53:18,269] {scheduler_job.py:639} INFO - DAG(s) dict_keys(['example_subdag_operator.section-1', 'example_subdag_operator.section-2', 'example_subdag_operator']) retrieved from /home/airflow/.local/lib/python3.6/site-packages/airflow/example_dags/example_subdag_operator.py
[2022-03-01 01:53:18,287] {logging_mixin.py:104} INFO - [2022-03-01 01:53:18,287] {dag.py:1818} INFO - Sync 3 DAGs
[2022-03-01 01:53:18,307] {logging_mixin.py:104} INFO - [2022-03-01 01:53:18,307] {dag.py:2273} INFO - Setting next_dagrun for example_subdag_operator to 2022-02-27 00:00:00+00:00
[2022-03-01 01:53:18,309] {logging_mixin.py:104} INFO - [2022-03-01 01:53:18,309] {dag.py:2273} INFO - Setting next_dagrun for example_subdag_operator.section-1 to None
[2022-03-01 01:53:18,310] {logging_mixin.py:104} INFO - [2022-03-01 01:53:18,310] {dag.py:2273} INFO - Setting next_dagrun for example_subdag_operator.section-2 to None
[2022-03-01 01:53:18,321] {logging_mixin.py:104} INFO - [2022-03-01 01:53:18,320] {dag.py:1818} INFO - Sync 2 DAGs
[2022-03-01 01:53:18,329] {logging_mixin.py:104} INFO - [2022-03-01 01:53:18,329] {dag.py:2273} INFO - Setting next_dagrun for example_subdag_operator.section-1 to None
[2022-03-01 01:53:18,330] {logging_mixin.py:104} INFO - [2022-03-01 01:53:18,330] {dag.py:2273} INFO - Setting next_dagrun for example_subdag_operator.section-2 to None
[2022-03-01 01:53:18,342] {scheduler_job.py:190} INFO - Processing /home/airflow/.local/lib/python3.6/site-packages/airflow/example_dags/example_subdag_operator.py took 0.134 seconds
[2022-03-01 01:53:49,092] {scheduler_job.py:182} INFO - Started process (PID=350) to work on /home/airflow/.local/lib/python3.6/site-packages/airflow/example_dags/example_subdag_operator.py
[2022-03-01 01:53:49,095] {scheduler_job.py:629} INFO - Processing file /home/airflow/.local/lib/python3.6/site-packages/airflow/example_dags/example_subdag_operator.py for tasks to queue
[2022-03-01 01:53:49,097] {logging_mixin.py:104} INFO - [2022-03-01 01:53:49,097] {dagbag.py:448} INFO - Filling up the DagBag from /home/airflow/.local/lib/python3.6/site-packages/airflow/example_dags/example_subdag_operator.py
[2022-03-01 01:53:49,132] {scheduler_job.py:639} INFO - DAG(s) dict_keys(['example_subdag_operator.section-1', 'example_subdag_operator.section-2', 'example_subdag_operator']) retrieved from /home/airflow/.local/lib/python3.6/site-packages/airflow/example_dags/example_subdag_operator.py
[2022-03-01 01:53:49,146] {logging_mixin.py:104} INFO - [2022-03-01 01:53:49,146] {dag.py:1818} INFO - Sync 3 DAGs
[2022-03-01 01:53:49,163] {logging_mixin.py:104} INFO - [2022-03-01 01:53:49,163] {dag.py:2273} INFO - Setting next_dagrun for example_subdag_operator to 2022-02-27 00:00:00+00:00
[2022-03-01 01:53:49,165] {logging_mixin.py:104} INFO - [2022-03-01 01:53:49,165] {dag.py:2273} INFO - Setting next_dagrun for example_subdag_operator.section-1 to None
[2022-03-01 01:53:49,165] {logging_mixin.py:104} INFO - [2022-03-01 01:53:49,165] {dag.py:2273} INFO - Setting next_dagrun for example_subdag_operator.section-2 to None
[2022-03-01 01:53:49,174] {logging_mixin.py:104} INFO - [2022-03-01 01:53:49,174] {dag.py:1818} INFO - Sync 2 DAGs
[2022-03-01 01:53:49,181] {logging_mixin.py:104} INFO - [2022-03-01 01:53:49,181] {dag.py:2273} INFO - Setting next_dagrun for example_subdag_operator.section-1 to None
[2022-03-01 01:53:49,182] {logging_mixin.py:104} INFO - [2022-03-01 01:53:49,182] {dag.py:2273} INFO - Setting next_dagrun for example_subdag_operator.section-2 to None
[2022-03-01 01:53:49,189] {scheduler_job.py:190} INFO - Processing /home/airflow/.local/lib/python3.6/site-packages/airflow/example_dags/example_subdag_operator.py took 0.101 seconds
[2022-03-01 01:54:19,665] {scheduler_job.py:182} INFO - Started process (PID=377) to work on /home/airflow/.local/lib/python3.6/site-packages/airflow/example_dags/example_subdag_operator.py
[2022-03-01 01:54:19,667] {scheduler_job.py:629} INFO - Processing file /home/airflow/.local/lib/python3.6/site-packages/airflow/example_dags/example_subdag_operator.py for tasks to queue
[2022-03-01 01:54:19,669] {logging_mixin.py:104} INFO - [2022-03-01 01:54:19,669] {dagbag.py:448} INFO - Filling up the DagBag from /home/airflow/.local/lib/python3.6/site-packages/airflow/example_dags/example_subdag_operator.py
[2022-03-01 01:54:19,724] {scheduler_job.py:639} INFO - DAG(s) dict_keys(['example_subdag_operator.section-1', 'example_subdag_operator.section-2', 'example_subdag_operator']) retrieved from /home/airflow/.local/lib/python3.6/site-packages/airflow/example_dags/example_subdag_operator.py
[2022-03-01 01:54:19,740] {logging_mixin.py:104} INFO - [2022-03-01 01:54:19,740] {dag.py:1818} INFO - Sync 3 DAGs
[2022-03-01 01:54:19,762] {logging_mixin.py:104} INFO - [2022-03-01 01:54:19,762] {dag.py:2273} INFO - Setting next_dagrun for example_subdag_operator to 2022-02-27 00:00:00+00:00
[2022-03-01 01:54:19,764] {logging_mixin.py:104} INFO - [2022-03-01 01:54:19,764] {dag.py:2273} INFO - Setting next_dagrun for example_subdag_operator.section-1 to None
[2022-03-01 01:54:19,764] {logging_mixin.py:104} INFO - [2022-03-01 01:54:19,764] {dag.py:2273} INFO - Setting next_dagrun for example_subdag_operator.section-2 to None
[2022-03-01 01:54:19,772] {logging_mixin.py:104} INFO - [2022-03-01 01:54:19,772] {dag.py:1818} INFO - Sync 2 DAGs
[2022-03-01 01:54:19,781] {logging_mixin.py:104} INFO - [2022-03-01 01:54:19,781] {dag.py:2273} INFO - Setting next_dagrun for example_subdag_operator.section-1 to None
[2022-03-01 01:54:19,783] {logging_mixin.py:104} INFO - [2022-03-01 01:54:19,782] {dag.py:2273} INFO - Setting next_dagrun for example_subdag_operator.section-2 to None
[2022-03-01 01:54:19,791] {scheduler_job.py:190} INFO - Processing /home/airflow/.local/lib/python3.6/site-packages/airflow/example_dags/example_subdag_operator.py took 0.131 seconds
[2022-03-01 01:54:50,281] {scheduler_job.py:182} INFO - Started process (PID=401) to work on /home/airflow/.local/lib/python3.6/site-packages/airflow/example_dags/example_subdag_operator.py
[2022-03-01 01:54:50,283] {scheduler_job.py:629} INFO - Processing file /home/airflow/.local/lib/python3.6/site-packages/airflow/example_dags/example_subdag_operator.py for tasks to queue
[2022-03-01 01:54:50,285] {logging_mixin.py:104} INFO - [2022-03-01 01:54:50,285] {dagbag.py:448} INFO - Filling up the DagBag from /home/airflow/.local/lib/python3.6/site-packages/airflow/example_dags/example_subdag_operator.py
[2022-03-01 01:54:50,322] {scheduler_job.py:639} INFO - DAG(s) dict_keys(['example_subdag_operator.section-1', 'example_subdag_operator.section-2', 'example_subdag_operator']) retrieved from /home/airflow/.local/lib/python3.6/site-packages/airflow/example_dags/example_subdag_operator.py
[2022-03-01 01:54:50,337] {logging_mixin.py:104} INFO - [2022-03-01 01:54:50,337] {dag.py:1818} INFO - Sync 3 DAGs
[2022-03-01 01:54:50,361] {logging_mixin.py:104} INFO - [2022-03-01 01:54:50,361] {dag.py:2273} INFO - Setting next_dagrun for example_subdag_operator to 2022-02-27 00:00:00+00:00
[2022-03-01 01:54:50,362] {logging_mixin.py:104} INFO - [2022-03-01 01:54:50,362] {dag.py:2273} INFO - Setting next_dagrun for example_subdag_operator.section-1 to None
[2022-03-01 01:54:50,363] {logging_mixin.py:104} INFO - [2022-03-01 01:54:50,363] {dag.py:2273} INFO - Setting next_dagrun for example_subdag_operator.section-2 to None
[2022-03-01 01:54:50,372] {logging_mixin.py:104} INFO - [2022-03-01 01:54:50,372] {dag.py:1818} INFO - Sync 2 DAGs
[2022-03-01 01:54:50,383] {logging_mixin.py:104} INFO - [2022-03-01 01:54:50,383] {dag.py:2273} INFO - Setting next_dagrun for example_subdag_operator.section-1 to None
[2022-03-01 01:54:50,386] {logging_mixin.py:104} INFO - [2022-03-01 01:54:50,386] {dag.py:2273} INFO - Setting next_dagrun for example_subdag_operator.section-2 to None
[2022-03-01 01:54:50,396] {scheduler_job.py:190} INFO - Processing /home/airflow/.local/lib/python3.6/site-packages/airflow/example_dags/example_subdag_operator.py took 0.120 seconds
[2022-03-01 01:55:21,221] {scheduler_job.py:182} INFO - Started process (PID=427) to work on /home/airflow/.local/lib/python3.6/site-packages/airflow/example_dags/example_subdag_operator.py
[2022-03-01 01:55:21,224] {scheduler_job.py:629} INFO - Processing file /home/airflow/.local/lib/python3.6/site-packages/airflow/example_dags/example_subdag_operator.py for tasks to queue
[2022-03-01 01:55:21,226] {logging_mixin.py:104} INFO - [2022-03-01 01:55:21,226] {dagbag.py:448} INFO - Filling up the DagBag from /home/airflow/.local/lib/python3.6/site-packages/airflow/example_dags/example_subdag_operator.py
[2022-03-01 01:55:21,261] {scheduler_job.py:639} INFO - DAG(s) dict_keys(['example_subdag_operator.section-1', 'example_subdag_operator.section-2', 'example_subdag_operator']) retrieved from /home/airflow/.local/lib/python3.6/site-packages/airflow/example_dags/example_subdag_operator.py
[2022-03-01 01:55:21,281] {logging_mixin.py:104} INFO - [2022-03-01 01:55:21,281] {dag.py:1818} INFO - Sync 3 DAGs
[2022-03-01 01:55:21,306] {logging_mixin.py:104} INFO - [2022-03-01 01:55:21,305] {dag.py:2273} INFO - Setting next_dagrun for example_subdag_operator to 2022-02-27 00:00:00+00:00
[2022-03-01 01:55:21,308] {logging_mixin.py:104} INFO - [2022-03-01 01:55:21,308] {dag.py:2273} INFO - Setting next_dagrun for example_subdag_operator.section-1 to None
[2022-03-01 01:55:21,308] {logging_mixin.py:104} INFO - [2022-03-01 01:55:21,308] {dag.py:2273} INFO - Setting next_dagrun for example_subdag_operator.section-2 to None
[2022-03-01 01:55:21,318] {logging_mixin.py:104} INFO - [2022-03-01 01:55:21,318] {dag.py:1818} INFO - Sync 2 DAGs
[2022-03-01 01:55:21,326] {logging_mixin.py:104} INFO - [2022-03-01 01:55:21,326] {dag.py:2273} INFO - Setting next_dagrun for example_subdag_operator.section-1 to None
[2022-03-01 01:55:21,328] {logging_mixin.py:104} INFO - [2022-03-01 01:55:21,328] {dag.py:2273} INFO - Setting next_dagrun for example_subdag_operator.section-2 to None
[2022-03-01 01:55:21,345] {scheduler_job.py:190} INFO - Processing /home/airflow/.local/lib/python3.6/site-packages/airflow/example_dags/example_subdag_operator.py took 0.128 seconds
[2022-03-01 01:55:52,083] {scheduler_job.py:182} INFO - Started process (PID=453) to work on /home/airflow/.local/lib/python3.6/site-packages/airflow/example_dags/example_subdag_operator.py
[2022-03-01 01:55:52,084] {scheduler_job.py:629} INFO - Processing file /home/airflow/.local/lib/python3.6/site-packages/airflow/example_dags/example_subdag_operator.py for tasks to queue
[2022-03-01 01:55:52,086] {logging_mixin.py:104} INFO - [2022-03-01 01:55:52,086] {dagbag.py:448} INFO - Filling up the DagBag from /home/airflow/.local/lib/python3.6/site-packages/airflow/example_dags/example_subdag_operator.py
[2022-03-01 01:55:52,122] {scheduler_job.py:639} INFO - DAG(s) dict_keys(['example_subdag_operator.section-1', 'example_subdag_operator.section-2', 'example_subdag_operator']) retrieved from /home/airflow/.local/lib/python3.6/site-packages/airflow/example_dags/example_subdag_operator.py
[2022-03-01 01:55:52,138] {logging_mixin.py:104} INFO - [2022-03-01 01:55:52,138] {dag.py:1818} INFO - Sync 3 DAGs
[2022-03-01 01:55:52,160] {logging_mixin.py:104} INFO - [2022-03-01 01:55:52,160] {dag.py:2273} INFO - Setting next_dagrun for example_subdag_operator to 2022-02-27 00:00:00+00:00
[2022-03-01 01:55:52,162] {logging_mixin.py:104} INFO - [2022-03-01 01:55:52,162] {dag.py:2273} INFO - Setting next_dagrun for example_subdag_operator.section-1 to None
[2022-03-01 01:55:52,163] {logging_mixin.py:104} INFO - [2022-03-01 01:55:52,163] {dag.py:2273} INFO - Setting next_dagrun for example_subdag_operator.section-2 to None
[2022-03-01 01:55:52,171] {logging_mixin.py:104} INFO - [2022-03-01 01:55:52,171] {dag.py:1818} INFO - Sync 2 DAGs
[2022-03-01 01:55:52,179] {logging_mixin.py:104} INFO - [2022-03-01 01:55:52,179] {dag.py:2273} INFO - Setting next_dagrun for example_subdag_operator.section-1 to None
[2022-03-01 01:55:52,180] {logging_mixin.py:104} INFO - [2022-03-01 01:55:52,180] {dag.py:2273} INFO - Setting next_dagrun for example_subdag_operator.section-2 to None
[2022-03-01 01:55:52,187] {scheduler_job.py:190} INFO - Processing /home/airflow/.local/lib/python3.6/site-packages/airflow/example_dags/example_subdag_operator.py took 0.108 seconds
[2022-03-01 01:56:23,324] {scheduler_job.py:182} INFO - Started process (PID=479) to work on /home/airflow/.local/lib/python3.6/site-packages/airflow/example_dags/example_subdag_operator.py
[2022-03-01 01:56:23,328] {scheduler_job.py:629} INFO - Processing file /home/airflow/.local/lib/python3.6/site-packages/airflow/example_dags/example_subdag_operator.py for tasks to queue
[2022-03-01 01:56:23,330] {logging_mixin.py:104} INFO - [2022-03-01 01:56:23,330] {dagbag.py:448} INFO - Filling up the DagBag from /home/airflow/.local/lib/python3.6/site-packages/airflow/example_dags/example_subdag_operator.py
[2022-03-01 01:56:23,407] {scheduler_job.py:639} INFO - DAG(s) dict_keys(['example_subdag_operator.section-1', 'example_subdag_operator.section-2', 'example_subdag_operator']) retrieved from /home/airflow/.local/lib/python3.6/site-packages/airflow/example_dags/example_subdag_operator.py
[2022-03-01 01:56:23,430] {logging_mixin.py:104} INFO - [2022-03-01 01:56:23,430] {dag.py:1818} INFO - Sync 3 DAGs
[2022-03-01 01:56:23,461] {logging_mixin.py:104} INFO - [2022-03-01 01:56:23,461] {dag.py:2273} INFO - Setting next_dagrun for example_subdag_operator to 2022-02-27 00:00:00+00:00
[2022-03-01 01:56:23,463] {logging_mixin.py:104} INFO - [2022-03-01 01:56:23,462] {dag.py:2273} INFO - Setting next_dagrun for example_subdag_operator.section-1 to None
[2022-03-01 01:56:23,464] {logging_mixin.py:104} INFO - [2022-03-01 01:56:23,464] {dag.py:2273} INFO - Setting next_dagrun for example_subdag_operator.section-2 to None
[2022-03-01 01:56:23,478] {logging_mixin.py:104} INFO - [2022-03-01 01:56:23,478] {dag.py:1818} INFO - Sync 2 DAGs
[2022-03-01 01:56:23,512] {logging_mixin.py:104} INFO - [2022-03-01 01:56:23,512] {dag.py:2273} INFO - Setting next_dagrun for example_subdag_operator.section-1 to None
[2022-03-01 01:56:23,517] {logging_mixin.py:104} INFO - [2022-03-01 01:56:23,516] {dag.py:2273} INFO - Setting next_dagrun for example_subdag_operator.section-2 to None
[2022-03-01 01:56:23,528] {scheduler_job.py:190} INFO - Processing /home/airflow/.local/lib/python3.6/site-packages/airflow/example_dags/example_subdag_operator.py took 0.210 seconds
[2022-03-01 01:56:53,962] {scheduler_job.py:182} INFO - Started process (PID=501) to work on /home/airflow/.local/lib/python3.6/site-packages/airflow/example_dags/example_subdag_operator.py
[2022-03-01 01:56:53,964] {scheduler_job.py:629} INFO - Processing file /home/airflow/.local/lib/python3.6/site-packages/airflow/example_dags/example_subdag_operator.py for tasks to queue
[2022-03-01 01:56:53,965] {logging_mixin.py:104} INFO - [2022-03-01 01:56:53,965] {dagbag.py:448} INFO - Filling up the DagBag from /home/airflow/.local/lib/python3.6/site-packages/airflow/example_dags/example_subdag_operator.py
[2022-03-01 01:56:54,002] {scheduler_job.py:639} INFO - DAG(s) dict_keys(['example_subdag_operator.section-1', 'example_subdag_operator.section-2', 'example_subdag_operator']) retrieved from /home/airflow/.local/lib/python3.6/site-packages/airflow/example_dags/example_subdag_operator.py
[2022-03-01 01:56:54,017] {logging_mixin.py:104} INFO - [2022-03-01 01:56:54,016] {dag.py:1818} INFO - Sync 3 DAGs
[2022-03-01 01:56:54,038] {logging_mixin.py:104} INFO - [2022-03-01 01:56:54,038] {dag.py:2273} INFO - Setting next_dagrun for example_subdag_operator to 2022-02-27 00:00:00+00:00
[2022-03-01 01:56:54,040] {logging_mixin.py:104} INFO - [2022-03-01 01:56:54,040] {dag.py:2273} INFO - Setting next_dagrun for example_subdag_operator.section-1 to None
[2022-03-01 01:56:54,041] {logging_mixin.py:104} INFO - [2022-03-01 01:56:54,040] {dag.py:2273} INFO - Setting next_dagrun for example_subdag_operator.section-2 to None
[2022-03-01 01:56:54,048] {logging_mixin.py:104} INFO - [2022-03-01 01:56:54,048] {dag.py:1818} INFO - Sync 2 DAGs
[2022-03-01 01:56:54,061] {logging_mixin.py:104} INFO - [2022-03-01 01:56:54,061] {dag.py:2273} INFO - Setting next_dagrun for example_subdag_operator.section-1 to None
[2022-03-01 01:56:54,063] {logging_mixin.py:104} INFO - [2022-03-01 01:56:54,063] {dag.py:2273} INFO - Setting next_dagrun for example_subdag_operator.section-2 to None
[2022-03-01 01:56:54,074] {scheduler_job.py:190} INFO - Processing /home/airflow/.local/lib/python3.6/site-packages/airflow/example_dags/example_subdag_operator.py took 0.117 seconds
[2022-03-01 01:57:25,053] {scheduler_job.py:182} INFO - Started process (PID=534) to work on /home/airflow/.local/lib/python3.6/site-packages/airflow/example_dags/example_subdag_operator.py
[2022-03-01 01:57:25,056] {scheduler_job.py:629} INFO - Processing file /home/airflow/.local/lib/python3.6/site-packages/airflow/example_dags/example_subdag_operator.py for tasks to queue
[2022-03-01 01:57:25,060] {logging_mixin.py:104} INFO - [2022-03-01 01:57:25,059] {dagbag.py:448} INFO - Filling up the DagBag from /home/airflow/.local/lib/python3.6/site-packages/airflow/example_dags/example_subdag_operator.py
[2022-03-01 01:57:25,127] {scheduler_job.py:639} INFO - DAG(s) dict_keys(['example_subdag_operator.section-1', 'example_subdag_operator.section-2', 'example_subdag_operator']) retrieved from /home/airflow/.local/lib/python3.6/site-packages/airflow/example_dags/example_subdag_operator.py
[2022-03-01 01:57:25,143] {logging_mixin.py:104} INFO - [2022-03-01 01:57:25,143] {dag.py:1818} INFO - Sync 3 DAGs
[2022-03-01 01:57:25,184] {logging_mixin.py:104} INFO - [2022-03-01 01:57:25,184] {dag.py:2273} INFO - Setting next_dagrun for example_subdag_operator to 2022-02-27 00:00:00+00:00
[2022-03-01 01:57:25,186] {logging_mixin.py:104} INFO - [2022-03-01 01:57:25,186] {dag.py:2273} INFO - Setting next_dagrun for example_subdag_operator.section-1 to None
[2022-03-01 01:57:25,187] {logging_mixin.py:104} INFO - [2022-03-01 01:57:25,187] {dag.py:2273} INFO - Setting next_dagrun for example_subdag_operator.section-2 to None
[2022-03-01 01:57:25,197] {logging_mixin.py:104} INFO - [2022-03-01 01:57:25,197] {dag.py:1818} INFO - Sync 2 DAGs
[2022-03-01 01:57:25,210] {logging_mixin.py:104} INFO - [2022-03-01 01:57:25,210] {dag.py:2273} INFO - Setting next_dagrun for example_subdag_operator.section-1 to None
[2022-03-01 01:57:25,211] {logging_mixin.py:104} INFO - [2022-03-01 01:57:25,211] {dag.py:2273} INFO - Setting next_dagrun for example_subdag_operator.section-2 to None
[2022-03-01 01:57:25,223] {scheduler_job.py:190} INFO - Processing /home/airflow/.local/lib/python3.6/site-packages/airflow/example_dags/example_subdag_operator.py took 0.176 seconds
[2022-03-01 01:57:55,811] {scheduler_job.py:182} INFO - Started process (PID=561) to work on /home/airflow/.local/lib/python3.6/site-packages/airflow/example_dags/example_subdag_operator.py
[2022-03-01 01:57:55,813] {scheduler_job.py:629} INFO - Processing file /home/airflow/.local/lib/python3.6/site-packages/airflow/example_dags/example_subdag_operator.py for tasks to queue
[2022-03-01 01:57:55,814] {logging_mixin.py:104} INFO - [2022-03-01 01:57:55,814] {dagbag.py:448} INFO - Filling up the DagBag from /home/airflow/.local/lib/python3.6/site-packages/airflow/example_dags/example_subdag_operator.py
[2022-03-01 01:57:55,851] {scheduler_job.py:639} INFO - DAG(s) dict_keys(['example_subdag_operator.section-1', 'example_subdag_operator.section-2', 'example_subdag_operator']) retrieved from /home/airflow/.local/lib/python3.6/site-packages/airflow/example_dags/example_subdag_operator.py
[2022-03-01 01:57:55,873] {logging_mixin.py:104} INFO - [2022-03-01 01:57:55,872] {dag.py:1818} INFO - Sync 3 DAGs
[2022-03-01 01:57:55,896] {logging_mixin.py:104} INFO - [2022-03-01 01:57:55,896] {dag.py:2273} INFO - Setting next_dagrun for example_subdag_operator to 2022-02-27 00:00:00+00:00
[2022-03-01 01:57:55,900] {logging_mixin.py:104} INFO - [2022-03-01 01:57:55,900] {dag.py:2273} INFO - Setting next_dagrun for example_subdag_operator.section-1 to None
[2022-03-01 01:57:55,901] {logging_mixin.py:104} INFO - [2022-03-01 01:57:55,901] {dag.py:2273} INFO - Setting next_dagrun for example_subdag_operator.section-2 to None
[2022-03-01 01:57:55,911] {logging_mixin.py:104} INFO - [2022-03-01 01:57:55,911] {dag.py:1818} INFO - Sync 2 DAGs
[2022-03-01 01:57:55,921] {logging_mixin.py:104} INFO - [2022-03-01 01:57:55,921] {dag.py:2273} INFO - Setting next_dagrun for example_subdag_operator.section-1 to None
[2022-03-01 01:57:55,922] {logging_mixin.py:104} INFO - [2022-03-01 01:57:55,922] {dag.py:2273} INFO - Setting next_dagrun for example_subdag_operator.section-2 to None
[2022-03-01 01:57:55,929] {scheduler_job.py:190} INFO - Processing /home/airflow/.local/lib/python3.6/site-packages/airflow/example_dags/example_subdag_operator.py took 0.123 seconds
[2022-03-01 01:58:26,669] {scheduler_job.py:182} INFO - Started process (PID=587) to work on /home/airflow/.local/lib/python3.6/site-packages/airflow/example_dags/example_subdag_operator.py
[2022-03-01 01:58:26,677] {scheduler_job.py:629} INFO - Processing file /home/airflow/.local/lib/python3.6/site-packages/airflow/example_dags/example_subdag_operator.py for tasks to queue
[2022-03-01 01:58:26,685] {logging_mixin.py:104} INFO - [2022-03-01 01:58:26,684] {dagbag.py:448} INFO - Filling up the DagBag from /home/airflow/.local/lib/python3.6/site-packages/airflow/example_dags/example_subdag_operator.py
[2022-03-01 01:58:26,783] {scheduler_job.py:639} INFO - DAG(s) dict_keys(['example_subdag_operator.section-1', 'example_subdag_operator.section-2', 'example_subdag_operator']) retrieved from /home/airflow/.local/lib/python3.6/site-packages/airflow/example_dags/example_subdag_operator.py
[2022-03-01 01:58:26,817] {logging_mixin.py:104} INFO - [2022-03-01 01:58:26,817] {dag.py:1818} INFO - Sync 3 DAGs
[2022-03-01 01:58:26,911] {logging_mixin.py:104} INFO - [2022-03-01 01:58:26,910] {dag.py:2273} INFO - Setting next_dagrun for example_subdag_operator to 2022-02-27 00:00:00+00:00
[2022-03-01 01:58:26,913] {logging_mixin.py:104} INFO - [2022-03-01 01:58:26,913] {dag.py:2273} INFO - Setting next_dagrun for example_subdag_operator.section-1 to None
[2022-03-01 01:58:26,914] {logging_mixin.py:104} INFO - [2022-03-01 01:58:26,914] {dag.py:2273} INFO - Setting next_dagrun for example_subdag_operator.section-2 to None
[2022-03-01 01:58:26,940] {logging_mixin.py:104} INFO - [2022-03-01 01:58:26,940] {dag.py:1818} INFO - Sync 2 DAGs
[2022-03-01 01:58:26,967] {logging_mixin.py:104} INFO - [2022-03-01 01:58:26,966] {dag.py:2273} INFO - Setting next_dagrun for example_subdag_operator.section-1 to None
[2022-03-01 01:58:26,969] {logging_mixin.py:104} INFO - [2022-03-01 01:58:26,969] {dag.py:2273} INFO - Setting next_dagrun for example_subdag_operator.section-2 to None
[2022-03-01 01:58:26,983] {scheduler_job.py:190} INFO - Processing /home/airflow/.local/lib/python3.6/site-packages/airflow/example_dags/example_subdag_operator.py took 0.330 seconds
[2022-03-01 01:58:58,143] {scheduler_job.py:182} INFO - Started process (PID=618) to work on /home/airflow/.local/lib/python3.6/site-packages/airflow/example_dags/example_subdag_operator.py
[2022-03-01 01:58:58,146] {scheduler_job.py:629} INFO - Processing file /home/airflow/.local/lib/python3.6/site-packages/airflow/example_dags/example_subdag_operator.py for tasks to queue
[2022-03-01 01:58:58,147] {logging_mixin.py:104} INFO - [2022-03-01 01:58:58,147] {dagbag.py:448} INFO - Filling up the DagBag from /home/airflow/.local/lib/python3.6/site-packages/airflow/example_dags/example_subdag_operator.py
[2022-03-01 01:58:58,195] {scheduler_job.py:639} INFO - DAG(s) dict_keys(['example_subdag_operator.section-1', 'example_subdag_operator.section-2', 'example_subdag_operator']) retrieved from /home/airflow/.local/lib/python3.6/site-packages/airflow/example_dags/example_subdag_operator.py
[2022-03-01 01:58:58,215] {logging_mixin.py:104} INFO - [2022-03-01 01:58:58,214] {dag.py:1818} INFO - Sync 3 DAGs
[2022-03-01 01:58:58,235] {logging_mixin.py:104} INFO - [2022-03-01 01:58:58,235] {dag.py:2273} INFO - Setting next_dagrun for example_subdag_operator to 2022-02-27 00:00:00+00:00
[2022-03-01 01:58:58,237] {logging_mixin.py:104} INFO - [2022-03-01 01:58:58,237] {dag.py:2273} INFO - Setting next_dagrun for example_subdag_operator.section-1 to None
[2022-03-01 01:58:58,238] {logging_mixin.py:104} INFO - [2022-03-01 01:58:58,238] {dag.py:2273} INFO - Setting next_dagrun for example_subdag_operator.section-2 to None
[2022-03-01 01:58:58,246] {logging_mixin.py:104} INFO - [2022-03-01 01:58:58,246] {dag.py:1818} INFO - Sync 2 DAGs
[2022-03-01 01:58:58,256] {logging_mixin.py:104} INFO - [2022-03-01 01:58:58,256] {dag.py:2273} INFO - Setting next_dagrun for example_subdag_operator.section-1 to None
[2022-03-01 01:58:58,258] {logging_mixin.py:104} INFO - [2022-03-01 01:58:58,258] {dag.py:2273} INFO - Setting next_dagrun for example_subdag_operator.section-2 to None
[2022-03-01 01:58:58,267] {scheduler_job.py:190} INFO - Processing /home/airflow/.local/lib/python3.6/site-packages/airflow/example_dags/example_subdag_operator.py took 0.129 seconds
[2022-03-01 01:59:29,161] {scheduler_job.py:182} INFO - Started process (PID=644) to work on /home/airflow/.local/lib/python3.6/site-packages/airflow/example_dags/example_subdag_operator.py
[2022-03-01 01:59:29,164] {scheduler_job.py:629} INFO - Processing file /home/airflow/.local/lib/python3.6/site-packages/airflow/example_dags/example_subdag_operator.py for tasks to queue
[2022-03-01 01:59:29,165] {logging_mixin.py:104} INFO - [2022-03-01 01:59:29,165] {dagbag.py:448} INFO - Filling up the DagBag from /home/airflow/.local/lib/python3.6/site-packages/airflow/example_dags/example_subdag_operator.py
[2022-03-01 01:59:29,221] {scheduler_job.py:639} INFO - DAG(s) dict_keys(['example_subdag_operator.section-1', 'example_subdag_operator.section-2', 'example_subdag_operator']) retrieved from /home/airflow/.local/lib/python3.6/site-packages/airflow/example_dags/example_subdag_operator.py
[2022-03-01 01:59:29,238] {logging_mixin.py:104} INFO - [2022-03-01 01:59:29,238] {dag.py:1818} INFO - Sync 3 DAGs
[2022-03-01 01:59:29,259] {logging_mixin.py:104} INFO - [2022-03-01 01:59:29,259] {dag.py:2273} INFO - Setting next_dagrun for example_subdag_operator to 2022-02-27 00:00:00+00:00
[2022-03-01 01:59:29,262] {logging_mixin.py:104} INFO - [2022-03-01 01:59:29,262] {dag.py:2273} INFO - Setting next_dagrun for example_subdag_operator.section-1 to None
[2022-03-01 01:59:29,263] {logging_mixin.py:104} INFO - [2022-03-01 01:59:29,263] {dag.py:2273} INFO - Setting next_dagrun for example_subdag_operator.section-2 to None
[2022-03-01 01:59:29,271] {logging_mixin.py:104} INFO - [2022-03-01 01:59:29,271] {dag.py:1818} INFO - Sync 2 DAGs
[2022-03-01 01:59:29,279] {logging_mixin.py:104} INFO - [2022-03-01 01:59:29,279] {dag.py:2273} INFO - Setting next_dagrun for example_subdag_operator.section-1 to None
[2022-03-01 01:59:29,280] {logging_mixin.py:104} INFO - [2022-03-01 01:59:29,280] {dag.py:2273} INFO - Setting next_dagrun for example_subdag_operator.section-2 to None
[2022-03-01 01:59:29,286] {scheduler_job.py:190} INFO - Processing /home/airflow/.local/lib/python3.6/site-packages/airflow/example_dags/example_subdag_operator.py took 0.131 seconds
[2022-03-01 01:59:59,737] {scheduler_job.py:182} INFO - Started process (PID=670) to work on /home/airflow/.local/lib/python3.6/site-packages/airflow/example_dags/example_subdag_operator.py
[2022-03-01 01:59:59,739] {scheduler_job.py:629} INFO - Processing file /home/airflow/.local/lib/python3.6/site-packages/airflow/example_dags/example_subdag_operator.py for tasks to queue
[2022-03-01 01:59:59,741] {logging_mixin.py:104} INFO - [2022-03-01 01:59:59,741] {dagbag.py:448} INFO - Filling up the DagBag from /home/airflow/.local/lib/python3.6/site-packages/airflow/example_dags/example_subdag_operator.py
[2022-03-01 01:59:59,783] {scheduler_job.py:639} INFO - DAG(s) dict_keys(['example_subdag_operator.section-1', 'example_subdag_operator.section-2', 'example_subdag_operator']) retrieved from /home/airflow/.local/lib/python3.6/site-packages/airflow/example_dags/example_subdag_operator.py
[2022-03-01 01:59:59,797] {logging_mixin.py:104} INFO - [2022-03-01 01:59:59,797] {dag.py:1818} INFO - Sync 3 DAGs
[2022-03-01 01:59:59,817] {logging_mixin.py:104} INFO - [2022-03-01 01:59:59,817] {dag.py:2273} INFO - Setting next_dagrun for example_subdag_operator to 2022-02-27 00:00:00+00:00
[2022-03-01 01:59:59,819] {logging_mixin.py:104} INFO - [2022-03-01 01:59:59,819] {dag.py:2273} INFO - Setting next_dagrun for example_subdag_operator.section-1 to None
[2022-03-01 01:59:59,820] {logging_mixin.py:104} INFO - [2022-03-01 01:59:59,820] {dag.py:2273} INFO - Setting next_dagrun for example_subdag_operator.section-2 to None
[2022-03-01 01:59:59,827] {logging_mixin.py:104} INFO - [2022-03-01 01:59:59,827] {dag.py:1818} INFO - Sync 2 DAGs
[2022-03-01 01:59:59,835] {logging_mixin.py:104} INFO - [2022-03-01 01:59:59,835] {dag.py:2273} INFO - Setting next_dagrun for example_subdag_operator.section-1 to None
[2022-03-01 01:59:59,836] {logging_mixin.py:104} INFO - [2022-03-01 01:59:59,836] {dag.py:2273} INFO - Setting next_dagrun for example_subdag_operator.section-2 to None
[2022-03-01 01:59:59,842] {scheduler_job.py:190} INFO - Processing /home/airflow/.local/lib/python3.6/site-packages/airflow/example_dags/example_subdag_operator.py took 0.110 seconds
[2022-03-01 02:00:30,308] {scheduler_job.py:182} INFO - Started process (PID=696) to work on /home/airflow/.local/lib/python3.6/site-packages/airflow/example_dags/example_subdag_operator.py
[2022-03-01 02:00:30,311] {scheduler_job.py:629} INFO - Processing file /home/airflow/.local/lib/python3.6/site-packages/airflow/example_dags/example_subdag_operator.py for tasks to queue
[2022-03-01 02:00:30,312] {logging_mixin.py:104} INFO - [2022-03-01 02:00:30,312] {dagbag.py:448} INFO - Filling up the DagBag from /home/airflow/.local/lib/python3.6/site-packages/airflow/example_dags/example_subdag_operator.py
[2022-03-01 02:00:30,354] {scheduler_job.py:639} INFO - DAG(s) dict_keys(['example_subdag_operator.section-1', 'example_subdag_operator.section-2', 'example_subdag_operator']) retrieved from /home/airflow/.local/lib/python3.6/site-packages/airflow/example_dags/example_subdag_operator.py
[2022-03-01 02:00:30,369] {logging_mixin.py:104} INFO - [2022-03-01 02:00:30,369] {dag.py:1818} INFO - Sync 3 DAGs
[2022-03-01 02:00:30,392] {logging_mixin.py:104} INFO - [2022-03-01 02:00:30,392] {dag.py:2273} INFO - Setting next_dagrun for example_subdag_operator to 2022-02-27 00:00:00+00:00
[2022-03-01 02:00:30,394] {logging_mixin.py:104} INFO - [2022-03-01 02:00:30,394] {dag.py:2273} INFO - Setting next_dagrun for example_subdag_operator.section-1 to None
[2022-03-01 02:00:30,395] {logging_mixin.py:104} INFO - [2022-03-01 02:00:30,394] {dag.py:2273} INFO - Setting next_dagrun for example_subdag_operator.section-2 to None
[2022-03-01 02:00:30,403] {logging_mixin.py:104} INFO - [2022-03-01 02:00:30,403] {dag.py:1818} INFO - Sync 2 DAGs
[2022-03-01 02:00:30,413] {logging_mixin.py:104} INFO - [2022-03-01 02:00:30,413] {dag.py:2273} INFO - Setting next_dagrun for example_subdag_operator.section-1 to None
[2022-03-01 02:00:30,414] {logging_mixin.py:104} INFO - [2022-03-01 02:00:30,414] {dag.py:2273} INFO - Setting next_dagrun for example_subdag_operator.section-2 to None
[2022-03-01 02:00:30,425] {scheduler_job.py:190} INFO - Processing /home/airflow/.local/lib/python3.6/site-packages/airflow/example_dags/example_subdag_operator.py took 0.121 seconds
[2022-03-01 02:01:00,884] {scheduler_job.py:182} INFO - Started process (PID=722) to work on /home/airflow/.local/lib/python3.6/site-packages/airflow/example_dags/example_subdag_operator.py
[2022-03-01 02:01:00,886] {scheduler_job.py:629} INFO - Processing file /home/airflow/.local/lib/python3.6/site-packages/airflow/example_dags/example_subdag_operator.py for tasks to queue
[2022-03-01 02:01:00,887] {logging_mixin.py:104} INFO - [2022-03-01 02:01:00,887] {dagbag.py:448} INFO - Filling up the DagBag from /home/airflow/.local/lib/python3.6/site-packages/airflow/example_dags/example_subdag_operator.py
[2022-03-01 02:01:00,930] {scheduler_job.py:639} INFO - DAG(s) dict_keys(['example_subdag_operator.section-1', 'example_subdag_operator.section-2', 'example_subdag_operator']) retrieved from /home/airflow/.local/lib/python3.6/site-packages/airflow/example_dags/example_subdag_operator.py
[2022-03-01 02:01:00,945] {logging_mixin.py:104} INFO - [2022-03-01 02:01:00,945] {dag.py:1818} INFO - Sync 3 DAGs
[2022-03-01 02:01:00,964] {logging_mixin.py:104} INFO - [2022-03-01 02:01:00,963] {dag.py:2273} INFO - Setting next_dagrun for example_subdag_operator to 2022-02-27 00:00:00+00:00
[2022-03-01 02:01:00,965] {logging_mixin.py:104} INFO - [2022-03-01 02:01:00,965] {dag.py:2273} INFO - Setting next_dagrun for example_subdag_operator.section-1 to None
[2022-03-01 02:01:00,966] {logging_mixin.py:104} INFO - [2022-03-01 02:01:00,966] {dag.py:2273} INFO - Setting next_dagrun for example_subdag_operator.section-2 to None
[2022-03-01 02:01:00,974] {logging_mixin.py:104} INFO - [2022-03-01 02:01:00,974] {dag.py:1818} INFO - Sync 2 DAGs
[2022-03-01 02:01:00,982] {logging_mixin.py:104} INFO - [2022-03-01 02:01:00,982] {dag.py:2273} INFO - Setting next_dagrun for example_subdag_operator.section-1 to None
[2022-03-01 02:01:00,983] {logging_mixin.py:104} INFO - [2022-03-01 02:01:00,983] {dag.py:2273} INFO - Setting next_dagrun for example_subdag_operator.section-2 to None
[2022-03-01 02:01:00,989] {scheduler_job.py:190} INFO - Processing /home/airflow/.local/lib/python3.6/site-packages/airflow/example_dags/example_subdag_operator.py took 0.109 seconds
[2022-03-01 02:01:31,251] {scheduler_job.py:182} INFO - Started process (PID=747) to work on /home/airflow/.local/lib/python3.6/site-packages/airflow/example_dags/example_subdag_operator.py
[2022-03-01 02:01:31,253] {scheduler_job.py:629} INFO - Processing file /home/airflow/.local/lib/python3.6/site-packages/airflow/example_dags/example_subdag_operator.py for tasks to queue
[2022-03-01 02:01:31,254] {logging_mixin.py:104} INFO - [2022-03-01 02:01:31,254] {dagbag.py:448} INFO - Filling up the DagBag from /home/airflow/.local/lib/python3.6/site-packages/airflow/example_dags/example_subdag_operator.py
[2022-03-01 02:01:31,296] {scheduler_job.py:639} INFO - DAG(s) dict_keys(['example_subdag_operator.section-1', 'example_subdag_operator.section-2', 'example_subdag_operator']) retrieved from /home/airflow/.local/lib/python3.6/site-packages/airflow/example_dags/example_subdag_operator.py
[2022-03-01 02:01:31,310] {logging_mixin.py:104} INFO - [2022-03-01 02:01:31,309] {dag.py:1818} INFO - Sync 3 DAGs
[2022-03-01 02:01:31,337] {logging_mixin.py:104} INFO - [2022-03-01 02:01:31,337] {dag.py:2273} INFO - Setting next_dagrun for example_subdag_operator to 2022-02-27 00:00:00+00:00
[2022-03-01 02:01:31,339] {logging_mixin.py:104} INFO - [2022-03-01 02:01:31,339] {dag.py:2273} INFO - Setting next_dagrun for example_subdag_operator.section-1 to None
[2022-03-01 02:01:31,340] {logging_mixin.py:104} INFO - [2022-03-01 02:01:31,340] {dag.py:2273} INFO - Setting next_dagrun for example_subdag_operator.section-2 to None
[2022-03-01 02:01:31,349] {logging_mixin.py:104} INFO - [2022-03-01 02:01:31,349] {dag.py:1818} INFO - Sync 2 DAGs
[2022-03-01 02:01:31,358] {logging_mixin.py:104} INFO - [2022-03-01 02:01:31,358] {dag.py:2273} INFO - Setting next_dagrun for example_subdag_operator.section-1 to None
[2022-03-01 02:01:31,359] {logging_mixin.py:104} INFO - [2022-03-01 02:01:31,359] {dag.py:2273} INFO - Setting next_dagrun for example_subdag_operator.section-2 to None
[2022-03-01 02:01:31,368] {scheduler_job.py:190} INFO - Processing /home/airflow/.local/lib/python3.6/site-packages/airflow/example_dags/example_subdag_operator.py took 0.122 seconds
[2022-03-01 02:02:01,977] {scheduler_job.py:182} INFO - Started process (PID=773) to work on /home/airflow/.local/lib/python3.6/site-packages/airflow/example_dags/example_subdag_operator.py
[2022-03-01 02:02:01,979] {scheduler_job.py:629} INFO - Processing file /home/airflow/.local/lib/python3.6/site-packages/airflow/example_dags/example_subdag_operator.py for tasks to queue
[2022-03-01 02:02:01,981] {logging_mixin.py:104} INFO - [2022-03-01 02:02:01,981] {dagbag.py:448} INFO - Filling up the DagBag from /home/airflow/.local/lib/python3.6/site-packages/airflow/example_dags/example_subdag_operator.py
[2022-03-01 02:02:02,020] {scheduler_job.py:639} INFO - DAG(s) dict_keys(['example_subdag_operator.section-1', 'example_subdag_operator.section-2', 'example_subdag_operator']) retrieved from /home/airflow/.local/lib/python3.6/site-packages/airflow/example_dags/example_subdag_operator.py
[2022-03-01 02:02:02,033] {logging_mixin.py:104} INFO - [2022-03-01 02:02:02,033] {dag.py:1818} INFO - Sync 3 DAGs
[2022-03-01 02:02:02,052] {logging_mixin.py:104} INFO - [2022-03-01 02:02:02,052] {dag.py:2273} INFO - Setting next_dagrun for example_subdag_operator to 2022-02-27 00:00:00+00:00
[2022-03-01 02:02:02,054] {logging_mixin.py:104} INFO - [2022-03-01 02:02:02,054] {dag.py:2273} INFO - Setting next_dagrun for example_subdag_operator.section-1 to None
[2022-03-01 02:02:02,055] {logging_mixin.py:104} INFO - [2022-03-01 02:02:02,055] {dag.py:2273} INFO - Setting next_dagrun for example_subdag_operator.section-2 to None
[2022-03-01 02:02:02,065] {logging_mixin.py:104} INFO - [2022-03-01 02:02:02,065] {dag.py:1818} INFO - Sync 2 DAGs
[2022-03-01 02:02:02,078] {logging_mixin.py:104} INFO - [2022-03-01 02:02:02,078] {dag.py:2273} INFO - Setting next_dagrun for example_subdag_operator.section-1 to None
[2022-03-01 02:02:02,080] {logging_mixin.py:104} INFO - [2022-03-01 02:02:02,079] {dag.py:2273} INFO - Setting next_dagrun for example_subdag_operator.section-2 to None
[2022-03-01 02:02:02,090] {scheduler_job.py:190} INFO - Processing /home/airflow/.local/lib/python3.6/site-packages/airflow/example_dags/example_subdag_operator.py took 0.116 seconds
