[2022-03-01 01:48:10,771] {scheduler_job.py:182} INFO - Started process (PID=36) to work on /home/airflow/.local/lib/python3.6/site-packages/airflow/example_dags/example_task_group.py
[2022-03-01 01:48:10,773] {scheduler_job.py:629} INFO - Processing file /home/airflow/.local/lib/python3.6/site-packages/airflow/example_dags/example_task_group.py for tasks to queue
[2022-03-01 01:48:10,774] {logging_mixin.py:104} INFO - [2022-03-01 01:48:10,774] {dagbag.py:448} INFO - Filling up the DagBag from /home/airflow/.local/lib/python3.6/site-packages/airflow/example_dags/example_task_group.py
[2022-03-01 01:48:10,792] {scheduler_job.py:639} INFO - DAG(s) dict_keys(['example_task_group']) retrieved from /home/airflow/.local/lib/python3.6/site-packages/airflow/example_dags/example_task_group.py
[2022-03-01 01:48:10,824] {logging_mixin.py:104} INFO - [2022-03-01 01:48:10,824] {dag.py:1818} INFO - Sync 1 DAGs
[2022-03-01 01:48:10,839] {logging_mixin.py:104} INFO - [2022-03-01 01:48:10,838] {dag.py:1837} INFO - Creating ORM DAG for example_task_group
[2022-03-01 01:48:10,849] {logging_mixin.py:104} INFO - [2022-03-01 01:48:10,849] {dag.py:2273} INFO - Setting next_dagrun for example_task_group to 2022-02-27 00:00:00+00:00
[2022-03-01 01:48:10,867] {scheduler_job.py:190} INFO - Processing /home/airflow/.local/lib/python3.6/site-packages/airflow/example_dags/example_task_group.py took 0.101 seconds
[2022-03-01 01:48:41,726] {scheduler_job.py:182} INFO - Started process (PID=66) to work on /home/airflow/.local/lib/python3.6/site-packages/airflow/example_dags/example_task_group.py
[2022-03-01 01:48:41,728] {scheduler_job.py:629} INFO - Processing file /home/airflow/.local/lib/python3.6/site-packages/airflow/example_dags/example_task_group.py for tasks to queue
[2022-03-01 01:48:41,729] {logging_mixin.py:104} INFO - [2022-03-01 01:48:41,729] {dagbag.py:448} INFO - Filling up the DagBag from /home/airflow/.local/lib/python3.6/site-packages/airflow/example_dags/example_task_group.py
[2022-03-01 01:48:41,743] {scheduler_job.py:639} INFO - DAG(s) dict_keys(['example_task_group']) retrieved from /home/airflow/.local/lib/python3.6/site-packages/airflow/example_dags/example_task_group.py
[2022-03-01 01:48:41,766] {logging_mixin.py:104} INFO - [2022-03-01 01:48:41,766] {dag.py:1818} INFO - Sync 1 DAGs
[2022-03-01 01:48:41,782] {logging_mixin.py:104} INFO - [2022-03-01 01:48:41,782] {dag.py:2273} INFO - Setting next_dagrun for example_task_group to 2022-02-27 00:00:00+00:00
[2022-03-01 01:48:41,794] {scheduler_job.py:190} INFO - Processing /home/airflow/.local/lib/python3.6/site-packages/airflow/example_dags/example_task_group.py took 0.072 seconds
[2022-03-01 01:49:12,724] {scheduler_job.py:182} INFO - Started process (PID=96) to work on /home/airflow/.local/lib/python3.6/site-packages/airflow/example_dags/example_task_group.py
[2022-03-01 01:49:12,728] {scheduler_job.py:629} INFO - Processing file /home/airflow/.local/lib/python3.6/site-packages/airflow/example_dags/example_task_group.py for tasks to queue
[2022-03-01 01:49:12,731] {logging_mixin.py:104} INFO - [2022-03-01 01:49:12,731] {dagbag.py:448} INFO - Filling up the DagBag from /home/airflow/.local/lib/python3.6/site-packages/airflow/example_dags/example_task_group.py
[2022-03-01 01:49:12,761] {scheduler_job.py:639} INFO - DAG(s) dict_keys(['example_task_group']) retrieved from /home/airflow/.local/lib/python3.6/site-packages/airflow/example_dags/example_task_group.py
[2022-03-01 01:49:12,810] {logging_mixin.py:104} INFO - [2022-03-01 01:49:12,809] {dag.py:1818} INFO - Sync 1 DAGs
[2022-03-01 01:49:12,852] {logging_mixin.py:104} INFO - [2022-03-01 01:49:12,852] {dag.py:2273} INFO - Setting next_dagrun for example_task_group to 2022-02-27 00:00:00+00:00
[2022-03-01 01:49:12,877] {scheduler_job.py:190} INFO - Processing /home/airflow/.local/lib/python3.6/site-packages/airflow/example_dags/example_task_group.py took 0.165 seconds
[2022-03-01 01:49:43,108] {scheduler_job.py:182} INFO - Started process (PID=121) to work on /home/airflow/.local/lib/python3.6/site-packages/airflow/example_dags/example_task_group.py
[2022-03-01 01:49:43,110] {scheduler_job.py:629} INFO - Processing file /home/airflow/.local/lib/python3.6/site-packages/airflow/example_dags/example_task_group.py for tasks to queue
[2022-03-01 01:49:43,111] {logging_mixin.py:104} INFO - [2022-03-01 01:49:43,111] {dagbag.py:448} INFO - Filling up the DagBag from /home/airflow/.local/lib/python3.6/site-packages/airflow/example_dags/example_task_group.py
[2022-03-01 01:49:43,124] {scheduler_job.py:639} INFO - DAG(s) dict_keys(['example_task_group']) retrieved from /home/airflow/.local/lib/python3.6/site-packages/airflow/example_dags/example_task_group.py
[2022-03-01 01:49:43,147] {logging_mixin.py:104} INFO - [2022-03-01 01:49:43,147] {dag.py:1818} INFO - Sync 1 DAGs
[2022-03-01 01:49:43,165] {logging_mixin.py:104} INFO - [2022-03-01 01:49:43,165] {dag.py:2273} INFO - Setting next_dagrun for example_task_group to 2022-02-27 00:00:00+00:00
[2022-03-01 01:49:43,174] {scheduler_job.py:190} INFO - Processing /home/airflow/.local/lib/python3.6/site-packages/airflow/example_dags/example_task_group.py took 0.070 seconds
[2022-03-01 01:50:14,893] {scheduler_job.py:182} INFO - Started process (PID=176) to work on /home/airflow/.local/lib/python3.6/site-packages/airflow/example_dags/example_task_group.py
[2022-03-01 01:50:14,896] {scheduler_job.py:629} INFO - Processing file /home/airflow/.local/lib/python3.6/site-packages/airflow/example_dags/example_task_group.py for tasks to queue
[2022-03-01 01:50:14,897] {logging_mixin.py:104} INFO - [2022-03-01 01:50:14,897] {dagbag.py:448} INFO - Filling up the DagBag from /home/airflow/.local/lib/python3.6/site-packages/airflow/example_dags/example_task_group.py
[2022-03-01 01:50:14,915] {scheduler_job.py:639} INFO - DAG(s) dict_keys(['example_task_group']) retrieved from /home/airflow/.local/lib/python3.6/site-packages/airflow/example_dags/example_task_group.py
[2022-03-01 01:50:14,948] {logging_mixin.py:104} INFO - [2022-03-01 01:50:14,948] {dag.py:1818} INFO - Sync 1 DAGs
[2022-03-01 01:50:14,967] {logging_mixin.py:104} INFO - [2022-03-01 01:50:14,967] {dag.py:2273} INFO - Setting next_dagrun for example_task_group to 2022-02-27 00:00:00+00:00
[2022-03-01 01:50:14,980] {scheduler_job.py:190} INFO - Processing /home/airflow/.local/lib/python3.6/site-packages/airflow/example_dags/example_task_group.py took 0.094 seconds
[2022-03-01 01:50:45,531] {scheduler_job.py:182} INFO - Started process (PID=202) to work on /home/airflow/.local/lib/python3.6/site-packages/airflow/example_dags/example_task_group.py
[2022-03-01 01:50:45,534] {scheduler_job.py:629} INFO - Processing file /home/airflow/.local/lib/python3.6/site-packages/airflow/example_dags/example_task_group.py for tasks to queue
[2022-03-01 01:50:45,536] {logging_mixin.py:104} INFO - [2022-03-01 01:50:45,536] {dagbag.py:448} INFO - Filling up the DagBag from /home/airflow/.local/lib/python3.6/site-packages/airflow/example_dags/example_task_group.py
[2022-03-01 01:50:45,571] {scheduler_job.py:639} INFO - DAG(s) dict_keys(['example_task_group']) retrieved from /home/airflow/.local/lib/python3.6/site-packages/airflow/example_dags/example_task_group.py
[2022-03-01 01:50:45,642] {logging_mixin.py:104} INFO - [2022-03-01 01:50:45,642] {dag.py:1818} INFO - Sync 1 DAGs
[2022-03-01 01:50:45,669] {logging_mixin.py:104} INFO - [2022-03-01 01:50:45,669] {dag.py:2273} INFO - Setting next_dagrun for example_task_group to 2022-02-27 00:00:00+00:00
[2022-03-01 01:50:45,683] {scheduler_job.py:190} INFO - Processing /home/airflow/.local/lib/python3.6/site-packages/airflow/example_dags/example_task_group.py took 0.156 seconds
[2022-03-01 01:51:16,393] {scheduler_job.py:182} INFO - Started process (PID=228) to work on /home/airflow/.local/lib/python3.6/site-packages/airflow/example_dags/example_task_group.py
[2022-03-01 01:51:16,398] {scheduler_job.py:629} INFO - Processing file /home/airflow/.local/lib/python3.6/site-packages/airflow/example_dags/example_task_group.py for tasks to queue
[2022-03-01 01:51:16,400] {logging_mixin.py:104} INFO - [2022-03-01 01:51:16,400] {dagbag.py:448} INFO - Filling up the DagBag from /home/airflow/.local/lib/python3.6/site-packages/airflow/example_dags/example_task_group.py
[2022-03-01 01:51:16,423] {scheduler_job.py:639} INFO - DAG(s) dict_keys(['example_task_group']) retrieved from /home/airflow/.local/lib/python3.6/site-packages/airflow/example_dags/example_task_group.py
[2022-03-01 01:51:16,452] {logging_mixin.py:104} INFO - [2022-03-01 01:51:16,452] {dag.py:1818} INFO - Sync 1 DAGs
[2022-03-01 01:51:16,471] {logging_mixin.py:104} INFO - [2022-03-01 01:51:16,471] {dag.py:2273} INFO - Setting next_dagrun for example_task_group to 2022-02-27 00:00:00+00:00
[2022-03-01 01:51:16,482] {scheduler_job.py:190} INFO - Processing /home/airflow/.local/lib/python3.6/site-packages/airflow/example_dags/example_task_group.py took 0.094 seconds
[2022-03-01 01:51:46,997] {scheduler_job.py:182} INFO - Started process (PID=253) to work on /home/airflow/.local/lib/python3.6/site-packages/airflow/example_dags/example_task_group.py
[2022-03-01 01:51:46,999] {scheduler_job.py:629} INFO - Processing file /home/airflow/.local/lib/python3.6/site-packages/airflow/example_dags/example_task_group.py for tasks to queue
[2022-03-01 01:51:47,001] {logging_mixin.py:104} INFO - [2022-03-01 01:51:47,000] {dagbag.py:448} INFO - Filling up the DagBag from /home/airflow/.local/lib/python3.6/site-packages/airflow/example_dags/example_task_group.py
[2022-03-01 01:51:47,016] {scheduler_job.py:639} INFO - DAG(s) dict_keys(['example_task_group']) retrieved from /home/airflow/.local/lib/python3.6/site-packages/airflow/example_dags/example_task_group.py
[2022-03-01 01:51:47,044] {logging_mixin.py:104} INFO - [2022-03-01 01:51:47,043] {dag.py:1818} INFO - Sync 1 DAGs
[2022-03-01 01:51:47,063] {logging_mixin.py:104} INFO - [2022-03-01 01:51:47,063] {dag.py:2273} INFO - Setting next_dagrun for example_task_group to 2022-02-27 00:00:00+00:00
[2022-03-01 01:51:47,074] {scheduler_job.py:190} INFO - Processing /home/airflow/.local/lib/python3.6/site-packages/airflow/example_dags/example_task_group.py took 0.083 seconds
[2022-03-01 01:52:17,656] {scheduler_job.py:182} INFO - Started process (PID=279) to work on /home/airflow/.local/lib/python3.6/site-packages/airflow/example_dags/example_task_group.py
[2022-03-01 01:52:17,661] {scheduler_job.py:629} INFO - Processing file /home/airflow/.local/lib/python3.6/site-packages/airflow/example_dags/example_task_group.py for tasks to queue
[2022-03-01 01:52:17,663] {logging_mixin.py:104} INFO - [2022-03-01 01:52:17,663] {dagbag.py:448} INFO - Filling up the DagBag from /home/airflow/.local/lib/python3.6/site-packages/airflow/example_dags/example_task_group.py
[2022-03-01 01:52:17,680] {scheduler_job.py:639} INFO - DAG(s) dict_keys(['example_task_group']) retrieved from /home/airflow/.local/lib/python3.6/site-packages/airflow/example_dags/example_task_group.py
[2022-03-01 01:52:17,709] {logging_mixin.py:104} INFO - [2022-03-01 01:52:17,709] {dag.py:1818} INFO - Sync 1 DAGs
[2022-03-01 01:52:17,731] {logging_mixin.py:104} INFO - [2022-03-01 01:52:17,731] {dag.py:2273} INFO - Setting next_dagrun for example_task_group to 2022-02-27 00:00:00+00:00
[2022-03-01 01:52:17,742] {scheduler_job.py:190} INFO - Processing /home/airflow/.local/lib/python3.6/site-packages/airflow/example_dags/example_task_group.py took 0.093 seconds
[2022-03-01 01:52:48,480] {scheduler_job.py:182} INFO - Started process (PID=304) to work on /home/airflow/.local/lib/python3.6/site-packages/airflow/example_dags/example_task_group.py
[2022-03-01 01:52:48,482] {scheduler_job.py:629} INFO - Processing file /home/airflow/.local/lib/python3.6/site-packages/airflow/example_dags/example_task_group.py for tasks to queue
[2022-03-01 01:52:48,483] {logging_mixin.py:104} INFO - [2022-03-01 01:52:48,483] {dagbag.py:448} INFO - Filling up the DagBag from /home/airflow/.local/lib/python3.6/site-packages/airflow/example_dags/example_task_group.py
[2022-03-01 01:52:48,508] {scheduler_job.py:639} INFO - DAG(s) dict_keys(['example_task_group']) retrieved from /home/airflow/.local/lib/python3.6/site-packages/airflow/example_dags/example_task_group.py
[2022-03-01 01:52:48,558] {logging_mixin.py:104} INFO - [2022-03-01 01:52:48,558] {dag.py:1818} INFO - Sync 1 DAGs
[2022-03-01 01:52:48,588] {logging_mixin.py:104} INFO - [2022-03-01 01:52:48,588] {dag.py:2273} INFO - Setting next_dagrun for example_task_group to 2022-02-27 00:00:00+00:00
[2022-03-01 01:52:48,602] {scheduler_job.py:190} INFO - Processing /home/airflow/.local/lib/python3.6/site-packages/airflow/example_dags/example_task_group.py took 0.127 seconds
[2022-03-01 01:53:18,647] {scheduler_job.py:182} INFO - Started process (PID=329) to work on /home/airflow/.local/lib/python3.6/site-packages/airflow/example_dags/example_task_group.py
[2022-03-01 01:53:18,649] {scheduler_job.py:629} INFO - Processing file /home/airflow/.local/lib/python3.6/site-packages/airflow/example_dags/example_task_group.py for tasks to queue
[2022-03-01 01:53:18,650] {logging_mixin.py:104} INFO - [2022-03-01 01:53:18,650] {dagbag.py:448} INFO - Filling up the DagBag from /home/airflow/.local/lib/python3.6/site-packages/airflow/example_dags/example_task_group.py
[2022-03-01 01:53:18,664] {scheduler_job.py:639} INFO - DAG(s) dict_keys(['example_task_group']) retrieved from /home/airflow/.local/lib/python3.6/site-packages/airflow/example_dags/example_task_group.py
[2022-03-01 01:53:18,688] {logging_mixin.py:104} INFO - [2022-03-01 01:53:18,688] {dag.py:1818} INFO - Sync 1 DAGs
[2022-03-01 01:53:18,705] {logging_mixin.py:104} INFO - [2022-03-01 01:53:18,705] {dag.py:2273} INFO - Setting next_dagrun for example_task_group to 2022-02-27 00:00:00+00:00
[2022-03-01 01:53:18,714] {scheduler_job.py:190} INFO - Processing /home/airflow/.local/lib/python3.6/site-packages/airflow/example_dags/example_task_group.py took 0.072 seconds
[2022-03-01 01:53:49,444] {scheduler_job.py:182} INFO - Started process (PID=356) to work on /home/airflow/.local/lib/python3.6/site-packages/airflow/example_dags/example_task_group.py
[2022-03-01 01:53:49,446] {scheduler_job.py:629} INFO - Processing file /home/airflow/.local/lib/python3.6/site-packages/airflow/example_dags/example_task_group.py for tasks to queue
[2022-03-01 01:53:49,448] {logging_mixin.py:104} INFO - [2022-03-01 01:53:49,448] {dagbag.py:448} INFO - Filling up the DagBag from /home/airflow/.local/lib/python3.6/site-packages/airflow/example_dags/example_task_group.py
[2022-03-01 01:53:49,464] {scheduler_job.py:639} INFO - DAG(s) dict_keys(['example_task_group']) retrieved from /home/airflow/.local/lib/python3.6/site-packages/airflow/example_dags/example_task_group.py
[2022-03-01 01:53:49,494] {logging_mixin.py:104} INFO - [2022-03-01 01:53:49,494] {dag.py:1818} INFO - Sync 1 DAGs
[2022-03-01 01:53:49,514] {logging_mixin.py:104} INFO - [2022-03-01 01:53:49,513] {dag.py:2273} INFO - Setting next_dagrun for example_task_group to 2022-02-27 00:00:00+00:00
[2022-03-01 01:53:49,524] {scheduler_job.py:190} INFO - Processing /home/airflow/.local/lib/python3.6/site-packages/airflow/example_dags/example_task_group.py took 0.085 seconds
[2022-03-01 01:54:19,911] {scheduler_job.py:182} INFO - Started process (PID=380) to work on /home/airflow/.local/lib/python3.6/site-packages/airflow/example_dags/example_task_group.py
[2022-03-01 01:54:19,913] {scheduler_job.py:629} INFO - Processing file /home/airflow/.local/lib/python3.6/site-packages/airflow/example_dags/example_task_group.py for tasks to queue
[2022-03-01 01:54:19,915] {logging_mixin.py:104} INFO - [2022-03-01 01:54:19,915] {dagbag.py:448} INFO - Filling up the DagBag from /home/airflow/.local/lib/python3.6/site-packages/airflow/example_dags/example_task_group.py
[2022-03-01 01:54:19,930] {scheduler_job.py:639} INFO - DAG(s) dict_keys(['example_task_group']) retrieved from /home/airflow/.local/lib/python3.6/site-packages/airflow/example_dags/example_task_group.py
[2022-03-01 01:54:19,956] {logging_mixin.py:104} INFO - [2022-03-01 01:54:19,956] {dag.py:1818} INFO - Sync 1 DAGs
[2022-03-01 01:54:19,975] {logging_mixin.py:104} INFO - [2022-03-01 01:54:19,974] {dag.py:2273} INFO - Setting next_dagrun for example_task_group to 2022-02-27 00:00:00+00:00
[2022-03-01 01:54:19,987] {scheduler_job.py:190} INFO - Processing /home/airflow/.local/lib/python3.6/site-packages/airflow/example_dags/example_task_group.py took 0.080 seconds
[2022-03-01 01:54:50,721] {scheduler_job.py:182} INFO - Started process (PID=408) to work on /home/airflow/.local/lib/python3.6/site-packages/airflow/example_dags/example_task_group.py
[2022-03-01 01:54:50,723] {scheduler_job.py:629} INFO - Processing file /home/airflow/.local/lib/python3.6/site-packages/airflow/example_dags/example_task_group.py for tasks to queue
[2022-03-01 01:54:50,724] {logging_mixin.py:104} INFO - [2022-03-01 01:54:50,724] {dagbag.py:448} INFO - Filling up the DagBag from /home/airflow/.local/lib/python3.6/site-packages/airflow/example_dags/example_task_group.py
[2022-03-01 01:54:50,740] {scheduler_job.py:639} INFO - DAG(s) dict_keys(['example_task_group']) retrieved from /home/airflow/.local/lib/python3.6/site-packages/airflow/example_dags/example_task_group.py
[2022-03-01 01:54:50,770] {logging_mixin.py:104} INFO - [2022-03-01 01:54:50,770] {dag.py:1818} INFO - Sync 1 DAGs
[2022-03-01 01:54:50,792] {logging_mixin.py:104} INFO - [2022-03-01 01:54:50,792] {dag.py:2273} INFO - Setting next_dagrun for example_task_group to 2022-02-27 00:00:00+00:00
[2022-03-01 01:54:50,806] {scheduler_job.py:190} INFO - Processing /home/airflow/.local/lib/python3.6/site-packages/airflow/example_dags/example_task_group.py took 0.089 seconds
[2022-03-01 01:55:21,785] {scheduler_job.py:182} INFO - Started process (PID=433) to work on /home/airflow/.local/lib/python3.6/site-packages/airflow/example_dags/example_task_group.py
[2022-03-01 01:55:21,789] {scheduler_job.py:629} INFO - Processing file /home/airflow/.local/lib/python3.6/site-packages/airflow/example_dags/example_task_group.py for tasks to queue
[2022-03-01 01:55:21,790] {logging_mixin.py:104} INFO - [2022-03-01 01:55:21,790] {dagbag.py:448} INFO - Filling up the DagBag from /home/airflow/.local/lib/python3.6/site-packages/airflow/example_dags/example_task_group.py
[2022-03-01 01:55:21,806] {scheduler_job.py:639} INFO - DAG(s) dict_keys(['example_task_group']) retrieved from /home/airflow/.local/lib/python3.6/site-packages/airflow/example_dags/example_task_group.py
[2022-03-01 01:55:21,834] {logging_mixin.py:104} INFO - [2022-03-01 01:55:21,834] {dag.py:1818} INFO - Sync 1 DAGs
[2022-03-01 01:55:21,857] {logging_mixin.py:104} INFO - [2022-03-01 01:55:21,857] {dag.py:2273} INFO - Setting next_dagrun for example_task_group to 2022-02-27 00:00:00+00:00
[2022-03-01 01:55:21,869] {scheduler_job.py:190} INFO - Processing /home/airflow/.local/lib/python3.6/site-packages/airflow/example_dags/example_task_group.py took 0.088 seconds
[2022-03-01 01:55:52,470] {scheduler_job.py:182} INFO - Started process (PID=459) to work on /home/airflow/.local/lib/python3.6/site-packages/airflow/example_dags/example_task_group.py
[2022-03-01 01:55:52,473] {scheduler_job.py:629} INFO - Processing file /home/airflow/.local/lib/python3.6/site-packages/airflow/example_dags/example_task_group.py for tasks to queue
[2022-03-01 01:55:52,474] {logging_mixin.py:104} INFO - [2022-03-01 01:55:52,474] {dagbag.py:448} INFO - Filling up the DagBag from /home/airflow/.local/lib/python3.6/site-packages/airflow/example_dags/example_task_group.py
[2022-03-01 01:55:52,491] {scheduler_job.py:639} INFO - DAG(s) dict_keys(['example_task_group']) retrieved from /home/airflow/.local/lib/python3.6/site-packages/airflow/example_dags/example_task_group.py
[2022-03-01 01:55:52,522] {logging_mixin.py:104} INFO - [2022-03-01 01:55:52,521] {dag.py:1818} INFO - Sync 1 DAGs
[2022-03-01 01:55:52,547] {logging_mixin.py:104} INFO - [2022-03-01 01:55:52,547] {dag.py:2273} INFO - Setting next_dagrun for example_task_group to 2022-02-27 00:00:00+00:00
[2022-03-01 01:55:52,559] {scheduler_job.py:190} INFO - Processing /home/airflow/.local/lib/python3.6/site-packages/airflow/example_dags/example_task_group.py took 0.093 seconds
[2022-03-01 01:56:23,846] {scheduler_job.py:182} INFO - Started process (PID=485) to work on /home/airflow/.local/lib/python3.6/site-packages/airflow/example_dags/example_task_group.py
[2022-03-01 01:56:23,849] {scheduler_job.py:629} INFO - Processing file /home/airflow/.local/lib/python3.6/site-packages/airflow/example_dags/example_task_group.py for tasks to queue
[2022-03-01 01:56:23,851] {logging_mixin.py:104} INFO - [2022-03-01 01:56:23,851] {dagbag.py:448} INFO - Filling up the DagBag from /home/airflow/.local/lib/python3.6/site-packages/airflow/example_dags/example_task_group.py
[2022-03-01 01:56:23,871] {scheduler_job.py:639} INFO - DAG(s) dict_keys(['example_task_group']) retrieved from /home/airflow/.local/lib/python3.6/site-packages/airflow/example_dags/example_task_group.py
[2022-03-01 01:56:23,899] {logging_mixin.py:104} INFO - [2022-03-01 01:56:23,899] {dag.py:1818} INFO - Sync 1 DAGs
[2022-03-01 01:56:23,926] {logging_mixin.py:104} INFO - [2022-03-01 01:56:23,926] {dag.py:2273} INFO - Setting next_dagrun for example_task_group to 2022-02-27 00:00:00+00:00
[2022-03-01 01:56:23,942] {scheduler_job.py:190} INFO - Processing /home/airflow/.local/lib/python3.6/site-packages/airflow/example_dags/example_task_group.py took 0.100 seconds
[2022-03-01 01:56:54,928] {scheduler_job.py:182} INFO - Started process (PID=518) to work on /home/airflow/.local/lib/python3.6/site-packages/airflow/example_dags/example_task_group.py
[2022-03-01 01:56:54,931] {scheduler_job.py:629} INFO - Processing file /home/airflow/.local/lib/python3.6/site-packages/airflow/example_dags/example_task_group.py for tasks to queue
[2022-03-01 01:56:54,932] {logging_mixin.py:104} INFO - [2022-03-01 01:56:54,932] {dagbag.py:448} INFO - Filling up the DagBag from /home/airflow/.local/lib/python3.6/site-packages/airflow/example_dags/example_task_group.py
[2022-03-01 01:56:54,948] {scheduler_job.py:639} INFO - DAG(s) dict_keys(['example_task_group']) retrieved from /home/airflow/.local/lib/python3.6/site-packages/airflow/example_dags/example_task_group.py
[2022-03-01 01:56:54,973] {logging_mixin.py:104} INFO - [2022-03-01 01:56:54,973] {dag.py:1818} INFO - Sync 1 DAGs
[2022-03-01 01:56:54,994] {logging_mixin.py:104} INFO - [2022-03-01 01:56:54,994] {dag.py:2273} INFO - Setting next_dagrun for example_task_group to 2022-02-27 00:00:00+00:00
[2022-03-01 01:56:55,004] {scheduler_job.py:190} INFO - Processing /home/airflow/.local/lib/python3.6/site-packages/airflow/example_dags/example_task_group.py took 0.080 seconds
[2022-03-01 01:57:25,669] {scheduler_job.py:182} INFO - Started process (PID=542) to work on /home/airflow/.local/lib/python3.6/site-packages/airflow/example_dags/example_task_group.py
[2022-03-01 01:57:25,672] {scheduler_job.py:629} INFO - Processing file /home/airflow/.local/lib/python3.6/site-packages/airflow/example_dags/example_task_group.py for tasks to queue
[2022-03-01 01:57:25,673] {logging_mixin.py:104} INFO - [2022-03-01 01:57:25,673] {dagbag.py:448} INFO - Filling up the DagBag from /home/airflow/.local/lib/python3.6/site-packages/airflow/example_dags/example_task_group.py
[2022-03-01 01:57:25,693] {scheduler_job.py:639} INFO - DAG(s) dict_keys(['example_task_group']) retrieved from /home/airflow/.local/lib/python3.6/site-packages/airflow/example_dags/example_task_group.py
[2022-03-01 01:57:25,728] {logging_mixin.py:104} INFO - [2022-03-01 01:57:25,728] {dag.py:1818} INFO - Sync 1 DAGs
[2022-03-01 01:57:25,753] {logging_mixin.py:104} INFO - [2022-03-01 01:57:25,753] {dag.py:2273} INFO - Setting next_dagrun for example_task_group to 2022-02-27 00:00:00+00:00
[2022-03-01 01:57:25,764] {scheduler_job.py:190} INFO - Processing /home/airflow/.local/lib/python3.6/site-packages/airflow/example_dags/example_task_group.py took 0.100 seconds
[2022-03-01 01:57:56,221] {scheduler_job.py:182} INFO - Started process (PID=568) to work on /home/airflow/.local/lib/python3.6/site-packages/airflow/example_dags/example_task_group.py
[2022-03-01 01:57:56,223] {scheduler_job.py:629} INFO - Processing file /home/airflow/.local/lib/python3.6/site-packages/airflow/example_dags/example_task_group.py for tasks to queue
[2022-03-01 01:57:56,224] {logging_mixin.py:104} INFO - [2022-03-01 01:57:56,224] {dagbag.py:448} INFO - Filling up the DagBag from /home/airflow/.local/lib/python3.6/site-packages/airflow/example_dags/example_task_group.py
[2022-03-01 01:57:56,240] {scheduler_job.py:639} INFO - DAG(s) dict_keys(['example_task_group']) retrieved from /home/airflow/.local/lib/python3.6/site-packages/airflow/example_dags/example_task_group.py
[2022-03-01 01:57:56,271] {logging_mixin.py:104} INFO - [2022-03-01 01:57:56,271] {dag.py:1818} INFO - Sync 1 DAGs
[2022-03-01 01:57:56,293] {logging_mixin.py:104} INFO - [2022-03-01 01:57:56,292] {dag.py:2273} INFO - Setting next_dagrun for example_task_group to 2022-02-27 00:00:00+00:00
[2022-03-01 01:57:56,302] {scheduler_job.py:190} INFO - Processing /home/airflow/.local/lib/python3.6/site-packages/airflow/example_dags/example_task_group.py took 0.085 seconds
[2022-03-01 01:58:27,379] {scheduler_job.py:182} INFO - Started process (PID=594) to work on /home/airflow/.local/lib/python3.6/site-packages/airflow/example_dags/example_task_group.py
[2022-03-01 01:58:27,382] {scheduler_job.py:629} INFO - Processing file /home/airflow/.local/lib/python3.6/site-packages/airflow/example_dags/example_task_group.py for tasks to queue
[2022-03-01 01:58:27,383] {logging_mixin.py:104} INFO - [2022-03-01 01:58:27,383] {dagbag.py:448} INFO - Filling up the DagBag from /home/airflow/.local/lib/python3.6/site-packages/airflow/example_dags/example_task_group.py
[2022-03-01 01:58:27,399] {scheduler_job.py:639} INFO - DAG(s) dict_keys(['example_task_group']) retrieved from /home/airflow/.local/lib/python3.6/site-packages/airflow/example_dags/example_task_group.py
[2022-03-01 01:58:27,430] {logging_mixin.py:104} INFO - [2022-03-01 01:58:27,430] {dag.py:1818} INFO - Sync 1 DAGs
[2022-03-01 01:58:27,447] {logging_mixin.py:104} INFO - [2022-03-01 01:58:27,447] {dag.py:2273} INFO - Setting next_dagrun for example_task_group to 2022-02-27 00:00:00+00:00
[2022-03-01 01:58:27,457] {scheduler_job.py:190} INFO - Processing /home/airflow/.local/lib/python3.6/site-packages/airflow/example_dags/example_task_group.py took 0.082 seconds
[2022-03-01 01:58:58,185] {scheduler_job.py:182} INFO - Started process (PID=619) to work on /home/airflow/.local/lib/python3.6/site-packages/airflow/example_dags/example_task_group.py
[2022-03-01 01:58:58,188] {scheduler_job.py:629} INFO - Processing file /home/airflow/.local/lib/python3.6/site-packages/airflow/example_dags/example_task_group.py for tasks to queue
[2022-03-01 01:58:58,190] {logging_mixin.py:104} INFO - [2022-03-01 01:58:58,189] {dagbag.py:448} INFO - Filling up the DagBag from /home/airflow/.local/lib/python3.6/site-packages/airflow/example_dags/example_task_group.py
[2022-03-01 01:58:58,207] {scheduler_job.py:639} INFO - DAG(s) dict_keys(['example_task_group']) retrieved from /home/airflow/.local/lib/python3.6/site-packages/airflow/example_dags/example_task_group.py
[2022-03-01 01:58:58,243] {logging_mixin.py:104} INFO - [2022-03-01 01:58:58,243] {dag.py:1818} INFO - Sync 1 DAGs
[2022-03-01 01:58:58,267] {logging_mixin.py:104} INFO - [2022-03-01 01:58:58,267] {dag.py:2273} INFO - Setting next_dagrun for example_task_group to 2022-02-27 00:00:00+00:00
[2022-03-01 01:58:58,280] {scheduler_job.py:190} INFO - Processing /home/airflow/.local/lib/python3.6/site-packages/airflow/example_dags/example_task_group.py took 0.099 seconds
[2022-03-01 01:59:29,191] {scheduler_job.py:182} INFO - Started process (PID=645) to work on /home/airflow/.local/lib/python3.6/site-packages/airflow/example_dags/example_task_group.py
[2022-03-01 01:59:29,194] {scheduler_job.py:629} INFO - Processing file /home/airflow/.local/lib/python3.6/site-packages/airflow/example_dags/example_task_group.py for tasks to queue
[2022-03-01 01:59:29,195] {logging_mixin.py:104} INFO - [2022-03-01 01:59:29,195] {dagbag.py:448} INFO - Filling up the DagBag from /home/airflow/.local/lib/python3.6/site-packages/airflow/example_dags/example_task_group.py
[2022-03-01 01:59:29,213] {scheduler_job.py:639} INFO - DAG(s) dict_keys(['example_task_group']) retrieved from /home/airflow/.local/lib/python3.6/site-packages/airflow/example_dags/example_task_group.py
[2022-03-01 01:59:29,246] {logging_mixin.py:104} INFO - [2022-03-01 01:59:29,246] {dag.py:1818} INFO - Sync 1 DAGs
[2022-03-01 01:59:29,268] {logging_mixin.py:104} INFO - [2022-03-01 01:59:29,268] {dag.py:2273} INFO - Setting next_dagrun for example_task_group to 2022-02-27 00:00:00+00:00
[2022-03-01 01:59:29,279] {scheduler_job.py:190} INFO - Processing /home/airflow/.local/lib/python3.6/site-packages/airflow/example_dags/example_task_group.py took 0.094 seconds
[2022-03-01 01:59:59,757] {scheduler_job.py:182} INFO - Started process (PID=671) to work on /home/airflow/.local/lib/python3.6/site-packages/airflow/example_dags/example_task_group.py
[2022-03-01 01:59:59,760] {scheduler_job.py:629} INFO - Processing file /home/airflow/.local/lib/python3.6/site-packages/airflow/example_dags/example_task_group.py for tasks to queue
[2022-03-01 01:59:59,761] {logging_mixin.py:104} INFO - [2022-03-01 01:59:59,761] {dagbag.py:448} INFO - Filling up the DagBag from /home/airflow/.local/lib/python3.6/site-packages/airflow/example_dags/example_task_group.py
[2022-03-01 01:59:59,777] {scheduler_job.py:639} INFO - DAG(s) dict_keys(['example_task_group']) retrieved from /home/airflow/.local/lib/python3.6/site-packages/airflow/example_dags/example_task_group.py
[2022-03-01 01:59:59,810] {logging_mixin.py:104} INFO - [2022-03-01 01:59:59,809] {dag.py:1818} INFO - Sync 1 DAGs
[2022-03-01 01:59:59,829] {logging_mixin.py:104} INFO - [2022-03-01 01:59:59,829] {dag.py:2273} INFO - Setting next_dagrun for example_task_group to 2022-02-27 00:00:00+00:00
[2022-03-01 01:59:59,840] {scheduler_job.py:190} INFO - Processing /home/airflow/.local/lib/python3.6/site-packages/airflow/example_dags/example_task_group.py took 0.087 seconds
[2022-03-01 02:00:30,401] {scheduler_job.py:182} INFO - Started process (PID=697) to work on /home/airflow/.local/lib/python3.6/site-packages/airflow/example_dags/example_task_group.py
[2022-03-01 02:00:30,406] {scheduler_job.py:629} INFO - Processing file /home/airflow/.local/lib/python3.6/site-packages/airflow/example_dags/example_task_group.py for tasks to queue
[2022-03-01 02:00:30,408] {logging_mixin.py:104} INFO - [2022-03-01 02:00:30,408] {dagbag.py:448} INFO - Filling up the DagBag from /home/airflow/.local/lib/python3.6/site-packages/airflow/example_dags/example_task_group.py
[2022-03-01 02:00:30,432] {scheduler_job.py:639} INFO - DAG(s) dict_keys(['example_task_group']) retrieved from /home/airflow/.local/lib/python3.6/site-packages/airflow/example_dags/example_task_group.py
[2022-03-01 02:00:30,464] {logging_mixin.py:104} INFO - [2022-03-01 02:00:30,464] {dag.py:1818} INFO - Sync 1 DAGs
[2022-03-01 02:00:30,486] {logging_mixin.py:104} INFO - [2022-03-01 02:00:30,486] {dag.py:2273} INFO - Setting next_dagrun for example_task_group to 2022-02-27 00:00:00+00:00
[2022-03-01 02:00:30,497] {scheduler_job.py:190} INFO - Processing /home/airflow/.local/lib/python3.6/site-packages/airflow/example_dags/example_task_group.py took 0.101 seconds
[2022-03-01 02:01:00,983] {scheduler_job.py:182} INFO - Started process (PID=723) to work on /home/airflow/.local/lib/python3.6/site-packages/airflow/example_dags/example_task_group.py
[2022-03-01 02:01:00,985] {scheduler_job.py:629} INFO - Processing file /home/airflow/.local/lib/python3.6/site-packages/airflow/example_dags/example_task_group.py for tasks to queue
[2022-03-01 02:01:00,986] {logging_mixin.py:104} INFO - [2022-03-01 02:01:00,986] {dagbag.py:448} INFO - Filling up the DagBag from /home/airflow/.local/lib/python3.6/site-packages/airflow/example_dags/example_task_group.py
[2022-03-01 02:01:01,007] {scheduler_job.py:639} INFO - DAG(s) dict_keys(['example_task_group']) retrieved from /home/airflow/.local/lib/python3.6/site-packages/airflow/example_dags/example_task_group.py
[2022-03-01 02:01:01,046] {logging_mixin.py:104} INFO - [2022-03-01 02:01:01,046] {dag.py:1818} INFO - Sync 1 DAGs
[2022-03-01 02:01:01,080] {logging_mixin.py:104} INFO - [2022-03-01 02:01:01,079] {dag.py:2273} INFO - Setting next_dagrun for example_task_group to 2022-02-27 00:00:00+00:00
[2022-03-01 02:01:01,091] {scheduler_job.py:190} INFO - Processing /home/airflow/.local/lib/python3.6/site-packages/airflow/example_dags/example_task_group.py took 0.113 seconds
[2022-03-01 02:01:31,627] {scheduler_job.py:182} INFO - Started process (PID=752) to work on /home/airflow/.local/lib/python3.6/site-packages/airflow/example_dags/example_task_group.py
[2022-03-01 02:01:31,629] {scheduler_job.py:629} INFO - Processing file /home/airflow/.local/lib/python3.6/site-packages/airflow/example_dags/example_task_group.py for tasks to queue
[2022-03-01 02:01:31,631] {logging_mixin.py:104} INFO - [2022-03-01 02:01:31,631] {dagbag.py:448} INFO - Filling up the DagBag from /home/airflow/.local/lib/python3.6/site-packages/airflow/example_dags/example_task_group.py
[2022-03-01 02:01:31,649] {scheduler_job.py:639} INFO - DAG(s) dict_keys(['example_task_group']) retrieved from /home/airflow/.local/lib/python3.6/site-packages/airflow/example_dags/example_task_group.py
[2022-03-01 02:01:31,682] {logging_mixin.py:104} INFO - [2022-03-01 02:01:31,682] {dag.py:1818} INFO - Sync 1 DAGs
[2022-03-01 02:01:31,707] {logging_mixin.py:104} INFO - [2022-03-01 02:01:31,707] {dag.py:2273} INFO - Setting next_dagrun for example_task_group to 2022-02-27 00:00:00+00:00
[2022-03-01 02:01:31,721] {scheduler_job.py:190} INFO - Processing /home/airflow/.local/lib/python3.6/site-packages/airflow/example_dags/example_task_group.py took 0.100 seconds
[2022-03-01 02:02:02,279] {scheduler_job.py:182} INFO - Started process (PID=778) to work on /home/airflow/.local/lib/python3.6/site-packages/airflow/example_dags/example_task_group.py
[2022-03-01 02:02:02,281] {scheduler_job.py:629} INFO - Processing file /home/airflow/.local/lib/python3.6/site-packages/airflow/example_dags/example_task_group.py for tasks to queue
[2022-03-01 02:02:02,283] {logging_mixin.py:104} INFO - [2022-03-01 02:02:02,283] {dagbag.py:448} INFO - Filling up the DagBag from /home/airflow/.local/lib/python3.6/site-packages/airflow/example_dags/example_task_group.py
[2022-03-01 02:02:02,302] {scheduler_job.py:639} INFO - DAG(s) dict_keys(['example_task_group']) retrieved from /home/airflow/.local/lib/python3.6/site-packages/airflow/example_dags/example_task_group.py
[2022-03-01 02:02:02,334] {logging_mixin.py:104} INFO - [2022-03-01 02:02:02,334] {dag.py:1818} INFO - Sync 1 DAGs
[2022-03-01 02:02:02,352] {logging_mixin.py:104} INFO - [2022-03-01 02:02:02,351] {dag.py:2273} INFO - Setting next_dagrun for example_task_group to 2022-02-27 00:00:00+00:00
[2022-03-01 02:02:02,361] {scheduler_job.py:190} INFO - Processing /home/airflow/.local/lib/python3.6/site-packages/airflow/example_dags/example_task_group.py took 0.088 seconds
