[2022-03-01 01:48:11,261] {scheduler_job.py:182} INFO - Started process (PID=41) to work on /home/airflow/.local/lib/python3.6/site-packages/airflow/example_dags/example_short_circuit_operator.py
[2022-03-01 01:48:11,264] {scheduler_job.py:629} INFO - Processing file /home/airflow/.local/lib/python3.6/site-packages/airflow/example_dags/example_short_circuit_operator.py for tasks to queue
[2022-03-01 01:48:11,267] {logging_mixin.py:104} INFO - [2022-03-01 01:48:11,267] {dagbag.py:448} INFO - Filling up the DagBag from /home/airflow/.local/lib/python3.6/site-packages/airflow/example_dags/example_short_circuit_operator.py
[2022-03-01 01:48:11,290] {scheduler_job.py:639} INFO - DAG(s) dict_keys(['example_short_circuit_operator']) retrieved from /home/airflow/.local/lib/python3.6/site-packages/airflow/example_dags/example_short_circuit_operator.py
[2022-03-01 01:48:11,351] {logging_mixin.py:104} INFO - [2022-03-01 01:48:11,351] {dag.py:1818} INFO - Sync 1 DAGs
[2022-03-01 01:48:11,368] {logging_mixin.py:104} INFO - [2022-03-01 01:48:11,368] {dag.py:1837} INFO - Creating ORM DAG for example_short_circuit_operator
[2022-03-01 01:48:11,376] {logging_mixin.py:104} INFO - [2022-03-01 01:48:11,376] {dag.py:2273} INFO - Setting next_dagrun for example_short_circuit_operator to 2022-02-27 00:00:00+00:00
[2022-03-01 01:48:11,400] {scheduler_job.py:190} INFO - Processing /home/airflow/.local/lib/python3.6/site-packages/airflow/example_dags/example_short_circuit_operator.py took 0.146 seconds
[2022-03-01 01:48:41,754] {scheduler_job.py:182} INFO - Started process (PID=67) to work on /home/airflow/.local/lib/python3.6/site-packages/airflow/example_dags/example_short_circuit_operator.py
[2022-03-01 01:48:41,756] {scheduler_job.py:629} INFO - Processing file /home/airflow/.local/lib/python3.6/site-packages/airflow/example_dags/example_short_circuit_operator.py for tasks to queue
[2022-03-01 01:48:41,757] {logging_mixin.py:104} INFO - [2022-03-01 01:48:41,757] {dagbag.py:448} INFO - Filling up the DagBag from /home/airflow/.local/lib/python3.6/site-packages/airflow/example_dags/example_short_circuit_operator.py
[2022-03-01 01:48:41,771] {scheduler_job.py:639} INFO - DAG(s) dict_keys(['example_short_circuit_operator']) retrieved from /home/airflow/.local/lib/python3.6/site-packages/airflow/example_dags/example_short_circuit_operator.py
[2022-03-01 01:48:41,799] {logging_mixin.py:104} INFO - [2022-03-01 01:48:41,799] {dag.py:1818} INFO - Sync 1 DAGs
[2022-03-01 01:48:41,826] {logging_mixin.py:104} INFO - [2022-03-01 01:48:41,826] {dag.py:2273} INFO - Setting next_dagrun for example_short_circuit_operator to 2022-02-27 00:00:00+00:00
[2022-03-01 01:48:41,839] {scheduler_job.py:190} INFO - Processing /home/airflow/.local/lib/python3.6/site-packages/airflow/example_dags/example_short_circuit_operator.py took 0.088 seconds
[2022-03-01 01:49:12,830] {scheduler_job.py:182} INFO - Started process (PID=97) to work on /home/airflow/.local/lib/python3.6/site-packages/airflow/example_dags/example_short_circuit_operator.py
[2022-03-01 01:49:12,835] {scheduler_job.py:629} INFO - Processing file /home/airflow/.local/lib/python3.6/site-packages/airflow/example_dags/example_short_circuit_operator.py for tasks to queue
[2022-03-01 01:49:12,840] {logging_mixin.py:104} INFO - [2022-03-01 01:49:12,839] {dagbag.py:448} INFO - Filling up the DagBag from /home/airflow/.local/lib/python3.6/site-packages/airflow/example_dags/example_short_circuit_operator.py
[2022-03-01 01:49:12,873] {scheduler_job.py:639} INFO - DAG(s) dict_keys(['example_short_circuit_operator']) retrieved from /home/airflow/.local/lib/python3.6/site-packages/airflow/example_dags/example_short_circuit_operator.py
[2022-03-01 01:49:12,916] {logging_mixin.py:104} INFO - [2022-03-01 01:49:12,916] {dag.py:1818} INFO - Sync 1 DAGs
[2022-03-01 01:49:12,936] {logging_mixin.py:104} INFO - [2022-03-01 01:49:12,936] {dag.py:2273} INFO - Setting next_dagrun for example_short_circuit_operator to 2022-02-27 00:00:00+00:00
[2022-03-01 01:49:12,949] {scheduler_job.py:190} INFO - Processing /home/airflow/.local/lib/python3.6/site-packages/airflow/example_dags/example_short_circuit_operator.py took 0.126 seconds
[2022-03-01 01:49:43,198] {scheduler_job.py:182} INFO - Started process (PID=123) to work on /home/airflow/.local/lib/python3.6/site-packages/airflow/example_dags/example_short_circuit_operator.py
[2022-03-01 01:49:43,200] {scheduler_job.py:629} INFO - Processing file /home/airflow/.local/lib/python3.6/site-packages/airflow/example_dags/example_short_circuit_operator.py for tasks to queue
[2022-03-01 01:49:43,201] {logging_mixin.py:104} INFO - [2022-03-01 01:49:43,201] {dagbag.py:448} INFO - Filling up the DagBag from /home/airflow/.local/lib/python3.6/site-packages/airflow/example_dags/example_short_circuit_operator.py
[2022-03-01 01:49:43,217] {scheduler_job.py:639} INFO - DAG(s) dict_keys(['example_short_circuit_operator']) retrieved from /home/airflow/.local/lib/python3.6/site-packages/airflow/example_dags/example_short_circuit_operator.py
[2022-03-01 01:49:43,242] {logging_mixin.py:104} INFO - [2022-03-01 01:49:43,241] {dag.py:1818} INFO - Sync 1 DAGs
[2022-03-01 01:49:43,262] {logging_mixin.py:104} INFO - [2022-03-01 01:49:43,262] {dag.py:2273} INFO - Setting next_dagrun for example_short_circuit_operator to 2022-02-27 00:00:00+00:00
[2022-03-01 01:49:43,272] {scheduler_job.py:190} INFO - Processing /home/airflow/.local/lib/python3.6/site-packages/airflow/example_dags/example_short_circuit_operator.py took 0.078 seconds
[2022-03-01 01:50:15,007] {scheduler_job.py:182} INFO - Started process (PID=178) to work on /home/airflow/.local/lib/python3.6/site-packages/airflow/example_dags/example_short_circuit_operator.py
[2022-03-01 01:50:15,009] {scheduler_job.py:629} INFO - Processing file /home/airflow/.local/lib/python3.6/site-packages/airflow/example_dags/example_short_circuit_operator.py for tasks to queue
[2022-03-01 01:50:15,011] {logging_mixin.py:104} INFO - [2022-03-01 01:50:15,011] {dagbag.py:448} INFO - Filling up the DagBag from /home/airflow/.local/lib/python3.6/site-packages/airflow/example_dags/example_short_circuit_operator.py
[2022-03-01 01:50:15,028] {scheduler_job.py:639} INFO - DAG(s) dict_keys(['example_short_circuit_operator']) retrieved from /home/airflow/.local/lib/python3.6/site-packages/airflow/example_dags/example_short_circuit_operator.py
[2022-03-01 01:50:15,063] {logging_mixin.py:104} INFO - [2022-03-01 01:50:15,063] {dag.py:1818} INFO - Sync 1 DAGs
[2022-03-01 01:50:15,093] {logging_mixin.py:104} INFO - [2022-03-01 01:50:15,093] {dag.py:2273} INFO - Setting next_dagrun for example_short_circuit_operator to 2022-02-27 00:00:00+00:00
[2022-03-01 01:50:15,110] {scheduler_job.py:190} INFO - Processing /home/airflow/.local/lib/python3.6/site-packages/airflow/example_dags/example_short_circuit_operator.py took 0.108 seconds
[2022-03-01 01:50:45,979] {scheduler_job.py:182} INFO - Started process (PID=207) to work on /home/airflow/.local/lib/python3.6/site-packages/airflow/example_dags/example_short_circuit_operator.py
[2022-03-01 01:50:45,982] {scheduler_job.py:629} INFO - Processing file /home/airflow/.local/lib/python3.6/site-packages/airflow/example_dags/example_short_circuit_operator.py for tasks to queue
[2022-03-01 01:50:45,984] {logging_mixin.py:104} INFO - [2022-03-01 01:50:45,984] {dagbag.py:448} INFO - Filling up the DagBag from /home/airflow/.local/lib/python3.6/site-packages/airflow/example_dags/example_short_circuit_operator.py
[2022-03-01 01:50:46,004] {scheduler_job.py:639} INFO - DAG(s) dict_keys(['example_short_circuit_operator']) retrieved from /home/airflow/.local/lib/python3.6/site-packages/airflow/example_dags/example_short_circuit_operator.py
[2022-03-01 01:50:46,044] {logging_mixin.py:104} INFO - [2022-03-01 01:50:46,044] {dag.py:1818} INFO - Sync 1 DAGs
[2022-03-01 01:50:46,080] {logging_mixin.py:104} INFO - [2022-03-01 01:50:46,080] {dag.py:2273} INFO - Setting next_dagrun for example_short_circuit_operator to 2022-02-27 00:00:00+00:00
[2022-03-01 01:50:46,097] {scheduler_job.py:190} INFO - Processing /home/airflow/.local/lib/python3.6/site-packages/airflow/example_dags/example_short_circuit_operator.py took 0.123 seconds
[2022-03-01 01:51:16,720] {scheduler_job.py:182} INFO - Started process (PID=233) to work on /home/airflow/.local/lib/python3.6/site-packages/airflow/example_dags/example_short_circuit_operator.py
[2022-03-01 01:51:16,722] {scheduler_job.py:629} INFO - Processing file /home/airflow/.local/lib/python3.6/site-packages/airflow/example_dags/example_short_circuit_operator.py for tasks to queue
[2022-03-01 01:51:16,724] {logging_mixin.py:104} INFO - [2022-03-01 01:51:16,724] {dagbag.py:448} INFO - Filling up the DagBag from /home/airflow/.local/lib/python3.6/site-packages/airflow/example_dags/example_short_circuit_operator.py
[2022-03-01 01:51:16,748] {scheduler_job.py:639} INFO - DAG(s) dict_keys(['example_short_circuit_operator']) retrieved from /home/airflow/.local/lib/python3.6/site-packages/airflow/example_dags/example_short_circuit_operator.py
[2022-03-01 01:51:16,774] {logging_mixin.py:104} INFO - [2022-03-01 01:51:16,774] {dag.py:1818} INFO - Sync 1 DAGs
[2022-03-01 01:51:16,810] {logging_mixin.py:104} INFO - [2022-03-01 01:51:16,810] {dag.py:2273} INFO - Setting next_dagrun for example_short_circuit_operator to 2022-02-27 00:00:00+00:00
[2022-03-01 01:51:16,827] {scheduler_job.py:190} INFO - Processing /home/airflow/.local/lib/python3.6/site-packages/airflow/example_dags/example_short_circuit_operator.py took 0.111 seconds
[2022-03-01 01:51:47,377] {scheduler_job.py:182} INFO - Started process (PID=259) to work on /home/airflow/.local/lib/python3.6/site-packages/airflow/example_dags/example_short_circuit_operator.py
[2022-03-01 01:51:47,381] {scheduler_job.py:629} INFO - Processing file /home/airflow/.local/lib/python3.6/site-packages/airflow/example_dags/example_short_circuit_operator.py for tasks to queue
[2022-03-01 01:51:47,383] {logging_mixin.py:104} INFO - [2022-03-01 01:51:47,382] {dagbag.py:448} INFO - Filling up the DagBag from /home/airflow/.local/lib/python3.6/site-packages/airflow/example_dags/example_short_circuit_operator.py
[2022-03-01 01:51:47,406] {scheduler_job.py:639} INFO - DAG(s) dict_keys(['example_short_circuit_operator']) retrieved from /home/airflow/.local/lib/python3.6/site-packages/airflow/example_dags/example_short_circuit_operator.py
[2022-03-01 01:51:47,436] {logging_mixin.py:104} INFO - [2022-03-01 01:51:47,436] {dag.py:1818} INFO - Sync 1 DAGs
[2022-03-01 01:51:47,458] {logging_mixin.py:104} INFO - [2022-03-01 01:51:47,458] {dag.py:2273} INFO - Setting next_dagrun for example_short_circuit_operator to 2022-02-27 00:00:00+00:00
[2022-03-01 01:51:47,469] {scheduler_job.py:190} INFO - Processing /home/airflow/.local/lib/python3.6/site-packages/airflow/example_dags/example_short_circuit_operator.py took 0.097 seconds
[2022-03-01 01:52:18,004] {scheduler_job.py:182} INFO - Started process (PID=285) to work on /home/airflow/.local/lib/python3.6/site-packages/airflow/example_dags/example_short_circuit_operator.py
[2022-03-01 01:52:18,006] {scheduler_job.py:629} INFO - Processing file /home/airflow/.local/lib/python3.6/site-packages/airflow/example_dags/example_short_circuit_operator.py for tasks to queue
[2022-03-01 01:52:18,008] {logging_mixin.py:104} INFO - [2022-03-01 01:52:18,008] {dagbag.py:448} INFO - Filling up the DagBag from /home/airflow/.local/lib/python3.6/site-packages/airflow/example_dags/example_short_circuit_operator.py
[2022-03-01 01:52:18,024] {scheduler_job.py:639} INFO - DAG(s) dict_keys(['example_short_circuit_operator']) retrieved from /home/airflow/.local/lib/python3.6/site-packages/airflow/example_dags/example_short_circuit_operator.py
[2022-03-01 01:52:18,050] {logging_mixin.py:104} INFO - [2022-03-01 01:52:18,050] {dag.py:1818} INFO - Sync 1 DAGs
[2022-03-01 01:52:18,070] {logging_mixin.py:104} INFO - [2022-03-01 01:52:18,070] {dag.py:2273} INFO - Setting next_dagrun for example_short_circuit_operator to 2022-02-27 00:00:00+00:00
[2022-03-01 01:52:18,083] {scheduler_job.py:190} INFO - Processing /home/airflow/.local/lib/python3.6/site-packages/airflow/example_dags/example_short_circuit_operator.py took 0.083 seconds
[2022-03-01 01:52:49,133] {scheduler_job.py:182} INFO - Started process (PID=311) to work on /home/airflow/.local/lib/python3.6/site-packages/airflow/example_dags/example_short_circuit_operator.py
[2022-03-01 01:52:49,135] {scheduler_job.py:629} INFO - Processing file /home/airflow/.local/lib/python3.6/site-packages/airflow/example_dags/example_short_circuit_operator.py for tasks to queue
[2022-03-01 01:52:49,137] {logging_mixin.py:104} INFO - [2022-03-01 01:52:49,137] {dagbag.py:448} INFO - Filling up the DagBag from /home/airflow/.local/lib/python3.6/site-packages/airflow/example_dags/example_short_circuit_operator.py
[2022-03-01 01:52:49,155] {scheduler_job.py:639} INFO - DAG(s) dict_keys(['example_short_circuit_operator']) retrieved from /home/airflow/.local/lib/python3.6/site-packages/airflow/example_dags/example_short_circuit_operator.py
[2022-03-01 01:52:49,204] {logging_mixin.py:104} INFO - [2022-03-01 01:52:49,204] {dag.py:1818} INFO - Sync 1 DAGs
[2022-03-01 01:52:49,230] {logging_mixin.py:104} INFO - [2022-03-01 01:52:49,229] {dag.py:2273} INFO - Setting next_dagrun for example_short_circuit_operator to 2022-02-27 00:00:00+00:00
[2022-03-01 01:52:49,256] {scheduler_job.py:190} INFO - Processing /home/airflow/.local/lib/python3.6/site-packages/airflow/example_dags/example_short_circuit_operator.py took 0.127 seconds
[2022-03-01 01:53:20,203] {scheduler_job.py:182} INFO - Started process (PID=337) to work on /home/airflow/.local/lib/python3.6/site-packages/airflow/example_dags/example_short_circuit_operator.py
[2022-03-01 01:53:20,205] {scheduler_job.py:629} INFO - Processing file /home/airflow/.local/lib/python3.6/site-packages/airflow/example_dags/example_short_circuit_operator.py for tasks to queue
[2022-03-01 01:53:20,206] {logging_mixin.py:104} INFO - [2022-03-01 01:53:20,206] {dagbag.py:448} INFO - Filling up the DagBag from /home/airflow/.local/lib/python3.6/site-packages/airflow/example_dags/example_short_circuit_operator.py
[2022-03-01 01:53:20,223] {scheduler_job.py:639} INFO - DAG(s) dict_keys(['example_short_circuit_operator']) retrieved from /home/airflow/.local/lib/python3.6/site-packages/airflow/example_dags/example_short_circuit_operator.py
[2022-03-01 01:53:20,250] {logging_mixin.py:104} INFO - [2022-03-01 01:53:20,250] {dag.py:1818} INFO - Sync 1 DAGs
[2022-03-01 01:53:20,269] {logging_mixin.py:104} INFO - [2022-03-01 01:53:20,269] {dag.py:2273} INFO - Setting next_dagrun for example_short_circuit_operator to 2022-02-27 00:00:00+00:00
[2022-03-01 01:53:20,282] {scheduler_job.py:190} INFO - Processing /home/airflow/.local/lib/python3.6/site-packages/airflow/example_dags/example_short_circuit_operator.py took 0.084 seconds
[2022-03-01 01:53:50,823] {scheduler_job.py:182} INFO - Started process (PID=363) to work on /home/airflow/.local/lib/python3.6/site-packages/airflow/example_dags/example_short_circuit_operator.py
[2022-03-01 01:53:50,825] {scheduler_job.py:629} INFO - Processing file /home/airflow/.local/lib/python3.6/site-packages/airflow/example_dags/example_short_circuit_operator.py for tasks to queue
[2022-03-01 01:53:50,826] {logging_mixin.py:104} INFO - [2022-03-01 01:53:50,826] {dagbag.py:448} INFO - Filling up the DagBag from /home/airflow/.local/lib/python3.6/site-packages/airflow/example_dags/example_short_circuit_operator.py
[2022-03-01 01:53:50,845] {scheduler_job.py:639} INFO - DAG(s) dict_keys(['example_short_circuit_operator']) retrieved from /home/airflow/.local/lib/python3.6/site-packages/airflow/example_dags/example_short_circuit_operator.py
[2022-03-01 01:53:50,870] {logging_mixin.py:104} INFO - [2022-03-01 01:53:50,870] {dag.py:1818} INFO - Sync 1 DAGs
[2022-03-01 01:53:50,888] {logging_mixin.py:104} INFO - [2022-03-01 01:53:50,888] {dag.py:2273} INFO - Setting next_dagrun for example_short_circuit_operator to 2022-02-27 00:00:00+00:00
[2022-03-01 01:53:50,903] {scheduler_job.py:190} INFO - Processing /home/airflow/.local/lib/python3.6/site-packages/airflow/example_dags/example_short_circuit_operator.py took 0.084 seconds
[2022-03-01 01:54:21,400] {scheduler_job.py:182} INFO - Started process (PID=389) to work on /home/airflow/.local/lib/python3.6/site-packages/airflow/example_dags/example_short_circuit_operator.py
[2022-03-01 01:54:21,403] {scheduler_job.py:629} INFO - Processing file /home/airflow/.local/lib/python3.6/site-packages/airflow/example_dags/example_short_circuit_operator.py for tasks to queue
[2022-03-01 01:54:21,404] {logging_mixin.py:104} INFO - [2022-03-01 01:54:21,404] {dagbag.py:448} INFO - Filling up the DagBag from /home/airflow/.local/lib/python3.6/site-packages/airflow/example_dags/example_short_circuit_operator.py
[2022-03-01 01:54:21,420] {scheduler_job.py:639} INFO - DAG(s) dict_keys(['example_short_circuit_operator']) retrieved from /home/airflow/.local/lib/python3.6/site-packages/airflow/example_dags/example_short_circuit_operator.py
[2022-03-01 01:54:21,443] {logging_mixin.py:104} INFO - [2022-03-01 01:54:21,443] {dag.py:1818} INFO - Sync 1 DAGs
[2022-03-01 01:54:21,462] {logging_mixin.py:104} INFO - [2022-03-01 01:54:21,462] {dag.py:2273} INFO - Setting next_dagrun for example_short_circuit_operator to 2022-02-27 00:00:00+00:00
[2022-03-01 01:54:21,471] {scheduler_job.py:190} INFO - Processing /home/airflow/.local/lib/python3.6/site-packages/airflow/example_dags/example_short_circuit_operator.py took 0.076 seconds
[2022-03-01 01:54:52,312] {scheduler_job.py:182} INFO - Started process (PID=415) to work on /home/airflow/.local/lib/python3.6/site-packages/airflow/example_dags/example_short_circuit_operator.py
[2022-03-01 01:54:52,315] {scheduler_job.py:629} INFO - Processing file /home/airflow/.local/lib/python3.6/site-packages/airflow/example_dags/example_short_circuit_operator.py for tasks to queue
[2022-03-01 01:54:52,316] {logging_mixin.py:104} INFO - [2022-03-01 01:54:52,316] {dagbag.py:448} INFO - Filling up the DagBag from /home/airflow/.local/lib/python3.6/site-packages/airflow/example_dags/example_short_circuit_operator.py
[2022-03-01 01:54:52,336] {scheduler_job.py:639} INFO - DAG(s) dict_keys(['example_short_circuit_operator']) retrieved from /home/airflow/.local/lib/python3.6/site-packages/airflow/example_dags/example_short_circuit_operator.py
[2022-03-01 01:54:52,369] {logging_mixin.py:104} INFO - [2022-03-01 01:54:52,368] {dag.py:1818} INFO - Sync 1 DAGs
[2022-03-01 01:54:52,394] {logging_mixin.py:104} INFO - [2022-03-01 01:54:52,394] {dag.py:2273} INFO - Setting next_dagrun for example_short_circuit_operator to 2022-02-27 00:00:00+00:00
[2022-03-01 01:54:52,407] {scheduler_job.py:190} INFO - Processing /home/airflow/.local/lib/python3.6/site-packages/airflow/example_dags/example_short_circuit_operator.py took 0.101 seconds
[2022-03-01 01:55:23,264] {scheduler_job.py:182} INFO - Started process (PID=441) to work on /home/airflow/.local/lib/python3.6/site-packages/airflow/example_dags/example_short_circuit_operator.py
[2022-03-01 01:55:23,267] {scheduler_job.py:629} INFO - Processing file /home/airflow/.local/lib/python3.6/site-packages/airflow/example_dags/example_short_circuit_operator.py for tasks to queue
[2022-03-01 01:55:23,270] {logging_mixin.py:104} INFO - [2022-03-01 01:55:23,270] {dagbag.py:448} INFO - Filling up the DagBag from /home/airflow/.local/lib/python3.6/site-packages/airflow/example_dags/example_short_circuit_operator.py
[2022-03-01 01:55:23,290] {scheduler_job.py:639} INFO - DAG(s) dict_keys(['example_short_circuit_operator']) retrieved from /home/airflow/.local/lib/python3.6/site-packages/airflow/example_dags/example_short_circuit_operator.py
[2022-03-01 01:55:23,319] {logging_mixin.py:104} INFO - [2022-03-01 01:55:23,318] {dag.py:1818} INFO - Sync 1 DAGs
[2022-03-01 01:55:23,341] {logging_mixin.py:104} INFO - [2022-03-01 01:55:23,341] {dag.py:2273} INFO - Setting next_dagrun for example_short_circuit_operator to 2022-02-27 00:00:00+00:00
[2022-03-01 01:55:23,351] {scheduler_job.py:190} INFO - Processing /home/airflow/.local/lib/python3.6/site-packages/airflow/example_dags/example_short_circuit_operator.py took 0.091 seconds
[2022-03-01 01:55:53,978] {scheduler_job.py:182} INFO - Started process (PID=467) to work on /home/airflow/.local/lib/python3.6/site-packages/airflow/example_dags/example_short_circuit_operator.py
[2022-03-01 01:55:53,981] {scheduler_job.py:629} INFO - Processing file /home/airflow/.local/lib/python3.6/site-packages/airflow/example_dags/example_short_circuit_operator.py for tasks to queue
[2022-03-01 01:55:53,983] {logging_mixin.py:104} INFO - [2022-03-01 01:55:53,982] {dagbag.py:448} INFO - Filling up the DagBag from /home/airflow/.local/lib/python3.6/site-packages/airflow/example_dags/example_short_circuit_operator.py
[2022-03-01 01:55:54,004] {scheduler_job.py:639} INFO - DAG(s) dict_keys(['example_short_circuit_operator']) retrieved from /home/airflow/.local/lib/python3.6/site-packages/airflow/example_dags/example_short_circuit_operator.py
[2022-03-01 01:55:54,034] {logging_mixin.py:104} INFO - [2022-03-01 01:55:54,034] {dag.py:1818} INFO - Sync 1 DAGs
[2022-03-01 01:55:54,070] {logging_mixin.py:104} INFO - [2022-03-01 01:55:54,069] {dag.py:2273} INFO - Setting next_dagrun for example_short_circuit_operator to 2022-02-27 00:00:00+00:00
[2022-03-01 01:55:54,084] {scheduler_job.py:190} INFO - Processing /home/airflow/.local/lib/python3.6/site-packages/airflow/example_dags/example_short_circuit_operator.py took 0.112 seconds
[2022-03-01 01:56:24,331] {scheduler_job.py:182} INFO - Started process (PID=492) to work on /home/airflow/.local/lib/python3.6/site-packages/airflow/example_dags/example_short_circuit_operator.py
[2022-03-01 01:56:24,334] {scheduler_job.py:629} INFO - Processing file /home/airflow/.local/lib/python3.6/site-packages/airflow/example_dags/example_short_circuit_operator.py for tasks to queue
[2022-03-01 01:56:24,336] {logging_mixin.py:104} INFO - [2022-03-01 01:56:24,336] {dagbag.py:448} INFO - Filling up the DagBag from /home/airflow/.local/lib/python3.6/site-packages/airflow/example_dags/example_short_circuit_operator.py
[2022-03-01 01:56:24,354] {scheduler_job.py:639} INFO - DAG(s) dict_keys(['example_short_circuit_operator']) retrieved from /home/airflow/.local/lib/python3.6/site-packages/airflow/example_dags/example_short_circuit_operator.py
[2022-03-01 01:56:24,388] {logging_mixin.py:104} INFO - [2022-03-01 01:56:24,388] {dag.py:1818} INFO - Sync 1 DAGs
[2022-03-01 01:56:24,417] {logging_mixin.py:104} INFO - [2022-03-01 01:56:24,417] {dag.py:2273} INFO - Setting next_dagrun for example_short_circuit_operator to 2022-02-27 00:00:00+00:00
[2022-03-01 01:56:24,431] {scheduler_job.py:190} INFO - Processing /home/airflow/.local/lib/python3.6/site-packages/airflow/example_dags/example_short_circuit_operator.py took 0.104 seconds
[2022-03-01 01:56:54,998] {scheduler_job.py:182} INFO - Started process (PID=519) to work on /home/airflow/.local/lib/python3.6/site-packages/airflow/example_dags/example_short_circuit_operator.py
[2022-03-01 01:56:55,000] {scheduler_job.py:629} INFO - Processing file /home/airflow/.local/lib/python3.6/site-packages/airflow/example_dags/example_short_circuit_operator.py for tasks to queue
[2022-03-01 01:56:55,002] {logging_mixin.py:104} INFO - [2022-03-01 01:56:55,002] {dagbag.py:448} INFO - Filling up the DagBag from /home/airflow/.local/lib/python3.6/site-packages/airflow/example_dags/example_short_circuit_operator.py
[2022-03-01 01:56:55,020] {scheduler_job.py:639} INFO - DAG(s) dict_keys(['example_short_circuit_operator']) retrieved from /home/airflow/.local/lib/python3.6/site-packages/airflow/example_dags/example_short_circuit_operator.py
[2022-03-01 01:56:55,047] {logging_mixin.py:104} INFO - [2022-03-01 01:56:55,047] {dag.py:1818} INFO - Sync 1 DAGs
[2022-03-01 01:56:55,069] {logging_mixin.py:104} INFO - [2022-03-01 01:56:55,069] {dag.py:2273} INFO - Setting next_dagrun for example_short_circuit_operator to 2022-02-27 00:00:00+00:00
[2022-03-01 01:56:55,078] {scheduler_job.py:190} INFO - Processing /home/airflow/.local/lib/python3.6/site-packages/airflow/example_dags/example_short_circuit_operator.py took 0.085 seconds
[2022-03-01 01:57:25,789] {scheduler_job.py:182} INFO - Started process (PID=544) to work on /home/airflow/.local/lib/python3.6/site-packages/airflow/example_dags/example_short_circuit_operator.py
[2022-03-01 01:57:25,791] {scheduler_job.py:629} INFO - Processing file /home/airflow/.local/lib/python3.6/site-packages/airflow/example_dags/example_short_circuit_operator.py for tasks to queue
[2022-03-01 01:57:25,793] {logging_mixin.py:104} INFO - [2022-03-01 01:57:25,793] {dagbag.py:448} INFO - Filling up the DagBag from /home/airflow/.local/lib/python3.6/site-packages/airflow/example_dags/example_short_circuit_operator.py
[2022-03-01 01:57:25,812] {scheduler_job.py:639} INFO - DAG(s) dict_keys(['example_short_circuit_operator']) retrieved from /home/airflow/.local/lib/python3.6/site-packages/airflow/example_dags/example_short_circuit_operator.py
[2022-03-01 01:57:25,841] {logging_mixin.py:104} INFO - [2022-03-01 01:57:25,841] {dag.py:1818} INFO - Sync 1 DAGs
[2022-03-01 01:57:25,868] {logging_mixin.py:104} INFO - [2022-03-01 01:57:25,867] {dag.py:2273} INFO - Setting next_dagrun for example_short_circuit_operator to 2022-02-27 00:00:00+00:00
[2022-03-01 01:57:25,900] {scheduler_job.py:190} INFO - Processing /home/airflow/.local/lib/python3.6/site-packages/airflow/example_dags/example_short_circuit_operator.py took 0.115 seconds
[2022-03-01 01:57:56,326] {scheduler_job.py:182} INFO - Started process (PID=570) to work on /home/airflow/.local/lib/python3.6/site-packages/airflow/example_dags/example_short_circuit_operator.py
[2022-03-01 01:57:56,328] {scheduler_job.py:629} INFO - Processing file /home/airflow/.local/lib/python3.6/site-packages/airflow/example_dags/example_short_circuit_operator.py for tasks to queue
[2022-03-01 01:57:56,330] {logging_mixin.py:104} INFO - [2022-03-01 01:57:56,329] {dagbag.py:448} INFO - Filling up the DagBag from /home/airflow/.local/lib/python3.6/site-packages/airflow/example_dags/example_short_circuit_operator.py
[2022-03-01 01:57:56,345] {scheduler_job.py:639} INFO - DAG(s) dict_keys(['example_short_circuit_operator']) retrieved from /home/airflow/.local/lib/python3.6/site-packages/airflow/example_dags/example_short_circuit_operator.py
[2022-03-01 01:57:56,371] {logging_mixin.py:104} INFO - [2022-03-01 01:57:56,371] {dag.py:1818} INFO - Sync 1 DAGs
[2022-03-01 01:57:56,387] {logging_mixin.py:104} INFO - [2022-03-01 01:57:56,387] {dag.py:2273} INFO - Setting next_dagrun for example_short_circuit_operator to 2022-02-27 00:00:00+00:00
[2022-03-01 01:57:56,397] {scheduler_job.py:190} INFO - Processing /home/airflow/.local/lib/python3.6/site-packages/airflow/example_dags/example_short_circuit_operator.py took 0.076 seconds
[2022-03-01 01:58:27,480] {scheduler_job.py:182} INFO - Started process (PID=596) to work on /home/airflow/.local/lib/python3.6/site-packages/airflow/example_dags/example_short_circuit_operator.py
[2022-03-01 01:58:27,482] {scheduler_job.py:629} INFO - Processing file /home/airflow/.local/lib/python3.6/site-packages/airflow/example_dags/example_short_circuit_operator.py for tasks to queue
[2022-03-01 01:58:27,483] {logging_mixin.py:104} INFO - [2022-03-01 01:58:27,483] {dagbag.py:448} INFO - Filling up the DagBag from /home/airflow/.local/lib/python3.6/site-packages/airflow/example_dags/example_short_circuit_operator.py
[2022-03-01 01:58:27,500] {scheduler_job.py:639} INFO - DAG(s) dict_keys(['example_short_circuit_operator']) retrieved from /home/airflow/.local/lib/python3.6/site-packages/airflow/example_dags/example_short_circuit_operator.py
[2022-03-01 01:58:27,535] {logging_mixin.py:104} INFO - [2022-03-01 01:58:27,534] {dag.py:1818} INFO - Sync 1 DAGs
[2022-03-01 01:58:27,552] {logging_mixin.py:104} INFO - [2022-03-01 01:58:27,552] {dag.py:2273} INFO - Setting next_dagrun for example_short_circuit_operator to 2022-02-27 00:00:00+00:00
[2022-03-01 01:58:27,563] {scheduler_job.py:190} INFO - Processing /home/airflow/.local/lib/python3.6/site-packages/airflow/example_dags/example_short_circuit_operator.py took 0.088 seconds
[2022-03-01 01:58:58,515] {scheduler_job.py:182} INFO - Started process (PID=622) to work on /home/airflow/.local/lib/python3.6/site-packages/airflow/example_dags/example_short_circuit_operator.py
[2022-03-01 01:58:58,519] {scheduler_job.py:629} INFO - Processing file /home/airflow/.local/lib/python3.6/site-packages/airflow/example_dags/example_short_circuit_operator.py for tasks to queue
[2022-03-01 01:58:58,523] {logging_mixin.py:104} INFO - [2022-03-01 01:58:58,523] {dagbag.py:448} INFO - Filling up the DagBag from /home/airflow/.local/lib/python3.6/site-packages/airflow/example_dags/example_short_circuit_operator.py
[2022-03-01 01:58:58,556] {scheduler_job.py:639} INFO - DAG(s) dict_keys(['example_short_circuit_operator']) retrieved from /home/airflow/.local/lib/python3.6/site-packages/airflow/example_dags/example_short_circuit_operator.py
[2022-03-01 01:58:58,607] {logging_mixin.py:104} INFO - [2022-03-01 01:58:58,606] {dag.py:1818} INFO - Sync 1 DAGs
[2022-03-01 01:58:58,640] {logging_mixin.py:104} INFO - [2022-03-01 01:58:58,640] {dag.py:2273} INFO - Setting next_dagrun for example_short_circuit_operator to 2022-02-27 00:00:00+00:00
[2022-03-01 01:58:58,654] {scheduler_job.py:190} INFO - Processing /home/airflow/.local/lib/python3.6/site-packages/airflow/example_dags/example_short_circuit_operator.py took 0.146 seconds
[2022-03-01 01:59:29,408] {scheduler_job.py:182} INFO - Started process (PID=648) to work on /home/airflow/.local/lib/python3.6/site-packages/airflow/example_dags/example_short_circuit_operator.py
[2022-03-01 01:59:29,411] {scheduler_job.py:629} INFO - Processing file /home/airflow/.local/lib/python3.6/site-packages/airflow/example_dags/example_short_circuit_operator.py for tasks to queue
[2022-03-01 01:59:29,412] {logging_mixin.py:104} INFO - [2022-03-01 01:59:29,412] {dagbag.py:448} INFO - Filling up the DagBag from /home/airflow/.local/lib/python3.6/site-packages/airflow/example_dags/example_short_circuit_operator.py
[2022-03-01 01:59:29,432] {scheduler_job.py:639} INFO - DAG(s) dict_keys(['example_short_circuit_operator']) retrieved from /home/airflow/.local/lib/python3.6/site-packages/airflow/example_dags/example_short_circuit_operator.py
[2022-03-01 01:59:29,458] {logging_mixin.py:104} INFO - [2022-03-01 01:59:29,458] {dag.py:1818} INFO - Sync 1 DAGs
[2022-03-01 01:59:29,477] {logging_mixin.py:104} INFO - [2022-03-01 01:59:29,477] {dag.py:2273} INFO - Setting next_dagrun for example_short_circuit_operator to 2022-02-27 00:00:00+00:00
[2022-03-01 01:59:29,488] {scheduler_job.py:190} INFO - Processing /home/airflow/.local/lib/python3.6/site-packages/airflow/example_dags/example_short_circuit_operator.py took 0.084 seconds
[2022-03-01 02:00:00,073] {scheduler_job.py:182} INFO - Started process (PID=675) to work on /home/airflow/.local/lib/python3.6/site-packages/airflow/example_dags/example_short_circuit_operator.py
[2022-03-01 02:00:00,074] {scheduler_job.py:629} INFO - Processing file /home/airflow/.local/lib/python3.6/site-packages/airflow/example_dags/example_short_circuit_operator.py for tasks to queue
[2022-03-01 02:00:00,076] {logging_mixin.py:104} INFO - [2022-03-01 02:00:00,075] {dagbag.py:448} INFO - Filling up the DagBag from /home/airflow/.local/lib/python3.6/site-packages/airflow/example_dags/example_short_circuit_operator.py
[2022-03-01 02:00:00,096] {scheduler_job.py:639} INFO - DAG(s) dict_keys(['example_short_circuit_operator']) retrieved from /home/airflow/.local/lib/python3.6/site-packages/airflow/example_dags/example_short_circuit_operator.py
[2022-03-01 02:00:00,127] {logging_mixin.py:104} INFO - [2022-03-01 02:00:00,126] {dag.py:1818} INFO - Sync 1 DAGs
[2022-03-01 02:00:00,144] {logging_mixin.py:104} INFO - [2022-03-01 02:00:00,144] {dag.py:2273} INFO - Setting next_dagrun for example_short_circuit_operator to 2022-02-27 00:00:00+00:00
[2022-03-01 02:00:00,154] {scheduler_job.py:190} INFO - Processing /home/airflow/.local/lib/python3.6/site-packages/airflow/example_dags/example_short_circuit_operator.py took 0.086 seconds
[2022-03-01 02:00:30,662] {scheduler_job.py:182} INFO - Started process (PID=701) to work on /home/airflow/.local/lib/python3.6/site-packages/airflow/example_dags/example_short_circuit_operator.py
[2022-03-01 02:00:30,665] {scheduler_job.py:629} INFO - Processing file /home/airflow/.local/lib/python3.6/site-packages/airflow/example_dags/example_short_circuit_operator.py for tasks to queue
[2022-03-01 02:00:30,666] {logging_mixin.py:104} INFO - [2022-03-01 02:00:30,666] {dagbag.py:448} INFO - Filling up the DagBag from /home/airflow/.local/lib/python3.6/site-packages/airflow/example_dags/example_short_circuit_operator.py
[2022-03-01 02:00:30,686] {scheduler_job.py:639} INFO - DAG(s) dict_keys(['example_short_circuit_operator']) retrieved from /home/airflow/.local/lib/python3.6/site-packages/airflow/example_dags/example_short_circuit_operator.py
[2022-03-01 02:00:30,713] {logging_mixin.py:104} INFO - [2022-03-01 02:00:30,713] {dag.py:1818} INFO - Sync 1 DAGs
[2022-03-01 02:00:30,731] {logging_mixin.py:104} INFO - [2022-03-01 02:00:30,730] {dag.py:2273} INFO - Setting next_dagrun for example_short_circuit_operator to 2022-02-27 00:00:00+00:00
[2022-03-01 02:00:30,742] {scheduler_job.py:190} INFO - Processing /home/airflow/.local/lib/python3.6/site-packages/airflow/example_dags/example_short_circuit_operator.py took 0.085 seconds
[2022-03-01 02:01:01,247] {scheduler_job.py:182} INFO - Started process (PID=727) to work on /home/airflow/.local/lib/python3.6/site-packages/airflow/example_dags/example_short_circuit_operator.py
[2022-03-01 02:01:01,249] {scheduler_job.py:629} INFO - Processing file /home/airflow/.local/lib/python3.6/site-packages/airflow/example_dags/example_short_circuit_operator.py for tasks to queue
[2022-03-01 02:01:01,250] {logging_mixin.py:104} INFO - [2022-03-01 02:01:01,250] {dagbag.py:448} INFO - Filling up the DagBag from /home/airflow/.local/lib/python3.6/site-packages/airflow/example_dags/example_short_circuit_operator.py
[2022-03-01 02:01:01,268] {scheduler_job.py:639} INFO - DAG(s) dict_keys(['example_short_circuit_operator']) retrieved from /home/airflow/.local/lib/python3.6/site-packages/airflow/example_dags/example_short_circuit_operator.py
[2022-03-01 02:01:01,299] {logging_mixin.py:104} INFO - [2022-03-01 02:01:01,299] {dag.py:1818} INFO - Sync 1 DAGs
[2022-03-01 02:01:01,318] {logging_mixin.py:104} INFO - [2022-03-01 02:01:01,317] {dag.py:2273} INFO - Setting next_dagrun for example_short_circuit_operator to 2022-02-27 00:00:00+00:00
[2022-03-01 02:01:01,328] {scheduler_job.py:190} INFO - Processing /home/airflow/.local/lib/python3.6/site-packages/airflow/example_dags/example_short_circuit_operator.py took 0.085 seconds
[2022-03-01 02:01:31,647] {scheduler_job.py:182} INFO - Started process (PID=753) to work on /home/airflow/.local/lib/python3.6/site-packages/airflow/example_dags/example_short_circuit_operator.py
[2022-03-01 02:01:31,649] {scheduler_job.py:629} INFO - Processing file /home/airflow/.local/lib/python3.6/site-packages/airflow/example_dags/example_short_circuit_operator.py for tasks to queue
[2022-03-01 02:01:31,650] {logging_mixin.py:104} INFO - [2022-03-01 02:01:31,650] {dagbag.py:448} INFO - Filling up the DagBag from /home/airflow/.local/lib/python3.6/site-packages/airflow/example_dags/example_short_circuit_operator.py
[2022-03-01 02:01:31,673] {scheduler_job.py:639} INFO - DAG(s) dict_keys(['example_short_circuit_operator']) retrieved from /home/airflow/.local/lib/python3.6/site-packages/airflow/example_dags/example_short_circuit_operator.py
[2022-03-01 02:01:31,699] {logging_mixin.py:104} INFO - [2022-03-01 02:01:31,699] {dag.py:1818} INFO - Sync 1 DAGs
[2022-03-01 02:01:31,721] {logging_mixin.py:104} INFO - [2022-03-01 02:01:31,721] {dag.py:2273} INFO - Setting next_dagrun for example_short_circuit_operator to 2022-02-27 00:00:00+00:00
[2022-03-01 02:01:31,736] {scheduler_job.py:190} INFO - Processing /home/airflow/.local/lib/python3.6/site-packages/airflow/example_dags/example_short_circuit_operator.py took 0.093 seconds
[2022-03-01 02:02:02,350] {scheduler_job.py:182} INFO - Started process (PID=779) to work on /home/airflow/.local/lib/python3.6/site-packages/airflow/example_dags/example_short_circuit_operator.py
[2022-03-01 02:02:02,352] {scheduler_job.py:629} INFO - Processing file /home/airflow/.local/lib/python3.6/site-packages/airflow/example_dags/example_short_circuit_operator.py for tasks to queue
[2022-03-01 02:02:02,353] {logging_mixin.py:104} INFO - [2022-03-01 02:02:02,353] {dagbag.py:448} INFO - Filling up the DagBag from /home/airflow/.local/lib/python3.6/site-packages/airflow/example_dags/example_short_circuit_operator.py
[2022-03-01 02:02:02,373] {scheduler_job.py:639} INFO - DAG(s) dict_keys(['example_short_circuit_operator']) retrieved from /home/airflow/.local/lib/python3.6/site-packages/airflow/example_dags/example_short_circuit_operator.py
[2022-03-01 02:02:02,400] {logging_mixin.py:104} INFO - [2022-03-01 02:02:02,400] {dag.py:1818} INFO - Sync 1 DAGs
[2022-03-01 02:02:02,419] {logging_mixin.py:104} INFO - [2022-03-01 02:02:02,419] {dag.py:2273} INFO - Setting next_dagrun for example_short_circuit_operator to 2022-02-27 00:00:00+00:00
[2022-03-01 02:02:02,431] {scheduler_job.py:190} INFO - Processing /home/airflow/.local/lib/python3.6/site-packages/airflow/example_dags/example_short_circuit_operator.py took 0.088 seconds
