[2022-03-01 01:48:12,044] {scheduler_job.py:182} INFO - Started process (PID=49) to work on /home/airflow/.local/lib/python3.6/site-packages/airflow/example_dags/example_dag_decorator.py
[2022-03-01 01:48:12,048] {scheduler_job.py:629} INFO - Processing file /home/airflow/.local/lib/python3.6/site-packages/airflow/example_dags/example_dag_decorator.py for tasks to queue
[2022-03-01 01:48:12,050] {logging_mixin.py:104} INFO - [2022-03-01 01:48:12,050] {dagbag.py:448} INFO - Filling up the DagBag from /home/airflow/.local/lib/python3.6/site-packages/airflow/example_dags/example_dag_decorator.py
[2022-03-01 01:48:12,093] {scheduler_job.py:639} INFO - DAG(s) dict_keys(['example_dag_decorator']) retrieved from /home/airflow/.local/lib/python3.6/site-packages/airflow/example_dags/example_dag_decorator.py
[2022-03-01 01:48:12,142] {logging_mixin.py:104} INFO - [2022-03-01 01:48:12,142] {dag.py:1818} INFO - Sync 1 DAGs
[2022-03-01 01:48:12,167] {logging_mixin.py:104} INFO - [2022-03-01 01:48:12,166] {dag.py:1837} INFO - Creating ORM DAG for example_dag_decorator
[2022-03-01 01:48:12,176] {logging_mixin.py:104} INFO - [2022-03-01 01:48:12,176] {dag.py:2273} INFO - Setting next_dagrun for example_dag_decorator to None
[2022-03-01 01:48:12,204] {scheduler_job.py:190} INFO - Processing /home/airflow/.local/lib/python3.6/site-packages/airflow/example_dags/example_dag_decorator.py took 0.168 seconds
[2022-03-01 01:48:42,354] {scheduler_job.py:182} INFO - Started process (PID=75) to work on /home/airflow/.local/lib/python3.6/site-packages/airflow/example_dags/example_dag_decorator.py
[2022-03-01 01:48:42,356] {scheduler_job.py:629} INFO - Processing file /home/airflow/.local/lib/python3.6/site-packages/airflow/example_dags/example_dag_decorator.py for tasks to queue
[2022-03-01 01:48:42,358] {logging_mixin.py:104} INFO - [2022-03-01 01:48:42,358] {dagbag.py:448} INFO - Filling up the DagBag from /home/airflow/.local/lib/python3.6/site-packages/airflow/example_dags/example_dag_decorator.py
[2022-03-01 01:48:42,381] {scheduler_job.py:639} INFO - DAG(s) dict_keys(['example_dag_decorator']) retrieved from /home/airflow/.local/lib/python3.6/site-packages/airflow/example_dags/example_dag_decorator.py
[2022-03-01 01:48:42,421] {logging_mixin.py:104} INFO - [2022-03-01 01:48:42,420] {dag.py:1818} INFO - Sync 1 DAGs
[2022-03-01 01:48:42,442] {logging_mixin.py:104} INFO - [2022-03-01 01:48:42,442] {dag.py:2273} INFO - Setting next_dagrun for example_dag_decorator to None
[2022-03-01 01:48:42,455] {scheduler_job.py:190} INFO - Processing /home/airflow/.local/lib/python3.6/site-packages/airflow/example_dags/example_dag_decorator.py took 0.104 seconds
[2022-03-01 01:49:13,646] {scheduler_job.py:182} INFO - Started process (PID=101) to work on /home/airflow/.local/lib/python3.6/site-packages/airflow/example_dags/example_dag_decorator.py
[2022-03-01 01:49:13,649] {scheduler_job.py:629} INFO - Processing file /home/airflow/.local/lib/python3.6/site-packages/airflow/example_dags/example_dag_decorator.py for tasks to queue
[2022-03-01 01:49:13,657] {logging_mixin.py:104} INFO - [2022-03-01 01:49:13,657] {dagbag.py:448} INFO - Filling up the DagBag from /home/airflow/.local/lib/python3.6/site-packages/airflow/example_dags/example_dag_decorator.py
[2022-03-01 01:49:13,758] {scheduler_job.py:639} INFO - DAG(s) dict_keys(['example_dag_decorator']) retrieved from /home/airflow/.local/lib/python3.6/site-packages/airflow/example_dags/example_dag_decorator.py
[2022-03-01 01:49:13,807] {logging_mixin.py:104} INFO - [2022-03-01 01:49:13,806] {dag.py:1818} INFO - Sync 1 DAGs
[2022-03-01 01:49:13,822] {logging_mixin.py:104} INFO - [2022-03-01 01:49:13,822] {dag.py:2273} INFO - Setting next_dagrun for example_dag_decorator to None
[2022-03-01 01:49:13,841] {scheduler_job.py:190} INFO - Processing /home/airflow/.local/lib/python3.6/site-packages/airflow/example_dags/example_dag_decorator.py took 0.207 seconds
[2022-03-01 01:49:44,407] {scheduler_job.py:182} INFO - Started process (PID=127) to work on /home/airflow/.local/lib/python3.6/site-packages/airflow/example_dags/example_dag_decorator.py
[2022-03-01 01:49:44,410] {scheduler_job.py:629} INFO - Processing file /home/airflow/.local/lib/python3.6/site-packages/airflow/example_dags/example_dag_decorator.py for tasks to queue
[2022-03-01 01:49:44,411] {logging_mixin.py:104} INFO - [2022-03-01 01:49:44,411] {dagbag.py:448} INFO - Filling up the DagBag from /home/airflow/.local/lib/python3.6/site-packages/airflow/example_dags/example_dag_decorator.py
[2022-03-01 01:49:44,432] {scheduler_job.py:639} INFO - DAG(s) dict_keys(['example_dag_decorator']) retrieved from /home/airflow/.local/lib/python3.6/site-packages/airflow/example_dags/example_dag_decorator.py
[2022-03-01 01:49:44,463] {logging_mixin.py:104} INFO - [2022-03-01 01:49:44,463] {dag.py:1818} INFO - Sync 1 DAGs
[2022-03-01 01:49:44,482] {logging_mixin.py:104} INFO - [2022-03-01 01:49:44,482] {dag.py:2273} INFO - Setting next_dagrun for example_dag_decorator to None
[2022-03-01 01:49:44,497] {scheduler_job.py:190} INFO - Processing /home/airflow/.local/lib/python3.6/site-packages/airflow/example_dags/example_dag_decorator.py took 0.094 seconds
[2022-03-01 01:50:15,251] {scheduler_job.py:182} INFO - Started process (PID=182) to work on /home/airflow/.local/lib/python3.6/site-packages/airflow/example_dags/example_dag_decorator.py
[2022-03-01 01:50:15,253] {scheduler_job.py:629} INFO - Processing file /home/airflow/.local/lib/python3.6/site-packages/airflow/example_dags/example_dag_decorator.py for tasks to queue
[2022-03-01 01:50:15,255] {logging_mixin.py:104} INFO - [2022-03-01 01:50:15,254] {dagbag.py:448} INFO - Filling up the DagBag from /home/airflow/.local/lib/python3.6/site-packages/airflow/example_dags/example_dag_decorator.py
[2022-03-01 01:50:15,298] {scheduler_job.py:639} INFO - DAG(s) dict_keys(['example_dag_decorator']) retrieved from /home/airflow/.local/lib/python3.6/site-packages/airflow/example_dags/example_dag_decorator.py
[2022-03-01 01:50:15,338] {logging_mixin.py:104} INFO - [2022-03-01 01:50:15,338] {dag.py:1818} INFO - Sync 1 DAGs
[2022-03-01 01:50:15,360] {logging_mixin.py:104} INFO - [2022-03-01 01:50:15,360] {dag.py:2273} INFO - Setting next_dagrun for example_dag_decorator to None
[2022-03-01 01:50:15,373] {scheduler_job.py:190} INFO - Processing /home/airflow/.local/lib/python3.6/site-packages/airflow/example_dags/example_dag_decorator.py took 0.130 seconds
[2022-03-01 01:50:45,798] {scheduler_job.py:182} INFO - Started process (PID=205) to work on /home/airflow/.local/lib/python3.6/site-packages/airflow/example_dags/example_dag_decorator.py
[2022-03-01 01:50:45,802] {scheduler_job.py:629} INFO - Processing file /home/airflow/.local/lib/python3.6/site-packages/airflow/example_dags/example_dag_decorator.py for tasks to queue
[2022-03-01 01:50:45,805] {logging_mixin.py:104} INFO - [2022-03-01 01:50:45,804] {dagbag.py:448} INFO - Filling up the DagBag from /home/airflow/.local/lib/python3.6/site-packages/airflow/example_dags/example_dag_decorator.py
[2022-03-01 01:50:45,844] {scheduler_job.py:639} INFO - DAG(s) dict_keys(['example_dag_decorator']) retrieved from /home/airflow/.local/lib/python3.6/site-packages/airflow/example_dags/example_dag_decorator.py
[2022-03-01 01:50:45,898] {logging_mixin.py:104} INFO - [2022-03-01 01:50:45,898] {dag.py:1818} INFO - Sync 1 DAGs
[2022-03-01 01:50:45,930] {logging_mixin.py:104} INFO - [2022-03-01 01:50:45,930] {dag.py:2273} INFO - Setting next_dagrun for example_dag_decorator to None
[2022-03-01 01:50:45,948] {scheduler_job.py:190} INFO - Processing /home/airflow/.local/lib/python3.6/site-packages/airflow/example_dags/example_dag_decorator.py took 0.157 seconds
[2022-03-01 01:51:16,610] {scheduler_job.py:182} INFO - Started process (PID=231) to work on /home/airflow/.local/lib/python3.6/site-packages/airflow/example_dags/example_dag_decorator.py
[2022-03-01 01:51:16,612] {scheduler_job.py:629} INFO - Processing file /home/airflow/.local/lib/python3.6/site-packages/airflow/example_dags/example_dag_decorator.py for tasks to queue
[2022-03-01 01:51:16,613] {logging_mixin.py:104} INFO - [2022-03-01 01:51:16,613] {dagbag.py:448} INFO - Filling up the DagBag from /home/airflow/.local/lib/python3.6/site-packages/airflow/example_dags/example_dag_decorator.py
[2022-03-01 01:51:16,633] {scheduler_job.py:639} INFO - DAG(s) dict_keys(['example_dag_decorator']) retrieved from /home/airflow/.local/lib/python3.6/site-packages/airflow/example_dags/example_dag_decorator.py
[2022-03-01 01:51:16,661] {logging_mixin.py:104} INFO - [2022-03-01 01:51:16,661] {dag.py:1818} INFO - Sync 1 DAGs
[2022-03-01 01:51:16,678] {logging_mixin.py:104} INFO - [2022-03-01 01:51:16,678] {dag.py:2273} INFO - Setting next_dagrun for example_dag_decorator to None
[2022-03-01 01:51:16,705] {scheduler_job.py:190} INFO - Processing /home/airflow/.local/lib/python3.6/site-packages/airflow/example_dags/example_dag_decorator.py took 0.100 seconds
[2022-03-01 01:51:47,223] {scheduler_job.py:182} INFO - Started process (PID=257) to work on /home/airflow/.local/lib/python3.6/site-packages/airflow/example_dags/example_dag_decorator.py
[2022-03-01 01:51:47,226] {scheduler_job.py:629} INFO - Processing file /home/airflow/.local/lib/python3.6/site-packages/airflow/example_dags/example_dag_decorator.py for tasks to queue
[2022-03-01 01:51:47,228] {logging_mixin.py:104} INFO - [2022-03-01 01:51:47,228] {dagbag.py:448} INFO - Filling up the DagBag from /home/airflow/.local/lib/python3.6/site-packages/airflow/example_dags/example_dag_decorator.py
[2022-03-01 01:51:47,252] {scheduler_job.py:639} INFO - DAG(s) dict_keys(['example_dag_decorator']) retrieved from /home/airflow/.local/lib/python3.6/site-packages/airflow/example_dags/example_dag_decorator.py
[2022-03-01 01:51:47,300] {logging_mixin.py:104} INFO - [2022-03-01 01:51:47,300] {dag.py:1818} INFO - Sync 1 DAGs
[2022-03-01 01:51:47,330] {logging_mixin.py:104} INFO - [2022-03-01 01:51:47,330] {dag.py:2273} INFO - Setting next_dagrun for example_dag_decorator to None
[2022-03-01 01:51:47,348] {scheduler_job.py:190} INFO - Processing /home/airflow/.local/lib/python3.6/site-packages/airflow/example_dags/example_dag_decorator.py took 0.130 seconds
[2022-03-01 01:52:17,890] {scheduler_job.py:182} INFO - Started process (PID=283) to work on /home/airflow/.local/lib/python3.6/site-packages/airflow/example_dags/example_dag_decorator.py
[2022-03-01 01:52:17,894] {scheduler_job.py:629} INFO - Processing file /home/airflow/.local/lib/python3.6/site-packages/airflow/example_dags/example_dag_decorator.py for tasks to queue
[2022-03-01 01:52:17,895] {logging_mixin.py:104} INFO - [2022-03-01 01:52:17,895] {dagbag.py:448} INFO - Filling up the DagBag from /home/airflow/.local/lib/python3.6/site-packages/airflow/example_dags/example_dag_decorator.py
[2022-03-01 01:52:17,915] {scheduler_job.py:639} INFO - DAG(s) dict_keys(['example_dag_decorator']) retrieved from /home/airflow/.local/lib/python3.6/site-packages/airflow/example_dags/example_dag_decorator.py
[2022-03-01 01:52:17,942] {logging_mixin.py:104} INFO - [2022-03-01 01:52:17,942] {dag.py:1818} INFO - Sync 1 DAGs
[2022-03-01 01:52:17,960] {logging_mixin.py:104} INFO - [2022-03-01 01:52:17,960] {dag.py:2273} INFO - Setting next_dagrun for example_dag_decorator to None
[2022-03-01 01:52:17,979] {scheduler_job.py:190} INFO - Processing /home/airflow/.local/lib/python3.6/site-packages/airflow/example_dags/example_dag_decorator.py took 0.094 seconds
[2022-03-01 01:52:48,995] {scheduler_job.py:182} INFO - Started process (PID=309) to work on /home/airflow/.local/lib/python3.6/site-packages/airflow/example_dags/example_dag_decorator.py
[2022-03-01 01:52:48,997] {scheduler_job.py:629} INFO - Processing file /home/airflow/.local/lib/python3.6/site-packages/airflow/example_dags/example_dag_decorator.py for tasks to queue
[2022-03-01 01:52:48,999] {logging_mixin.py:104} INFO - [2022-03-01 01:52:48,998] {dagbag.py:448} INFO - Filling up the DagBag from /home/airflow/.local/lib/python3.6/site-packages/airflow/example_dags/example_dag_decorator.py
[2022-03-01 01:52:49,018] {scheduler_job.py:639} INFO - DAG(s) dict_keys(['example_dag_decorator']) retrieved from /home/airflow/.local/lib/python3.6/site-packages/airflow/example_dags/example_dag_decorator.py
[2022-03-01 01:52:49,055] {logging_mixin.py:104} INFO - [2022-03-01 01:52:49,055] {dag.py:1818} INFO - Sync 1 DAGs
[2022-03-01 01:52:49,092] {logging_mixin.py:104} INFO - [2022-03-01 01:52:49,092] {dag.py:2273} INFO - Setting next_dagrun for example_dag_decorator to None
[2022-03-01 01:52:49,108] {scheduler_job.py:190} INFO - Processing /home/airflow/.local/lib/python3.6/site-packages/airflow/example_dags/example_dag_decorator.py took 0.119 seconds
[2022-03-01 01:53:20,057] {scheduler_job.py:182} INFO - Started process (PID=335) to work on /home/airflow/.local/lib/python3.6/site-packages/airflow/example_dags/example_dag_decorator.py
[2022-03-01 01:53:20,060] {scheduler_job.py:629} INFO - Processing file /home/airflow/.local/lib/python3.6/site-packages/airflow/example_dags/example_dag_decorator.py for tasks to queue
[2022-03-01 01:53:20,062] {logging_mixin.py:104} INFO - [2022-03-01 01:53:20,061] {dagbag.py:448} INFO - Filling up the DagBag from /home/airflow/.local/lib/python3.6/site-packages/airflow/example_dags/example_dag_decorator.py
[2022-03-01 01:53:20,089] {scheduler_job.py:639} INFO - DAG(s) dict_keys(['example_dag_decorator']) retrieved from /home/airflow/.local/lib/python3.6/site-packages/airflow/example_dags/example_dag_decorator.py
[2022-03-01 01:53:20,128] {logging_mixin.py:104} INFO - [2022-03-01 01:53:20,128] {dag.py:1818} INFO - Sync 1 DAGs
[2022-03-01 01:53:20,153] {logging_mixin.py:104} INFO - [2022-03-01 01:53:20,153] {dag.py:2273} INFO - Setting next_dagrun for example_dag_decorator to None
[2022-03-01 01:53:20,169] {scheduler_job.py:190} INFO - Processing /home/airflow/.local/lib/python3.6/site-packages/airflow/example_dags/example_dag_decorator.py took 0.117 seconds
[2022-03-01 01:53:50,703] {scheduler_job.py:182} INFO - Started process (PID=361) to work on /home/airflow/.local/lib/python3.6/site-packages/airflow/example_dags/example_dag_decorator.py
[2022-03-01 01:53:50,706] {scheduler_job.py:629} INFO - Processing file /home/airflow/.local/lib/python3.6/site-packages/airflow/example_dags/example_dag_decorator.py for tasks to queue
[2022-03-01 01:53:50,708] {logging_mixin.py:104} INFO - [2022-03-01 01:53:50,708] {dagbag.py:448} INFO - Filling up the DagBag from /home/airflow/.local/lib/python3.6/site-packages/airflow/example_dags/example_dag_decorator.py
[2022-03-01 01:53:50,732] {scheduler_job.py:639} INFO - DAG(s) dict_keys(['example_dag_decorator']) retrieved from /home/airflow/.local/lib/python3.6/site-packages/airflow/example_dags/example_dag_decorator.py
[2022-03-01 01:53:50,764] {logging_mixin.py:104} INFO - [2022-03-01 01:53:50,764] {dag.py:1818} INFO - Sync 1 DAGs
[2022-03-01 01:53:50,786] {logging_mixin.py:104} INFO - [2022-03-01 01:53:50,785] {dag.py:2273} INFO - Setting next_dagrun for example_dag_decorator to None
[2022-03-01 01:53:50,800] {scheduler_job.py:190} INFO - Processing /home/airflow/.local/lib/python3.6/site-packages/airflow/example_dags/example_dag_decorator.py took 0.103 seconds
[2022-03-01 01:54:21,287] {scheduler_job.py:182} INFO - Started process (PID=387) to work on /home/airflow/.local/lib/python3.6/site-packages/airflow/example_dags/example_dag_decorator.py
[2022-03-01 01:54:21,289] {scheduler_job.py:629} INFO - Processing file /home/airflow/.local/lib/python3.6/site-packages/airflow/example_dags/example_dag_decorator.py for tasks to queue
[2022-03-01 01:54:21,291] {logging_mixin.py:104} INFO - [2022-03-01 01:54:21,291] {dagbag.py:448} INFO - Filling up the DagBag from /home/airflow/.local/lib/python3.6/site-packages/airflow/example_dags/example_dag_decorator.py
[2022-03-01 01:54:21,314] {scheduler_job.py:639} INFO - DAG(s) dict_keys(['example_dag_decorator']) retrieved from /home/airflow/.local/lib/python3.6/site-packages/airflow/example_dags/example_dag_decorator.py
[2022-03-01 01:54:21,343] {logging_mixin.py:104} INFO - [2022-03-01 01:54:21,343] {dag.py:1818} INFO - Sync 1 DAGs
[2022-03-01 01:54:21,364] {logging_mixin.py:104} INFO - [2022-03-01 01:54:21,364] {dag.py:2273} INFO - Setting next_dagrun for example_dag_decorator to None
[2022-03-01 01:54:21,375] {scheduler_job.py:190} INFO - Processing /home/airflow/.local/lib/python3.6/site-packages/airflow/example_dags/example_dag_decorator.py took 0.093 seconds
[2022-03-01 01:54:52,051] {scheduler_job.py:182} INFO - Started process (PID=413) to work on /home/airflow/.local/lib/python3.6/site-packages/airflow/example_dags/example_dag_decorator.py
[2022-03-01 01:54:52,054] {scheduler_job.py:629} INFO - Processing file /home/airflow/.local/lib/python3.6/site-packages/airflow/example_dags/example_dag_decorator.py for tasks to queue
[2022-03-01 01:54:52,056] {logging_mixin.py:104} INFO - [2022-03-01 01:54:52,056] {dagbag.py:448} INFO - Filling up the DagBag from /home/airflow/.local/lib/python3.6/site-packages/airflow/example_dags/example_dag_decorator.py
[2022-03-01 01:54:52,082] {scheduler_job.py:639} INFO - DAG(s) dict_keys(['example_dag_decorator']) retrieved from /home/airflow/.local/lib/python3.6/site-packages/airflow/example_dags/example_dag_decorator.py
[2022-03-01 01:54:52,123] {logging_mixin.py:104} INFO - [2022-03-01 01:54:52,123] {dag.py:1818} INFO - Sync 1 DAGs
[2022-03-01 01:54:52,146] {logging_mixin.py:104} INFO - [2022-03-01 01:54:52,146] {dag.py:2273} INFO - Setting next_dagrun for example_dag_decorator to None
[2022-03-01 01:54:52,164] {scheduler_job.py:190} INFO - Processing /home/airflow/.local/lib/python3.6/site-packages/airflow/example_dags/example_dag_decorator.py took 0.121 seconds
[2022-03-01 01:55:23,139] {scheduler_job.py:182} INFO - Started process (PID=439) to work on /home/airflow/.local/lib/python3.6/site-packages/airflow/example_dags/example_dag_decorator.py
[2022-03-01 01:55:23,142] {scheduler_job.py:629} INFO - Processing file /home/airflow/.local/lib/python3.6/site-packages/airflow/example_dags/example_dag_decorator.py for tasks to queue
[2022-03-01 01:55:23,144] {logging_mixin.py:104} INFO - [2022-03-01 01:55:23,143] {dagbag.py:448} INFO - Filling up the DagBag from /home/airflow/.local/lib/python3.6/site-packages/airflow/example_dags/example_dag_decorator.py
[2022-03-01 01:55:23,169] {scheduler_job.py:639} INFO - DAG(s) dict_keys(['example_dag_decorator']) retrieved from /home/airflow/.local/lib/python3.6/site-packages/airflow/example_dags/example_dag_decorator.py
[2022-03-01 01:55:23,205] {logging_mixin.py:104} INFO - [2022-03-01 01:55:23,204] {dag.py:1818} INFO - Sync 1 DAGs
[2022-03-01 01:55:23,225] {logging_mixin.py:104} INFO - [2022-03-01 01:55:23,225] {dag.py:2273} INFO - Setting next_dagrun for example_dag_decorator to None
[2022-03-01 01:55:23,238] {scheduler_job.py:190} INFO - Processing /home/airflow/.local/lib/python3.6/site-packages/airflow/example_dags/example_dag_decorator.py took 0.104 seconds
[2022-03-01 01:55:53,837] {scheduler_job.py:182} INFO - Started process (PID=465) to work on /home/airflow/.local/lib/python3.6/site-packages/airflow/example_dags/example_dag_decorator.py
[2022-03-01 01:55:53,840] {scheduler_job.py:629} INFO - Processing file /home/airflow/.local/lib/python3.6/site-packages/airflow/example_dags/example_dag_decorator.py for tasks to queue
[2022-03-01 01:55:53,841] {logging_mixin.py:104} INFO - [2022-03-01 01:55:53,841] {dagbag.py:448} INFO - Filling up the DagBag from /home/airflow/.local/lib/python3.6/site-packages/airflow/example_dags/example_dag_decorator.py
[2022-03-01 01:55:53,863] {scheduler_job.py:639} INFO - DAG(s) dict_keys(['example_dag_decorator']) retrieved from /home/airflow/.local/lib/python3.6/site-packages/airflow/example_dags/example_dag_decorator.py
[2022-03-01 01:55:53,900] {logging_mixin.py:104} INFO - [2022-03-01 01:55:53,900] {dag.py:1818} INFO - Sync 1 DAGs
[2022-03-01 01:55:53,923] {logging_mixin.py:104} INFO - [2022-03-01 01:55:53,923] {dag.py:2273} INFO - Setting next_dagrun for example_dag_decorator to None
[2022-03-01 01:55:53,938] {scheduler_job.py:190} INFO - Processing /home/airflow/.local/lib/python3.6/site-packages/airflow/example_dags/example_dag_decorator.py took 0.106 seconds
[2022-03-01 01:56:24,203] {scheduler_job.py:182} INFO - Started process (PID=490) to work on /home/airflow/.local/lib/python3.6/site-packages/airflow/example_dags/example_dag_decorator.py
[2022-03-01 01:56:24,207] {scheduler_job.py:629} INFO - Processing file /home/airflow/.local/lib/python3.6/site-packages/airflow/example_dags/example_dag_decorator.py for tasks to queue
[2022-03-01 01:56:24,209] {logging_mixin.py:104} INFO - [2022-03-01 01:56:24,209] {dagbag.py:448} INFO - Filling up the DagBag from /home/airflow/.local/lib/python3.6/site-packages/airflow/example_dags/example_dag_decorator.py
[2022-03-01 01:56:24,235] {scheduler_job.py:639} INFO - DAG(s) dict_keys(['example_dag_decorator']) retrieved from /home/airflow/.local/lib/python3.6/site-packages/airflow/example_dags/example_dag_decorator.py
[2022-03-01 01:56:24,272] {logging_mixin.py:104} INFO - [2022-03-01 01:56:24,272] {dag.py:1818} INFO - Sync 1 DAGs
[2022-03-01 01:56:24,290] {logging_mixin.py:104} INFO - [2022-03-01 01:56:24,290] {dag.py:2273} INFO - Setting next_dagrun for example_dag_decorator to None
[2022-03-01 01:56:24,304] {scheduler_job.py:190} INFO - Processing /home/airflow/.local/lib/python3.6/site-packages/airflow/example_dags/example_dag_decorator.py took 0.107 seconds
[2022-03-01 01:56:54,886] {scheduler_job.py:182} INFO - Started process (PID=517) to work on /home/airflow/.local/lib/python3.6/site-packages/airflow/example_dags/example_dag_decorator.py
[2022-03-01 01:56:54,888] {scheduler_job.py:629} INFO - Processing file /home/airflow/.local/lib/python3.6/site-packages/airflow/example_dags/example_dag_decorator.py for tasks to queue
[2022-03-01 01:56:54,890] {logging_mixin.py:104} INFO - [2022-03-01 01:56:54,890] {dagbag.py:448} INFO - Filling up the DagBag from /home/airflow/.local/lib/python3.6/site-packages/airflow/example_dags/example_dag_decorator.py
[2022-03-01 01:56:54,913] {scheduler_job.py:639} INFO - DAG(s) dict_keys(['example_dag_decorator']) retrieved from /home/airflow/.local/lib/python3.6/site-packages/airflow/example_dags/example_dag_decorator.py
[2022-03-01 01:56:54,944] {logging_mixin.py:104} INFO - [2022-03-01 01:56:54,944] {dag.py:1818} INFO - Sync 1 DAGs
[2022-03-01 01:56:54,963] {logging_mixin.py:104} INFO - [2022-03-01 01:56:54,963] {dag.py:2273} INFO - Setting next_dagrun for example_dag_decorator to None
[2022-03-01 01:56:54,975] {scheduler_job.py:190} INFO - Processing /home/airflow/.local/lib/python3.6/site-packages/airflow/example_dags/example_dag_decorator.py took 0.093 seconds
[2022-03-01 01:57:25,865] {scheduler_job.py:182} INFO - Started process (PID=545) to work on /home/airflow/.local/lib/python3.6/site-packages/airflow/example_dags/example_dag_decorator.py
[2022-03-01 01:57:25,868] {scheduler_job.py:629} INFO - Processing file /home/airflow/.local/lib/python3.6/site-packages/airflow/example_dags/example_dag_decorator.py for tasks to queue
[2022-03-01 01:57:25,869] {logging_mixin.py:104} INFO - [2022-03-01 01:57:25,869] {dagbag.py:448} INFO - Filling up the DagBag from /home/airflow/.local/lib/python3.6/site-packages/airflow/example_dags/example_dag_decorator.py
[2022-03-01 01:57:25,889] {scheduler_job.py:639} INFO - DAG(s) dict_keys(['example_dag_decorator']) retrieved from /home/airflow/.local/lib/python3.6/site-packages/airflow/example_dags/example_dag_decorator.py
[2022-03-01 01:57:25,934] {logging_mixin.py:104} INFO - [2022-03-01 01:57:25,934] {dag.py:1818} INFO - Sync 1 DAGs
[2022-03-01 01:57:25,955] {logging_mixin.py:104} INFO - [2022-03-01 01:57:25,955] {dag.py:2273} INFO - Setting next_dagrun for example_dag_decorator to None
[2022-03-01 01:57:25,973] {scheduler_job.py:190} INFO - Processing /home/airflow/.local/lib/python3.6/site-packages/airflow/example_dags/example_dag_decorator.py took 0.113 seconds
[2022-03-01 01:57:56,394] {scheduler_job.py:182} INFO - Started process (PID=571) to work on /home/airflow/.local/lib/python3.6/site-packages/airflow/example_dags/example_dag_decorator.py
[2022-03-01 01:57:56,396] {scheduler_job.py:629} INFO - Processing file /home/airflow/.local/lib/python3.6/site-packages/airflow/example_dags/example_dag_decorator.py for tasks to queue
[2022-03-01 01:57:56,397] {logging_mixin.py:104} INFO - [2022-03-01 01:57:56,397] {dagbag.py:448} INFO - Filling up the DagBag from /home/airflow/.local/lib/python3.6/site-packages/airflow/example_dags/example_dag_decorator.py
[2022-03-01 01:57:56,419] {scheduler_job.py:639} INFO - DAG(s) dict_keys(['example_dag_decorator']) retrieved from /home/airflow/.local/lib/python3.6/site-packages/airflow/example_dags/example_dag_decorator.py
[2022-03-01 01:57:56,454] {logging_mixin.py:104} INFO - [2022-03-01 01:57:56,454] {dag.py:1818} INFO - Sync 1 DAGs
[2022-03-01 01:57:56,481] {logging_mixin.py:104} INFO - [2022-03-01 01:57:56,481] {dag.py:2273} INFO - Setting next_dagrun for example_dag_decorator to None
[2022-03-01 01:57:56,493] {scheduler_job.py:190} INFO - Processing /home/airflow/.local/lib/python3.6/site-packages/airflow/example_dags/example_dag_decorator.py took 0.104 seconds
[2022-03-01 01:58:27,534] {scheduler_job.py:182} INFO - Started process (PID=597) to work on /home/airflow/.local/lib/python3.6/site-packages/airflow/example_dags/example_dag_decorator.py
[2022-03-01 01:58:27,536] {scheduler_job.py:629} INFO - Processing file /home/airflow/.local/lib/python3.6/site-packages/airflow/example_dags/example_dag_decorator.py for tasks to queue
[2022-03-01 01:58:27,537] {logging_mixin.py:104} INFO - [2022-03-01 01:58:27,537] {dagbag.py:448} INFO - Filling up the DagBag from /home/airflow/.local/lib/python3.6/site-packages/airflow/example_dags/example_dag_decorator.py
[2022-03-01 01:58:27,560] {scheduler_job.py:639} INFO - DAG(s) dict_keys(['example_dag_decorator']) retrieved from /home/airflow/.local/lib/python3.6/site-packages/airflow/example_dags/example_dag_decorator.py
[2022-03-01 01:58:27,593] {logging_mixin.py:104} INFO - [2022-03-01 01:58:27,593] {dag.py:1818} INFO - Sync 1 DAGs
[2022-03-01 01:58:27,612] {logging_mixin.py:104} INFO - [2022-03-01 01:58:27,612] {dag.py:2273} INFO - Setting next_dagrun for example_dag_decorator to None
[2022-03-01 01:58:27,626] {scheduler_job.py:190} INFO - Processing /home/airflow/.local/lib/python3.6/site-packages/airflow/example_dags/example_dag_decorator.py took 0.096 seconds
[2022-03-01 01:58:58,555] {scheduler_job.py:182} INFO - Started process (PID=623) to work on /home/airflow/.local/lib/python3.6/site-packages/airflow/example_dags/example_dag_decorator.py
[2022-03-01 01:58:58,561] {scheduler_job.py:629} INFO - Processing file /home/airflow/.local/lib/python3.6/site-packages/airflow/example_dags/example_dag_decorator.py for tasks to queue
[2022-03-01 01:58:58,567] {logging_mixin.py:104} INFO - [2022-03-01 01:58:58,566] {dagbag.py:448} INFO - Filling up the DagBag from /home/airflow/.local/lib/python3.6/site-packages/airflow/example_dags/example_dag_decorator.py
[2022-03-01 01:58:58,603] {scheduler_job.py:639} INFO - DAG(s) dict_keys(['example_dag_decorator']) retrieved from /home/airflow/.local/lib/python3.6/site-packages/airflow/example_dags/example_dag_decorator.py
[2022-03-01 01:58:58,652] {logging_mixin.py:104} INFO - [2022-03-01 01:58:58,652] {dag.py:1818} INFO - Sync 1 DAGs
[2022-03-01 01:58:58,670] {logging_mixin.py:104} INFO - [2022-03-01 01:58:58,670] {dag.py:2273} INFO - Setting next_dagrun for example_dag_decorator to None
[2022-03-01 01:58:58,700] {scheduler_job.py:190} INFO - Processing /home/airflow/.local/lib/python3.6/site-packages/airflow/example_dags/example_dag_decorator.py took 0.152 seconds
[2022-03-01 01:59:29,425] {scheduler_job.py:182} INFO - Started process (PID=649) to work on /home/airflow/.local/lib/python3.6/site-packages/airflow/example_dags/example_dag_decorator.py
[2022-03-01 01:59:29,428] {scheduler_job.py:629} INFO - Processing file /home/airflow/.local/lib/python3.6/site-packages/airflow/example_dags/example_dag_decorator.py for tasks to queue
[2022-03-01 01:59:29,429] {logging_mixin.py:104} INFO - [2022-03-01 01:59:29,429] {dagbag.py:448} INFO - Filling up the DagBag from /home/airflow/.local/lib/python3.6/site-packages/airflow/example_dags/example_dag_decorator.py
[2022-03-01 01:59:29,451] {scheduler_job.py:639} INFO - DAG(s) dict_keys(['example_dag_decorator']) retrieved from /home/airflow/.local/lib/python3.6/site-packages/airflow/example_dags/example_dag_decorator.py
[2022-03-01 01:59:29,481] {logging_mixin.py:104} INFO - [2022-03-01 01:59:29,481] {dag.py:1818} INFO - Sync 1 DAGs
[2022-03-01 01:59:29,499] {logging_mixin.py:104} INFO - [2022-03-01 01:59:29,499] {dag.py:2273} INFO - Setting next_dagrun for example_dag_decorator to None
[2022-03-01 01:59:29,514] {scheduler_job.py:190} INFO - Processing /home/airflow/.local/lib/python3.6/site-packages/airflow/example_dags/example_dag_decorator.py took 0.093 seconds
[2022-03-01 01:59:59,960] {scheduler_job.py:182} INFO - Started process (PID=674) to work on /home/airflow/.local/lib/python3.6/site-packages/airflow/example_dags/example_dag_decorator.py
[2022-03-01 01:59:59,961] {scheduler_job.py:629} INFO - Processing file /home/airflow/.local/lib/python3.6/site-packages/airflow/example_dags/example_dag_decorator.py for tasks to queue
[2022-03-01 01:59:59,963] {logging_mixin.py:104} INFO - [2022-03-01 01:59:59,963] {dagbag.py:448} INFO - Filling up the DagBag from /home/airflow/.local/lib/python3.6/site-packages/airflow/example_dags/example_dag_decorator.py
[2022-03-01 01:59:59,986] {scheduler_job.py:639} INFO - DAG(s) dict_keys(['example_dag_decorator']) retrieved from /home/airflow/.local/lib/python3.6/site-packages/airflow/example_dags/example_dag_decorator.py
[2022-03-01 02:00:00,015] {logging_mixin.py:104} INFO - [2022-03-01 02:00:00,015] {dag.py:1818} INFO - Sync 1 DAGs
[2022-03-01 02:00:00,034] {logging_mixin.py:104} INFO - [2022-03-01 02:00:00,034] {dag.py:2273} INFO - Setting next_dagrun for example_dag_decorator to None
[2022-03-01 02:00:00,047] {scheduler_job.py:190} INFO - Processing /home/airflow/.local/lib/python3.6/site-packages/airflow/example_dags/example_dag_decorator.py took 0.092 seconds
[2022-03-01 02:00:30,570] {scheduler_job.py:182} INFO - Started process (PID=700) to work on /home/airflow/.local/lib/python3.6/site-packages/airflow/example_dags/example_dag_decorator.py
[2022-03-01 02:00:30,574] {scheduler_job.py:629} INFO - Processing file /home/airflow/.local/lib/python3.6/site-packages/airflow/example_dags/example_dag_decorator.py for tasks to queue
[2022-03-01 02:00:30,575] {logging_mixin.py:104} INFO - [2022-03-01 02:00:30,575] {dagbag.py:448} INFO - Filling up the DagBag from /home/airflow/.local/lib/python3.6/site-packages/airflow/example_dags/example_dag_decorator.py
[2022-03-01 02:00:30,598] {scheduler_job.py:639} INFO - DAG(s) dict_keys(['example_dag_decorator']) retrieved from /home/airflow/.local/lib/python3.6/site-packages/airflow/example_dags/example_dag_decorator.py
[2022-03-01 02:00:30,628] {logging_mixin.py:104} INFO - [2022-03-01 02:00:30,628] {dag.py:1818} INFO - Sync 1 DAGs
[2022-03-01 02:00:30,646] {logging_mixin.py:104} INFO - [2022-03-01 02:00:30,645] {dag.py:2273} INFO - Setting next_dagrun for example_dag_decorator to None
[2022-03-01 02:00:30,659] {scheduler_job.py:190} INFO - Processing /home/airflow/.local/lib/python3.6/site-packages/airflow/example_dags/example_dag_decorator.py took 0.095 seconds
[2022-03-01 02:01:01,155] {scheduler_job.py:182} INFO - Started process (PID=726) to work on /home/airflow/.local/lib/python3.6/site-packages/airflow/example_dags/example_dag_decorator.py
[2022-03-01 02:01:01,157] {scheduler_job.py:629} INFO - Processing file /home/airflow/.local/lib/python3.6/site-packages/airflow/example_dags/example_dag_decorator.py for tasks to queue
[2022-03-01 02:01:01,158] {logging_mixin.py:104} INFO - [2022-03-01 02:01:01,158] {dagbag.py:448} INFO - Filling up the DagBag from /home/airflow/.local/lib/python3.6/site-packages/airflow/example_dags/example_dag_decorator.py
[2022-03-01 02:01:01,179] {scheduler_job.py:639} INFO - DAG(s) dict_keys(['example_dag_decorator']) retrieved from /home/airflow/.local/lib/python3.6/site-packages/airflow/example_dags/example_dag_decorator.py
[2022-03-01 02:01:01,207] {logging_mixin.py:104} INFO - [2022-03-01 02:01:01,207] {dag.py:1818} INFO - Sync 1 DAGs
[2022-03-01 02:01:01,224] {logging_mixin.py:104} INFO - [2022-03-01 02:01:01,223] {dag.py:2273} INFO - Setting next_dagrun for example_dag_decorator to None
[2022-03-01 02:01:01,236] {scheduler_job.py:190} INFO - Processing /home/airflow/.local/lib/python3.6/site-packages/airflow/example_dags/example_dag_decorator.py took 0.085 seconds
[2022-03-01 02:01:31,524] {scheduler_job.py:182} INFO - Started process (PID=751) to work on /home/airflow/.local/lib/python3.6/site-packages/airflow/example_dags/example_dag_decorator.py
[2022-03-01 02:01:31,527] {scheduler_job.py:629} INFO - Processing file /home/airflow/.local/lib/python3.6/site-packages/airflow/example_dags/example_dag_decorator.py for tasks to queue
[2022-03-01 02:01:31,529] {logging_mixin.py:104} INFO - [2022-03-01 02:01:31,528] {dagbag.py:448} INFO - Filling up the DagBag from /home/airflow/.local/lib/python3.6/site-packages/airflow/example_dags/example_dag_decorator.py
[2022-03-01 02:01:31,553] {scheduler_job.py:639} INFO - DAG(s) dict_keys(['example_dag_decorator']) retrieved from /home/airflow/.local/lib/python3.6/site-packages/airflow/example_dags/example_dag_decorator.py
[2022-03-01 02:01:31,585] {logging_mixin.py:104} INFO - [2022-03-01 02:01:31,585] {dag.py:1818} INFO - Sync 1 DAGs
[2022-03-01 02:01:31,606] {logging_mixin.py:104} INFO - [2022-03-01 02:01:31,606] {dag.py:2273} INFO - Setting next_dagrun for example_dag_decorator to None
[2022-03-01 02:01:31,622] {scheduler_job.py:190} INFO - Processing /home/airflow/.local/lib/python3.6/site-packages/airflow/example_dags/example_dag_decorator.py took 0.103 seconds
[2022-03-01 02:02:02,217] {scheduler_job.py:182} INFO - Started process (PID=777) to work on /home/airflow/.local/lib/python3.6/site-packages/airflow/example_dags/example_dag_decorator.py
[2022-03-01 02:02:02,222] {scheduler_job.py:629} INFO - Processing file /home/airflow/.local/lib/python3.6/site-packages/airflow/example_dags/example_dag_decorator.py for tasks to queue
[2022-03-01 02:02:02,224] {logging_mixin.py:104} INFO - [2022-03-01 02:02:02,224] {dagbag.py:448} INFO - Filling up the DagBag from /home/airflow/.local/lib/python3.6/site-packages/airflow/example_dags/example_dag_decorator.py
[2022-03-01 02:02:02,257] {scheduler_job.py:639} INFO - DAG(s) dict_keys(['example_dag_decorator']) retrieved from /home/airflow/.local/lib/python3.6/site-packages/airflow/example_dags/example_dag_decorator.py
[2022-03-01 02:02:02,292] {logging_mixin.py:104} INFO - [2022-03-01 02:02:02,292] {dag.py:1818} INFO - Sync 1 DAGs
[2022-03-01 02:02:02,310] {logging_mixin.py:104} INFO - [2022-03-01 02:02:02,310] {dag.py:2273} INFO - Setting next_dagrun for example_dag_decorator to None
[2022-03-01 02:02:02,323] {scheduler_job.py:190} INFO - Processing /home/airflow/.local/lib/python3.6/site-packages/airflow/example_dags/example_dag_decorator.py took 0.111 seconds
