[2022-03-01 01:48:10,466] {scheduler_job.py:182} INFO - Started process (PID=32) to work on /home/airflow/.local/lib/python3.6/site-packages/airflow/example_dags/example_branch_python_dop_operator_3.py
[2022-03-01 01:48:10,469] {scheduler_job.py:629} INFO - Processing file /home/airflow/.local/lib/python3.6/site-packages/airflow/example_dags/example_branch_python_dop_operator_3.py for tasks to queue
[2022-03-01 01:48:10,471] {logging_mixin.py:104} INFO - [2022-03-01 01:48:10,470] {dagbag.py:448} INFO - Filling up the DagBag from /home/airflow/.local/lib/python3.6/site-packages/airflow/example_dags/example_branch_python_dop_operator_3.py
[2022-03-01 01:48:10,495] {scheduler_job.py:639} INFO - DAG(s) dict_keys(['example_branch_dop_operator_v3']) retrieved from /home/airflow/.local/lib/python3.6/site-packages/airflow/example_dags/example_branch_python_dop_operator_3.py
[2022-03-01 01:48:10,538] {logging_mixin.py:104} INFO - [2022-03-01 01:48:10,538] {dag.py:1818} INFO - Sync 1 DAGs
[2022-03-01 01:48:10,555] {logging_mixin.py:104} INFO - [2022-03-01 01:48:10,555] {dag.py:1837} INFO - Creating ORM DAG for example_branch_dop_operator_v3
[2022-03-01 01:48:10,597] {logging_mixin.py:104} INFO - [2022-03-01 01:48:10,597] {dag.py:2273} INFO - Setting next_dagrun for example_branch_dop_operator_v3 to 2022-02-27 00:00:00+00:00
[2022-03-01 01:48:10,626] {scheduler_job.py:190} INFO - Processing /home/airflow/.local/lib/python3.6/site-packages/airflow/example_dags/example_branch_python_dop_operator_3.py took 0.165 seconds
[2022-03-01 01:48:41,348] {scheduler_job.py:182} INFO - Started process (PID=58) to work on /home/airflow/.local/lib/python3.6/site-packages/airflow/example_dags/example_branch_python_dop_operator_3.py
[2022-03-01 01:48:41,350] {scheduler_job.py:629} INFO - Processing file /home/airflow/.local/lib/python3.6/site-packages/airflow/example_dags/example_branch_python_dop_operator_3.py for tasks to queue
[2022-03-01 01:48:41,351] {logging_mixin.py:104} INFO - [2022-03-01 01:48:41,351] {dagbag.py:448} INFO - Filling up the DagBag from /home/airflow/.local/lib/python3.6/site-packages/airflow/example_dags/example_branch_python_dop_operator_3.py
[2022-03-01 01:48:41,369] {scheduler_job.py:639} INFO - DAG(s) dict_keys(['example_branch_dop_operator_v3']) retrieved from /home/airflow/.local/lib/python3.6/site-packages/airflow/example_dags/example_branch_python_dop_operator_3.py
[2022-03-01 01:48:41,395] {logging_mixin.py:104} INFO - [2022-03-01 01:48:41,394] {dag.py:1818} INFO - Sync 1 DAGs
[2022-03-01 01:48:41,427] {logging_mixin.py:104} INFO - [2022-03-01 01:48:41,426] {dag.py:2273} INFO - Setting next_dagrun for example_branch_dop_operator_v3 to 2022-02-27 00:00:00+00:00
[2022-03-01 01:48:41,438] {scheduler_job.py:190} INFO - Processing /home/airflow/.local/lib/python3.6/site-packages/airflow/example_dags/example_branch_python_dop_operator_3.py took 0.095 seconds
[2022-03-01 01:49:11,912] {scheduler_job.py:182} INFO - Started process (PID=83) to work on /home/airflow/.local/lib/python3.6/site-packages/airflow/example_dags/example_branch_python_dop_operator_3.py
[2022-03-01 01:49:11,914] {scheduler_job.py:629} INFO - Processing file /home/airflow/.local/lib/python3.6/site-packages/airflow/example_dags/example_branch_python_dop_operator_3.py for tasks to queue
[2022-03-01 01:49:11,916] {logging_mixin.py:104} INFO - [2022-03-01 01:49:11,915] {dagbag.py:448} INFO - Filling up the DagBag from /home/airflow/.local/lib/python3.6/site-packages/airflow/example_dags/example_branch_python_dop_operator_3.py
[2022-03-01 01:49:11,932] {scheduler_job.py:639} INFO - DAG(s) dict_keys(['example_branch_dop_operator_v3']) retrieved from /home/airflow/.local/lib/python3.6/site-packages/airflow/example_dags/example_branch_python_dop_operator_3.py
[2022-03-01 01:49:11,955] {logging_mixin.py:104} INFO - [2022-03-01 01:49:11,955] {dag.py:1818} INFO - Sync 1 DAGs
[2022-03-01 01:49:11,987] {logging_mixin.py:104} INFO - [2022-03-01 01:49:11,987] {dag.py:2273} INFO - Setting next_dagrun for example_branch_dop_operator_v3 to 2022-02-27 00:00:00+00:00
[2022-03-01 01:49:11,998] {scheduler_job.py:190} INFO - Processing /home/airflow/.local/lib/python3.6/site-packages/airflow/example_dags/example_branch_python_dop_operator_3.py took 0.090 seconds
[2022-03-01 01:49:42,436] {scheduler_job.py:182} INFO - Started process (PID=109) to work on /home/airflow/.local/lib/python3.6/site-packages/airflow/example_dags/example_branch_python_dop_operator_3.py
[2022-03-01 01:49:42,438] {scheduler_job.py:629} INFO - Processing file /home/airflow/.local/lib/python3.6/site-packages/airflow/example_dags/example_branch_python_dop_operator_3.py for tasks to queue
[2022-03-01 01:49:42,439] {logging_mixin.py:104} INFO - [2022-03-01 01:49:42,439] {dagbag.py:448} INFO - Filling up the DagBag from /home/airflow/.local/lib/python3.6/site-packages/airflow/example_dags/example_branch_python_dop_operator_3.py
[2022-03-01 01:49:42,454] {scheduler_job.py:639} INFO - DAG(s) dict_keys(['example_branch_dop_operator_v3']) retrieved from /home/airflow/.local/lib/python3.6/site-packages/airflow/example_dags/example_branch_python_dop_operator_3.py
[2022-03-01 01:49:42,477] {logging_mixin.py:104} INFO - [2022-03-01 01:49:42,477] {dag.py:1818} INFO - Sync 1 DAGs
[2022-03-01 01:49:42,509] {logging_mixin.py:104} INFO - [2022-03-01 01:49:42,509] {dag.py:2273} INFO - Setting next_dagrun for example_branch_dop_operator_v3 to 2022-02-27 00:00:00+00:00
[2022-03-01 01:49:42,519] {scheduler_job.py:190} INFO - Processing /home/airflow/.local/lib/python3.6/site-packages/airflow/example_dags/example_branch_python_dop_operator_3.py took 0.087 seconds
[2022-03-01 01:50:13,750] {scheduler_job.py:182} INFO - Started process (PID=161) to work on /home/airflow/.local/lib/python3.6/site-packages/airflow/example_dags/example_branch_python_dop_operator_3.py
[2022-03-01 01:50:13,752] {scheduler_job.py:629} INFO - Processing file /home/airflow/.local/lib/python3.6/site-packages/airflow/example_dags/example_branch_python_dop_operator_3.py for tasks to queue
[2022-03-01 01:50:13,755] {logging_mixin.py:104} INFO - [2022-03-01 01:50:13,755] {dagbag.py:448} INFO - Filling up the DagBag from /home/airflow/.local/lib/python3.6/site-packages/airflow/example_dags/example_branch_python_dop_operator_3.py
[2022-03-01 01:50:13,784] {scheduler_job.py:639} INFO - DAG(s) dict_keys(['example_branch_dop_operator_v3']) retrieved from /home/airflow/.local/lib/python3.6/site-packages/airflow/example_dags/example_branch_python_dop_operator_3.py
[2022-03-01 01:50:13,841] {logging_mixin.py:104} INFO - [2022-03-01 01:50:13,841] {dag.py:1818} INFO - Sync 1 DAGs
[2022-03-01 01:50:13,903] {logging_mixin.py:104} INFO - [2022-03-01 01:50:13,903] {dag.py:2273} INFO - Setting next_dagrun for example_branch_dop_operator_v3 to 2022-02-27 00:00:00+00:00
[2022-03-01 01:50:13,922] {scheduler_job.py:190} INFO - Processing /home/airflow/.local/lib/python3.6/site-packages/airflow/example_dags/example_branch_python_dop_operator_3.py took 0.177 seconds
[2022-03-01 01:50:44,695] {scheduler_job.py:182} INFO - Started process (PID=187) to work on /home/airflow/.local/lib/python3.6/site-packages/airflow/example_dags/example_branch_python_dop_operator_3.py
[2022-03-01 01:50:44,698] {scheduler_job.py:629} INFO - Processing file /home/airflow/.local/lib/python3.6/site-packages/airflow/example_dags/example_branch_python_dop_operator_3.py for tasks to queue
[2022-03-01 01:50:44,699] {logging_mixin.py:104} INFO - [2022-03-01 01:50:44,699] {dagbag.py:448} INFO - Filling up the DagBag from /home/airflow/.local/lib/python3.6/site-packages/airflow/example_dags/example_branch_python_dop_operator_3.py
[2022-03-01 01:50:44,717] {scheduler_job.py:639} INFO - DAG(s) dict_keys(['example_branch_dop_operator_v3']) retrieved from /home/airflow/.local/lib/python3.6/site-packages/airflow/example_dags/example_branch_python_dop_operator_3.py
[2022-03-01 01:50:44,760] {logging_mixin.py:104} INFO - [2022-03-01 01:50:44,760] {dag.py:1818} INFO - Sync 1 DAGs
[2022-03-01 01:50:44,790] {logging_mixin.py:104} INFO - [2022-03-01 01:50:44,790] {dag.py:2273} INFO - Setting next_dagrun for example_branch_dop_operator_v3 to 2022-02-27 00:00:00+00:00
[2022-03-01 01:50:44,799] {scheduler_job.py:190} INFO - Processing /home/airflow/.local/lib/python3.6/site-packages/airflow/example_dags/example_branch_python_dop_operator_3.py took 0.108 seconds
[2022-03-01 01:51:15,601] {scheduler_job.py:182} INFO - Started process (PID=214) to work on /home/airflow/.local/lib/python3.6/site-packages/airflow/example_dags/example_branch_python_dop_operator_3.py
[2022-03-01 01:51:15,603] {scheduler_job.py:629} INFO - Processing file /home/airflow/.local/lib/python3.6/site-packages/airflow/example_dags/example_branch_python_dop_operator_3.py for tasks to queue
[2022-03-01 01:51:15,605] {logging_mixin.py:104} INFO - [2022-03-01 01:51:15,605] {dagbag.py:448} INFO - Filling up the DagBag from /home/airflow/.local/lib/python3.6/site-packages/airflow/example_dags/example_branch_python_dop_operator_3.py
[2022-03-01 01:51:15,622] {scheduler_job.py:639} INFO - DAG(s) dict_keys(['example_branch_dop_operator_v3']) retrieved from /home/airflow/.local/lib/python3.6/site-packages/airflow/example_dags/example_branch_python_dop_operator_3.py
[2022-03-01 01:51:15,647] {logging_mixin.py:104} INFO - [2022-03-01 01:51:15,647] {dag.py:1818} INFO - Sync 1 DAGs
[2022-03-01 01:51:15,680] {logging_mixin.py:104} INFO - [2022-03-01 01:51:15,680] {dag.py:2273} INFO - Setting next_dagrun for example_branch_dop_operator_v3 to 2022-02-27 00:00:00+00:00
[2022-03-01 01:51:15,691] {scheduler_job.py:190} INFO - Processing /home/airflow/.local/lib/python3.6/site-packages/airflow/example_dags/example_branch_python_dop_operator_3.py took 0.093 seconds
[2022-03-01 01:51:46,255] {scheduler_job.py:182} INFO - Started process (PID=240) to work on /home/airflow/.local/lib/python3.6/site-packages/airflow/example_dags/example_branch_python_dop_operator_3.py
[2022-03-01 01:51:46,257] {scheduler_job.py:629} INFO - Processing file /home/airflow/.local/lib/python3.6/site-packages/airflow/example_dags/example_branch_python_dop_operator_3.py for tasks to queue
[2022-03-01 01:51:46,259] {logging_mixin.py:104} INFO - [2022-03-01 01:51:46,259] {dagbag.py:448} INFO - Filling up the DagBag from /home/airflow/.local/lib/python3.6/site-packages/airflow/example_dags/example_branch_python_dop_operator_3.py
[2022-03-01 01:51:46,276] {scheduler_job.py:639} INFO - DAG(s) dict_keys(['example_branch_dop_operator_v3']) retrieved from /home/airflow/.local/lib/python3.6/site-packages/airflow/example_dags/example_branch_python_dop_operator_3.py
[2022-03-01 01:51:46,300] {logging_mixin.py:104} INFO - [2022-03-01 01:51:46,300] {dag.py:1818} INFO - Sync 1 DAGs
[2022-03-01 01:51:46,332] {logging_mixin.py:104} INFO - [2022-03-01 01:51:46,331] {dag.py:2273} INFO - Setting next_dagrun for example_branch_dop_operator_v3 to 2022-02-27 00:00:00+00:00
[2022-03-01 01:51:46,344] {scheduler_job.py:190} INFO - Processing /home/airflow/.local/lib/python3.6/site-packages/airflow/example_dags/example_branch_python_dop_operator_3.py took 0.093 seconds
[2022-03-01 01:52:16,937] {scheduler_job.py:182} INFO - Started process (PID=266) to work on /home/airflow/.local/lib/python3.6/site-packages/airflow/example_dags/example_branch_python_dop_operator_3.py
[2022-03-01 01:52:16,939] {scheduler_job.py:629} INFO - Processing file /home/airflow/.local/lib/python3.6/site-packages/airflow/example_dags/example_branch_python_dop_operator_3.py for tasks to queue
[2022-03-01 01:52:16,941] {logging_mixin.py:104} INFO - [2022-03-01 01:52:16,941] {dagbag.py:448} INFO - Filling up the DagBag from /home/airflow/.local/lib/python3.6/site-packages/airflow/example_dags/example_branch_python_dop_operator_3.py
[2022-03-01 01:52:16,961] {scheduler_job.py:639} INFO - DAG(s) dict_keys(['example_branch_dop_operator_v3']) retrieved from /home/airflow/.local/lib/python3.6/site-packages/airflow/example_dags/example_branch_python_dop_operator_3.py
[2022-03-01 01:52:16,991] {logging_mixin.py:104} INFO - [2022-03-01 01:52:16,991] {dag.py:1818} INFO - Sync 1 DAGs
[2022-03-01 01:52:17,026] {logging_mixin.py:104} INFO - [2022-03-01 01:52:17,026] {dag.py:2273} INFO - Setting next_dagrun for example_branch_dop_operator_v3 to 2022-02-27 00:00:00+00:00
[2022-03-01 01:52:17,036] {scheduler_job.py:190} INFO - Processing /home/airflow/.local/lib/python3.6/site-packages/airflow/example_dags/example_branch_python_dop_operator_3.py took 0.103 seconds
[2022-03-01 01:52:47,554] {scheduler_job.py:182} INFO - Started process (PID=292) to work on /home/airflow/.local/lib/python3.6/site-packages/airflow/example_dags/example_branch_python_dop_operator_3.py
[2022-03-01 01:52:47,557] {scheduler_job.py:629} INFO - Processing file /home/airflow/.local/lib/python3.6/site-packages/airflow/example_dags/example_branch_python_dop_operator_3.py for tasks to queue
[2022-03-01 01:52:47,559] {logging_mixin.py:104} INFO - [2022-03-01 01:52:47,559] {dagbag.py:448} INFO - Filling up the DagBag from /home/airflow/.local/lib/python3.6/site-packages/airflow/example_dags/example_branch_python_dop_operator_3.py
[2022-03-01 01:52:47,586] {scheduler_job.py:639} INFO - DAG(s) dict_keys(['example_branch_dop_operator_v3']) retrieved from /home/airflow/.local/lib/python3.6/site-packages/airflow/example_dags/example_branch_python_dop_operator_3.py
[2022-03-01 01:52:47,622] {logging_mixin.py:104} INFO - [2022-03-01 01:52:47,622] {dag.py:1818} INFO - Sync 1 DAGs
[2022-03-01 01:52:47,676] {logging_mixin.py:104} INFO - [2022-03-01 01:52:47,676] {dag.py:2273} INFO - Setting next_dagrun for example_branch_dop_operator_v3 to 2022-02-27 00:00:00+00:00
[2022-03-01 01:52:47,691] {scheduler_job.py:190} INFO - Processing /home/airflow/.local/lib/python3.6/site-packages/airflow/example_dags/example_branch_python_dop_operator_3.py took 0.142 seconds
[2022-03-01 01:53:17,883] {scheduler_job.py:182} INFO - Started process (PID=317) to work on /home/airflow/.local/lib/python3.6/site-packages/airflow/example_dags/example_branch_python_dop_operator_3.py
[2022-03-01 01:53:17,887] {scheduler_job.py:629} INFO - Processing file /home/airflow/.local/lib/python3.6/site-packages/airflow/example_dags/example_branch_python_dop_operator_3.py for tasks to queue
[2022-03-01 01:53:17,889] {logging_mixin.py:104} INFO - [2022-03-01 01:53:17,889] {dagbag.py:448} INFO - Filling up the DagBag from /home/airflow/.local/lib/python3.6/site-packages/airflow/example_dags/example_branch_python_dop_operator_3.py
[2022-03-01 01:53:17,911] {scheduler_job.py:639} INFO - DAG(s) dict_keys(['example_branch_dop_operator_v3']) retrieved from /home/airflow/.local/lib/python3.6/site-packages/airflow/example_dags/example_branch_python_dop_operator_3.py
[2022-03-01 01:53:17,937] {logging_mixin.py:104} INFO - [2022-03-01 01:53:17,937] {dag.py:1818} INFO - Sync 1 DAGs
[2022-03-01 01:53:17,978] {logging_mixin.py:104} INFO - [2022-03-01 01:53:17,978] {dag.py:2273} INFO - Setting next_dagrun for example_branch_dop_operator_v3 to 2022-02-27 00:00:00+00:00
[2022-03-01 01:53:17,991] {scheduler_job.py:190} INFO - Processing /home/airflow/.local/lib/python3.6/site-packages/airflow/example_dags/example_branch_python_dop_operator_3.py took 0.121 seconds
[2022-03-01 01:53:48,725] {scheduler_job.py:182} INFO - Started process (PID=344) to work on /home/airflow/.local/lib/python3.6/site-packages/airflow/example_dags/example_branch_python_dop_operator_3.py
[2022-03-01 01:53:48,729] {scheduler_job.py:629} INFO - Processing file /home/airflow/.local/lib/python3.6/site-packages/airflow/example_dags/example_branch_python_dop_operator_3.py for tasks to queue
[2022-03-01 01:53:48,731] {logging_mixin.py:104} INFO - [2022-03-01 01:53:48,731] {dagbag.py:448} INFO - Filling up the DagBag from /home/airflow/.local/lib/python3.6/site-packages/airflow/example_dags/example_branch_python_dop_operator_3.py
[2022-03-01 01:53:48,763] {scheduler_job.py:639} INFO - DAG(s) dict_keys(['example_branch_dop_operator_v3']) retrieved from /home/airflow/.local/lib/python3.6/site-packages/airflow/example_dags/example_branch_python_dop_operator_3.py
[2022-03-01 01:53:48,816] {logging_mixin.py:104} INFO - [2022-03-01 01:53:48,816] {dag.py:1818} INFO - Sync 1 DAGs
[2022-03-01 01:53:48,884] {logging_mixin.py:104} INFO - [2022-03-01 01:53:48,884] {dag.py:2273} INFO - Setting next_dagrun for example_branch_dop_operator_v3 to 2022-02-27 00:00:00+00:00
[2022-03-01 01:53:48,902] {scheduler_job.py:190} INFO - Processing /home/airflow/.local/lib/python3.6/site-packages/airflow/example_dags/example_branch_python_dop_operator_3.py took 0.190 seconds
[2022-03-01 01:54:19,203] {scheduler_job.py:182} INFO - Started process (PID=370) to work on /home/airflow/.local/lib/python3.6/site-packages/airflow/example_dags/example_branch_python_dop_operator_3.py
[2022-03-01 01:54:19,205] {scheduler_job.py:629} INFO - Processing file /home/airflow/.local/lib/python3.6/site-packages/airflow/example_dags/example_branch_python_dop_operator_3.py for tasks to queue
[2022-03-01 01:54:19,206] {logging_mixin.py:104} INFO - [2022-03-01 01:54:19,206] {dagbag.py:448} INFO - Filling up the DagBag from /home/airflow/.local/lib/python3.6/site-packages/airflow/example_dags/example_branch_python_dop_operator_3.py
[2022-03-01 01:54:19,223] {scheduler_job.py:639} INFO - DAG(s) dict_keys(['example_branch_dop_operator_v3']) retrieved from /home/airflow/.local/lib/python3.6/site-packages/airflow/example_dags/example_branch_python_dop_operator_3.py
[2022-03-01 01:54:19,255] {logging_mixin.py:104} INFO - [2022-03-01 01:54:19,255] {dag.py:1818} INFO - Sync 1 DAGs
[2022-03-01 01:54:19,308] {logging_mixin.py:104} INFO - [2022-03-01 01:54:19,308] {dag.py:2273} INFO - Setting next_dagrun for example_branch_dop_operator_v3 to 2022-02-27 00:00:00+00:00
[2022-03-01 01:54:19,318] {scheduler_job.py:190} INFO - Processing /home/airflow/.local/lib/python3.6/site-packages/airflow/example_dags/example_branch_python_dop_operator_3.py took 0.120 seconds
[2022-03-01 01:54:49,962] {scheduler_job.py:182} INFO - Started process (PID=396) to work on /home/airflow/.local/lib/python3.6/site-packages/airflow/example_dags/example_branch_python_dop_operator_3.py
[2022-03-01 01:54:49,964] {scheduler_job.py:629} INFO - Processing file /home/airflow/.local/lib/python3.6/site-packages/airflow/example_dags/example_branch_python_dop_operator_3.py for tasks to queue
[2022-03-01 01:54:49,966] {logging_mixin.py:104} INFO - [2022-03-01 01:54:49,966] {dagbag.py:448} INFO - Filling up the DagBag from /home/airflow/.local/lib/python3.6/site-packages/airflow/example_dags/example_branch_python_dop_operator_3.py
[2022-03-01 01:54:49,988] {scheduler_job.py:639} INFO - DAG(s) dict_keys(['example_branch_dop_operator_v3']) retrieved from /home/airflow/.local/lib/python3.6/site-packages/airflow/example_dags/example_branch_python_dop_operator_3.py
[2022-03-01 01:54:50,013] {logging_mixin.py:104} INFO - [2022-03-01 01:54:50,013] {dag.py:1818} INFO - Sync 1 DAGs
[2022-03-01 01:54:50,052] {logging_mixin.py:104} INFO - [2022-03-01 01:54:50,052] {dag.py:2273} INFO - Setting next_dagrun for example_branch_dop_operator_v3 to 2022-02-27 00:00:00+00:00
[2022-03-01 01:54:50,063] {scheduler_job.py:190} INFO - Processing /home/airflow/.local/lib/python3.6/site-packages/airflow/example_dags/example_branch_python_dop_operator_3.py took 0.106 seconds
[2022-03-01 01:55:20,840] {scheduler_job.py:182} INFO - Started process (PID=422) to work on /home/airflow/.local/lib/python3.6/site-packages/airflow/example_dags/example_branch_python_dop_operator_3.py
[2022-03-01 01:55:20,843] {scheduler_job.py:629} INFO - Processing file /home/airflow/.local/lib/python3.6/site-packages/airflow/example_dags/example_branch_python_dop_operator_3.py for tasks to queue
[2022-03-01 01:55:20,844] {logging_mixin.py:104} INFO - [2022-03-01 01:55:20,844] {dagbag.py:448} INFO - Filling up the DagBag from /home/airflow/.local/lib/python3.6/site-packages/airflow/example_dags/example_branch_python_dop_operator_3.py
[2022-03-01 01:55:20,866] {scheduler_job.py:639} INFO - DAG(s) dict_keys(['example_branch_dop_operator_v3']) retrieved from /home/airflow/.local/lib/python3.6/site-packages/airflow/example_dags/example_branch_python_dop_operator_3.py
[2022-03-01 01:55:20,893] {logging_mixin.py:104} INFO - [2022-03-01 01:55:20,893] {dag.py:1818} INFO - Sync 1 DAGs
[2022-03-01 01:55:20,932] {logging_mixin.py:104} INFO - [2022-03-01 01:55:20,932] {dag.py:2273} INFO - Setting next_dagrun for example_branch_dop_operator_v3 to 2022-02-27 00:00:00+00:00
[2022-03-01 01:55:20,942] {scheduler_job.py:190} INFO - Processing /home/airflow/.local/lib/python3.6/site-packages/airflow/example_dags/example_branch_python_dop_operator_3.py took 0.106 seconds
[2022-03-01 01:55:51,797] {scheduler_job.py:182} INFO - Started process (PID=448) to work on /home/airflow/.local/lib/python3.6/site-packages/airflow/example_dags/example_branch_python_dop_operator_3.py
[2022-03-01 01:55:51,798] {scheduler_job.py:629} INFO - Processing file /home/airflow/.local/lib/python3.6/site-packages/airflow/example_dags/example_branch_python_dop_operator_3.py for tasks to queue
[2022-03-01 01:55:51,800] {logging_mixin.py:104} INFO - [2022-03-01 01:55:51,800] {dagbag.py:448} INFO - Filling up the DagBag from /home/airflow/.local/lib/python3.6/site-packages/airflow/example_dags/example_branch_python_dop_operator_3.py
[2022-03-01 01:55:51,817] {scheduler_job.py:639} INFO - DAG(s) dict_keys(['example_branch_dop_operator_v3']) retrieved from /home/airflow/.local/lib/python3.6/site-packages/airflow/example_dags/example_branch_python_dop_operator_3.py
[2022-03-01 01:55:51,841] {logging_mixin.py:104} INFO - [2022-03-01 01:55:51,840] {dag.py:1818} INFO - Sync 1 DAGs
[2022-03-01 01:55:51,874] {logging_mixin.py:104} INFO - [2022-03-01 01:55:51,874] {dag.py:2273} INFO - Setting next_dagrun for example_branch_dop_operator_v3 to 2022-02-27 00:00:00+00:00
[2022-03-01 01:55:51,885] {scheduler_job.py:190} INFO - Processing /home/airflow/.local/lib/python3.6/site-packages/airflow/example_dags/example_branch_python_dop_operator_3.py took 0.093 seconds
[2022-03-01 01:56:22,728] {scheduler_job.py:182} INFO - Started process (PID=474) to work on /home/airflow/.local/lib/python3.6/site-packages/airflow/example_dags/example_branch_python_dop_operator_3.py
[2022-03-01 01:56:22,730] {scheduler_job.py:629} INFO - Processing file /home/airflow/.local/lib/python3.6/site-packages/airflow/example_dags/example_branch_python_dop_operator_3.py for tasks to queue
[2022-03-01 01:56:22,732] {logging_mixin.py:104} INFO - [2022-03-01 01:56:22,732] {dagbag.py:448} INFO - Filling up the DagBag from /home/airflow/.local/lib/python3.6/site-packages/airflow/example_dags/example_branch_python_dop_operator_3.py
[2022-03-01 01:56:22,751] {scheduler_job.py:639} INFO - DAG(s) dict_keys(['example_branch_dop_operator_v3']) retrieved from /home/airflow/.local/lib/python3.6/site-packages/airflow/example_dags/example_branch_python_dop_operator_3.py
[2022-03-01 01:56:22,780] {logging_mixin.py:104} INFO - [2022-03-01 01:56:22,780] {dag.py:1818} INFO - Sync 1 DAGs
[2022-03-01 01:56:22,828] {logging_mixin.py:104} INFO - [2022-03-01 01:56:22,828] {dag.py:2273} INFO - Setting next_dagrun for example_branch_dop_operator_v3 to 2022-02-27 00:00:00+00:00
[2022-03-01 01:56:22,842] {scheduler_job.py:190} INFO - Processing /home/airflow/.local/lib/python3.6/site-packages/airflow/example_dags/example_branch_python_dop_operator_3.py took 0.120 seconds
[2022-03-01 01:56:52,953] {scheduler_job.py:182} INFO - Started process (PID=500) to work on /home/airflow/.local/lib/python3.6/site-packages/airflow/example_dags/example_branch_python_dop_operator_3.py
[2022-03-01 01:56:52,955] {scheduler_job.py:629} INFO - Processing file /home/airflow/.local/lib/python3.6/site-packages/airflow/example_dags/example_branch_python_dop_operator_3.py for tasks to queue
[2022-03-01 01:56:52,956] {logging_mixin.py:104} INFO - [2022-03-01 01:56:52,956] {dagbag.py:448} INFO - Filling up the DagBag from /home/airflow/.local/lib/python3.6/site-packages/airflow/example_dags/example_branch_python_dop_operator_3.py
[2022-03-01 01:56:52,974] {scheduler_job.py:639} INFO - DAG(s) dict_keys(['example_branch_dop_operator_v3']) retrieved from /home/airflow/.local/lib/python3.6/site-packages/airflow/example_dags/example_branch_python_dop_operator_3.py
[2022-03-01 01:56:52,998] {logging_mixin.py:104} INFO - [2022-03-01 01:56:52,997] {dag.py:1818} INFO - Sync 1 DAGs
[2022-03-01 01:56:53,033] {logging_mixin.py:104} INFO - [2022-03-01 01:56:53,033] {dag.py:2273} INFO - Setting next_dagrun for example_branch_dop_operator_v3 to 2022-02-27 00:00:00+00:00
[2022-03-01 01:56:53,042] {scheduler_job.py:190} INFO - Processing /home/airflow/.local/lib/python3.6/site-packages/airflow/example_dags/example_branch_python_dop_operator_3.py took 0.094 seconds
[2022-03-01 01:57:23,531] {scheduler_job.py:182} INFO - Started process (PID=526) to work on /home/airflow/.local/lib/python3.6/site-packages/airflow/example_dags/example_branch_python_dop_operator_3.py
[2022-03-01 01:57:23,533] {scheduler_job.py:629} INFO - Processing file /home/airflow/.local/lib/python3.6/site-packages/airflow/example_dags/example_branch_python_dop_operator_3.py for tasks to queue
[2022-03-01 01:57:23,534] {logging_mixin.py:104} INFO - [2022-03-01 01:57:23,534] {dagbag.py:448} INFO - Filling up the DagBag from /home/airflow/.local/lib/python3.6/site-packages/airflow/example_dags/example_branch_python_dop_operator_3.py
[2022-03-01 01:57:23,552] {scheduler_job.py:639} INFO - DAG(s) dict_keys(['example_branch_dop_operator_v3']) retrieved from /home/airflow/.local/lib/python3.6/site-packages/airflow/example_dags/example_branch_python_dop_operator_3.py
[2022-03-01 01:57:23,577] {logging_mixin.py:104} INFO - [2022-03-01 01:57:23,576] {dag.py:1818} INFO - Sync 1 DAGs
[2022-03-01 01:57:23,610] {logging_mixin.py:104} INFO - [2022-03-01 01:57:23,610] {dag.py:2273} INFO - Setting next_dagrun for example_branch_dop_operator_v3 to 2022-02-27 00:00:00+00:00
[2022-03-01 01:57:23,619] {scheduler_job.py:190} INFO - Processing /home/airflow/.local/lib/python3.6/site-packages/airflow/example_dags/example_branch_python_dop_operator_3.py took 0.092 seconds
[2022-03-01 01:57:54,382] {scheduler_job.py:182} INFO - Started process (PID=552) to work on /home/airflow/.local/lib/python3.6/site-packages/airflow/example_dags/example_branch_python_dop_operator_3.py
[2022-03-01 01:57:54,384] {scheduler_job.py:629} INFO - Processing file /home/airflow/.local/lib/python3.6/site-packages/airflow/example_dags/example_branch_python_dop_operator_3.py for tasks to queue
[2022-03-01 01:57:54,385] {logging_mixin.py:104} INFO - [2022-03-01 01:57:54,385] {dagbag.py:448} INFO - Filling up the DagBag from /home/airflow/.local/lib/python3.6/site-packages/airflow/example_dags/example_branch_python_dop_operator_3.py
[2022-03-01 01:57:54,402] {scheduler_job.py:639} INFO - DAG(s) dict_keys(['example_branch_dop_operator_v3']) retrieved from /home/airflow/.local/lib/python3.6/site-packages/airflow/example_dags/example_branch_python_dop_operator_3.py
[2022-03-01 01:57:54,427] {logging_mixin.py:104} INFO - [2022-03-01 01:57:54,427] {dag.py:1818} INFO - Sync 1 DAGs
[2022-03-01 01:57:54,458] {logging_mixin.py:104} INFO - [2022-03-01 01:57:54,457] {dag.py:2273} INFO - Setting next_dagrun for example_branch_dop_operator_v3 to 2022-02-27 00:00:00+00:00
[2022-03-01 01:57:54,467] {scheduler_job.py:190} INFO - Processing /home/airflow/.local/lib/python3.6/site-packages/airflow/example_dags/example_branch_python_dop_operator_3.py took 0.089 seconds
[2022-03-01 01:58:24,967] {scheduler_job.py:182} INFO - Started process (PID=578) to work on /home/airflow/.local/lib/python3.6/site-packages/airflow/example_dags/example_branch_python_dop_operator_3.py
[2022-03-01 01:58:24,969] {scheduler_job.py:629} INFO - Processing file /home/airflow/.local/lib/python3.6/site-packages/airflow/example_dags/example_branch_python_dop_operator_3.py for tasks to queue
[2022-03-01 01:58:24,970] {logging_mixin.py:104} INFO - [2022-03-01 01:58:24,970] {dagbag.py:448} INFO - Filling up the DagBag from /home/airflow/.local/lib/python3.6/site-packages/airflow/example_dags/example_branch_python_dop_operator_3.py
[2022-03-01 01:58:24,988] {scheduler_job.py:639} INFO - DAG(s) dict_keys(['example_branch_dop_operator_v3']) retrieved from /home/airflow/.local/lib/python3.6/site-packages/airflow/example_dags/example_branch_python_dop_operator_3.py
[2022-03-01 01:58:25,018] {logging_mixin.py:104} INFO - [2022-03-01 01:58:25,018] {dag.py:1818} INFO - Sync 1 DAGs
[2022-03-01 01:58:25,048] {logging_mixin.py:104} INFO - [2022-03-01 01:58:25,048] {dag.py:2273} INFO - Setting next_dagrun for example_branch_dop_operator_v3 to 2022-02-27 00:00:00+00:00
[2022-03-01 01:58:25,059] {scheduler_job.py:190} INFO - Processing /home/airflow/.local/lib/python3.6/site-packages/airflow/example_dags/example_branch_python_dop_operator_3.py took 0.096 seconds
[2022-03-01 01:58:56,146] {scheduler_job.py:182} INFO - Started process (PID=604) to work on /home/airflow/.local/lib/python3.6/site-packages/airflow/example_dags/example_branch_python_dop_operator_3.py
[2022-03-01 01:58:56,152] {scheduler_job.py:629} INFO - Processing file /home/airflow/.local/lib/python3.6/site-packages/airflow/example_dags/example_branch_python_dop_operator_3.py for tasks to queue
[2022-03-01 01:58:56,154] {logging_mixin.py:104} INFO - [2022-03-01 01:58:56,154] {dagbag.py:448} INFO - Filling up the DagBag from /home/airflow/.local/lib/python3.6/site-packages/airflow/example_dags/example_branch_python_dop_operator_3.py
[2022-03-01 01:58:56,175] {scheduler_job.py:639} INFO - DAG(s) dict_keys(['example_branch_dop_operator_v3']) retrieved from /home/airflow/.local/lib/python3.6/site-packages/airflow/example_dags/example_branch_python_dop_operator_3.py
[2022-03-01 01:58:56,209] {logging_mixin.py:104} INFO - [2022-03-01 01:58:56,209] {dag.py:1818} INFO - Sync 1 DAGs
[2022-03-01 01:58:56,255] {logging_mixin.py:104} INFO - [2022-03-01 01:58:56,254] {dag.py:2273} INFO - Setting next_dagrun for example_branch_dop_operator_v3 to 2022-02-27 00:00:00+00:00
[2022-03-01 01:58:56,266] {scheduler_job.py:190} INFO - Processing /home/airflow/.local/lib/python3.6/site-packages/airflow/example_dags/example_branch_python_dop_operator_3.py took 0.125 seconds
[2022-03-01 01:59:27,218] {scheduler_job.py:182} INFO - Started process (PID=630) to work on /home/airflow/.local/lib/python3.6/site-packages/airflow/example_dags/example_branch_python_dop_operator_3.py
[2022-03-01 01:59:27,234] {scheduler_job.py:629} INFO - Processing file /home/airflow/.local/lib/python3.6/site-packages/airflow/example_dags/example_branch_python_dop_operator_3.py for tasks to queue
[2022-03-01 01:59:27,236] {logging_mixin.py:104} INFO - [2022-03-01 01:59:27,236] {dagbag.py:448} INFO - Filling up the DagBag from /home/airflow/.local/lib/python3.6/site-packages/airflow/example_dags/example_branch_python_dop_operator_3.py
[2022-03-01 01:59:27,263] {scheduler_job.py:639} INFO - DAG(s) dict_keys(['example_branch_dop_operator_v3']) retrieved from /home/airflow/.local/lib/python3.6/site-packages/airflow/example_dags/example_branch_python_dop_operator_3.py
[2022-03-01 01:59:27,293] {logging_mixin.py:104} INFO - [2022-03-01 01:59:27,293] {dag.py:1818} INFO - Sync 1 DAGs
[2022-03-01 01:59:27,344] {logging_mixin.py:104} INFO - [2022-03-01 01:59:27,344] {dag.py:2273} INFO - Setting next_dagrun for example_branch_dop_operator_v3 to 2022-02-27 00:00:00+00:00
[2022-03-01 01:59:27,358] {scheduler_job.py:190} INFO - Processing /home/airflow/.local/lib/python3.6/site-packages/airflow/example_dags/example_branch_python_dop_operator_3.py took 0.146 seconds
[2022-03-01 01:59:57,897] {scheduler_job.py:182} INFO - Started process (PID=656) to work on /home/airflow/.local/lib/python3.6/site-packages/airflow/example_dags/example_branch_python_dop_operator_3.py
[2022-03-01 01:59:57,900] {scheduler_job.py:629} INFO - Processing file /home/airflow/.local/lib/python3.6/site-packages/airflow/example_dags/example_branch_python_dop_operator_3.py for tasks to queue
[2022-03-01 01:59:57,901] {logging_mixin.py:104} INFO - [2022-03-01 01:59:57,901] {dagbag.py:448} INFO - Filling up the DagBag from /home/airflow/.local/lib/python3.6/site-packages/airflow/example_dags/example_branch_python_dop_operator_3.py
[2022-03-01 01:59:57,924] {scheduler_job.py:639} INFO - DAG(s) dict_keys(['example_branch_dop_operator_v3']) retrieved from /home/airflow/.local/lib/python3.6/site-packages/airflow/example_dags/example_branch_python_dop_operator_3.py
[2022-03-01 01:59:57,959] {logging_mixin.py:104} INFO - [2022-03-01 01:59:57,959] {dag.py:1818} INFO - Sync 1 DAGs
[2022-03-01 01:59:57,994] {logging_mixin.py:104} INFO - [2022-03-01 01:59:57,994] {dag.py:2273} INFO - Setting next_dagrun for example_branch_dop_operator_v3 to 2022-02-27 00:00:00+00:00
[2022-03-01 01:59:58,004] {scheduler_job.py:190} INFO - Processing /home/airflow/.local/lib/python3.6/site-packages/airflow/example_dags/example_branch_python_dop_operator_3.py took 0.111 seconds
[2022-03-01 02:00:28,536] {scheduler_job.py:182} INFO - Started process (PID=682) to work on /home/airflow/.local/lib/python3.6/site-packages/airflow/example_dags/example_branch_python_dop_operator_3.py
[2022-03-01 02:00:28,539] {scheduler_job.py:629} INFO - Processing file /home/airflow/.local/lib/python3.6/site-packages/airflow/example_dags/example_branch_python_dop_operator_3.py for tasks to queue
[2022-03-01 02:00:28,540] {logging_mixin.py:104} INFO - [2022-03-01 02:00:28,540] {dagbag.py:448} INFO - Filling up the DagBag from /home/airflow/.local/lib/python3.6/site-packages/airflow/example_dags/example_branch_python_dop_operator_3.py
[2022-03-01 02:00:28,560] {scheduler_job.py:639} INFO - DAG(s) dict_keys(['example_branch_dop_operator_v3']) retrieved from /home/airflow/.local/lib/python3.6/site-packages/airflow/example_dags/example_branch_python_dop_operator_3.py
[2022-03-01 02:00:28,584] {logging_mixin.py:104} INFO - [2022-03-01 02:00:28,584] {dag.py:1818} INFO - Sync 1 DAGs
[2022-03-01 02:00:28,620] {logging_mixin.py:104} INFO - [2022-03-01 02:00:28,620] {dag.py:2273} INFO - Setting next_dagrun for example_branch_dop_operator_v3 to 2022-02-27 00:00:00+00:00
[2022-03-01 02:00:28,630] {scheduler_job.py:190} INFO - Processing /home/airflow/.local/lib/python3.6/site-packages/airflow/example_dags/example_branch_python_dop_operator_3.py took 0.098 seconds
[2022-03-01 02:00:59,140] {scheduler_job.py:182} INFO - Started process (PID=708) to work on /home/airflow/.local/lib/python3.6/site-packages/airflow/example_dags/example_branch_python_dop_operator_3.py
[2022-03-01 02:00:59,142] {scheduler_job.py:629} INFO - Processing file /home/airflow/.local/lib/python3.6/site-packages/airflow/example_dags/example_branch_python_dop_operator_3.py for tasks to queue
[2022-03-01 02:00:59,144] {logging_mixin.py:104} INFO - [2022-03-01 02:00:59,143] {dagbag.py:448} INFO - Filling up the DagBag from /home/airflow/.local/lib/python3.6/site-packages/airflow/example_dags/example_branch_python_dop_operator_3.py
[2022-03-01 02:00:59,173] {scheduler_job.py:639} INFO - DAG(s) dict_keys(['example_branch_dop_operator_v3']) retrieved from /home/airflow/.local/lib/python3.6/site-packages/airflow/example_dags/example_branch_python_dop_operator_3.py
[2022-03-01 02:00:59,199] {logging_mixin.py:104} INFO - [2022-03-01 02:00:59,198] {dag.py:1818} INFO - Sync 1 DAGs
[2022-03-01 02:00:59,233] {logging_mixin.py:104} INFO - [2022-03-01 02:00:59,233] {dag.py:2273} INFO - Setting next_dagrun for example_branch_dop_operator_v3 to 2022-02-27 00:00:00+00:00
[2022-03-01 02:00:59,244] {scheduler_job.py:190} INFO - Processing /home/airflow/.local/lib/python3.6/site-packages/airflow/example_dags/example_branch_python_dop_operator_3.py took 0.107 seconds
[2022-03-01 02:01:29,671] {scheduler_job.py:182} INFO - Started process (PID=734) to work on /home/airflow/.local/lib/python3.6/site-packages/airflow/example_dags/example_branch_python_dop_operator_3.py
[2022-03-01 02:01:29,673] {scheduler_job.py:629} INFO - Processing file /home/airflow/.local/lib/python3.6/site-packages/airflow/example_dags/example_branch_python_dop_operator_3.py for tasks to queue
[2022-03-01 02:01:29,674] {logging_mixin.py:104} INFO - [2022-03-01 02:01:29,674] {dagbag.py:448} INFO - Filling up the DagBag from /home/airflow/.local/lib/python3.6/site-packages/airflow/example_dags/example_branch_python_dop_operator_3.py
[2022-03-01 02:01:29,690] {scheduler_job.py:639} INFO - DAG(s) dict_keys(['example_branch_dop_operator_v3']) retrieved from /home/airflow/.local/lib/python3.6/site-packages/airflow/example_dags/example_branch_python_dop_operator_3.py
[2022-03-01 02:01:29,709] {logging_mixin.py:104} INFO - [2022-03-01 02:01:29,709] {dag.py:1818} INFO - Sync 1 DAGs
[2022-03-01 02:01:29,734] {logging_mixin.py:104} INFO - [2022-03-01 02:01:29,733] {dag.py:2273} INFO - Setting next_dagrun for example_branch_dop_operator_v3 to 2022-02-27 00:00:00+00:00
[2022-03-01 02:01:29,742] {scheduler_job.py:190} INFO - Processing /home/airflow/.local/lib/python3.6/site-packages/airflow/example_dags/example_branch_python_dop_operator_3.py took 0.074 seconds
[2022-03-01 02:02:00,147] {scheduler_job.py:182} INFO - Started process (PID=760) to work on /home/airflow/.local/lib/python3.6/site-packages/airflow/example_dags/example_branch_python_dop_operator_3.py
[2022-03-01 02:02:00,149] {scheduler_job.py:629} INFO - Processing file /home/airflow/.local/lib/python3.6/site-packages/airflow/example_dags/example_branch_python_dop_operator_3.py for tasks to queue
[2022-03-01 02:02:00,150] {logging_mixin.py:104} INFO - [2022-03-01 02:02:00,150] {dagbag.py:448} INFO - Filling up the DagBag from /home/airflow/.local/lib/python3.6/site-packages/airflow/example_dags/example_branch_python_dop_operator_3.py
[2022-03-01 02:02:00,171] {scheduler_job.py:639} INFO - DAG(s) dict_keys(['example_branch_dop_operator_v3']) retrieved from /home/airflow/.local/lib/python3.6/site-packages/airflow/example_dags/example_branch_python_dop_operator_3.py
[2022-03-01 02:02:00,197] {logging_mixin.py:104} INFO - [2022-03-01 02:02:00,197] {dag.py:1818} INFO - Sync 1 DAGs
[2022-03-01 02:02:00,234] {logging_mixin.py:104} INFO - [2022-03-01 02:02:00,234] {dag.py:2273} INFO - Setting next_dagrun for example_branch_dop_operator_v3 to 2022-02-27 00:00:00+00:00
[2022-03-01 02:02:00,247] {scheduler_job.py:190} INFO - Processing /home/airflow/.local/lib/python3.6/site-packages/airflow/example_dags/example_branch_python_dop_operator_3.py took 0.104 seconds
[2022-03-01 02:02:30,835] {scheduler_job.py:182} INFO - Started process (PID=786) to work on /home/airflow/.local/lib/python3.6/site-packages/airflow/example_dags/example_branch_python_dop_operator_3.py
[2022-03-01 02:02:30,838] {scheduler_job.py:629} INFO - Processing file /home/airflow/.local/lib/python3.6/site-packages/airflow/example_dags/example_branch_python_dop_operator_3.py for tasks to queue
[2022-03-01 02:02:30,840] {logging_mixin.py:104} INFO - [2022-03-01 02:02:30,840] {dagbag.py:448} INFO - Filling up the DagBag from /home/airflow/.local/lib/python3.6/site-packages/airflow/example_dags/example_branch_python_dop_operator_3.py
[2022-03-01 02:02:30,869] {scheduler_job.py:639} INFO - DAG(s) dict_keys(['example_branch_dop_operator_v3']) retrieved from /home/airflow/.local/lib/python3.6/site-packages/airflow/example_dags/example_branch_python_dop_operator_3.py
[2022-03-01 02:02:30,905] {logging_mixin.py:104} INFO - [2022-03-01 02:02:30,905] {dag.py:1818} INFO - Sync 1 DAGs
