[2022-03-01 01:48:11,880] {scheduler_job.py:182} INFO - Started process (PID=47) to work on /home/airflow/.local/lib/python3.6/site-packages/airflow/example_dags/example_trigger_controller_dag.py
[2022-03-01 01:48:11,883] {scheduler_job.py:629} INFO - Processing file /home/airflow/.local/lib/python3.6/site-packages/airflow/example_dags/example_trigger_controller_dag.py for tasks to queue
[2022-03-01 01:48:11,884] {logging_mixin.py:104} INFO - [2022-03-01 01:48:11,884] {dagbag.py:448} INFO - Filling up the DagBag from /home/airflow/.local/lib/python3.6/site-packages/airflow/example_dags/example_trigger_controller_dag.py
[2022-03-01 01:48:11,902] {scheduler_job.py:639} INFO - DAG(s) dict_keys(['example_trigger_controller_dag']) retrieved from /home/airflow/.local/lib/python3.6/site-packages/airflow/example_dags/example_trigger_controller_dag.py
[2022-03-01 01:48:11,943] {logging_mixin.py:104} INFO - [2022-03-01 01:48:11,943] {dag.py:1818} INFO - Sync 1 DAGs
[2022-03-01 01:48:11,960] {logging_mixin.py:104} INFO - [2022-03-01 01:48:11,960] {dag.py:1837} INFO - Creating ORM DAG for example_trigger_controller_dag
[2022-03-01 01:48:11,970] {logging_mixin.py:104} INFO - [2022-03-01 01:48:11,969] {dag.py:2273} INFO - Setting next_dagrun for example_trigger_controller_dag to 2022-02-27 00:00:00+00:00
[2022-03-01 01:48:11,996] {scheduler_job.py:190} INFO - Processing /home/airflow/.local/lib/python3.6/site-packages/airflow/example_dags/example_trigger_controller_dag.py took 0.120 seconds
[2022-03-01 01:48:42,165] {scheduler_job.py:182} INFO - Started process (PID=73) to work on /home/airflow/.local/lib/python3.6/site-packages/airflow/example_dags/example_trigger_controller_dag.py
[2022-03-01 01:48:42,172] {scheduler_job.py:629} INFO - Processing file /home/airflow/.local/lib/python3.6/site-packages/airflow/example_dags/example_trigger_controller_dag.py for tasks to queue
[2022-03-01 01:48:42,176] {logging_mixin.py:104} INFO - [2022-03-01 01:48:42,176] {dagbag.py:448} INFO - Filling up the DagBag from /home/airflow/.local/lib/python3.6/site-packages/airflow/example_dags/example_trigger_controller_dag.py
[2022-03-01 01:48:42,212] {scheduler_job.py:639} INFO - DAG(s) dict_keys(['example_trigger_controller_dag']) retrieved from /home/airflow/.local/lib/python3.6/site-packages/airflow/example_dags/example_trigger_controller_dag.py
[2022-03-01 01:48:42,260] {logging_mixin.py:104} INFO - [2022-03-01 01:48:42,260] {dag.py:1818} INFO - Sync 1 DAGs
[2022-03-01 01:48:42,284] {logging_mixin.py:104} INFO - [2022-03-01 01:48:42,284] {dag.py:2273} INFO - Setting next_dagrun for example_trigger_controller_dag to 2022-02-27 00:00:00+00:00
[2022-03-01 01:48:42,301] {scheduler_job.py:190} INFO - Processing /home/airflow/.local/lib/python3.6/site-packages/airflow/example_dags/example_trigger_controller_dag.py took 0.153 seconds
[2022-03-01 01:49:12,915] {scheduler_job.py:182} INFO - Started process (PID=98) to work on /home/airflow/.local/lib/python3.6/site-packages/airflow/example_dags/example_trigger_controller_dag.py
[2022-03-01 01:49:12,920] {scheduler_job.py:629} INFO - Processing file /home/airflow/.local/lib/python3.6/site-packages/airflow/example_dags/example_trigger_controller_dag.py for tasks to queue
[2022-03-01 01:49:12,922] {logging_mixin.py:104} INFO - [2022-03-01 01:49:12,922] {dagbag.py:448} INFO - Filling up the DagBag from /home/airflow/.local/lib/python3.6/site-packages/airflow/example_dags/example_trigger_controller_dag.py
[2022-03-01 01:49:12,935] {scheduler_job.py:639} INFO - DAG(s) dict_keys(['example_trigger_controller_dag']) retrieved from /home/airflow/.local/lib/python3.6/site-packages/airflow/example_dags/example_trigger_controller_dag.py
[2022-03-01 01:49:12,995] {logging_mixin.py:104} INFO - [2022-03-01 01:49:12,992] {dag.py:1818} INFO - Sync 1 DAGs
[2022-03-01 01:49:13,050] {logging_mixin.py:104} INFO - [2022-03-01 01:49:13,050] {dag.py:2273} INFO - Setting next_dagrun for example_trigger_controller_dag to 2022-02-27 00:00:00+00:00
[2022-03-01 01:49:13,062] {scheduler_job.py:190} INFO - Processing /home/airflow/.local/lib/python3.6/site-packages/airflow/example_dags/example_trigger_controller_dag.py took 0.152 seconds
[2022-03-01 01:49:43,164] {scheduler_job.py:182} INFO - Started process (PID=122) to work on /home/airflow/.local/lib/python3.6/site-packages/airflow/example_dags/example_trigger_controller_dag.py
[2022-03-01 01:49:43,166] {scheduler_job.py:629} INFO - Processing file /home/airflow/.local/lib/python3.6/site-packages/airflow/example_dags/example_trigger_controller_dag.py for tasks to queue
[2022-03-01 01:49:43,167] {logging_mixin.py:104} INFO - [2022-03-01 01:49:43,167] {dagbag.py:448} INFO - Filling up the DagBag from /home/airflow/.local/lib/python3.6/site-packages/airflow/example_dags/example_trigger_controller_dag.py
[2022-03-01 01:49:43,179] {scheduler_job.py:639} INFO - DAG(s) dict_keys(['example_trigger_controller_dag']) retrieved from /home/airflow/.local/lib/python3.6/site-packages/airflow/example_dags/example_trigger_controller_dag.py
[2022-03-01 01:49:43,205] {logging_mixin.py:104} INFO - [2022-03-01 01:49:43,205] {dag.py:1818} INFO - Sync 1 DAGs
[2022-03-01 01:49:43,224] {logging_mixin.py:104} INFO - [2022-03-01 01:49:43,224] {dag.py:2273} INFO - Setting next_dagrun for example_trigger_controller_dag to 2022-02-27 00:00:00+00:00
[2022-03-01 01:49:43,235] {scheduler_job.py:190} INFO - Processing /home/airflow/.local/lib/python3.6/site-packages/airflow/example_dags/example_trigger_controller_dag.py took 0.076 seconds
[2022-03-01 01:50:14,624] {scheduler_job.py:182} INFO - Started process (PID=173) to work on /home/airflow/.local/lib/python3.6/site-packages/airflow/example_dags/example_trigger_controller_dag.py
[2022-03-01 01:50:14,626] {scheduler_job.py:629} INFO - Processing file /home/airflow/.local/lib/python3.6/site-packages/airflow/example_dags/example_trigger_controller_dag.py for tasks to queue
[2022-03-01 01:50:14,628] {logging_mixin.py:104} INFO - [2022-03-01 01:50:14,628] {dagbag.py:448} INFO - Filling up the DagBag from /home/airflow/.local/lib/python3.6/site-packages/airflow/example_dags/example_trigger_controller_dag.py
[2022-03-01 01:50:14,652] {scheduler_job.py:639} INFO - DAG(s) dict_keys(['example_trigger_controller_dag']) retrieved from /home/airflow/.local/lib/python3.6/site-packages/airflow/example_dags/example_trigger_controller_dag.py
[2022-03-01 01:50:14,684] {logging_mixin.py:104} INFO - [2022-03-01 01:50:14,684] {dag.py:1818} INFO - Sync 1 DAGs
[2022-03-01 01:50:14,705] {logging_mixin.py:104} INFO - [2022-03-01 01:50:14,704] {dag.py:2273} INFO - Setting next_dagrun for example_trigger_controller_dag to 2022-02-27 00:00:00+00:00
[2022-03-01 01:50:14,717] {scheduler_job.py:190} INFO - Processing /home/airflow/.local/lib/python3.6/site-packages/airflow/example_dags/example_trigger_controller_dag.py took 0.098 seconds
[2022-03-01 01:50:45,315] {scheduler_job.py:182} INFO - Started process (PID=199) to work on /home/airflow/.local/lib/python3.6/site-packages/airflow/example_dags/example_trigger_controller_dag.py
[2022-03-01 01:50:45,317] {scheduler_job.py:629} INFO - Processing file /home/airflow/.local/lib/python3.6/site-packages/airflow/example_dags/example_trigger_controller_dag.py for tasks to queue
[2022-03-01 01:50:45,319] {logging_mixin.py:104} INFO - [2022-03-01 01:50:45,319] {dagbag.py:448} INFO - Filling up the DagBag from /home/airflow/.local/lib/python3.6/site-packages/airflow/example_dags/example_trigger_controller_dag.py
[2022-03-01 01:50:45,331] {scheduler_job.py:639} INFO - DAG(s) dict_keys(['example_trigger_controller_dag']) retrieved from /home/airflow/.local/lib/python3.6/site-packages/airflow/example_dags/example_trigger_controller_dag.py
[2022-03-01 01:50:45,360] {logging_mixin.py:104} INFO - [2022-03-01 01:50:45,360] {dag.py:1818} INFO - Sync 1 DAGs
[2022-03-01 01:50:45,378] {logging_mixin.py:104} INFO - [2022-03-01 01:50:45,378] {dag.py:2273} INFO - Setting next_dagrun for example_trigger_controller_dag to 2022-02-27 00:00:00+00:00
[2022-03-01 01:50:45,391] {scheduler_job.py:190} INFO - Processing /home/airflow/.local/lib/python3.6/site-packages/airflow/example_dags/example_trigger_controller_dag.py took 0.080 seconds
[2022-03-01 01:51:16,198] {scheduler_job.py:182} INFO - Started process (PID=225) to work on /home/airflow/.local/lib/python3.6/site-packages/airflow/example_dags/example_trigger_controller_dag.py
[2022-03-01 01:51:16,200] {scheduler_job.py:629} INFO - Processing file /home/airflow/.local/lib/python3.6/site-packages/airflow/example_dags/example_trigger_controller_dag.py for tasks to queue
[2022-03-01 01:51:16,201] {logging_mixin.py:104} INFO - [2022-03-01 01:51:16,201] {dagbag.py:448} INFO - Filling up the DagBag from /home/airflow/.local/lib/python3.6/site-packages/airflow/example_dags/example_trigger_controller_dag.py
[2022-03-01 01:51:16,213] {scheduler_job.py:639} INFO - DAG(s) dict_keys(['example_trigger_controller_dag']) retrieved from /home/airflow/.local/lib/python3.6/site-packages/airflow/example_dags/example_trigger_controller_dag.py
[2022-03-01 01:51:16,238] {logging_mixin.py:104} INFO - [2022-03-01 01:51:16,238] {dag.py:1818} INFO - Sync 1 DAGs
[2022-03-01 01:51:16,257] {logging_mixin.py:104} INFO - [2022-03-01 01:51:16,256] {dag.py:2273} INFO - Setting next_dagrun for example_trigger_controller_dag to 2022-02-27 00:00:00+00:00
[2022-03-01 01:51:16,320] {scheduler_job.py:190} INFO - Processing /home/airflow/.local/lib/python3.6/site-packages/airflow/example_dags/example_trigger_controller_dag.py took 0.126 seconds
[2022-03-01 01:51:47,047] {scheduler_job.py:182} INFO - Started process (PID=254) to work on /home/airflow/.local/lib/python3.6/site-packages/airflow/example_dags/example_trigger_controller_dag.py
[2022-03-01 01:51:47,050] {scheduler_job.py:629} INFO - Processing file /home/airflow/.local/lib/python3.6/site-packages/airflow/example_dags/example_trigger_controller_dag.py for tasks to queue
[2022-03-01 01:51:47,051] {logging_mixin.py:104} INFO - [2022-03-01 01:51:47,051] {dagbag.py:448} INFO - Filling up the DagBag from /home/airflow/.local/lib/python3.6/site-packages/airflow/example_dags/example_trigger_controller_dag.py
[2022-03-01 01:51:47,065] {scheduler_job.py:639} INFO - DAG(s) dict_keys(['example_trigger_controller_dag']) retrieved from /home/airflow/.local/lib/python3.6/site-packages/airflow/example_dags/example_trigger_controller_dag.py
[2022-03-01 01:51:47,094] {logging_mixin.py:104} INFO - [2022-03-01 01:51:47,094] {dag.py:1818} INFO - Sync 1 DAGs
[2022-03-01 01:51:47,113] {logging_mixin.py:104} INFO - [2022-03-01 01:51:47,113] {dag.py:2273} INFO - Setting next_dagrun for example_trigger_controller_dag to 2022-02-27 00:00:00+00:00
[2022-03-01 01:51:47,125] {scheduler_job.py:190} INFO - Processing /home/airflow/.local/lib/python3.6/site-packages/airflow/example_dags/example_trigger_controller_dag.py took 0.082 seconds
[2022-03-01 01:52:17,733] {scheduler_job.py:182} INFO - Started process (PID=280) to work on /home/airflow/.local/lib/python3.6/site-packages/airflow/example_dags/example_trigger_controller_dag.py
[2022-03-01 01:52:17,735] {scheduler_job.py:629} INFO - Processing file /home/airflow/.local/lib/python3.6/site-packages/airflow/example_dags/example_trigger_controller_dag.py for tasks to queue
[2022-03-01 01:52:17,736] {logging_mixin.py:104} INFO - [2022-03-01 01:52:17,736] {dagbag.py:448} INFO - Filling up the DagBag from /home/airflow/.local/lib/python3.6/site-packages/airflow/example_dags/example_trigger_controller_dag.py
[2022-03-01 01:52:17,756] {scheduler_job.py:639} INFO - DAG(s) dict_keys(['example_trigger_controller_dag']) retrieved from /home/airflow/.local/lib/python3.6/site-packages/airflow/example_dags/example_trigger_controller_dag.py
[2022-03-01 01:52:17,805] {logging_mixin.py:104} INFO - [2022-03-01 01:52:17,804] {dag.py:1818} INFO - Sync 1 DAGs
[2022-03-01 01:52:17,823] {logging_mixin.py:104} INFO - [2022-03-01 01:52:17,823] {dag.py:2273} INFO - Setting next_dagrun for example_trigger_controller_dag to 2022-02-27 00:00:00+00:00
[2022-03-01 01:52:17,833] {scheduler_job.py:190} INFO - Processing /home/airflow/.local/lib/python3.6/site-packages/airflow/example_dags/example_trigger_controller_dag.py took 0.105 seconds
[2022-03-01 01:52:48,762] {scheduler_job.py:182} INFO - Started process (PID=306) to work on /home/airflow/.local/lib/python3.6/site-packages/airflow/example_dags/example_trigger_controller_dag.py
[2022-03-01 01:52:48,765] {scheduler_job.py:629} INFO - Processing file /home/airflow/.local/lib/python3.6/site-packages/airflow/example_dags/example_trigger_controller_dag.py for tasks to queue
[2022-03-01 01:52:48,767] {logging_mixin.py:104} INFO - [2022-03-01 01:52:48,767] {dagbag.py:448} INFO - Filling up the DagBag from /home/airflow/.local/lib/python3.6/site-packages/airflow/example_dags/example_trigger_controller_dag.py
[2022-03-01 01:52:48,786] {scheduler_job.py:639} INFO - DAG(s) dict_keys(['example_trigger_controller_dag']) retrieved from /home/airflow/.local/lib/python3.6/site-packages/airflow/example_dags/example_trigger_controller_dag.py
[2022-03-01 01:52:48,816] {logging_mixin.py:104} INFO - [2022-03-01 01:52:48,816] {dag.py:1818} INFO - Sync 1 DAGs
[2022-03-01 01:52:48,832] {logging_mixin.py:104} INFO - [2022-03-01 01:52:48,832] {dag.py:2273} INFO - Setting next_dagrun for example_trigger_controller_dag to 2022-02-27 00:00:00+00:00
[2022-03-01 01:52:48,844] {scheduler_job.py:190} INFO - Processing /home/airflow/.local/lib/python3.6/site-packages/airflow/example_dags/example_trigger_controller_dag.py took 0.087 seconds
[2022-03-01 01:53:19,758] {scheduler_job.py:182} INFO - Started process (PID=332) to work on /home/airflow/.local/lib/python3.6/site-packages/airflow/example_dags/example_trigger_controller_dag.py
[2022-03-01 01:53:19,761] {scheduler_job.py:629} INFO - Processing file /home/airflow/.local/lib/python3.6/site-packages/airflow/example_dags/example_trigger_controller_dag.py for tasks to queue
[2022-03-01 01:53:19,762] {logging_mixin.py:104} INFO - [2022-03-01 01:53:19,762] {dagbag.py:448} INFO - Filling up the DagBag from /home/airflow/.local/lib/python3.6/site-packages/airflow/example_dags/example_trigger_controller_dag.py
[2022-03-01 01:53:19,780] {scheduler_job.py:639} INFO - DAG(s) dict_keys(['example_trigger_controller_dag']) retrieved from /home/airflow/.local/lib/python3.6/site-packages/airflow/example_dags/example_trigger_controller_dag.py
[2022-03-01 01:53:19,820] {logging_mixin.py:104} INFO - [2022-03-01 01:53:19,820] {dag.py:1818} INFO - Sync 1 DAGs
[2022-03-01 01:53:19,852] {logging_mixin.py:104} INFO - [2022-03-01 01:53:19,852] {dag.py:2273} INFO - Setting next_dagrun for example_trigger_controller_dag to 2022-02-27 00:00:00+00:00
[2022-03-01 01:53:19,864] {scheduler_job.py:190} INFO - Processing /home/airflow/.local/lib/python3.6/site-packages/airflow/example_dags/example_trigger_controller_dag.py took 0.113 seconds
[2022-03-01 01:53:50,455] {scheduler_job.py:182} INFO - Started process (PID=358) to work on /home/airflow/.local/lib/python3.6/site-packages/airflow/example_dags/example_trigger_controller_dag.py
[2022-03-01 01:53:50,457] {scheduler_job.py:629} INFO - Processing file /home/airflow/.local/lib/python3.6/site-packages/airflow/example_dags/example_trigger_controller_dag.py for tasks to queue
[2022-03-01 01:53:50,464] {logging_mixin.py:104} INFO - [2022-03-01 01:53:50,463] {dagbag.py:448} INFO - Filling up the DagBag from /home/airflow/.local/lib/python3.6/site-packages/airflow/example_dags/example_trigger_controller_dag.py
[2022-03-01 01:53:50,489] {scheduler_job.py:639} INFO - DAG(s) dict_keys(['example_trigger_controller_dag']) retrieved from /home/airflow/.local/lib/python3.6/site-packages/airflow/example_dags/example_trigger_controller_dag.py
[2022-03-01 01:53:50,514] {logging_mixin.py:104} INFO - [2022-03-01 01:53:50,514] {dag.py:1818} INFO - Sync 1 DAGs
[2022-03-01 01:53:50,531] {logging_mixin.py:104} INFO - [2022-03-01 01:53:50,531] {dag.py:2273} INFO - Setting next_dagrun for example_trigger_controller_dag to 2022-02-27 00:00:00+00:00
[2022-03-01 01:53:50,544] {scheduler_job.py:190} INFO - Processing /home/airflow/.local/lib/python3.6/site-packages/airflow/example_dags/example_trigger_controller_dag.py took 0.094 seconds
[2022-03-01 01:54:21,030] {scheduler_job.py:182} INFO - Started process (PID=384) to work on /home/airflow/.local/lib/python3.6/site-packages/airflow/example_dags/example_trigger_controller_dag.py
[2022-03-01 01:54:21,032] {scheduler_job.py:629} INFO - Processing file /home/airflow/.local/lib/python3.6/site-packages/airflow/example_dags/example_trigger_controller_dag.py for tasks to queue
[2022-03-01 01:54:21,033] {logging_mixin.py:104} INFO - [2022-03-01 01:54:21,033] {dagbag.py:448} INFO - Filling up the DagBag from /home/airflow/.local/lib/python3.6/site-packages/airflow/example_dags/example_trigger_controller_dag.py
[2022-03-01 01:54:21,047] {scheduler_job.py:639} INFO - DAG(s) dict_keys(['example_trigger_controller_dag']) retrieved from /home/airflow/.local/lib/python3.6/site-packages/airflow/example_dags/example_trigger_controller_dag.py
[2022-03-01 01:54:21,094] {logging_mixin.py:104} INFO - [2022-03-01 01:54:21,094] {dag.py:1818} INFO - Sync 1 DAGs
[2022-03-01 01:54:21,118] {logging_mixin.py:104} INFO - [2022-03-01 01:54:21,118] {dag.py:2273} INFO - Setting next_dagrun for example_trigger_controller_dag to 2022-02-27 00:00:00+00:00
[2022-03-01 01:54:21,133] {scheduler_job.py:190} INFO - Processing /home/airflow/.local/lib/python3.6/site-packages/airflow/example_dags/example_trigger_controller_dag.py took 0.107 seconds
[2022-03-01 01:54:51,800] {scheduler_job.py:182} INFO - Started process (PID=410) to work on /home/airflow/.local/lib/python3.6/site-packages/airflow/example_dags/example_trigger_controller_dag.py
[2022-03-01 01:54:51,802] {scheduler_job.py:629} INFO - Processing file /home/airflow/.local/lib/python3.6/site-packages/airflow/example_dags/example_trigger_controller_dag.py for tasks to queue
[2022-03-01 01:54:51,804] {logging_mixin.py:104} INFO - [2022-03-01 01:54:51,804] {dagbag.py:448} INFO - Filling up the DagBag from /home/airflow/.local/lib/python3.6/site-packages/airflow/example_dags/example_trigger_controller_dag.py
[2022-03-01 01:54:51,820] {scheduler_job.py:639} INFO - DAG(s) dict_keys(['example_trigger_controller_dag']) retrieved from /home/airflow/.local/lib/python3.6/site-packages/airflow/example_dags/example_trigger_controller_dag.py
[2022-03-01 01:54:51,850] {logging_mixin.py:104} INFO - [2022-03-01 01:54:51,850] {dag.py:1818} INFO - Sync 1 DAGs
[2022-03-01 01:54:51,873] {logging_mixin.py:104} INFO - [2022-03-01 01:54:51,872] {dag.py:2273} INFO - Setting next_dagrun for example_trigger_controller_dag to 2022-02-27 00:00:00+00:00
[2022-03-01 01:54:51,887] {scheduler_job.py:190} INFO - Processing /home/airflow/.local/lib/python3.6/site-packages/airflow/example_dags/example_trigger_controller_dag.py took 0.091 seconds
[2022-03-01 01:55:22,902] {scheduler_job.py:182} INFO - Started process (PID=436) to work on /home/airflow/.local/lib/python3.6/site-packages/airflow/example_dags/example_trigger_controller_dag.py
[2022-03-01 01:55:22,904] {scheduler_job.py:629} INFO - Processing file /home/airflow/.local/lib/python3.6/site-packages/airflow/example_dags/example_trigger_controller_dag.py for tasks to queue
[2022-03-01 01:55:22,906] {logging_mixin.py:104} INFO - [2022-03-01 01:55:22,906] {dagbag.py:448} INFO - Filling up the DagBag from /home/airflow/.local/lib/python3.6/site-packages/airflow/example_dags/example_trigger_controller_dag.py
[2022-03-01 01:55:22,919] {scheduler_job.py:639} INFO - DAG(s) dict_keys(['example_trigger_controller_dag']) retrieved from /home/airflow/.local/lib/python3.6/site-packages/airflow/example_dags/example_trigger_controller_dag.py
[2022-03-01 01:55:22,948] {logging_mixin.py:104} INFO - [2022-03-01 01:55:22,948] {dag.py:1818} INFO - Sync 1 DAGs
[2022-03-01 01:55:22,969] {logging_mixin.py:104} INFO - [2022-03-01 01:55:22,969] {dag.py:2273} INFO - Setting next_dagrun for example_trigger_controller_dag to 2022-02-27 00:00:00+00:00
[2022-03-01 01:55:22,986] {scheduler_job.py:190} INFO - Processing /home/airflow/.local/lib/python3.6/site-packages/airflow/example_dags/example_trigger_controller_dag.py took 0.088 seconds
[2022-03-01 01:55:53,596] {scheduler_job.py:182} INFO - Started process (PID=462) to work on /home/airflow/.local/lib/python3.6/site-packages/airflow/example_dags/example_trigger_controller_dag.py
[2022-03-01 01:55:53,598] {scheduler_job.py:629} INFO - Processing file /home/airflow/.local/lib/python3.6/site-packages/airflow/example_dags/example_trigger_controller_dag.py for tasks to queue
[2022-03-01 01:55:53,600] {logging_mixin.py:104} INFO - [2022-03-01 01:55:53,600] {dagbag.py:448} INFO - Filling up the DagBag from /home/airflow/.local/lib/python3.6/site-packages/airflow/example_dags/example_trigger_controller_dag.py
[2022-03-01 01:55:53,615] {scheduler_job.py:639} INFO - DAG(s) dict_keys(['example_trigger_controller_dag']) retrieved from /home/airflow/.local/lib/python3.6/site-packages/airflow/example_dags/example_trigger_controller_dag.py
[2022-03-01 01:55:53,645] {logging_mixin.py:104} INFO - [2022-03-01 01:55:53,645] {dag.py:1818} INFO - Sync 1 DAGs
[2022-03-01 01:55:53,668] {logging_mixin.py:104} INFO - [2022-03-01 01:55:53,668] {dag.py:2273} INFO - Setting next_dagrun for example_trigger_controller_dag to 2022-02-27 00:00:00+00:00
[2022-03-01 01:55:53,683] {scheduler_job.py:190} INFO - Processing /home/airflow/.local/lib/python3.6/site-packages/airflow/example_dags/example_trigger_controller_dag.py took 0.092 seconds
[2022-03-01 01:56:23,973] {scheduler_job.py:182} INFO - Started process (PID=487) to work on /home/airflow/.local/lib/python3.6/site-packages/airflow/example_dags/example_trigger_controller_dag.py
[2022-03-01 01:56:23,976] {scheduler_job.py:629} INFO - Processing file /home/airflow/.local/lib/python3.6/site-packages/airflow/example_dags/example_trigger_controller_dag.py for tasks to queue
[2022-03-01 01:56:23,978] {logging_mixin.py:104} INFO - [2022-03-01 01:56:23,978] {dagbag.py:448} INFO - Filling up the DagBag from /home/airflow/.local/lib/python3.6/site-packages/airflow/example_dags/example_trigger_controller_dag.py
[2022-03-01 01:56:23,994] {scheduler_job.py:639} INFO - DAG(s) dict_keys(['example_trigger_controller_dag']) retrieved from /home/airflow/.local/lib/python3.6/site-packages/airflow/example_dags/example_trigger_controller_dag.py
[2022-03-01 01:56:24,023] {logging_mixin.py:104} INFO - [2022-03-01 01:56:24,023] {dag.py:1818} INFO - Sync 1 DAGs
[2022-03-01 01:56:24,045] {logging_mixin.py:104} INFO - [2022-03-01 01:56:24,045] {dag.py:2273} INFO - Setting next_dagrun for example_trigger_controller_dag to 2022-02-27 00:00:00+00:00
[2022-03-01 01:56:24,059] {scheduler_job.py:190} INFO - Processing /home/airflow/.local/lib/python3.6/site-packages/airflow/example_dags/example_trigger_controller_dag.py took 0.090 seconds
[2022-03-01 01:56:54,699] {scheduler_job.py:182} INFO - Started process (PID=514) to work on /home/airflow/.local/lib/python3.6/site-packages/airflow/example_dags/example_trigger_controller_dag.py
[2022-03-01 01:56:54,702] {scheduler_job.py:629} INFO - Processing file /home/airflow/.local/lib/python3.6/site-packages/airflow/example_dags/example_trigger_controller_dag.py for tasks to queue
[2022-03-01 01:56:54,703] {logging_mixin.py:104} INFO - [2022-03-01 01:56:54,703] {dagbag.py:448} INFO - Filling up the DagBag from /home/airflow/.local/lib/python3.6/site-packages/airflow/example_dags/example_trigger_controller_dag.py
[2022-03-01 01:56:54,717] {scheduler_job.py:639} INFO - DAG(s) dict_keys(['example_trigger_controller_dag']) retrieved from /home/airflow/.local/lib/python3.6/site-packages/airflow/example_dags/example_trigger_controller_dag.py
[2022-03-01 01:56:54,742] {logging_mixin.py:104} INFO - [2022-03-01 01:56:54,742] {dag.py:1818} INFO - Sync 1 DAGs
[2022-03-01 01:56:54,766] {logging_mixin.py:104} INFO - [2022-03-01 01:56:54,766] {dag.py:2273} INFO - Setting next_dagrun for example_trigger_controller_dag to 2022-02-27 00:00:00+00:00
[2022-03-01 01:56:54,777] {scheduler_job.py:190} INFO - Processing /home/airflow/.local/lib/python3.6/site-packages/airflow/example_dags/example_trigger_controller_dag.py took 0.082 seconds
[2022-03-01 01:57:25,441] {scheduler_job.py:182} INFO - Started process (PID=539) to work on /home/airflow/.local/lib/python3.6/site-packages/airflow/example_dags/example_trigger_controller_dag.py
[2022-03-01 01:57:25,443] {scheduler_job.py:629} INFO - Processing file /home/airflow/.local/lib/python3.6/site-packages/airflow/example_dags/example_trigger_controller_dag.py for tasks to queue
[2022-03-01 01:57:25,445] {logging_mixin.py:104} INFO - [2022-03-01 01:57:25,445] {dagbag.py:448} INFO - Filling up the DagBag from /home/airflow/.local/lib/python3.6/site-packages/airflow/example_dags/example_trigger_controller_dag.py
[2022-03-01 01:57:25,466] {scheduler_job.py:639} INFO - DAG(s) dict_keys(['example_trigger_controller_dag']) retrieved from /home/airflow/.local/lib/python3.6/site-packages/airflow/example_dags/example_trigger_controller_dag.py
[2022-03-01 01:57:25,503] {logging_mixin.py:104} INFO - [2022-03-01 01:57:25,503] {dag.py:1818} INFO - Sync 1 DAGs
[2022-03-01 01:57:25,535] {logging_mixin.py:104} INFO - [2022-03-01 01:57:25,535] {dag.py:2273} INFO - Setting next_dagrun for example_trigger_controller_dag to 2022-02-27 00:00:00+00:00
[2022-03-01 01:57:25,550] {scheduler_job.py:190} INFO - Processing /home/airflow/.local/lib/python3.6/site-packages/airflow/example_dags/example_trigger_controller_dag.py took 0.116 seconds
[2022-03-01 01:57:56,075] {scheduler_job.py:182} INFO - Started process (PID=565) to work on /home/airflow/.local/lib/python3.6/site-packages/airflow/example_dags/example_trigger_controller_dag.py
[2022-03-01 01:57:56,078] {scheduler_job.py:629} INFO - Processing file /home/airflow/.local/lib/python3.6/site-packages/airflow/example_dags/example_trigger_controller_dag.py for tasks to queue
[2022-03-01 01:57:56,079] {logging_mixin.py:104} INFO - [2022-03-01 01:57:56,079] {dagbag.py:448} INFO - Filling up the DagBag from /home/airflow/.local/lib/python3.6/site-packages/airflow/example_dags/example_trigger_controller_dag.py
[2022-03-01 01:57:56,093] {scheduler_job.py:639} INFO - DAG(s) dict_keys(['example_trigger_controller_dag']) retrieved from /home/airflow/.local/lib/python3.6/site-packages/airflow/example_dags/example_trigger_controller_dag.py
[2022-03-01 01:57:56,119] {logging_mixin.py:104} INFO - [2022-03-01 01:57:56,119] {dag.py:1818} INFO - Sync 1 DAGs
[2022-03-01 01:57:56,138] {logging_mixin.py:104} INFO - [2022-03-01 01:57:56,138] {dag.py:2273} INFO - Setting next_dagrun for example_trigger_controller_dag to 2022-02-27 00:00:00+00:00
[2022-03-01 01:57:56,148] {scheduler_job.py:190} INFO - Processing /home/airflow/.local/lib/python3.6/site-packages/airflow/example_dags/example_trigger_controller_dag.py took 0.077 seconds
[2022-03-01 01:58:27,166] {scheduler_job.py:182} INFO - Started process (PID=591) to work on /home/airflow/.local/lib/python3.6/site-packages/airflow/example_dags/example_trigger_controller_dag.py
[2022-03-01 01:58:27,168] {scheduler_job.py:629} INFO - Processing file /home/airflow/.local/lib/python3.6/site-packages/airflow/example_dags/example_trigger_controller_dag.py for tasks to queue
[2022-03-01 01:58:27,170] {logging_mixin.py:104} INFO - [2022-03-01 01:58:27,170] {dagbag.py:448} INFO - Filling up the DagBag from /home/airflow/.local/lib/python3.6/site-packages/airflow/example_dags/example_trigger_controller_dag.py
[2022-03-01 01:58:27,188] {scheduler_job.py:639} INFO - DAG(s) dict_keys(['example_trigger_controller_dag']) retrieved from /home/airflow/.local/lib/python3.6/site-packages/airflow/example_dags/example_trigger_controller_dag.py
[2022-03-01 01:58:27,230] {logging_mixin.py:104} INFO - [2022-03-01 01:58:27,230] {dag.py:1818} INFO - Sync 1 DAGs
[2022-03-01 01:58:27,255] {logging_mixin.py:104} INFO - [2022-03-01 01:58:27,255] {dag.py:2273} INFO - Setting next_dagrun for example_trigger_controller_dag to 2022-02-27 00:00:00+00:00
[2022-03-01 01:58:27,268] {scheduler_job.py:190} INFO - Processing /home/airflow/.local/lib/python3.6/site-packages/airflow/example_dags/example_trigger_controller_dag.py took 0.108 seconds
[2022-03-01 01:58:58,019] {scheduler_job.py:182} INFO - Started process (PID=616) to work on /home/airflow/.local/lib/python3.6/site-packages/airflow/example_dags/example_trigger_controller_dag.py
[2022-03-01 01:58:58,021] {scheduler_job.py:629} INFO - Processing file /home/airflow/.local/lib/python3.6/site-packages/airflow/example_dags/example_trigger_controller_dag.py for tasks to queue
[2022-03-01 01:58:58,023] {logging_mixin.py:104} INFO - [2022-03-01 01:58:58,022] {dagbag.py:448} INFO - Filling up the DagBag from /home/airflow/.local/lib/python3.6/site-packages/airflow/example_dags/example_trigger_controller_dag.py
[2022-03-01 01:58:58,037] {scheduler_job.py:639} INFO - DAG(s) dict_keys(['example_trigger_controller_dag']) retrieved from /home/airflow/.local/lib/python3.6/site-packages/airflow/example_dags/example_trigger_controller_dag.py
[2022-03-01 01:58:58,074] {logging_mixin.py:104} INFO - [2022-03-01 01:58:58,074] {dag.py:1818} INFO - Sync 1 DAGs
[2022-03-01 01:58:58,102] {logging_mixin.py:104} INFO - [2022-03-01 01:58:58,101] {dag.py:2273} INFO - Setting next_dagrun for example_trigger_controller_dag to 2022-02-27 00:00:00+00:00
[2022-03-01 01:58:58,116] {scheduler_job.py:190} INFO - Processing /home/airflow/.local/lib/python3.6/site-packages/airflow/example_dags/example_trigger_controller_dag.py took 0.103 seconds
[2022-03-01 01:59:29,007] {scheduler_job.py:182} INFO - Started process (PID=642) to work on /home/airflow/.local/lib/python3.6/site-packages/airflow/example_dags/example_trigger_controller_dag.py
[2022-03-01 01:59:29,011] {scheduler_job.py:629} INFO - Processing file /home/airflow/.local/lib/python3.6/site-packages/airflow/example_dags/example_trigger_controller_dag.py for tasks to queue
[2022-03-01 01:59:29,016] {logging_mixin.py:104} INFO - [2022-03-01 01:59:29,015] {dagbag.py:448} INFO - Filling up the DagBag from /home/airflow/.local/lib/python3.6/site-packages/airflow/example_dags/example_trigger_controller_dag.py
[2022-03-01 01:59:29,042] {scheduler_job.py:639} INFO - DAG(s) dict_keys(['example_trigger_controller_dag']) retrieved from /home/airflow/.local/lib/python3.6/site-packages/airflow/example_dags/example_trigger_controller_dag.py
[2022-03-01 01:59:29,090] {logging_mixin.py:104} INFO - [2022-03-01 01:59:29,090] {dag.py:1818} INFO - Sync 1 DAGs
[2022-03-01 01:59:29,116] {logging_mixin.py:104} INFO - [2022-03-01 01:59:29,115] {dag.py:2273} INFO - Setting next_dagrun for example_trigger_controller_dag to 2022-02-27 00:00:00+00:00
[2022-03-01 01:59:29,131] {scheduler_job.py:190} INFO - Processing /home/airflow/.local/lib/python3.6/site-packages/airflow/example_dags/example_trigger_controller_dag.py took 0.132 seconds
[2022-03-01 01:59:59,632] {scheduler_job.py:182} INFO - Started process (PID=668) to work on /home/airflow/.local/lib/python3.6/site-packages/airflow/example_dags/example_trigger_controller_dag.py
[2022-03-01 01:59:59,634] {scheduler_job.py:629} INFO - Processing file /home/airflow/.local/lib/python3.6/site-packages/airflow/example_dags/example_trigger_controller_dag.py for tasks to queue
[2022-03-01 01:59:59,635] {logging_mixin.py:104} INFO - [2022-03-01 01:59:59,635] {dagbag.py:448} INFO - Filling up the DagBag from /home/airflow/.local/lib/python3.6/site-packages/airflow/example_dags/example_trigger_controller_dag.py
[2022-03-01 01:59:59,650] {scheduler_job.py:639} INFO - DAG(s) dict_keys(['example_trigger_controller_dag']) retrieved from /home/airflow/.local/lib/python3.6/site-packages/airflow/example_dags/example_trigger_controller_dag.py
[2022-03-01 01:59:59,681] {logging_mixin.py:104} INFO - [2022-03-01 01:59:59,680] {dag.py:1818} INFO - Sync 1 DAGs
[2022-03-01 01:59:59,698] {logging_mixin.py:104} INFO - [2022-03-01 01:59:59,698] {dag.py:2273} INFO - Setting next_dagrun for example_trigger_controller_dag to 2022-02-27 00:00:00+00:00
[2022-03-01 01:59:59,712] {scheduler_job.py:190} INFO - Processing /home/airflow/.local/lib/python3.6/site-packages/airflow/example_dags/example_trigger_controller_dag.py took 0.085 seconds
[2022-03-01 02:00:30,170] {scheduler_job.py:182} INFO - Started process (PID=694) to work on /home/airflow/.local/lib/python3.6/site-packages/airflow/example_dags/example_trigger_controller_dag.py
[2022-03-01 02:00:30,173] {scheduler_job.py:629} INFO - Processing file /home/airflow/.local/lib/python3.6/site-packages/airflow/example_dags/example_trigger_controller_dag.py for tasks to queue
[2022-03-01 02:00:30,175] {logging_mixin.py:104} INFO - [2022-03-01 02:00:30,175] {dagbag.py:448} INFO - Filling up the DagBag from /home/airflow/.local/lib/python3.6/site-packages/airflow/example_dags/example_trigger_controller_dag.py
[2022-03-01 02:00:30,187] {scheduler_job.py:639} INFO - DAG(s) dict_keys(['example_trigger_controller_dag']) retrieved from /home/airflow/.local/lib/python3.6/site-packages/airflow/example_dags/example_trigger_controller_dag.py
[2022-03-01 02:00:30,228] {logging_mixin.py:104} INFO - [2022-03-01 02:00:30,227] {dag.py:1818} INFO - Sync 1 DAGs
[2022-03-01 02:00:30,246] {logging_mixin.py:104} INFO - [2022-03-01 02:00:30,246] {dag.py:2273} INFO - Setting next_dagrun for example_trigger_controller_dag to 2022-02-27 00:00:00+00:00
[2022-03-01 02:00:30,264] {scheduler_job.py:190} INFO - Processing /home/airflow/.local/lib/python3.6/site-packages/airflow/example_dags/example_trigger_controller_dag.py took 0.100 seconds
[2022-03-01 02:01:00,776] {scheduler_job.py:182} INFO - Started process (PID=720) to work on /home/airflow/.local/lib/python3.6/site-packages/airflow/example_dags/example_trigger_controller_dag.py
[2022-03-01 02:01:00,779] {scheduler_job.py:629} INFO - Processing file /home/airflow/.local/lib/python3.6/site-packages/airflow/example_dags/example_trigger_controller_dag.py for tasks to queue
[2022-03-01 02:01:00,780] {logging_mixin.py:104} INFO - [2022-03-01 02:01:00,780] {dagbag.py:448} INFO - Filling up the DagBag from /home/airflow/.local/lib/python3.6/site-packages/airflow/example_dags/example_trigger_controller_dag.py
[2022-03-01 02:01:00,796] {scheduler_job.py:639} INFO - DAG(s) dict_keys(['example_trigger_controller_dag']) retrieved from /home/airflow/.local/lib/python3.6/site-packages/airflow/example_dags/example_trigger_controller_dag.py
[2022-03-01 02:01:00,822] {logging_mixin.py:104} INFO - [2022-03-01 02:01:00,822] {dag.py:1818} INFO - Sync 1 DAGs
[2022-03-01 02:01:00,838] {logging_mixin.py:104} INFO - [2022-03-01 02:01:00,838] {dag.py:2273} INFO - Setting next_dagrun for example_trigger_controller_dag to 2022-02-27 00:00:00+00:00
[2022-03-01 02:01:00,848] {scheduler_job.py:190} INFO - Processing /home/airflow/.local/lib/python3.6/site-packages/airflow/example_dags/example_trigger_controller_dag.py took 0.076 seconds
[2022-03-01 02:01:31,132] {scheduler_job.py:182} INFO - Started process (PID=744) to work on /home/airflow/.local/lib/python3.6/site-packages/airflow/example_dags/example_trigger_controller_dag.py
[2022-03-01 02:01:31,134] {scheduler_job.py:629} INFO - Processing file /home/airflow/.local/lib/python3.6/site-packages/airflow/example_dags/example_trigger_controller_dag.py for tasks to queue
[2022-03-01 02:01:31,136] {logging_mixin.py:104} INFO - [2022-03-01 02:01:31,136] {dagbag.py:448} INFO - Filling up the DagBag from /home/airflow/.local/lib/python3.6/site-packages/airflow/example_dags/example_trigger_controller_dag.py
[2022-03-01 02:01:31,152] {scheduler_job.py:639} INFO - DAG(s) dict_keys(['example_trigger_controller_dag']) retrieved from /home/airflow/.local/lib/python3.6/site-packages/airflow/example_dags/example_trigger_controller_dag.py
[2022-03-01 02:01:31,182] {logging_mixin.py:104} INFO - [2022-03-01 02:01:31,182] {dag.py:1818} INFO - Sync 1 DAGs
[2022-03-01 02:01:31,199] {logging_mixin.py:104} INFO - [2022-03-01 02:01:31,199] {dag.py:2273} INFO - Setting next_dagrun for example_trigger_controller_dag to 2022-02-27 00:00:00+00:00
[2022-03-01 02:01:31,210] {scheduler_job.py:190} INFO - Processing /home/airflow/.local/lib/python3.6/site-packages/airflow/example_dags/example_trigger_controller_dag.py took 0.082 seconds
[2022-03-01 02:02:01,877] {scheduler_job.py:182} INFO - Started process (PID=771) to work on /home/airflow/.local/lib/python3.6/site-packages/airflow/example_dags/example_trigger_controller_dag.py
[2022-03-01 02:02:01,879] {scheduler_job.py:629} INFO - Processing file /home/airflow/.local/lib/python3.6/site-packages/airflow/example_dags/example_trigger_controller_dag.py for tasks to queue
[2022-03-01 02:02:01,880] {logging_mixin.py:104} INFO - [2022-03-01 02:02:01,880] {dagbag.py:448} INFO - Filling up the DagBag from /home/airflow/.local/lib/python3.6/site-packages/airflow/example_dags/example_trigger_controller_dag.py
[2022-03-01 02:02:01,896] {scheduler_job.py:639} INFO - DAG(s) dict_keys(['example_trigger_controller_dag']) retrieved from /home/airflow/.local/lib/python3.6/site-packages/airflow/example_dags/example_trigger_controller_dag.py
[2022-03-01 02:02:01,922] {logging_mixin.py:104} INFO - [2022-03-01 02:02:01,922] {dag.py:1818} INFO - Sync 1 DAGs
[2022-03-01 02:02:01,940] {logging_mixin.py:104} INFO - [2022-03-01 02:02:01,940] {dag.py:2273} INFO - Setting next_dagrun for example_trigger_controller_dag to 2022-02-27 00:00:00+00:00
[2022-03-01 02:02:01,952] {scheduler_job.py:190} INFO - Processing /home/airflow/.local/lib/python3.6/site-packages/airflow/example_dags/example_trigger_controller_dag.py took 0.080 seconds
