[2022-03-01 01:48:11,002] {scheduler_job.py:182} INFO - Started process (PID=39) to work on /home/airflow/.local/lib/python3.6/site-packages/airflow/example_dags/example_xcom.py
[2022-03-01 01:48:11,004] {scheduler_job.py:629} INFO - Processing file /home/airflow/.local/lib/python3.6/site-packages/airflow/example_dags/example_xcom.py for tasks to queue
[2022-03-01 01:48:11,008] {logging_mixin.py:104} INFO - [2022-03-01 01:48:11,008] {dagbag.py:448} INFO - Filling up the DagBag from /home/airflow/.local/lib/python3.6/site-packages/airflow/example_dags/example_xcom.py
[2022-03-01 01:48:11,031] {scheduler_job.py:639} INFO - DAG(s) dict_keys(['example_xcom']) retrieved from /home/airflow/.local/lib/python3.6/site-packages/airflow/example_dags/example_xcom.py
[2022-03-01 01:48:11,093] {logging_mixin.py:104} INFO - [2022-03-01 01:48:11,092] {dag.py:1818} INFO - Sync 1 DAGs
[2022-03-01 01:48:11,124] {logging_mixin.py:104} INFO - [2022-03-01 01:48:11,123] {dag.py:1837} INFO - Creating ORM DAG for example_xcom
[2022-03-01 01:48:11,140] {logging_mixin.py:104} INFO - [2022-03-01 01:48:11,139] {dag.py:2273} INFO - Setting next_dagrun for example_xcom to 2022-02-27 00:00:00+00:00
[2022-03-01 01:48:11,194] {scheduler_job.py:190} INFO - Processing /home/airflow/.local/lib/python3.6/site-packages/airflow/example_dags/example_xcom.py took 0.199 seconds
[2022-03-01 01:48:41,641] {scheduler_job.py:182} INFO - Started process (PID=64) to work on /home/airflow/.local/lib/python3.6/site-packages/airflow/example_dags/example_xcom.py
[2022-03-01 01:48:41,643] {scheduler_job.py:629} INFO - Processing file /home/airflow/.local/lib/python3.6/site-packages/airflow/example_dags/example_xcom.py for tasks to queue
[2022-03-01 01:48:41,645] {logging_mixin.py:104} INFO - [2022-03-01 01:48:41,644] {dagbag.py:448} INFO - Filling up the DagBag from /home/airflow/.local/lib/python3.6/site-packages/airflow/example_dags/example_xcom.py
[2022-03-01 01:48:41,657] {scheduler_job.py:639} INFO - DAG(s) dict_keys(['example_xcom']) retrieved from /home/airflow/.local/lib/python3.6/site-packages/airflow/example_dags/example_xcom.py
[2022-03-01 01:48:41,679] {logging_mixin.py:104} INFO - [2022-03-01 01:48:41,679] {dag.py:1818} INFO - Sync 1 DAGs
[2022-03-01 01:48:41,693] {logging_mixin.py:104} INFO - [2022-03-01 01:48:41,693] {dag.py:2273} INFO - Setting next_dagrun for example_xcom to 2022-02-27 00:00:00+00:00
[2022-03-01 01:48:41,702] {scheduler_job.py:190} INFO - Processing /home/airflow/.local/lib/python3.6/site-packages/airflow/example_dags/example_xcom.py took 0.064 seconds
[2022-03-01 01:49:12,496] {scheduler_job.py:182} INFO - Started process (PID=94) to work on /home/airflow/.local/lib/python3.6/site-packages/airflow/example_dags/example_xcom.py
[2022-03-01 01:49:12,498] {scheduler_job.py:629} INFO - Processing file /home/airflow/.local/lib/python3.6/site-packages/airflow/example_dags/example_xcom.py for tasks to queue
[2022-03-01 01:49:12,499] {logging_mixin.py:104} INFO - [2022-03-01 01:49:12,499] {dagbag.py:448} INFO - Filling up the DagBag from /home/airflow/.local/lib/python3.6/site-packages/airflow/example_dags/example_xcom.py
[2022-03-01 01:49:12,513] {scheduler_job.py:639} INFO - DAG(s) dict_keys(['example_xcom']) retrieved from /home/airflow/.local/lib/python3.6/site-packages/airflow/example_dags/example_xcom.py
[2022-03-01 01:49:12,589] {logging_mixin.py:104} INFO - [2022-03-01 01:49:12,589] {dag.py:1818} INFO - Sync 1 DAGs
[2022-03-01 01:49:12,623] {logging_mixin.py:104} INFO - [2022-03-01 01:49:12,623] {dag.py:2273} INFO - Setting next_dagrun for example_xcom to 2022-02-27 00:00:00+00:00
[2022-03-01 01:49:12,667] {scheduler_job.py:190} INFO - Processing /home/airflow/.local/lib/python3.6/site-packages/airflow/example_dags/example_xcom.py took 0.176 seconds
[2022-03-01 01:49:43,075] {scheduler_job.py:182} INFO - Started process (PID=120) to work on /home/airflow/.local/lib/python3.6/site-packages/airflow/example_dags/example_xcom.py
[2022-03-01 01:49:43,077] {scheduler_job.py:629} INFO - Processing file /home/airflow/.local/lib/python3.6/site-packages/airflow/example_dags/example_xcom.py for tasks to queue
[2022-03-01 01:49:43,078] {logging_mixin.py:104} INFO - [2022-03-01 01:49:43,078] {dagbag.py:448} INFO - Filling up the DagBag from /home/airflow/.local/lib/python3.6/site-packages/airflow/example_dags/example_xcom.py
[2022-03-01 01:49:43,092] {scheduler_job.py:639} INFO - DAG(s) dict_keys(['example_xcom']) retrieved from /home/airflow/.local/lib/python3.6/site-packages/airflow/example_dags/example_xcom.py
[2022-03-01 01:49:43,118] {logging_mixin.py:104} INFO - [2022-03-01 01:49:43,117] {dag.py:1818} INFO - Sync 1 DAGs
[2022-03-01 01:49:43,134] {logging_mixin.py:104} INFO - [2022-03-01 01:49:43,134] {dag.py:2273} INFO - Setting next_dagrun for example_xcom to 2022-02-27 00:00:00+00:00
[2022-03-01 01:49:43,143] {scheduler_job.py:190} INFO - Processing /home/airflow/.local/lib/python3.6/site-packages/airflow/example_dags/example_xcom.py took 0.072 seconds
[2022-03-01 01:50:14,747] {scheduler_job.py:182} INFO - Started process (PID=174) to work on /home/airflow/.local/lib/python3.6/site-packages/airflow/example_dags/example_xcom.py
[2022-03-01 01:50:14,750] {scheduler_job.py:629} INFO - Processing file /home/airflow/.local/lib/python3.6/site-packages/airflow/example_dags/example_xcom.py for tasks to queue
[2022-03-01 01:50:14,751] {logging_mixin.py:104} INFO - [2022-03-01 01:50:14,751] {dagbag.py:448} INFO - Filling up the DagBag from /home/airflow/.local/lib/python3.6/site-packages/airflow/example_dags/example_xcom.py
[2022-03-01 01:50:14,769] {scheduler_job.py:639} INFO - DAG(s) dict_keys(['example_xcom']) retrieved from /home/airflow/.local/lib/python3.6/site-packages/airflow/example_dags/example_xcom.py
[2022-03-01 01:50:14,804] {logging_mixin.py:104} INFO - [2022-03-01 01:50:14,804] {dag.py:1818} INFO - Sync 1 DAGs
[2022-03-01 01:50:14,828] {logging_mixin.py:104} INFO - [2022-03-01 01:50:14,827] {dag.py:2273} INFO - Setting next_dagrun for example_xcom to 2022-02-27 00:00:00+00:00
[2022-03-01 01:50:14,865] {scheduler_job.py:190} INFO - Processing /home/airflow/.local/lib/python3.6/site-packages/airflow/example_dags/example_xcom.py took 0.122 seconds
[2022-03-01 01:50:45,417] {scheduler_job.py:182} INFO - Started process (PID=200) to work on /home/airflow/.local/lib/python3.6/site-packages/airflow/example_dags/example_xcom.py
[2022-03-01 01:50:45,419] {scheduler_job.py:629} INFO - Processing file /home/airflow/.local/lib/python3.6/site-packages/airflow/example_dags/example_xcom.py for tasks to queue
[2022-03-01 01:50:45,421] {logging_mixin.py:104} INFO - [2022-03-01 01:50:45,421] {dagbag.py:448} INFO - Filling up the DagBag from /home/airflow/.local/lib/python3.6/site-packages/airflow/example_dags/example_xcom.py
[2022-03-01 01:50:45,439] {scheduler_job.py:639} INFO - DAG(s) dict_keys(['example_xcom']) retrieved from /home/airflow/.local/lib/python3.6/site-packages/airflow/example_dags/example_xcom.py
[2022-03-01 01:50:45,466] {logging_mixin.py:104} INFO - [2022-03-01 01:50:45,466] {dag.py:1818} INFO - Sync 1 DAGs
[2022-03-01 01:50:45,487] {logging_mixin.py:104} INFO - [2022-03-01 01:50:45,487] {dag.py:2273} INFO - Setting next_dagrun for example_xcom to 2022-02-27 00:00:00+00:00
[2022-03-01 01:50:45,499] {scheduler_job.py:190} INFO - Processing /home/airflow/.local/lib/python3.6/site-packages/airflow/example_dags/example_xcom.py took 0.086 seconds
[2022-03-01 01:51:16,202] {scheduler_job.py:182} INFO - Started process (PID=226) to work on /home/airflow/.local/lib/python3.6/site-packages/airflow/example_dags/example_xcom.py
[2022-03-01 01:51:16,204] {scheduler_job.py:629} INFO - Processing file /home/airflow/.local/lib/python3.6/site-packages/airflow/example_dags/example_xcom.py for tasks to queue
[2022-03-01 01:51:16,205] {logging_mixin.py:104} INFO - [2022-03-01 01:51:16,205] {dagbag.py:448} INFO - Filling up the DagBag from /home/airflow/.local/lib/python3.6/site-packages/airflow/example_dags/example_xcom.py
[2022-03-01 01:51:16,219] {scheduler_job.py:639} INFO - DAG(s) dict_keys(['example_xcom']) retrieved from /home/airflow/.local/lib/python3.6/site-packages/airflow/example_dags/example_xcom.py
[2022-03-01 01:51:16,244] {logging_mixin.py:104} INFO - [2022-03-01 01:51:16,244] {dag.py:1818} INFO - Sync 1 DAGs
[2022-03-01 01:51:16,274] {logging_mixin.py:104} INFO - [2022-03-01 01:51:16,274] {dag.py:2273} INFO - Setting next_dagrun for example_xcom to 2022-02-27 00:00:00+00:00
[2022-03-01 01:51:16,343] {scheduler_job.py:190} INFO - Processing /home/airflow/.local/lib/python3.6/site-packages/airflow/example_dags/example_xcom.py took 0.146 seconds
[2022-03-01 01:51:46,883] {scheduler_job.py:182} INFO - Started process (PID=251) to work on /home/airflow/.local/lib/python3.6/site-packages/airflow/example_dags/example_xcom.py
[2022-03-01 01:51:46,886] {scheduler_job.py:629} INFO - Processing file /home/airflow/.local/lib/python3.6/site-packages/airflow/example_dags/example_xcom.py for tasks to queue
[2022-03-01 01:51:46,888] {logging_mixin.py:104} INFO - [2022-03-01 01:51:46,888] {dagbag.py:448} INFO - Filling up the DagBag from /home/airflow/.local/lib/python3.6/site-packages/airflow/example_dags/example_xcom.py
[2022-03-01 01:51:46,905] {scheduler_job.py:639} INFO - DAG(s) dict_keys(['example_xcom']) retrieved from /home/airflow/.local/lib/python3.6/site-packages/airflow/example_dags/example_xcom.py
[2022-03-01 01:51:46,935] {logging_mixin.py:104} INFO - [2022-03-01 01:51:46,935] {dag.py:1818} INFO - Sync 1 DAGs
[2022-03-01 01:51:46,957] {logging_mixin.py:104} INFO - [2022-03-01 01:51:46,957] {dag.py:2273} INFO - Setting next_dagrun for example_xcom to 2022-02-27 00:00:00+00:00
[2022-03-01 01:51:46,971] {scheduler_job.py:190} INFO - Processing /home/airflow/.local/lib/python3.6/site-packages/airflow/example_dags/example_xcom.py took 0.092 seconds
[2022-03-01 01:52:17,551] {scheduler_job.py:182} INFO - Started process (PID=277) to work on /home/airflow/.local/lib/python3.6/site-packages/airflow/example_dags/example_xcom.py
[2022-03-01 01:52:17,553] {scheduler_job.py:629} INFO - Processing file /home/airflow/.local/lib/python3.6/site-packages/airflow/example_dags/example_xcom.py for tasks to queue
[2022-03-01 01:52:17,554] {logging_mixin.py:104} INFO - [2022-03-01 01:52:17,554] {dagbag.py:448} INFO - Filling up the DagBag from /home/airflow/.local/lib/python3.6/site-packages/airflow/example_dags/example_xcom.py
[2022-03-01 01:52:17,571] {scheduler_job.py:639} INFO - DAG(s) dict_keys(['example_xcom']) retrieved from /home/airflow/.local/lib/python3.6/site-packages/airflow/example_dags/example_xcom.py
[2022-03-01 01:52:17,598] {logging_mixin.py:104} INFO - [2022-03-01 01:52:17,598] {dag.py:1818} INFO - Sync 1 DAGs
[2022-03-01 01:52:17,618] {logging_mixin.py:104} INFO - [2022-03-01 01:52:17,618] {dag.py:2273} INFO - Setting next_dagrun for example_xcom to 2022-02-27 00:00:00+00:00
[2022-03-01 01:52:17,629] {scheduler_job.py:190} INFO - Processing /home/airflow/.local/lib/python3.6/site-packages/airflow/example_dags/example_xcom.py took 0.083 seconds
[2022-03-01 01:52:48,348] {scheduler_job.py:182} INFO - Started process (PID=302) to work on /home/airflow/.local/lib/python3.6/site-packages/airflow/example_dags/example_xcom.py
[2022-03-01 01:52:48,350] {scheduler_job.py:629} INFO - Processing file /home/airflow/.local/lib/python3.6/site-packages/airflow/example_dags/example_xcom.py for tasks to queue
[2022-03-01 01:52:48,359] {logging_mixin.py:104} INFO - [2022-03-01 01:52:48,359] {dagbag.py:448} INFO - Filling up the DagBag from /home/airflow/.local/lib/python3.6/site-packages/airflow/example_dags/example_xcom.py
[2022-03-01 01:52:48,389] {scheduler_job.py:639} INFO - DAG(s) dict_keys(['example_xcom']) retrieved from /home/airflow/.local/lib/python3.6/site-packages/airflow/example_dags/example_xcom.py
[2022-03-01 01:52:48,420] {logging_mixin.py:104} INFO - [2022-03-01 01:52:48,420] {dag.py:1818} INFO - Sync 1 DAGs
[2022-03-01 01:52:48,439] {logging_mixin.py:104} INFO - [2022-03-01 01:52:48,439] {dag.py:2273} INFO - Setting next_dagrun for example_xcom to 2022-02-27 00:00:00+00:00
[2022-03-01 01:52:48,449] {scheduler_job.py:190} INFO - Processing /home/airflow/.local/lib/python3.6/site-packages/airflow/example_dags/example_xcom.py took 0.106 seconds
[2022-03-01 01:53:18,548] {scheduler_job.py:182} INFO - Started process (PID=328) to work on /home/airflow/.local/lib/python3.6/site-packages/airflow/example_dags/example_xcom.py
[2022-03-01 01:53:18,550] {scheduler_job.py:629} INFO - Processing file /home/airflow/.local/lib/python3.6/site-packages/airflow/example_dags/example_xcom.py for tasks to queue
[2022-03-01 01:53:18,552] {logging_mixin.py:104} INFO - [2022-03-01 01:53:18,552] {dagbag.py:448} INFO - Filling up the DagBag from /home/airflow/.local/lib/python3.6/site-packages/airflow/example_dags/example_xcom.py
[2022-03-01 01:53:18,565] {scheduler_job.py:639} INFO - DAG(s) dict_keys(['example_xcom']) retrieved from /home/airflow/.local/lib/python3.6/site-packages/airflow/example_dags/example_xcom.py
[2022-03-01 01:53:18,598] {logging_mixin.py:104} INFO - [2022-03-01 01:53:18,598] {dag.py:1818} INFO - Sync 1 DAGs
[2022-03-01 01:53:18,615] {logging_mixin.py:104} INFO - [2022-03-01 01:53:18,615] {dag.py:2273} INFO - Setting next_dagrun for example_xcom to 2022-02-27 00:00:00+00:00
[2022-03-01 01:53:18,626] {scheduler_job.py:190} INFO - Processing /home/airflow/.local/lib/python3.6/site-packages/airflow/example_dags/example_xcom.py took 0.082 seconds
[2022-03-01 01:53:49,338] {scheduler_job.py:182} INFO - Started process (PID=354) to work on /home/airflow/.local/lib/python3.6/site-packages/airflow/example_dags/example_xcom.py
[2022-03-01 01:53:49,340] {scheduler_job.py:629} INFO - Processing file /home/airflow/.local/lib/python3.6/site-packages/airflow/example_dags/example_xcom.py for tasks to queue
[2022-03-01 01:53:49,342] {logging_mixin.py:104} INFO - [2022-03-01 01:53:49,342] {dagbag.py:448} INFO - Filling up the DagBag from /home/airflow/.local/lib/python3.6/site-packages/airflow/example_dags/example_xcom.py
[2022-03-01 01:53:49,356] {scheduler_job.py:639} INFO - DAG(s) dict_keys(['example_xcom']) retrieved from /home/airflow/.local/lib/python3.6/site-packages/airflow/example_dags/example_xcom.py
[2022-03-01 01:53:49,385] {logging_mixin.py:104} INFO - [2022-03-01 01:53:49,385] {dag.py:1818} INFO - Sync 1 DAGs
[2022-03-01 01:53:49,406] {logging_mixin.py:104} INFO - [2022-03-01 01:53:49,406] {dag.py:2273} INFO - Setting next_dagrun for example_xcom to 2022-02-27 00:00:00+00:00
[2022-03-01 01:53:49,419] {scheduler_job.py:190} INFO - Processing /home/airflow/.local/lib/python3.6/site-packages/airflow/example_dags/example_xcom.py took 0.085 seconds
[2022-03-01 01:54:19,919] {scheduler_job.py:182} INFO - Started process (PID=381) to work on /home/airflow/.local/lib/python3.6/site-packages/airflow/example_dags/example_xcom.py
[2022-03-01 01:54:19,921] {scheduler_job.py:629} INFO - Processing file /home/airflow/.local/lib/python3.6/site-packages/airflow/example_dags/example_xcom.py for tasks to queue
[2022-03-01 01:54:19,922] {logging_mixin.py:104} INFO - [2022-03-01 01:54:19,922] {dagbag.py:448} INFO - Filling up the DagBag from /home/airflow/.local/lib/python3.6/site-packages/airflow/example_dags/example_xcom.py
[2022-03-01 01:54:19,938] {scheduler_job.py:639} INFO - DAG(s) dict_keys(['example_xcom']) retrieved from /home/airflow/.local/lib/python3.6/site-packages/airflow/example_dags/example_xcom.py
[2022-03-01 01:54:19,962] {logging_mixin.py:104} INFO - [2022-03-01 01:54:19,962] {dag.py:1818} INFO - Sync 1 DAGs
[2022-03-01 01:54:19,979] {logging_mixin.py:104} INFO - [2022-03-01 01:54:19,979] {dag.py:2273} INFO - Setting next_dagrun for example_xcom to 2022-02-27 00:00:00+00:00
[2022-03-01 01:54:19,992] {scheduler_job.py:190} INFO - Processing /home/airflow/.local/lib/python3.6/site-packages/airflow/example_dags/example_xcom.py took 0.078 seconds
[2022-03-01 01:54:50,618] {scheduler_job.py:182} INFO - Started process (PID=406) to work on /home/airflow/.local/lib/python3.6/site-packages/airflow/example_dags/example_xcom.py
[2022-03-01 01:54:50,620] {scheduler_job.py:629} INFO - Processing file /home/airflow/.local/lib/python3.6/site-packages/airflow/example_dags/example_xcom.py for tasks to queue
[2022-03-01 01:54:50,622] {logging_mixin.py:104} INFO - [2022-03-01 01:54:50,622] {dagbag.py:448} INFO - Filling up the DagBag from /home/airflow/.local/lib/python3.6/site-packages/airflow/example_dags/example_xcom.py
[2022-03-01 01:54:50,637] {scheduler_job.py:639} INFO - DAG(s) dict_keys(['example_xcom']) retrieved from /home/airflow/.local/lib/python3.6/site-packages/airflow/example_dags/example_xcom.py
[2022-03-01 01:54:50,665] {logging_mixin.py:104} INFO - [2022-03-01 01:54:50,665] {dag.py:1818} INFO - Sync 1 DAGs
[2022-03-01 01:54:50,687] {logging_mixin.py:104} INFO - [2022-03-01 01:54:50,687] {dag.py:2273} INFO - Setting next_dagrun for example_xcom to 2022-02-27 00:00:00+00:00
[2022-03-01 01:54:50,697] {scheduler_job.py:190} INFO - Processing /home/airflow/.local/lib/python3.6/site-packages/airflow/example_dags/example_xcom.py took 0.083 seconds
[2022-03-01 01:55:21,682] {scheduler_job.py:182} INFO - Started process (PID=431) to work on /home/airflow/.local/lib/python3.6/site-packages/airflow/example_dags/example_xcom.py
[2022-03-01 01:55:21,685] {scheduler_job.py:629} INFO - Processing file /home/airflow/.local/lib/python3.6/site-packages/airflow/example_dags/example_xcom.py for tasks to queue
[2022-03-01 01:55:21,686] {logging_mixin.py:104} INFO - [2022-03-01 01:55:21,686] {dagbag.py:448} INFO - Filling up the DagBag from /home/airflow/.local/lib/python3.6/site-packages/airflow/example_dags/example_xcom.py
[2022-03-01 01:55:21,700] {scheduler_job.py:639} INFO - DAG(s) dict_keys(['example_xcom']) retrieved from /home/airflow/.local/lib/python3.6/site-packages/airflow/example_dags/example_xcom.py
[2022-03-01 01:55:21,728] {logging_mixin.py:104} INFO - [2022-03-01 01:55:21,728] {dag.py:1818} INFO - Sync 1 DAGs
[2022-03-01 01:55:21,750] {logging_mixin.py:104} INFO - [2022-03-01 01:55:21,750] {dag.py:2273} INFO - Setting next_dagrun for example_xcom to 2022-02-27 00:00:00+00:00
[2022-03-01 01:55:21,760] {scheduler_job.py:190} INFO - Processing /home/airflow/.local/lib/python3.6/site-packages/airflow/example_dags/example_xcom.py took 0.083 seconds
[2022-03-01 01:55:52,351] {scheduler_job.py:182} INFO - Started process (PID=457) to work on /home/airflow/.local/lib/python3.6/site-packages/airflow/example_dags/example_xcom.py
[2022-03-01 01:55:52,353] {scheduler_job.py:629} INFO - Processing file /home/airflow/.local/lib/python3.6/site-packages/airflow/example_dags/example_xcom.py for tasks to queue
[2022-03-01 01:55:52,355] {logging_mixin.py:104} INFO - [2022-03-01 01:55:52,355] {dagbag.py:448} INFO - Filling up the DagBag from /home/airflow/.local/lib/python3.6/site-packages/airflow/example_dags/example_xcom.py
[2022-03-01 01:55:52,370] {scheduler_job.py:639} INFO - DAG(s) dict_keys(['example_xcom']) retrieved from /home/airflow/.local/lib/python3.6/site-packages/airflow/example_dags/example_xcom.py
[2022-03-01 01:55:52,412] {logging_mixin.py:104} INFO - [2022-03-01 01:55:52,412] {dag.py:1818} INFO - Sync 1 DAGs
[2022-03-01 01:55:52,434] {logging_mixin.py:104} INFO - [2022-03-01 01:55:52,434] {dag.py:2273} INFO - Setting next_dagrun for example_xcom to 2022-02-27 00:00:00+00:00
[2022-03-01 01:55:52,443] {scheduler_job.py:190} INFO - Processing /home/airflow/.local/lib/python3.6/site-packages/airflow/example_dags/example_xcom.py took 0.100 seconds
[2022-03-01 01:56:23,716] {scheduler_job.py:182} INFO - Started process (PID=483) to work on /home/airflow/.local/lib/python3.6/site-packages/airflow/example_dags/example_xcom.py
[2022-03-01 01:56:23,719] {scheduler_job.py:629} INFO - Processing file /home/airflow/.local/lib/python3.6/site-packages/airflow/example_dags/example_xcom.py for tasks to queue
[2022-03-01 01:56:23,720] {logging_mixin.py:104} INFO - [2022-03-01 01:56:23,720] {dagbag.py:448} INFO - Filling up the DagBag from /home/airflow/.local/lib/python3.6/site-packages/airflow/example_dags/example_xcom.py
[2022-03-01 01:56:23,740] {scheduler_job.py:639} INFO - DAG(s) dict_keys(['example_xcom']) retrieved from /home/airflow/.local/lib/python3.6/site-packages/airflow/example_dags/example_xcom.py
[2022-03-01 01:56:23,777] {logging_mixin.py:104} INFO - [2022-03-01 01:56:23,776] {dag.py:1818} INFO - Sync 1 DAGs
[2022-03-01 01:56:23,804] {logging_mixin.py:104} INFO - [2022-03-01 01:56:23,804] {dag.py:2273} INFO - Setting next_dagrun for example_xcom to 2022-02-27 00:00:00+00:00
[2022-03-01 01:56:23,815] {scheduler_job.py:190} INFO - Processing /home/airflow/.local/lib/python3.6/site-packages/airflow/example_dags/example_xcom.py took 0.105 seconds
[2022-03-01 01:56:54,464] {scheduler_job.py:182} INFO - Started process (PID=509) to work on /home/airflow/.local/lib/python3.6/site-packages/airflow/example_dags/example_xcom.py
[2022-03-01 01:56:54,466] {scheduler_job.py:629} INFO - Processing file /home/airflow/.local/lib/python3.6/site-packages/airflow/example_dags/example_xcom.py for tasks to queue
[2022-03-01 01:56:54,468] {logging_mixin.py:104} INFO - [2022-03-01 01:56:54,467] {dagbag.py:448} INFO - Filling up the DagBag from /home/airflow/.local/lib/python3.6/site-packages/airflow/example_dags/example_xcom.py
[2022-03-01 01:56:54,482] {scheduler_job.py:639} INFO - DAG(s) dict_keys(['example_xcom']) retrieved from /home/airflow/.local/lib/python3.6/site-packages/airflow/example_dags/example_xcom.py
[2022-03-01 01:56:54,505] {logging_mixin.py:104} INFO - [2022-03-01 01:56:54,505] {dag.py:1818} INFO - Sync 1 DAGs
[2022-03-01 01:56:54,526] {logging_mixin.py:104} INFO - [2022-03-01 01:56:54,525] {dag.py:2273} INFO - Setting next_dagrun for example_xcom to 2022-02-27 00:00:00+00:00
[2022-03-01 01:56:54,540] {scheduler_job.py:190} INFO - Processing /home/airflow/.local/lib/python3.6/site-packages/airflow/example_dags/example_xcom.py took 0.080 seconds
[2022-03-01 01:57:25,534] {scheduler_job.py:182} INFO - Started process (PID=540) to work on /home/airflow/.local/lib/python3.6/site-packages/airflow/example_dags/example_xcom.py
[2022-03-01 01:57:25,537] {scheduler_job.py:629} INFO - Processing file /home/airflow/.local/lib/python3.6/site-packages/airflow/example_dags/example_xcom.py for tasks to queue
[2022-03-01 01:57:25,538] {logging_mixin.py:104} INFO - [2022-03-01 01:57:25,538] {dagbag.py:448} INFO - Filling up the DagBag from /home/airflow/.local/lib/python3.6/site-packages/airflow/example_dags/example_xcom.py
[2022-03-01 01:57:25,562] {scheduler_job.py:639} INFO - DAG(s) dict_keys(['example_xcom']) retrieved from /home/airflow/.local/lib/python3.6/site-packages/airflow/example_dags/example_xcom.py
[2022-03-01 01:57:25,601] {logging_mixin.py:104} INFO - [2022-03-01 01:57:25,600] {dag.py:1818} INFO - Sync 1 DAGs
[2022-03-01 01:57:25,627] {logging_mixin.py:104} INFO - [2022-03-01 01:57:25,627] {dag.py:2273} INFO - Setting next_dagrun for example_xcom to 2022-02-27 00:00:00+00:00
[2022-03-01 01:57:25,640] {scheduler_job.py:190} INFO - Processing /home/airflow/.local/lib/python3.6/site-packages/airflow/example_dags/example_xcom.py took 0.112 seconds
[2022-03-01 01:57:56,124] {scheduler_job.py:182} INFO - Started process (PID=566) to work on /home/airflow/.local/lib/python3.6/site-packages/airflow/example_dags/example_xcom.py
[2022-03-01 01:57:56,126] {scheduler_job.py:629} INFO - Processing file /home/airflow/.local/lib/python3.6/site-packages/airflow/example_dags/example_xcom.py for tasks to queue
[2022-03-01 01:57:56,127] {logging_mixin.py:104} INFO - [2022-03-01 01:57:56,127] {dagbag.py:448} INFO - Filling up the DagBag from /home/airflow/.local/lib/python3.6/site-packages/airflow/example_dags/example_xcom.py
[2022-03-01 01:57:56,141] {scheduler_job.py:639} INFO - DAG(s) dict_keys(['example_xcom']) retrieved from /home/airflow/.local/lib/python3.6/site-packages/airflow/example_dags/example_xcom.py
[2022-03-01 01:57:56,167] {logging_mixin.py:104} INFO - [2022-03-01 01:57:56,167] {dag.py:1818} INFO - Sync 1 DAGs
[2022-03-01 01:57:56,187] {logging_mixin.py:104} INFO - [2022-03-01 01:57:56,187] {dag.py:2273} INFO - Setting next_dagrun for example_xcom to 2022-02-27 00:00:00+00:00
[2022-03-01 01:57:56,198] {scheduler_job.py:190} INFO - Processing /home/airflow/.local/lib/python3.6/site-packages/airflow/example_dags/example_xcom.py took 0.078 seconds
[2022-03-01 01:58:27,262] {scheduler_job.py:182} INFO - Started process (PID=592) to work on /home/airflow/.local/lib/python3.6/site-packages/airflow/example_dags/example_xcom.py
[2022-03-01 01:58:27,265] {scheduler_job.py:629} INFO - Processing file /home/airflow/.local/lib/python3.6/site-packages/airflow/example_dags/example_xcom.py for tasks to queue
[2022-03-01 01:58:27,267] {logging_mixin.py:104} INFO - [2022-03-01 01:58:27,267] {dagbag.py:448} INFO - Filling up the DagBag from /home/airflow/.local/lib/python3.6/site-packages/airflow/example_dags/example_xcom.py
[2022-03-01 01:58:27,288] {scheduler_job.py:639} INFO - DAG(s) dict_keys(['example_xcom']) retrieved from /home/airflow/.local/lib/python3.6/site-packages/airflow/example_dags/example_xcom.py
[2022-03-01 01:58:27,324] {logging_mixin.py:104} INFO - [2022-03-01 01:58:27,324] {dag.py:1818} INFO - Sync 1 DAGs
[2022-03-01 01:58:27,343] {logging_mixin.py:104} INFO - [2022-03-01 01:58:27,342] {dag.py:2273} INFO - Setting next_dagrun for example_xcom to 2022-02-27 00:00:00+00:00
[2022-03-01 01:58:27,354] {scheduler_job.py:190} INFO - Processing /home/airflow/.local/lib/python3.6/site-packages/airflow/example_dags/example_xcom.py took 0.097 seconds
[2022-03-01 01:58:58,060] {scheduler_job.py:182} INFO - Started process (PID=617) to work on /home/airflow/.local/lib/python3.6/site-packages/airflow/example_dags/example_xcom.py
[2022-03-01 01:58:58,062] {scheduler_job.py:629} INFO - Processing file /home/airflow/.local/lib/python3.6/site-packages/airflow/example_dags/example_xcom.py for tasks to queue
[2022-03-01 01:58:58,064] {logging_mixin.py:104} INFO - [2022-03-01 01:58:58,064] {dagbag.py:448} INFO - Filling up the DagBag from /home/airflow/.local/lib/python3.6/site-packages/airflow/example_dags/example_xcom.py
[2022-03-01 01:58:58,084] {scheduler_job.py:639} INFO - DAG(s) dict_keys(['example_xcom']) retrieved from /home/airflow/.local/lib/python3.6/site-packages/airflow/example_dags/example_xcom.py
[2022-03-01 01:58:58,122] {logging_mixin.py:104} INFO - [2022-03-01 01:58:58,122] {dag.py:1818} INFO - Sync 1 DAGs
[2022-03-01 01:58:58,141] {logging_mixin.py:104} INFO - [2022-03-01 01:58:58,141] {dag.py:2273} INFO - Setting next_dagrun for example_xcom to 2022-02-27 00:00:00+00:00
[2022-03-01 01:58:58,152] {scheduler_job.py:190} INFO - Processing /home/airflow/.local/lib/python3.6/site-packages/airflow/example_dags/example_xcom.py took 0.099 seconds
[2022-03-01 01:59:29,058] {scheduler_job.py:182} INFO - Started process (PID=643) to work on /home/airflow/.local/lib/python3.6/site-packages/airflow/example_dags/example_xcom.py
[2022-03-01 01:59:29,065] {scheduler_job.py:629} INFO - Processing file /home/airflow/.local/lib/python3.6/site-packages/airflow/example_dags/example_xcom.py for tasks to queue
[2022-03-01 01:59:29,068] {logging_mixin.py:104} INFO - [2022-03-01 01:59:29,068] {dagbag.py:448} INFO - Filling up the DagBag from /home/airflow/.local/lib/python3.6/site-packages/airflow/example_dags/example_xcom.py
[2022-03-01 01:59:29,087] {scheduler_job.py:639} INFO - DAG(s) dict_keys(['example_xcom']) retrieved from /home/airflow/.local/lib/python3.6/site-packages/airflow/example_dags/example_xcom.py
[2022-03-01 01:59:29,127] {logging_mixin.py:104} INFO - [2022-03-01 01:59:29,127] {dag.py:1818} INFO - Sync 1 DAGs
[2022-03-01 01:59:29,152] {logging_mixin.py:104} INFO - [2022-03-01 01:59:29,152] {dag.py:2273} INFO - Setting next_dagrun for example_xcom to 2022-02-27 00:00:00+00:00
[2022-03-01 01:59:29,164] {scheduler_job.py:190} INFO - Processing /home/airflow/.local/lib/python3.6/site-packages/airflow/example_dags/example_xcom.py took 0.114 seconds
[2022-03-01 01:59:59,650] {scheduler_job.py:182} INFO - Started process (PID=669) to work on /home/airflow/.local/lib/python3.6/site-packages/airflow/example_dags/example_xcom.py
[2022-03-01 01:59:59,652] {scheduler_job.py:629} INFO - Processing file /home/airflow/.local/lib/python3.6/site-packages/airflow/example_dags/example_xcom.py for tasks to queue
[2022-03-01 01:59:59,653] {logging_mixin.py:104} INFO - [2022-03-01 01:59:59,653] {dagbag.py:448} INFO - Filling up the DagBag from /home/airflow/.local/lib/python3.6/site-packages/airflow/example_dags/example_xcom.py
[2022-03-01 01:59:59,677] {scheduler_job.py:639} INFO - DAG(s) dict_keys(['example_xcom']) retrieved from /home/airflow/.local/lib/python3.6/site-packages/airflow/example_dags/example_xcom.py
[2022-03-01 01:59:59,702] {logging_mixin.py:104} INFO - [2022-03-01 01:59:59,702] {dag.py:1818} INFO - Sync 1 DAGs
[2022-03-01 01:59:59,721] {logging_mixin.py:104} INFO - [2022-03-01 01:59:59,721] {dag.py:2273} INFO - Setting next_dagrun for example_xcom to 2022-02-27 00:00:00+00:00
[2022-03-01 01:59:59,733] {scheduler_job.py:190} INFO - Processing /home/airflow/.local/lib/python3.6/site-packages/airflow/example_dags/example_xcom.py took 0.087 seconds
[2022-03-01 02:00:30,294] {scheduler_job.py:182} INFO - Started process (PID=695) to work on /home/airflow/.local/lib/python3.6/site-packages/airflow/example_dags/example_xcom.py
[2022-03-01 02:00:30,296] {scheduler_job.py:629} INFO - Processing file /home/airflow/.local/lib/python3.6/site-packages/airflow/example_dags/example_xcom.py for tasks to queue
[2022-03-01 02:00:30,297] {logging_mixin.py:104} INFO - [2022-03-01 02:00:30,297] {dagbag.py:448} INFO - Filling up the DagBag from /home/airflow/.local/lib/python3.6/site-packages/airflow/example_dags/example_xcom.py
[2022-03-01 02:00:30,317] {scheduler_job.py:639} INFO - DAG(s) dict_keys(['example_xcom']) retrieved from /home/airflow/.local/lib/python3.6/site-packages/airflow/example_dags/example_xcom.py
[2022-03-01 02:00:30,344] {logging_mixin.py:104} INFO - [2022-03-01 02:00:30,344] {dag.py:1818} INFO - Sync 1 DAGs
[2022-03-01 02:00:30,361] {logging_mixin.py:104} INFO - [2022-03-01 02:00:30,361] {dag.py:2273} INFO - Setting next_dagrun for example_xcom to 2022-02-27 00:00:00+00:00
[2022-03-01 02:00:30,374] {scheduler_job.py:190} INFO - Processing /home/airflow/.local/lib/python3.6/site-packages/airflow/example_dags/example_xcom.py took 0.085 seconds
[2022-03-01 02:01:00,872] {scheduler_job.py:182} INFO - Started process (PID=721) to work on /home/airflow/.local/lib/python3.6/site-packages/airflow/example_dags/example_xcom.py
[2022-03-01 02:01:00,875] {scheduler_job.py:629} INFO - Processing file /home/airflow/.local/lib/python3.6/site-packages/airflow/example_dags/example_xcom.py for tasks to queue
[2022-03-01 02:01:00,876] {logging_mixin.py:104} INFO - [2022-03-01 02:01:00,876] {dagbag.py:448} INFO - Filling up the DagBag from /home/airflow/.local/lib/python3.6/site-packages/airflow/example_dags/example_xcom.py
[2022-03-01 02:01:00,893] {scheduler_job.py:639} INFO - DAG(s) dict_keys(['example_xcom']) retrieved from /home/airflow/.local/lib/python3.6/site-packages/airflow/example_dags/example_xcom.py
[2022-03-01 02:01:00,924] {logging_mixin.py:104} INFO - [2022-03-01 02:01:00,924] {dag.py:1818} INFO - Sync 1 DAGs
[2022-03-01 02:01:00,943] {logging_mixin.py:104} INFO - [2022-03-01 02:01:00,942] {dag.py:2273} INFO - Setting next_dagrun for example_xcom to 2022-02-27 00:00:00+00:00
[2022-03-01 02:01:00,954] {scheduler_job.py:190} INFO - Processing /home/airflow/.local/lib/python3.6/site-packages/airflow/example_dags/example_xcom.py took 0.085 seconds
[2022-03-01 02:01:31,143] {scheduler_job.py:182} INFO - Started process (PID=745) to work on /home/airflow/.local/lib/python3.6/site-packages/airflow/example_dags/example_xcom.py
[2022-03-01 02:01:31,146] {scheduler_job.py:629} INFO - Processing file /home/airflow/.local/lib/python3.6/site-packages/airflow/example_dags/example_xcom.py for tasks to queue
[2022-03-01 02:01:31,147] {logging_mixin.py:104} INFO - [2022-03-01 02:01:31,147] {dagbag.py:448} INFO - Filling up the DagBag from /home/airflow/.local/lib/python3.6/site-packages/airflow/example_dags/example_xcom.py
[2022-03-01 02:01:31,168] {scheduler_job.py:639} INFO - DAG(s) dict_keys(['example_xcom']) retrieved from /home/airflow/.local/lib/python3.6/site-packages/airflow/example_dags/example_xcom.py
[2022-03-01 02:01:31,196] {logging_mixin.py:104} INFO - [2022-03-01 02:01:31,195] {dag.py:1818} INFO - Sync 1 DAGs
[2022-03-01 02:01:31,215] {logging_mixin.py:104} INFO - [2022-03-01 02:01:31,215] {dag.py:2273} INFO - Setting next_dagrun for example_xcom to 2022-02-27 00:00:00+00:00
[2022-03-01 02:01:31,227] {scheduler_job.py:190} INFO - Processing /home/airflow/.local/lib/python3.6/site-packages/airflow/example_dags/example_xcom.py took 0.088 seconds
[2022-03-01 02:02:01,881] {scheduler_job.py:182} INFO - Started process (PID=772) to work on /home/airflow/.local/lib/python3.6/site-packages/airflow/example_dags/example_xcom.py
[2022-03-01 02:02:01,883] {scheduler_job.py:629} INFO - Processing file /home/airflow/.local/lib/python3.6/site-packages/airflow/example_dags/example_xcom.py for tasks to queue
[2022-03-01 02:02:01,885] {logging_mixin.py:104} INFO - [2022-03-01 02:02:01,884] {dagbag.py:448} INFO - Filling up the DagBag from /home/airflow/.local/lib/python3.6/site-packages/airflow/example_dags/example_xcom.py
[2022-03-01 02:02:01,902] {scheduler_job.py:639} INFO - DAG(s) dict_keys(['example_xcom']) retrieved from /home/airflow/.local/lib/python3.6/site-packages/airflow/example_dags/example_xcom.py
[2022-03-01 02:02:01,930] {logging_mixin.py:104} INFO - [2022-03-01 02:02:01,930] {dag.py:1818} INFO - Sync 1 DAGs
[2022-03-01 02:02:01,950] {logging_mixin.py:104} INFO - [2022-03-01 02:02:01,950] {dag.py:2273} INFO - Setting next_dagrun for example_xcom to 2022-02-27 00:00:00+00:00
[2022-03-01 02:02:01,962] {scheduler_job.py:190} INFO - Processing /home/airflow/.local/lib/python3.6/site-packages/airflow/example_dags/example_xcom.py took 0.085 seconds
