[2022-03-01 01:48:11,862] {scheduler_job.py:182} INFO - Started process (PID=46) to work on /home/airflow/.local/lib/python3.6/site-packages/airflow/example_dags/example_branch_operator.py
[2022-03-01 01:48:11,865] {scheduler_job.py:629} INFO - Processing file /home/airflow/.local/lib/python3.6/site-packages/airflow/example_dags/example_branch_operator.py for tasks to queue
[2022-03-01 01:48:11,867] {logging_mixin.py:104} INFO - [2022-03-01 01:48:11,866] {dagbag.py:448} INFO - Filling up the DagBag from /home/airflow/.local/lib/python3.6/site-packages/airflow/example_dags/example_branch_operator.py
[2022-03-01 01:48:11,891] {scheduler_job.py:639} INFO - DAG(s) dict_keys(['example_branch_operator']) retrieved from /home/airflow/.local/lib/python3.6/site-packages/airflow/example_dags/example_branch_operator.py
[2022-03-01 01:48:11,930] {logging_mixin.py:104} INFO - [2022-03-01 01:48:11,930] {dag.py:1818} INFO - Sync 1 DAGs
[2022-03-01 01:48:11,947] {logging_mixin.py:104} INFO - [2022-03-01 01:48:11,947] {dag.py:1837} INFO - Creating ORM DAG for example_branch_operator
[2022-03-01 01:48:11,966] {logging_mixin.py:104} INFO - [2022-03-01 01:48:11,966] {dag.py:2273} INFO - Setting next_dagrun for example_branch_operator to 2022-02-27 00:00:00+00:00
[2022-03-01 01:48:11,992] {scheduler_job.py:190} INFO - Processing /home/airflow/.local/lib/python3.6/site-packages/airflow/example_dags/example_branch_operator.py took 0.135 seconds
[2022-03-01 01:48:42,114] {scheduler_job.py:182} INFO - Started process (PID=72) to work on /home/airflow/.local/lib/python3.6/site-packages/airflow/example_dags/example_branch_operator.py
[2022-03-01 01:48:42,123] {scheduler_job.py:629} INFO - Processing file /home/airflow/.local/lib/python3.6/site-packages/airflow/example_dags/example_branch_operator.py for tasks to queue
[2022-03-01 01:48:42,128] {logging_mixin.py:104} INFO - [2022-03-01 01:48:42,127] {dagbag.py:448} INFO - Filling up the DagBag from /home/airflow/.local/lib/python3.6/site-packages/airflow/example_dags/example_branch_operator.py
[2022-03-01 01:48:42,200] {scheduler_job.py:639} INFO - DAG(s) dict_keys(['example_branch_operator']) retrieved from /home/airflow/.local/lib/python3.6/site-packages/airflow/example_dags/example_branch_operator.py
[2022-03-01 01:48:42,253] {logging_mixin.py:104} INFO - [2022-03-01 01:48:42,252] {dag.py:1818} INFO - Sync 1 DAGs
[2022-03-01 01:48:42,301] {logging_mixin.py:104} INFO - [2022-03-01 01:48:42,301] {dag.py:2273} INFO - Setting next_dagrun for example_branch_operator to 2022-02-27 00:00:00+00:00
[2022-03-01 01:48:42,327] {scheduler_job.py:190} INFO - Processing /home/airflow/.local/lib/python3.6/site-packages/airflow/example_dags/example_branch_operator.py took 0.228 seconds
[2022-03-01 01:49:13,021] {scheduler_job.py:182} INFO - Started process (PID=99) to work on /home/airflow/.local/lib/python3.6/site-packages/airflow/example_dags/example_branch_operator.py
[2022-03-01 01:49:13,030] {scheduler_job.py:629} INFO - Processing file /home/airflow/.local/lib/python3.6/site-packages/airflow/example_dags/example_branch_operator.py for tasks to queue
[2022-03-01 01:49:13,042] {logging_mixin.py:104} INFO - [2022-03-01 01:49:13,042] {dagbag.py:448} INFO - Filling up the DagBag from /home/airflow/.local/lib/python3.6/site-packages/airflow/example_dags/example_branch_operator.py
[2022-03-01 01:49:13,089] {scheduler_job.py:639} INFO - DAG(s) dict_keys(['example_branch_operator']) retrieved from /home/airflow/.local/lib/python3.6/site-packages/airflow/example_dags/example_branch_operator.py
[2022-03-01 01:49:13,210] {logging_mixin.py:104} INFO - [2022-03-01 01:49:13,209] {dag.py:1818} INFO - Sync 1 DAGs
[2022-03-01 01:49:13,421] {logging_mixin.py:104} INFO - [2022-03-01 01:49:13,421] {dag.py:2273} INFO - Setting next_dagrun for example_branch_operator to 2022-02-27 00:00:00+00:00
[2022-03-01 01:49:13,444] {scheduler_job.py:190} INFO - Processing /home/airflow/.local/lib/python3.6/site-packages/airflow/example_dags/example_branch_operator.py took 0.430 seconds
[2022-03-01 01:49:44,296] {scheduler_job.py:182} INFO - Started process (PID=125) to work on /home/airflow/.local/lib/python3.6/site-packages/airflow/example_dags/example_branch_operator.py
[2022-03-01 01:49:44,299] {scheduler_job.py:629} INFO - Processing file /home/airflow/.local/lib/python3.6/site-packages/airflow/example_dags/example_branch_operator.py for tasks to queue
[2022-03-01 01:49:44,301] {logging_mixin.py:104} INFO - [2022-03-01 01:49:44,301] {dagbag.py:448} INFO - Filling up the DagBag from /home/airflow/.local/lib/python3.6/site-packages/airflow/example_dags/example_branch_operator.py
[2022-03-01 01:49:44,321] {scheduler_job.py:639} INFO - DAG(s) dict_keys(['example_branch_operator']) retrieved from /home/airflow/.local/lib/python3.6/site-packages/airflow/example_dags/example_branch_operator.py
[2022-03-01 01:49:44,348] {logging_mixin.py:104} INFO - [2022-03-01 01:49:44,348] {dag.py:1818} INFO - Sync 1 DAGs
[2022-03-01 01:49:44,373] {logging_mixin.py:104} INFO - [2022-03-01 01:49:44,373] {dag.py:2273} INFO - Setting next_dagrun for example_branch_operator to 2022-02-27 00:00:00+00:00
[2022-03-01 01:49:44,383] {scheduler_job.py:190} INFO - Processing /home/airflow/.local/lib/python3.6/site-packages/airflow/example_dags/example_branch_operator.py took 0.090 seconds
[2022-03-01 01:50:14,609] {scheduler_job.py:182} INFO - Started process (PID=172) to work on /home/airflow/.local/lib/python3.6/site-packages/airflow/example_dags/example_branch_operator.py
[2022-03-01 01:50:14,610] {scheduler_job.py:629} INFO - Processing file /home/airflow/.local/lib/python3.6/site-packages/airflow/example_dags/example_branch_operator.py for tasks to queue
[2022-03-01 01:50:14,612] {logging_mixin.py:104} INFO - [2022-03-01 01:50:14,611] {dagbag.py:448} INFO - Filling up the DagBag from /home/airflow/.local/lib/python3.6/site-packages/airflow/example_dags/example_branch_operator.py
[2022-03-01 01:50:14,632] {scheduler_job.py:639} INFO - DAG(s) dict_keys(['example_branch_operator']) retrieved from /home/airflow/.local/lib/python3.6/site-packages/airflow/example_dags/example_branch_operator.py
[2022-03-01 01:50:14,682] {logging_mixin.py:104} INFO - [2022-03-01 01:50:14,682] {dag.py:1818} INFO - Sync 1 DAGs
[2022-03-01 01:50:14,712] {logging_mixin.py:104} INFO - [2022-03-01 01:50:14,712] {dag.py:2273} INFO - Setting next_dagrun for example_branch_operator to 2022-02-27 00:00:00+00:00
[2022-03-01 01:50:14,724] {scheduler_job.py:190} INFO - Processing /home/airflow/.local/lib/python3.6/site-packages/airflow/example_dags/example_branch_operator.py took 0.121 seconds
[2022-03-01 01:50:45,309] {scheduler_job.py:182} INFO - Started process (PID=198) to work on /home/airflow/.local/lib/python3.6/site-packages/airflow/example_dags/example_branch_operator.py
[2022-03-01 01:50:45,312] {scheduler_job.py:629} INFO - Processing file /home/airflow/.local/lib/python3.6/site-packages/airflow/example_dags/example_branch_operator.py for tasks to queue
[2022-03-01 01:50:45,313] {logging_mixin.py:104} INFO - [2022-03-01 01:50:45,313] {dagbag.py:448} INFO - Filling up the DagBag from /home/airflow/.local/lib/python3.6/site-packages/airflow/example_dags/example_branch_operator.py
[2022-03-01 01:50:45,334] {scheduler_job.py:639} INFO - DAG(s) dict_keys(['example_branch_operator']) retrieved from /home/airflow/.local/lib/python3.6/site-packages/airflow/example_dags/example_branch_operator.py
[2022-03-01 01:50:45,361] {logging_mixin.py:104} INFO - [2022-03-01 01:50:45,361] {dag.py:1818} INFO - Sync 1 DAGs
[2022-03-01 01:50:45,388] {logging_mixin.py:104} INFO - [2022-03-01 01:50:45,388] {dag.py:2273} INFO - Setting next_dagrun for example_branch_operator to 2022-02-27 00:00:00+00:00
[2022-03-01 01:50:45,401] {scheduler_job.py:190} INFO - Processing /home/airflow/.local/lib/python3.6/site-packages/airflow/example_dags/example_branch_operator.py took 0.096 seconds
[2022-03-01 01:51:16,097] {scheduler_job.py:182} INFO - Started process (PID=224) to work on /home/airflow/.local/lib/python3.6/site-packages/airflow/example_dags/example_branch_operator.py
[2022-03-01 01:51:16,099] {scheduler_job.py:629} INFO - Processing file /home/airflow/.local/lib/python3.6/site-packages/airflow/example_dags/example_branch_operator.py for tasks to queue
[2022-03-01 01:51:16,101] {logging_mixin.py:104} INFO - [2022-03-01 01:51:16,101] {dagbag.py:448} INFO - Filling up the DagBag from /home/airflow/.local/lib/python3.6/site-packages/airflow/example_dags/example_branch_operator.py
[2022-03-01 01:51:16,119] {scheduler_job.py:639} INFO - DAG(s) dict_keys(['example_branch_operator']) retrieved from /home/airflow/.local/lib/python3.6/site-packages/airflow/example_dags/example_branch_operator.py
[2022-03-01 01:51:16,144] {logging_mixin.py:104} INFO - [2022-03-01 01:51:16,144] {dag.py:1818} INFO - Sync 1 DAGs
[2022-03-01 01:51:16,167] {logging_mixin.py:104} INFO - [2022-03-01 01:51:16,167] {dag.py:2273} INFO - Setting next_dagrun for example_branch_operator to 2022-02-27 00:00:00+00:00
[2022-03-01 01:51:16,177] {scheduler_job.py:190} INFO - Processing /home/airflow/.local/lib/python3.6/site-packages/airflow/example_dags/example_branch_operator.py took 0.083 seconds
[2022-03-01 01:51:46,796] {scheduler_job.py:182} INFO - Started process (PID=250) to work on /home/airflow/.local/lib/python3.6/site-packages/airflow/example_dags/example_branch_operator.py
[2022-03-01 01:51:46,798] {scheduler_job.py:629} INFO - Processing file /home/airflow/.local/lib/python3.6/site-packages/airflow/example_dags/example_branch_operator.py for tasks to queue
[2022-03-01 01:51:46,800] {logging_mixin.py:104} INFO - [2022-03-01 01:51:46,799] {dagbag.py:448} INFO - Filling up the DagBag from /home/airflow/.local/lib/python3.6/site-packages/airflow/example_dags/example_branch_operator.py
[2022-03-01 01:51:46,819] {scheduler_job.py:639} INFO - DAG(s) dict_keys(['example_branch_operator']) retrieved from /home/airflow/.local/lib/python3.6/site-packages/airflow/example_dags/example_branch_operator.py
[2022-03-01 01:51:46,845] {logging_mixin.py:104} INFO - [2022-03-01 01:51:46,845] {dag.py:1818} INFO - Sync 1 DAGs
[2022-03-01 01:51:46,872] {logging_mixin.py:104} INFO - [2022-03-01 01:51:46,872] {dag.py:2273} INFO - Setting next_dagrun for example_branch_operator to 2022-02-27 00:00:00+00:00
[2022-03-01 01:51:46,885] {scheduler_job.py:190} INFO - Processing /home/airflow/.local/lib/python3.6/site-packages/airflow/example_dags/example_branch_operator.py took 0.094 seconds
[2022-03-01 01:52:17,467] {scheduler_job.py:182} INFO - Started process (PID=276) to work on /home/airflow/.local/lib/python3.6/site-packages/airflow/example_dags/example_branch_operator.py
[2022-03-01 01:52:17,469] {scheduler_job.py:629} INFO - Processing file /home/airflow/.local/lib/python3.6/site-packages/airflow/example_dags/example_branch_operator.py for tasks to queue
[2022-03-01 01:52:17,471] {logging_mixin.py:104} INFO - [2022-03-01 01:52:17,471] {dagbag.py:448} INFO - Filling up the DagBag from /home/airflow/.local/lib/python3.6/site-packages/airflow/example_dags/example_branch_operator.py
[2022-03-01 01:52:17,490] {scheduler_job.py:639} INFO - DAG(s) dict_keys(['example_branch_operator']) retrieved from /home/airflow/.local/lib/python3.6/site-packages/airflow/example_dags/example_branch_operator.py
[2022-03-01 01:52:17,515] {logging_mixin.py:104} INFO - [2022-03-01 01:52:17,515] {dag.py:1818} INFO - Sync 1 DAGs
[2022-03-01 01:52:17,541] {logging_mixin.py:104} INFO - [2022-03-01 01:52:17,541] {dag.py:2273} INFO - Setting next_dagrun for example_branch_operator to 2022-02-27 00:00:00+00:00
[2022-03-01 01:52:17,553] {scheduler_job.py:190} INFO - Processing /home/airflow/.local/lib/python3.6/site-packages/airflow/example_dags/example_branch_operator.py took 0.089 seconds
[2022-03-01 01:52:48,639] {scheduler_job.py:182} INFO - Started process (PID=305) to work on /home/airflow/.local/lib/python3.6/site-packages/airflow/example_dags/example_branch_operator.py
[2022-03-01 01:52:48,641] {scheduler_job.py:629} INFO - Processing file /home/airflow/.local/lib/python3.6/site-packages/airflow/example_dags/example_branch_operator.py for tasks to queue
[2022-03-01 01:52:48,643] {logging_mixin.py:104} INFO - [2022-03-01 01:52:48,643] {dagbag.py:448} INFO - Filling up the DagBag from /home/airflow/.local/lib/python3.6/site-packages/airflow/example_dags/example_branch_operator.py
[2022-03-01 01:52:48,663] {scheduler_job.py:639} INFO - DAG(s) dict_keys(['example_branch_operator']) retrieved from /home/airflow/.local/lib/python3.6/site-packages/airflow/example_dags/example_branch_operator.py
[2022-03-01 01:52:48,691] {logging_mixin.py:104} INFO - [2022-03-01 01:52:48,690] {dag.py:1818} INFO - Sync 1 DAGs
[2022-03-01 01:52:48,716] {logging_mixin.py:104} INFO - [2022-03-01 01:52:48,716] {dag.py:2273} INFO - Setting next_dagrun for example_branch_operator to 2022-02-27 00:00:00+00:00
[2022-03-01 01:52:48,729] {scheduler_job.py:190} INFO - Processing /home/airflow/.local/lib/python3.6/site-packages/airflow/example_dags/example_branch_operator.py took 0.096 seconds
[2022-03-01 01:53:19,896] {scheduler_job.py:182} INFO - Started process (PID=333) to work on /home/airflow/.local/lib/python3.6/site-packages/airflow/example_dags/example_branch_operator.py
[2022-03-01 01:53:19,899] {scheduler_job.py:629} INFO - Processing file /home/airflow/.local/lib/python3.6/site-packages/airflow/example_dags/example_branch_operator.py for tasks to queue
[2022-03-01 01:53:19,901] {logging_mixin.py:104} INFO - [2022-03-01 01:53:19,901] {dagbag.py:448} INFO - Filling up the DagBag from /home/airflow/.local/lib/python3.6/site-packages/airflow/example_dags/example_branch_operator.py
[2022-03-01 01:53:19,922] {scheduler_job.py:639} INFO - DAG(s) dict_keys(['example_branch_operator']) retrieved from /home/airflow/.local/lib/python3.6/site-packages/airflow/example_dags/example_branch_operator.py
[2022-03-01 01:53:19,969] {logging_mixin.py:104} INFO - [2022-03-01 01:53:19,969] {dag.py:1818} INFO - Sync 1 DAGs
[2022-03-01 01:53:20,005] {logging_mixin.py:104} INFO - [2022-03-01 01:53:20,005] {dag.py:2273} INFO - Setting next_dagrun for example_branch_operator to 2022-02-27 00:00:00+00:00
[2022-03-01 01:53:20,020] {scheduler_job.py:190} INFO - Processing /home/airflow/.local/lib/python3.6/site-packages/airflow/example_dags/example_branch_operator.py took 0.131 seconds
[2022-03-01 01:53:50,555] {scheduler_job.py:182} INFO - Started process (PID=359) to work on /home/airflow/.local/lib/python3.6/site-packages/airflow/example_dags/example_branch_operator.py
[2022-03-01 01:53:50,558] {scheduler_job.py:629} INFO - Processing file /home/airflow/.local/lib/python3.6/site-packages/airflow/example_dags/example_branch_operator.py for tasks to queue
[2022-03-01 01:53:50,560] {logging_mixin.py:104} INFO - [2022-03-01 01:53:50,560] {dagbag.py:448} INFO - Filling up the DagBag from /home/airflow/.local/lib/python3.6/site-packages/airflow/example_dags/example_branch_operator.py
[2022-03-01 01:53:50,584] {scheduler_job.py:639} INFO - DAG(s) dict_keys(['example_branch_operator']) retrieved from /home/airflow/.local/lib/python3.6/site-packages/airflow/example_dags/example_branch_operator.py
[2022-03-01 01:53:50,620] {logging_mixin.py:104} INFO - [2022-03-01 01:53:50,620] {dag.py:1818} INFO - Sync 1 DAGs
[2022-03-01 01:53:50,657] {logging_mixin.py:104} INFO - [2022-03-01 01:53:50,657] {dag.py:2273} INFO - Setting next_dagrun for example_branch_operator to 2022-02-27 00:00:00+00:00
[2022-03-01 01:53:50,671] {scheduler_job.py:190} INFO - Processing /home/airflow/.local/lib/python3.6/site-packages/airflow/example_dags/example_branch_operator.py took 0.122 seconds
[2022-03-01 01:54:21,152] {scheduler_job.py:182} INFO - Started process (PID=385) to work on /home/airflow/.local/lib/python3.6/site-packages/airflow/example_dags/example_branch_operator.py
[2022-03-01 01:54:21,154] {scheduler_job.py:629} INFO - Processing file /home/airflow/.local/lib/python3.6/site-packages/airflow/example_dags/example_branch_operator.py for tasks to queue
[2022-03-01 01:54:21,156] {logging_mixin.py:104} INFO - [2022-03-01 01:54:21,156] {dagbag.py:448} INFO - Filling up the DagBag from /home/airflow/.local/lib/python3.6/site-packages/airflow/example_dags/example_branch_operator.py
[2022-03-01 01:54:21,183] {scheduler_job.py:639} INFO - DAG(s) dict_keys(['example_branch_operator']) retrieved from /home/airflow/.local/lib/python3.6/site-packages/airflow/example_dags/example_branch_operator.py
[2022-03-01 01:54:21,217] {logging_mixin.py:104} INFO - [2022-03-01 01:54:21,216] {dag.py:1818} INFO - Sync 1 DAGs
[2022-03-01 01:54:21,249] {logging_mixin.py:104} INFO - [2022-03-01 01:54:21,249] {dag.py:2273} INFO - Setting next_dagrun for example_branch_operator to 2022-02-27 00:00:00+00:00
[2022-03-01 01:54:21,262] {scheduler_job.py:190} INFO - Processing /home/airflow/.local/lib/python3.6/site-packages/airflow/example_dags/example_branch_operator.py took 0.116 seconds
[2022-03-01 01:54:51,914] {scheduler_job.py:182} INFO - Started process (PID=411) to work on /home/airflow/.local/lib/python3.6/site-packages/airflow/example_dags/example_branch_operator.py
[2022-03-01 01:54:51,918] {scheduler_job.py:629} INFO - Processing file /home/airflow/.local/lib/python3.6/site-packages/airflow/example_dags/example_branch_operator.py for tasks to queue
[2022-03-01 01:54:51,919] {logging_mixin.py:104} INFO - [2022-03-01 01:54:51,919] {dagbag.py:448} INFO - Filling up the DagBag from /home/airflow/.local/lib/python3.6/site-packages/airflow/example_dags/example_branch_operator.py
[2022-03-01 01:54:51,942] {scheduler_job.py:639} INFO - DAG(s) dict_keys(['example_branch_operator']) retrieved from /home/airflow/.local/lib/python3.6/site-packages/airflow/example_dags/example_branch_operator.py
[2022-03-01 01:54:51,969] {logging_mixin.py:104} INFO - [2022-03-01 01:54:51,969] {dag.py:1818} INFO - Sync 1 DAGs
[2022-03-01 01:54:52,001] {logging_mixin.py:104} INFO - [2022-03-01 01:54:52,000] {dag.py:2273} INFO - Setting next_dagrun for example_branch_operator to 2022-02-27 00:00:00+00:00
[2022-03-01 01:54:52,014] {scheduler_job.py:190} INFO - Processing /home/airflow/.local/lib/python3.6/site-packages/airflow/example_dags/example_branch_operator.py took 0.106 seconds
[2022-03-01 01:55:23,009] {scheduler_job.py:182} INFO - Started process (PID=437) to work on /home/airflow/.local/lib/python3.6/site-packages/airflow/example_dags/example_branch_operator.py
[2022-03-01 01:55:23,013] {scheduler_job.py:629} INFO - Processing file /home/airflow/.local/lib/python3.6/site-packages/airflow/example_dags/example_branch_operator.py for tasks to queue
[2022-03-01 01:55:23,014] {logging_mixin.py:104} INFO - [2022-03-01 01:55:23,014] {dagbag.py:448} INFO - Filling up the DagBag from /home/airflow/.local/lib/python3.6/site-packages/airflow/example_dags/example_branch_operator.py
[2022-03-01 01:55:23,036] {scheduler_job.py:639} INFO - DAG(s) dict_keys(['example_branch_operator']) retrieved from /home/airflow/.local/lib/python3.6/site-packages/airflow/example_dags/example_branch_operator.py
[2022-03-01 01:55:23,072] {logging_mixin.py:104} INFO - [2022-03-01 01:55:23,072] {dag.py:1818} INFO - Sync 1 DAGs
[2022-03-01 01:55:23,102] {logging_mixin.py:104} INFO - [2022-03-01 01:55:23,102] {dag.py:2273} INFO - Setting next_dagrun for example_branch_operator to 2022-02-27 00:00:00+00:00
[2022-03-01 01:55:23,114] {scheduler_job.py:190} INFO - Processing /home/airflow/.local/lib/python3.6/site-packages/airflow/example_dags/example_branch_operator.py took 0.109 seconds
[2022-03-01 01:55:53,709] {scheduler_job.py:182} INFO - Started process (PID=463) to work on /home/airflow/.local/lib/python3.6/site-packages/airflow/example_dags/example_branch_operator.py
[2022-03-01 01:55:53,711] {scheduler_job.py:629} INFO - Processing file /home/airflow/.local/lib/python3.6/site-packages/airflow/example_dags/example_branch_operator.py for tasks to queue
[2022-03-01 01:55:53,713] {logging_mixin.py:104} INFO - [2022-03-01 01:55:53,713] {dagbag.py:448} INFO - Filling up the DagBag from /home/airflow/.local/lib/python3.6/site-packages/airflow/example_dags/example_branch_operator.py
[2022-03-01 01:55:53,735] {scheduler_job.py:639} INFO - DAG(s) dict_keys(['example_branch_operator']) retrieved from /home/airflow/.local/lib/python3.6/site-packages/airflow/example_dags/example_branch_operator.py
[2022-03-01 01:55:53,763] {logging_mixin.py:104} INFO - [2022-03-01 01:55:53,763] {dag.py:1818} INFO - Sync 1 DAGs
[2022-03-01 01:55:53,794] {logging_mixin.py:104} INFO - [2022-03-01 01:55:53,794] {dag.py:2273} INFO - Setting next_dagrun for example_branch_operator to 2022-02-27 00:00:00+00:00
[2022-03-01 01:55:53,808] {scheduler_job.py:190} INFO - Processing /home/airflow/.local/lib/python3.6/site-packages/airflow/example_dags/example_branch_operator.py took 0.104 seconds
[2022-03-01 01:56:24,058] {scheduler_job.py:182} INFO - Started process (PID=488) to work on /home/airflow/.local/lib/python3.6/site-packages/airflow/example_dags/example_branch_operator.py
[2022-03-01 01:56:24,061] {scheduler_job.py:629} INFO - Processing file /home/airflow/.local/lib/python3.6/site-packages/airflow/example_dags/example_branch_operator.py for tasks to queue
[2022-03-01 01:56:24,063] {logging_mixin.py:104} INFO - [2022-03-01 01:56:24,063] {dagbag.py:448} INFO - Filling up the DagBag from /home/airflow/.local/lib/python3.6/site-packages/airflow/example_dags/example_branch_operator.py
[2022-03-01 01:56:24,090] {scheduler_job.py:639} INFO - DAG(s) dict_keys(['example_branch_operator']) retrieved from /home/airflow/.local/lib/python3.6/site-packages/airflow/example_dags/example_branch_operator.py
[2022-03-01 01:56:24,123] {logging_mixin.py:104} INFO - [2022-03-01 01:56:24,123] {dag.py:1818} INFO - Sync 1 DAGs
[2022-03-01 01:56:24,154] {logging_mixin.py:104} INFO - [2022-03-01 01:56:24,153] {dag.py:2273} INFO - Setting next_dagrun for example_branch_operator to 2022-02-27 00:00:00+00:00
[2022-03-01 01:56:24,165] {scheduler_job.py:190} INFO - Processing /home/airflow/.local/lib/python3.6/site-packages/airflow/example_dags/example_branch_operator.py took 0.112 seconds
[2022-03-01 01:56:54,772] {scheduler_job.py:182} INFO - Started process (PID=515) to work on /home/airflow/.local/lib/python3.6/site-packages/airflow/example_dags/example_branch_operator.py
[2022-03-01 01:56:54,775] {scheduler_job.py:629} INFO - Processing file /home/airflow/.local/lib/python3.6/site-packages/airflow/example_dags/example_branch_operator.py for tasks to queue
[2022-03-01 01:56:54,776] {logging_mixin.py:104} INFO - [2022-03-01 01:56:54,776] {dagbag.py:448} INFO - Filling up the DagBag from /home/airflow/.local/lib/python3.6/site-packages/airflow/example_dags/example_branch_operator.py
[2022-03-01 01:56:54,796] {scheduler_job.py:639} INFO - DAG(s) dict_keys(['example_branch_operator']) retrieved from /home/airflow/.local/lib/python3.6/site-packages/airflow/example_dags/example_branch_operator.py
[2022-03-01 01:56:54,827] {logging_mixin.py:104} INFO - [2022-03-01 01:56:54,827] {dag.py:1818} INFO - Sync 1 DAGs
[2022-03-01 01:56:54,851] {logging_mixin.py:104} INFO - [2022-03-01 01:56:54,851] {dag.py:2273} INFO - Setting next_dagrun for example_branch_operator to 2022-02-27 00:00:00+00:00
[2022-03-01 01:56:54,863] {scheduler_job.py:190} INFO - Processing /home/airflow/.local/lib/python3.6/site-packages/airflow/example_dags/example_branch_operator.py took 0.095 seconds
[2022-03-01 01:57:25,377] {scheduler_job.py:182} INFO - Started process (PID=538) to work on /home/airflow/.local/lib/python3.6/site-packages/airflow/example_dags/example_branch_operator.py
[2022-03-01 01:57:25,380] {scheduler_job.py:629} INFO - Processing file /home/airflow/.local/lib/python3.6/site-packages/airflow/example_dags/example_branch_operator.py for tasks to queue
[2022-03-01 01:57:25,382] {logging_mixin.py:104} INFO - [2022-03-01 01:57:25,381] {dagbag.py:448} INFO - Filling up the DagBag from /home/airflow/.local/lib/python3.6/site-packages/airflow/example_dags/example_branch_operator.py
[2022-03-01 01:57:25,406] {scheduler_job.py:639} INFO - DAG(s) dict_keys(['example_branch_operator']) retrieved from /home/airflow/.local/lib/python3.6/site-packages/airflow/example_dags/example_branch_operator.py
[2022-03-01 01:57:25,449] {logging_mixin.py:104} INFO - [2022-03-01 01:57:25,449] {dag.py:1818} INFO - Sync 1 DAGs
[2022-03-01 01:57:25,486] {logging_mixin.py:104} INFO - [2022-03-01 01:57:25,485] {dag.py:2273} INFO - Setting next_dagrun for example_branch_operator to 2022-02-27 00:00:00+00:00
[2022-03-01 01:57:25,501] {scheduler_job.py:190} INFO - Processing /home/airflow/.local/lib/python3.6/site-packages/airflow/example_dags/example_branch_operator.py took 0.127 seconds
[2022-03-01 01:57:55,997] {scheduler_job.py:182} INFO - Started process (PID=564) to work on /home/airflow/.local/lib/python3.6/site-packages/airflow/example_dags/example_branch_operator.py
[2022-03-01 01:57:56,000] {scheduler_job.py:629} INFO - Processing file /home/airflow/.local/lib/python3.6/site-packages/airflow/example_dags/example_branch_operator.py for tasks to queue
[2022-03-01 01:57:56,001] {logging_mixin.py:104} INFO - [2022-03-01 01:57:56,001] {dagbag.py:448} INFO - Filling up the DagBag from /home/airflow/.local/lib/python3.6/site-packages/airflow/example_dags/example_branch_operator.py
[2022-03-01 01:57:56,030] {scheduler_job.py:639} INFO - DAG(s) dict_keys(['example_branch_operator']) retrieved from /home/airflow/.local/lib/python3.6/site-packages/airflow/example_dags/example_branch_operator.py
[2022-03-01 01:57:56,063] {logging_mixin.py:104} INFO - [2022-03-01 01:57:56,063] {dag.py:1818} INFO - Sync 1 DAGs
[2022-03-01 01:57:56,088] {logging_mixin.py:104} INFO - [2022-03-01 01:57:56,088] {dag.py:2273} INFO - Setting next_dagrun for example_branch_operator to 2022-02-27 00:00:00+00:00
[2022-03-01 01:57:56,100] {scheduler_job.py:190} INFO - Processing /home/airflow/.local/lib/python3.6/site-packages/airflow/example_dags/example_branch_operator.py took 0.107 seconds
[2022-03-01 01:58:27,103] {scheduler_job.py:182} INFO - Started process (PID=590) to work on /home/airflow/.local/lib/python3.6/site-packages/airflow/example_dags/example_branch_operator.py
[2022-03-01 01:58:27,106] {scheduler_job.py:629} INFO - Processing file /home/airflow/.local/lib/python3.6/site-packages/airflow/example_dags/example_branch_operator.py for tasks to queue
[2022-03-01 01:58:27,108] {logging_mixin.py:104} INFO - [2022-03-01 01:58:27,107] {dagbag.py:448} INFO - Filling up the DagBag from /home/airflow/.local/lib/python3.6/site-packages/airflow/example_dags/example_branch_operator.py
[2022-03-01 01:58:27,139] {scheduler_job.py:639} INFO - DAG(s) dict_keys(['example_branch_operator']) retrieved from /home/airflow/.local/lib/python3.6/site-packages/airflow/example_dags/example_branch_operator.py
[2022-03-01 01:58:27,178] {logging_mixin.py:104} INFO - [2022-03-01 01:58:27,178] {dag.py:1818} INFO - Sync 1 DAGs
[2022-03-01 01:58:27,216] {logging_mixin.py:104} INFO - [2022-03-01 01:58:27,216] {dag.py:2273} INFO - Setting next_dagrun for example_branch_operator to 2022-02-27 00:00:00+00:00
[2022-03-01 01:58:27,232] {scheduler_job.py:190} INFO - Processing /home/airflow/.local/lib/python3.6/site-packages/airflow/example_dags/example_branch_operator.py took 0.136 seconds
[2022-03-01 01:58:57,933] {scheduler_job.py:182} INFO - Started process (PID=615) to work on /home/airflow/.local/lib/python3.6/site-packages/airflow/example_dags/example_branch_operator.py
[2022-03-01 01:58:57,935] {scheduler_job.py:629} INFO - Processing file /home/airflow/.local/lib/python3.6/site-packages/airflow/example_dags/example_branch_operator.py for tasks to queue
[2022-03-01 01:58:57,936] {logging_mixin.py:104} INFO - [2022-03-01 01:58:57,936] {dagbag.py:448} INFO - Filling up the DagBag from /home/airflow/.local/lib/python3.6/site-packages/airflow/example_dags/example_branch_operator.py
[2022-03-01 01:58:57,962] {scheduler_job.py:639} INFO - DAG(s) dict_keys(['example_branch_operator']) retrieved from /home/airflow/.local/lib/python3.6/site-packages/airflow/example_dags/example_branch_operator.py
[2022-03-01 01:58:57,989] {logging_mixin.py:104} INFO - [2022-03-01 01:58:57,989] {dag.py:1818} INFO - Sync 1 DAGs
[2022-03-01 01:58:58,020] {logging_mixin.py:104} INFO - [2022-03-01 01:58:58,019] {dag.py:2273} INFO - Setting next_dagrun for example_branch_operator to 2022-02-27 00:00:00+00:00
[2022-03-01 01:58:58,032] {scheduler_job.py:190} INFO - Processing /home/airflow/.local/lib/python3.6/site-packages/airflow/example_dags/example_branch_operator.py took 0.105 seconds
[2022-03-01 01:59:28,888] {scheduler_job.py:182} INFO - Started process (PID=641) to work on /home/airflow/.local/lib/python3.6/site-packages/airflow/example_dags/example_branch_operator.py
[2022-03-01 01:59:28,891] {scheduler_job.py:629} INFO - Processing file /home/airflow/.local/lib/python3.6/site-packages/airflow/example_dags/example_branch_operator.py for tasks to queue
[2022-03-01 01:59:28,892] {logging_mixin.py:104} INFO - [2022-03-01 01:59:28,892] {dagbag.py:448} INFO - Filling up the DagBag from /home/airflow/.local/lib/python3.6/site-packages/airflow/example_dags/example_branch_operator.py
[2022-03-01 01:59:28,934] {scheduler_job.py:639} INFO - DAG(s) dict_keys(['example_branch_operator']) retrieved from /home/airflow/.local/lib/python3.6/site-packages/airflow/example_dags/example_branch_operator.py
[2022-03-01 01:59:28,968] {logging_mixin.py:104} INFO - [2022-03-01 01:59:28,968] {dag.py:1818} INFO - Sync 1 DAGs
[2022-03-01 01:59:29,002] {logging_mixin.py:104} INFO - [2022-03-01 01:59:29,002] {dag.py:2273} INFO - Setting next_dagrun for example_branch_operator to 2022-02-27 00:00:00+00:00
[2022-03-01 01:59:29,022] {scheduler_job.py:190} INFO - Processing /home/airflow/.local/lib/python3.6/site-packages/airflow/example_dags/example_branch_operator.py took 0.138 seconds
[2022-03-01 01:59:59,521] {scheduler_job.py:182} INFO - Started process (PID=667) to work on /home/airflow/.local/lib/python3.6/site-packages/airflow/example_dags/example_branch_operator.py
[2022-03-01 01:59:59,523] {scheduler_job.py:629} INFO - Processing file /home/airflow/.local/lib/python3.6/site-packages/airflow/example_dags/example_branch_operator.py for tasks to queue
[2022-03-01 01:59:59,525] {logging_mixin.py:104} INFO - [2022-03-01 01:59:59,524] {dagbag.py:448} INFO - Filling up the DagBag from /home/airflow/.local/lib/python3.6/site-packages/airflow/example_dags/example_branch_operator.py
[2022-03-01 01:59:59,549] {scheduler_job.py:639} INFO - DAG(s) dict_keys(['example_branch_operator']) retrieved from /home/airflow/.local/lib/python3.6/site-packages/airflow/example_dags/example_branch_operator.py
[2022-03-01 01:59:59,583] {logging_mixin.py:104} INFO - [2022-03-01 01:59:59,583] {dag.py:1818} INFO - Sync 1 DAGs
[2022-03-01 01:59:59,612] {logging_mixin.py:104} INFO - [2022-03-01 01:59:59,611] {dag.py:2273} INFO - Setting next_dagrun for example_branch_operator to 2022-02-27 00:00:00+00:00
[2022-03-01 01:59:59,626] {scheduler_job.py:190} INFO - Processing /home/airflow/.local/lib/python3.6/site-packages/airflow/example_dags/example_branch_operator.py took 0.110 seconds
[2022-03-01 02:00:30,163] {scheduler_job.py:182} INFO - Started process (PID=693) to work on /home/airflow/.local/lib/python3.6/site-packages/airflow/example_dags/example_branch_operator.py
[2022-03-01 02:00:30,168] {scheduler_job.py:629} INFO - Processing file /home/airflow/.local/lib/python3.6/site-packages/airflow/example_dags/example_branch_operator.py for tasks to queue
[2022-03-01 02:00:30,170] {logging_mixin.py:104} INFO - [2022-03-01 02:00:30,170] {dagbag.py:448} INFO - Filling up the DagBag from /home/airflow/.local/lib/python3.6/site-packages/airflow/example_dags/example_branch_operator.py
[2022-03-01 02:00:30,192] {scheduler_job.py:639} INFO - DAG(s) dict_keys(['example_branch_operator']) retrieved from /home/airflow/.local/lib/python3.6/site-packages/airflow/example_dags/example_branch_operator.py
[2022-03-01 02:00:30,230] {logging_mixin.py:104} INFO - [2022-03-01 02:00:30,230] {dag.py:1818} INFO - Sync 1 DAGs
[2022-03-01 02:00:30,270] {logging_mixin.py:104} INFO - [2022-03-01 02:00:30,269] {dag.py:2273} INFO - Setting next_dagrun for example_branch_operator to 2022-02-27 00:00:00+00:00
[2022-03-01 02:00:30,283] {scheduler_job.py:190} INFO - Processing /home/airflow/.local/lib/python3.6/site-packages/airflow/example_dags/example_branch_operator.py took 0.125 seconds
[2022-03-01 02:01:00,773] {scheduler_job.py:182} INFO - Started process (PID=719) to work on /home/airflow/.local/lib/python3.6/site-packages/airflow/example_dags/example_branch_operator.py
[2022-03-01 02:01:00,775] {scheduler_job.py:629} INFO - Processing file /home/airflow/.local/lib/python3.6/site-packages/airflow/example_dags/example_branch_operator.py for tasks to queue
[2022-03-01 02:01:00,776] {logging_mixin.py:104} INFO - [2022-03-01 02:01:00,776] {dagbag.py:448} INFO - Filling up the DagBag from /home/airflow/.local/lib/python3.6/site-packages/airflow/example_dags/example_branch_operator.py
[2022-03-01 02:01:00,798] {scheduler_job.py:639} INFO - DAG(s) dict_keys(['example_branch_operator']) retrieved from /home/airflow/.local/lib/python3.6/site-packages/airflow/example_dags/example_branch_operator.py
[2022-03-01 02:01:00,825] {logging_mixin.py:104} INFO - [2022-03-01 02:01:00,824] {dag.py:1818} INFO - Sync 1 DAGs
[2022-03-01 02:01:00,848] {logging_mixin.py:104} INFO - [2022-03-01 02:01:00,848] {dag.py:2273} INFO - Setting next_dagrun for example_branch_operator to 2022-02-27 00:00:00+00:00
[2022-03-01 02:01:00,859] {scheduler_job.py:190} INFO - Processing /home/airflow/.local/lib/python3.6/site-packages/airflow/example_dags/example_branch_operator.py took 0.091 seconds
[2022-03-01 02:01:31,019] {scheduler_job.py:182} INFO - Started process (PID=743) to work on /home/airflow/.local/lib/python3.6/site-packages/airflow/example_dags/example_branch_operator.py
[2022-03-01 02:01:31,022] {scheduler_job.py:629} INFO - Processing file /home/airflow/.local/lib/python3.6/site-packages/airflow/example_dags/example_branch_operator.py for tasks to queue
[2022-03-01 02:01:31,023] {logging_mixin.py:104} INFO - [2022-03-01 02:01:31,023] {dagbag.py:448} INFO - Filling up the DagBag from /home/airflow/.local/lib/python3.6/site-packages/airflow/example_dags/example_branch_operator.py
[2022-03-01 02:01:31,046] {scheduler_job.py:639} INFO - DAG(s) dict_keys(['example_branch_operator']) retrieved from /home/airflow/.local/lib/python3.6/site-packages/airflow/example_dags/example_branch_operator.py
[2022-03-01 02:01:31,074] {logging_mixin.py:104} INFO - [2022-03-01 02:01:31,074] {dag.py:1818} INFO - Sync 1 DAGs
[2022-03-01 02:01:31,104] {logging_mixin.py:104} INFO - [2022-03-01 02:01:31,103] {dag.py:2273} INFO - Setting next_dagrun for example_branch_operator to 2022-02-27 00:00:00+00:00
[2022-03-01 02:01:31,117] {scheduler_job.py:190} INFO - Processing /home/airflow/.local/lib/python3.6/site-packages/airflow/example_dags/example_branch_operator.py took 0.102 seconds
[2022-03-01 02:02:01,733] {scheduler_job.py:182} INFO - Started process (PID=770) to work on /home/airflow/.local/lib/python3.6/site-packages/airflow/example_dags/example_branch_operator.py
[2022-03-01 02:02:01,735] {scheduler_job.py:629} INFO - Processing file /home/airflow/.local/lib/python3.6/site-packages/airflow/example_dags/example_branch_operator.py for tasks to queue
[2022-03-01 02:02:01,736] {logging_mixin.py:104} INFO - [2022-03-01 02:02:01,736] {dagbag.py:448} INFO - Filling up the DagBag from /home/airflow/.local/lib/python3.6/site-packages/airflow/example_dags/example_branch_operator.py
[2022-03-01 02:02:01,760] {scheduler_job.py:639} INFO - DAG(s) dict_keys(['example_branch_operator']) retrieved from /home/airflow/.local/lib/python3.6/site-packages/airflow/example_dags/example_branch_operator.py
[2022-03-01 02:02:01,791] {logging_mixin.py:104} INFO - [2022-03-01 02:02:01,791] {dag.py:1818} INFO - Sync 1 DAGs
[2022-03-01 02:02:01,833] {logging_mixin.py:104} INFO - [2022-03-01 02:02:01,833] {dag.py:2273} INFO - Setting next_dagrun for example_branch_operator to 2022-02-27 00:00:00+00:00
[2022-03-01 02:02:01,849] {scheduler_job.py:190} INFO - Processing /home/airflow/.local/lib/python3.6/site-packages/airflow/example_dags/example_branch_operator.py took 0.120 seconds
