[2022-03-01 01:48:12,257] {scheduler_job.py:182} INFO - Started process (PID=50) to work on /home/airflow/.local/lib/python3.6/site-packages/airflow/example_dags/example_trigger_target_dag.py
[2022-03-01 01:48:12,260] {scheduler_job.py:629} INFO - Processing file /home/airflow/.local/lib/python3.6/site-packages/airflow/example_dags/example_trigger_target_dag.py for tasks to queue
[2022-03-01 01:48:12,263] {logging_mixin.py:104} INFO - [2022-03-01 01:48:12,262] {dagbag.py:448} INFO - Filling up the DagBag from /home/airflow/.local/lib/python3.6/site-packages/airflow/example_dags/example_trigger_target_dag.py
[2022-03-01 01:48:12,291] {scheduler_job.py:639} INFO - DAG(s) dict_keys(['example_trigger_target_dag']) retrieved from /home/airflow/.local/lib/python3.6/site-packages/airflow/example_dags/example_trigger_target_dag.py
[2022-03-01 01:48:12,341] {logging_mixin.py:104} INFO - [2022-03-01 01:48:12,341] {dag.py:1818} INFO - Sync 1 DAGs
[2022-03-01 01:48:12,368] {logging_mixin.py:104} INFO - [2022-03-01 01:48:12,368] {dag.py:1837} INFO - Creating ORM DAG for example_trigger_target_dag
[2022-03-01 01:48:12,379] {logging_mixin.py:104} INFO - [2022-03-01 01:48:12,379] {dag.py:2273} INFO - Setting next_dagrun for example_trigger_target_dag to None
[2022-03-01 01:48:12,416] {scheduler_job.py:190} INFO - Processing /home/airflow/.local/lib/python3.6/site-packages/airflow/example_dags/example_trigger_target_dag.py took 0.166 seconds
[2022-03-01 01:48:42,468] {scheduler_job.py:182} INFO - Started process (PID=76) to work on /home/airflow/.local/lib/python3.6/site-packages/airflow/example_dags/example_trigger_target_dag.py
[2022-03-01 01:48:42,470] {scheduler_job.py:629} INFO - Processing file /home/airflow/.local/lib/python3.6/site-packages/airflow/example_dags/example_trigger_target_dag.py for tasks to queue
[2022-03-01 01:48:42,471] {logging_mixin.py:104} INFO - [2022-03-01 01:48:42,471] {dagbag.py:448} INFO - Filling up the DagBag from /home/airflow/.local/lib/python3.6/site-packages/airflow/example_dags/example_trigger_target_dag.py
[2022-03-01 01:48:42,493] {scheduler_job.py:639} INFO - DAG(s) dict_keys(['example_trigger_target_dag']) retrieved from /home/airflow/.local/lib/python3.6/site-packages/airflow/example_dags/example_trigger_target_dag.py
[2022-03-01 01:48:42,526] {logging_mixin.py:104} INFO - [2022-03-01 01:48:42,526] {dag.py:1818} INFO - Sync 1 DAGs
[2022-03-01 01:48:42,550] {logging_mixin.py:104} INFO - [2022-03-01 01:48:42,550] {dag.py:2273} INFO - Setting next_dagrun for example_trigger_target_dag to None
[2022-03-01 01:48:42,563] {scheduler_job.py:190} INFO - Processing /home/airflow/.local/lib/python3.6/site-packages/airflow/example_dags/example_trigger_target_dag.py took 0.099 seconds
[2022-03-01 01:49:13,897] {scheduler_job.py:182} INFO - Started process (PID=102) to work on /home/airflow/.local/lib/python3.6/site-packages/airflow/example_dags/example_trigger_target_dag.py
[2022-03-01 01:49:13,901] {scheduler_job.py:629} INFO - Processing file /home/airflow/.local/lib/python3.6/site-packages/airflow/example_dags/example_trigger_target_dag.py for tasks to queue
[2022-03-01 01:49:13,904] {logging_mixin.py:104} INFO - [2022-03-01 01:49:13,904] {dagbag.py:448} INFO - Filling up the DagBag from /home/airflow/.local/lib/python3.6/site-packages/airflow/example_dags/example_trigger_target_dag.py
[2022-03-01 01:49:13,943] {scheduler_job.py:639} INFO - DAG(s) dict_keys(['example_trigger_target_dag']) retrieved from /home/airflow/.local/lib/python3.6/site-packages/airflow/example_dags/example_trigger_target_dag.py
[2022-03-01 01:49:14,003] {logging_mixin.py:104} INFO - [2022-03-01 01:49:14,003] {dag.py:1818} INFO - Sync 1 DAGs
[2022-03-01 01:49:14,037] {logging_mixin.py:104} INFO - [2022-03-01 01:49:14,037] {dag.py:2273} INFO - Setting next_dagrun for example_trigger_target_dag to None
[2022-03-01 01:49:14,060] {scheduler_job.py:190} INFO - Processing /home/airflow/.local/lib/python3.6/site-packages/airflow/example_dags/example_trigger_target_dag.py took 0.173 seconds
[2022-03-01 01:49:44,419] {scheduler_job.py:182} INFO - Started process (PID=128) to work on /home/airflow/.local/lib/python3.6/site-packages/airflow/example_dags/example_trigger_target_dag.py
[2022-03-01 01:49:44,421] {scheduler_job.py:629} INFO - Processing file /home/airflow/.local/lib/python3.6/site-packages/airflow/example_dags/example_trigger_target_dag.py for tasks to queue
[2022-03-01 01:49:44,423] {logging_mixin.py:104} INFO - [2022-03-01 01:49:44,423] {dagbag.py:448} INFO - Filling up the DagBag from /home/airflow/.local/lib/python3.6/site-packages/airflow/example_dags/example_trigger_target_dag.py
[2022-03-01 01:49:44,441] {scheduler_job.py:639} INFO - DAG(s) dict_keys(['example_trigger_target_dag']) retrieved from /home/airflow/.local/lib/python3.6/site-packages/airflow/example_dags/example_trigger_target_dag.py
[2022-03-01 01:49:44,466] {logging_mixin.py:104} INFO - [2022-03-01 01:49:44,466] {dag.py:1818} INFO - Sync 1 DAGs
[2022-03-01 01:49:44,485] {logging_mixin.py:104} INFO - [2022-03-01 01:49:44,485] {dag.py:2273} INFO - Setting next_dagrun for example_trigger_target_dag to None
[2022-03-01 01:49:44,497] {scheduler_job.py:190} INFO - Processing /home/airflow/.local/lib/python3.6/site-packages/airflow/example_dags/example_trigger_target_dag.py took 0.083 seconds
[2022-03-01 01:50:15,058] {scheduler_job.py:182} INFO - Started process (PID=179) to work on /home/airflow/.local/lib/python3.6/site-packages/airflow/example_dags/example_trigger_target_dag.py
[2022-03-01 01:50:15,060] {scheduler_job.py:629} INFO - Processing file /home/airflow/.local/lib/python3.6/site-packages/airflow/example_dags/example_trigger_target_dag.py for tasks to queue
[2022-03-01 01:50:15,061] {logging_mixin.py:104} INFO - [2022-03-01 01:50:15,061] {dagbag.py:448} INFO - Filling up the DagBag from /home/airflow/.local/lib/python3.6/site-packages/airflow/example_dags/example_trigger_target_dag.py
[2022-03-01 01:50:15,078] {scheduler_job.py:639} INFO - DAG(s) dict_keys(['example_trigger_target_dag']) retrieved from /home/airflow/.local/lib/python3.6/site-packages/airflow/example_dags/example_trigger_target_dag.py
[2022-03-01 01:50:15,112] {logging_mixin.py:104} INFO - [2022-03-01 01:50:15,111] {dag.py:1818} INFO - Sync 1 DAGs
[2022-03-01 01:50:15,154] {logging_mixin.py:104} INFO - [2022-03-01 01:50:15,154] {dag.py:2273} INFO - Setting next_dagrun for example_trigger_target_dag to None
[2022-03-01 01:50:15,178] {scheduler_job.py:190} INFO - Processing /home/airflow/.local/lib/python3.6/site-packages/airflow/example_dags/example_trigger_target_dag.py took 0.125 seconds
[2022-03-01 01:50:45,873] {scheduler_job.py:182} INFO - Started process (PID=206) to work on /home/airflow/.local/lib/python3.6/site-packages/airflow/example_dags/example_trigger_target_dag.py
[2022-03-01 01:50:45,877] {scheduler_job.py:629} INFO - Processing file /home/airflow/.local/lib/python3.6/site-packages/airflow/example_dags/example_trigger_target_dag.py for tasks to queue
[2022-03-01 01:50:45,879] {logging_mixin.py:104} INFO - [2022-03-01 01:50:45,879] {dagbag.py:448} INFO - Filling up the DagBag from /home/airflow/.local/lib/python3.6/site-packages/airflow/example_dags/example_trigger_target_dag.py
[2022-03-01 01:50:45,915] {scheduler_job.py:639} INFO - DAG(s) dict_keys(['example_trigger_target_dag']) retrieved from /home/airflow/.local/lib/python3.6/site-packages/airflow/example_dags/example_trigger_target_dag.py
[2022-03-01 01:50:45,958] {logging_mixin.py:104} INFO - [2022-03-01 01:50:45,958] {dag.py:1818} INFO - Sync 1 DAGs
[2022-03-01 01:50:45,984] {logging_mixin.py:104} INFO - [2022-03-01 01:50:45,984] {dag.py:2273} INFO - Setting next_dagrun for example_trigger_target_dag to None
[2022-03-01 01:50:45,999] {scheduler_job.py:190} INFO - Processing /home/airflow/.local/lib/python3.6/site-packages/airflow/example_dags/example_trigger_target_dag.py took 0.133 seconds
[2022-03-01 01:51:16,622] {scheduler_job.py:182} INFO - Started process (PID=232) to work on /home/airflow/.local/lib/python3.6/site-packages/airflow/example_dags/example_trigger_target_dag.py
[2022-03-01 01:51:16,624] {scheduler_job.py:629} INFO - Processing file /home/airflow/.local/lib/python3.6/site-packages/airflow/example_dags/example_trigger_target_dag.py for tasks to queue
[2022-03-01 01:51:16,625] {logging_mixin.py:104} INFO - [2022-03-01 01:51:16,625] {dagbag.py:448} INFO - Filling up the DagBag from /home/airflow/.local/lib/python3.6/site-packages/airflow/example_dags/example_trigger_target_dag.py
[2022-03-01 01:51:16,642] {scheduler_job.py:639} INFO - DAG(s) dict_keys(['example_trigger_target_dag']) retrieved from /home/airflow/.local/lib/python3.6/site-packages/airflow/example_dags/example_trigger_target_dag.py
[2022-03-01 01:51:16,668] {logging_mixin.py:104} INFO - [2022-03-01 01:51:16,667] {dag.py:1818} INFO - Sync 1 DAGs
[2022-03-01 01:51:16,686] {logging_mixin.py:104} INFO - [2022-03-01 01:51:16,686] {dag.py:2273} INFO - Setting next_dagrun for example_trigger_target_dag to None
[2022-03-01 01:51:16,697] {scheduler_job.py:190} INFO - Processing /home/airflow/.local/lib/python3.6/site-packages/airflow/example_dags/example_trigger_target_dag.py took 0.079 seconds
[2022-03-01 01:51:47,322] {scheduler_job.py:182} INFO - Started process (PID=258) to work on /home/airflow/.local/lib/python3.6/site-packages/airflow/example_dags/example_trigger_target_dag.py
[2022-03-01 01:51:47,325] {scheduler_job.py:629} INFO - Processing file /home/airflow/.local/lib/python3.6/site-packages/airflow/example_dags/example_trigger_target_dag.py for tasks to queue
[2022-03-01 01:51:47,326] {logging_mixin.py:104} INFO - [2022-03-01 01:51:47,326] {dagbag.py:448} INFO - Filling up the DagBag from /home/airflow/.local/lib/python3.6/site-packages/airflow/example_dags/example_trigger_target_dag.py
[2022-03-01 01:51:47,343] {scheduler_job.py:639} INFO - DAG(s) dict_keys(['example_trigger_target_dag']) retrieved from /home/airflow/.local/lib/python3.6/site-packages/airflow/example_dags/example_trigger_target_dag.py
[2022-03-01 01:51:47,425] {logging_mixin.py:104} INFO - [2022-03-01 01:51:47,424] {dag.py:1818} INFO - Sync 1 DAGs
[2022-03-01 01:51:47,453] {logging_mixin.py:104} INFO - [2022-03-01 01:51:47,453] {dag.py:2273} INFO - Setting next_dagrun for example_trigger_target_dag to None
[2022-03-01 01:51:47,467] {scheduler_job.py:190} INFO - Processing /home/airflow/.local/lib/python3.6/site-packages/airflow/example_dags/example_trigger_target_dag.py took 0.150 seconds
[2022-03-01 01:52:17,985] {scheduler_job.py:182} INFO - Started process (PID=284) to work on /home/airflow/.local/lib/python3.6/site-packages/airflow/example_dags/example_trigger_target_dag.py
[2022-03-01 01:52:17,987] {scheduler_job.py:629} INFO - Processing file /home/airflow/.local/lib/python3.6/site-packages/airflow/example_dags/example_trigger_target_dag.py for tasks to queue
[2022-03-01 01:52:17,989] {logging_mixin.py:104} INFO - [2022-03-01 01:52:17,989] {dagbag.py:448} INFO - Filling up the DagBag from /home/airflow/.local/lib/python3.6/site-packages/airflow/example_dags/example_trigger_target_dag.py
[2022-03-01 01:52:18,005] {scheduler_job.py:639} INFO - DAG(s) dict_keys(['example_trigger_target_dag']) retrieved from /home/airflow/.local/lib/python3.6/site-packages/airflow/example_dags/example_trigger_target_dag.py
[2022-03-01 01:52:18,032] {logging_mixin.py:104} INFO - [2022-03-01 01:52:18,032] {dag.py:1818} INFO - Sync 1 DAGs
[2022-03-01 01:52:18,051] {logging_mixin.py:104} INFO - [2022-03-01 01:52:18,051] {dag.py:2273} INFO - Setting next_dagrun for example_trigger_target_dag to None
[2022-03-01 01:52:18,061] {scheduler_job.py:190} INFO - Processing /home/airflow/.local/lib/python3.6/site-packages/airflow/example_dags/example_trigger_target_dag.py took 0.081 seconds
[2022-03-01 01:52:49,046] {scheduler_job.py:182} INFO - Started process (PID=310) to work on /home/airflow/.local/lib/python3.6/site-packages/airflow/example_dags/example_trigger_target_dag.py
[2022-03-01 01:52:49,049] {scheduler_job.py:629} INFO - Processing file /home/airflow/.local/lib/python3.6/site-packages/airflow/example_dags/example_trigger_target_dag.py for tasks to queue
[2022-03-01 01:52:49,050] {logging_mixin.py:104} INFO - [2022-03-01 01:52:49,050] {dagbag.py:448} INFO - Filling up the DagBag from /home/airflow/.local/lib/python3.6/site-packages/airflow/example_dags/example_trigger_target_dag.py
[2022-03-01 01:52:49,067] {scheduler_job.py:639} INFO - DAG(s) dict_keys(['example_trigger_target_dag']) retrieved from /home/airflow/.local/lib/python3.6/site-packages/airflow/example_dags/example_trigger_target_dag.py
[2022-03-01 01:52:49,107] {logging_mixin.py:104} INFO - [2022-03-01 01:52:49,107] {dag.py:1818} INFO - Sync 1 DAGs
[2022-03-01 01:52:49,131] {logging_mixin.py:104} INFO - [2022-03-01 01:52:49,130] {dag.py:2273} INFO - Setting next_dagrun for example_trigger_target_dag to None
[2022-03-01 01:52:49,142] {scheduler_job.py:190} INFO - Processing /home/airflow/.local/lib/python3.6/site-packages/airflow/example_dags/example_trigger_target_dag.py took 0.102 seconds
[2022-03-01 01:53:20,195] {scheduler_job.py:182} INFO - Started process (PID=336) to work on /home/airflow/.local/lib/python3.6/site-packages/airflow/example_dags/example_trigger_target_dag.py
[2022-03-01 01:53:20,197] {scheduler_job.py:629} INFO - Processing file /home/airflow/.local/lib/python3.6/site-packages/airflow/example_dags/example_trigger_target_dag.py for tasks to queue
[2022-03-01 01:53:20,199] {logging_mixin.py:104} INFO - [2022-03-01 01:53:20,199] {dagbag.py:448} INFO - Filling up the DagBag from /home/airflow/.local/lib/python3.6/site-packages/airflow/example_dags/example_trigger_target_dag.py
[2022-03-01 01:53:20,215] {scheduler_job.py:639} INFO - DAG(s) dict_keys(['example_trigger_target_dag']) retrieved from /home/airflow/.local/lib/python3.6/site-packages/airflow/example_dags/example_trigger_target_dag.py
[2022-03-01 01:53:20,242] {logging_mixin.py:104} INFO - [2022-03-01 01:53:20,242] {dag.py:1818} INFO - Sync 1 DAGs
[2022-03-01 01:53:20,261] {logging_mixin.py:104} INFO - [2022-03-01 01:53:20,261] {dag.py:2273} INFO - Setting next_dagrun for example_trigger_target_dag to None
[2022-03-01 01:53:20,275] {scheduler_job.py:190} INFO - Processing /home/airflow/.local/lib/python3.6/site-packages/airflow/example_dags/example_trigger_target_dag.py took 0.086 seconds
[2022-03-01 01:53:50,726] {scheduler_job.py:182} INFO - Started process (PID=362) to work on /home/airflow/.local/lib/python3.6/site-packages/airflow/example_dags/example_trigger_target_dag.py
[2022-03-01 01:53:50,728] {scheduler_job.py:629} INFO - Processing file /home/airflow/.local/lib/python3.6/site-packages/airflow/example_dags/example_trigger_target_dag.py for tasks to queue
[2022-03-01 01:53:50,730] {logging_mixin.py:104} INFO - [2022-03-01 01:53:50,730] {dagbag.py:448} INFO - Filling up the DagBag from /home/airflow/.local/lib/python3.6/site-packages/airflow/example_dags/example_trigger_target_dag.py
[2022-03-01 01:53:50,746] {scheduler_job.py:639} INFO - DAG(s) dict_keys(['example_trigger_target_dag']) retrieved from /home/airflow/.local/lib/python3.6/site-packages/airflow/example_dags/example_trigger_target_dag.py
[2022-03-01 01:53:50,773] {logging_mixin.py:104} INFO - [2022-03-01 01:53:50,773] {dag.py:1818} INFO - Sync 1 DAGs
[2022-03-01 01:53:50,793] {logging_mixin.py:104} INFO - [2022-03-01 01:53:50,792] {dag.py:2273} INFO - Setting next_dagrun for example_trigger_target_dag to None
[2022-03-01 01:53:50,807] {scheduler_job.py:190} INFO - Processing /home/airflow/.local/lib/python3.6/site-packages/airflow/example_dags/example_trigger_target_dag.py took 0.085 seconds
[2022-03-01 01:54:21,313] {scheduler_job.py:182} INFO - Started process (PID=388) to work on /home/airflow/.local/lib/python3.6/site-packages/airflow/example_dags/example_trigger_target_dag.py
[2022-03-01 01:54:21,316] {scheduler_job.py:629} INFO - Processing file /home/airflow/.local/lib/python3.6/site-packages/airflow/example_dags/example_trigger_target_dag.py for tasks to queue
[2022-03-01 01:54:21,317] {logging_mixin.py:104} INFO - [2022-03-01 01:54:21,317] {dagbag.py:448} INFO - Filling up the DagBag from /home/airflow/.local/lib/python3.6/site-packages/airflow/example_dags/example_trigger_target_dag.py
[2022-03-01 01:54:21,331] {scheduler_job.py:639} INFO - DAG(s) dict_keys(['example_trigger_target_dag']) retrieved from /home/airflow/.local/lib/python3.6/site-packages/airflow/example_dags/example_trigger_target_dag.py
[2022-03-01 01:54:21,359] {logging_mixin.py:104} INFO - [2022-03-01 01:54:21,359] {dag.py:1818} INFO - Sync 1 DAGs
[2022-03-01 01:54:21,379] {logging_mixin.py:104} INFO - [2022-03-01 01:54:21,379] {dag.py:2273} INFO - Setting next_dagrun for example_trigger_target_dag to None
[2022-03-01 01:54:21,389] {scheduler_job.py:190} INFO - Processing /home/airflow/.local/lib/python3.6/site-packages/airflow/example_dags/example_trigger_target_dag.py took 0.080 seconds
[2022-03-01 01:54:52,194] {scheduler_job.py:182} INFO - Started process (PID=414) to work on /home/airflow/.local/lib/python3.6/site-packages/airflow/example_dags/example_trigger_target_dag.py
[2022-03-01 01:54:52,196] {scheduler_job.py:629} INFO - Processing file /home/airflow/.local/lib/python3.6/site-packages/airflow/example_dags/example_trigger_target_dag.py for tasks to queue
[2022-03-01 01:54:52,198] {logging_mixin.py:104} INFO - [2022-03-01 01:54:52,198] {dagbag.py:448} INFO - Filling up the DagBag from /home/airflow/.local/lib/python3.6/site-packages/airflow/example_dags/example_trigger_target_dag.py
[2022-03-01 01:54:52,216] {scheduler_job.py:639} INFO - DAG(s) dict_keys(['example_trigger_target_dag']) retrieved from /home/airflow/.local/lib/python3.6/site-packages/airflow/example_dags/example_trigger_target_dag.py
[2022-03-01 01:54:52,246] {logging_mixin.py:104} INFO - [2022-03-01 01:54:52,246] {dag.py:1818} INFO - Sync 1 DAGs
[2022-03-01 01:54:52,272] {logging_mixin.py:104} INFO - [2022-03-01 01:54:52,272] {dag.py:2273} INFO - Setting next_dagrun for example_trigger_target_dag to None
[2022-03-01 01:54:52,284] {scheduler_job.py:190} INFO - Processing /home/airflow/.local/lib/python3.6/site-packages/airflow/example_dags/example_trigger_target_dag.py took 0.095 seconds
[2022-03-01 01:55:23,170] {scheduler_job.py:182} INFO - Started process (PID=440) to work on /home/airflow/.local/lib/python3.6/site-packages/airflow/example_dags/example_trigger_target_dag.py
[2022-03-01 01:55:23,173] {scheduler_job.py:629} INFO - Processing file /home/airflow/.local/lib/python3.6/site-packages/airflow/example_dags/example_trigger_target_dag.py for tasks to queue
[2022-03-01 01:55:23,175] {logging_mixin.py:104} INFO - [2022-03-01 01:55:23,175] {dagbag.py:448} INFO - Filling up the DagBag from /home/airflow/.local/lib/python3.6/site-packages/airflow/example_dags/example_trigger_target_dag.py
[2022-03-01 01:55:23,190] {scheduler_job.py:639} INFO - DAG(s) dict_keys(['example_trigger_target_dag']) retrieved from /home/airflow/.local/lib/python3.6/site-packages/airflow/example_dags/example_trigger_target_dag.py
[2022-03-01 01:55:23,221] {logging_mixin.py:104} INFO - [2022-03-01 01:55:23,221] {dag.py:1818} INFO - Sync 1 DAGs
[2022-03-01 01:55:23,243] {logging_mixin.py:104} INFO - [2022-03-01 01:55:23,242] {dag.py:2273} INFO - Setting next_dagrun for example_trigger_target_dag to None
[2022-03-01 01:55:23,256] {scheduler_job.py:190} INFO - Processing /home/airflow/.local/lib/python3.6/site-packages/airflow/example_dags/example_trigger_target_dag.py took 0.091 seconds
[2022-03-01 01:55:53,965] {scheduler_job.py:182} INFO - Started process (PID=466) to work on /home/airflow/.local/lib/python3.6/site-packages/airflow/example_dags/example_trigger_target_dag.py
[2022-03-01 01:55:53,968] {scheduler_job.py:629} INFO - Processing file /home/airflow/.local/lib/python3.6/site-packages/airflow/example_dags/example_trigger_target_dag.py for tasks to queue
[2022-03-01 01:55:53,970] {logging_mixin.py:104} INFO - [2022-03-01 01:55:53,969] {dagbag.py:448} INFO - Filling up the DagBag from /home/airflow/.local/lib/python3.6/site-packages/airflow/example_dags/example_trigger_target_dag.py
[2022-03-01 01:55:53,989] {scheduler_job.py:639} INFO - DAG(s) dict_keys(['example_trigger_target_dag']) retrieved from /home/airflow/.local/lib/python3.6/site-packages/airflow/example_dags/example_trigger_target_dag.py
[2022-03-01 01:55:54,020] {logging_mixin.py:104} INFO - [2022-03-01 01:55:54,020] {dag.py:1818} INFO - Sync 1 DAGs
[2022-03-01 01:55:54,043] {logging_mixin.py:104} INFO - [2022-03-01 01:55:54,043] {dag.py:2273} INFO - Setting next_dagrun for example_trigger_target_dag to None
[2022-03-01 01:55:54,069] {scheduler_job.py:190} INFO - Processing /home/airflow/.local/lib/python3.6/site-packages/airflow/example_dags/example_trigger_target_dag.py took 0.109 seconds
[2022-03-01 01:56:24,225] {scheduler_job.py:182} INFO - Started process (PID=491) to work on /home/airflow/.local/lib/python3.6/site-packages/airflow/example_dags/example_trigger_target_dag.py
[2022-03-01 01:56:24,228] {scheduler_job.py:629} INFO - Processing file /home/airflow/.local/lib/python3.6/site-packages/airflow/example_dags/example_trigger_target_dag.py for tasks to queue
[2022-03-01 01:56:24,230] {logging_mixin.py:104} INFO - [2022-03-01 01:56:24,229] {dagbag.py:448} INFO - Filling up the DagBag from /home/airflow/.local/lib/python3.6/site-packages/airflow/example_dags/example_trigger_target_dag.py
[2022-03-01 01:56:24,249] {scheduler_job.py:639} INFO - DAG(s) dict_keys(['example_trigger_target_dag']) retrieved from /home/airflow/.local/lib/python3.6/site-packages/airflow/example_dags/example_trigger_target_dag.py
[2022-03-01 01:56:24,278] {logging_mixin.py:104} INFO - [2022-03-01 01:56:24,278] {dag.py:1818} INFO - Sync 1 DAGs
[2022-03-01 01:56:24,302] {logging_mixin.py:104} INFO - [2022-03-01 01:56:24,301] {dag.py:2273} INFO - Setting next_dagrun for example_trigger_target_dag to None
[2022-03-01 01:56:24,314] {scheduler_job.py:190} INFO - Processing /home/airflow/.local/lib/python3.6/site-packages/airflow/example_dags/example_trigger_target_dag.py took 0.093 seconds
[2022-03-01 01:56:54,564] {scheduler_job.py:182} INFO - Started process (PID=511) to work on /home/airflow/.local/lib/python3.6/site-packages/airflow/example_dags/example_trigger_target_dag.py
[2022-03-01 01:56:54,567] {scheduler_job.py:629} INFO - Processing file /home/airflow/.local/lib/python3.6/site-packages/airflow/example_dags/example_trigger_target_dag.py for tasks to queue
[2022-03-01 01:56:54,568] {logging_mixin.py:104} INFO - [2022-03-01 01:56:54,568] {dagbag.py:448} INFO - Filling up the DagBag from /home/airflow/.local/lib/python3.6/site-packages/airflow/example_dags/example_trigger_target_dag.py
[2022-03-01 01:56:54,584] {scheduler_job.py:639} INFO - DAG(s) dict_keys(['example_trigger_target_dag']) retrieved from /home/airflow/.local/lib/python3.6/site-packages/airflow/example_dags/example_trigger_target_dag.py
[2022-03-01 01:56:54,611] {logging_mixin.py:104} INFO - [2022-03-01 01:56:54,611] {dag.py:1818} INFO - Sync 1 DAGs
[2022-03-01 01:56:54,638] {logging_mixin.py:104} INFO - [2022-03-01 01:56:54,638] {dag.py:2273} INFO - Setting next_dagrun for example_trigger_target_dag to None
[2022-03-01 01:56:54,648] {scheduler_job.py:190} INFO - Processing /home/airflow/.local/lib/python3.6/site-packages/airflow/example_dags/example_trigger_target_dag.py took 0.088 seconds
[2022-03-01 01:57:25,177] {scheduler_job.py:182} INFO - Started process (PID=535) to work on /home/airflow/.local/lib/python3.6/site-packages/airflow/example_dags/example_trigger_target_dag.py
[2022-03-01 01:57:25,179] {scheduler_job.py:629} INFO - Processing file /home/airflow/.local/lib/python3.6/site-packages/airflow/example_dags/example_trigger_target_dag.py for tasks to queue
[2022-03-01 01:57:25,181] {logging_mixin.py:104} INFO - [2022-03-01 01:57:25,181] {dagbag.py:448} INFO - Filling up the DagBag from /home/airflow/.local/lib/python3.6/site-packages/airflow/example_dags/example_trigger_target_dag.py
[2022-03-01 01:57:25,203] {scheduler_job.py:639} INFO - DAG(s) dict_keys(['example_trigger_target_dag']) retrieved from /home/airflow/.local/lib/python3.6/site-packages/airflow/example_dags/example_trigger_target_dag.py
[2022-03-01 01:57:25,243] {logging_mixin.py:104} INFO - [2022-03-01 01:57:25,243] {dag.py:1818} INFO - Sync 1 DAGs
[2022-03-01 01:57:25,269] {logging_mixin.py:104} INFO - [2022-03-01 01:57:25,269] {dag.py:2273} INFO - Setting next_dagrun for example_trigger_target_dag to None
[2022-03-01 01:57:25,284] {scheduler_job.py:190} INFO - Processing /home/airflow/.local/lib/python3.6/site-packages/airflow/example_dags/example_trigger_target_dag.py took 0.113 seconds
[2022-03-01 01:57:55,872] {scheduler_job.py:182} INFO - Started process (PID=562) to work on /home/airflow/.local/lib/python3.6/site-packages/airflow/example_dags/example_trigger_target_dag.py
[2022-03-01 01:57:55,876] {scheduler_job.py:629} INFO - Processing file /home/airflow/.local/lib/python3.6/site-packages/airflow/example_dags/example_trigger_target_dag.py for tasks to queue
[2022-03-01 01:57:55,880] {logging_mixin.py:104} INFO - [2022-03-01 01:57:55,880] {dagbag.py:448} INFO - Filling up the DagBag from /home/airflow/.local/lib/python3.6/site-packages/airflow/example_dags/example_trigger_target_dag.py
[2022-03-01 01:57:55,898] {scheduler_job.py:639} INFO - DAG(s) dict_keys(['example_trigger_target_dag']) retrieved from /home/airflow/.local/lib/python3.6/site-packages/airflow/example_dags/example_trigger_target_dag.py
[2022-03-01 01:57:55,930] {logging_mixin.py:104} INFO - [2022-03-01 01:57:55,930] {dag.py:1818} INFO - Sync 1 DAGs
[2022-03-01 01:57:55,953] {logging_mixin.py:104} INFO - [2022-03-01 01:57:55,953] {dag.py:2273} INFO - Setting next_dagrun for example_trigger_target_dag to None
[2022-03-01 01:57:55,963] {scheduler_job.py:190} INFO - Processing /home/airflow/.local/lib/python3.6/site-packages/airflow/example_dags/example_trigger_target_dag.py took 0.096 seconds
[2022-03-01 01:58:26,904] {scheduler_job.py:182} INFO - Started process (PID=588) to work on /home/airflow/.local/lib/python3.6/site-packages/airflow/example_dags/example_trigger_target_dag.py
[2022-03-01 01:58:26,908] {scheduler_job.py:629} INFO - Processing file /home/airflow/.local/lib/python3.6/site-packages/airflow/example_dags/example_trigger_target_dag.py for tasks to queue
[2022-03-01 01:58:26,911] {logging_mixin.py:104} INFO - [2022-03-01 01:58:26,910] {dagbag.py:448} INFO - Filling up the DagBag from /home/airflow/.local/lib/python3.6/site-packages/airflow/example_dags/example_trigger_target_dag.py
[2022-03-01 01:58:26,960] {scheduler_job.py:639} INFO - DAG(s) dict_keys(['example_trigger_target_dag']) retrieved from /home/airflow/.local/lib/python3.6/site-packages/airflow/example_dags/example_trigger_target_dag.py
[2022-03-01 01:58:27,026] {logging_mixin.py:104} INFO - [2022-03-01 01:58:27,026] {dag.py:1818} INFO - Sync 1 DAGs
[2022-03-01 01:58:27,051] {logging_mixin.py:104} INFO - [2022-03-01 01:58:27,050] {dag.py:2273} INFO - Setting next_dagrun for example_trigger_target_dag to None
[2022-03-01 01:58:27,066] {scheduler_job.py:190} INFO - Processing /home/airflow/.local/lib/python3.6/site-packages/airflow/example_dags/example_trigger_target_dag.py took 0.187 seconds
[2022-03-01 01:58:57,786] {scheduler_job.py:182} INFO - Started process (PID=613) to work on /home/airflow/.local/lib/python3.6/site-packages/airflow/example_dags/example_trigger_target_dag.py
[2022-03-01 01:58:57,789] {scheduler_job.py:629} INFO - Processing file /home/airflow/.local/lib/python3.6/site-packages/airflow/example_dags/example_trigger_target_dag.py for tasks to queue
[2022-03-01 01:58:57,790] {logging_mixin.py:104} INFO - [2022-03-01 01:58:57,790] {dagbag.py:448} INFO - Filling up the DagBag from /home/airflow/.local/lib/python3.6/site-packages/airflow/example_dags/example_trigger_target_dag.py
[2022-03-01 01:58:57,809] {scheduler_job.py:639} INFO - DAG(s) dict_keys(['example_trigger_target_dag']) retrieved from /home/airflow/.local/lib/python3.6/site-packages/airflow/example_dags/example_trigger_target_dag.py
[2022-03-01 01:58:57,854] {logging_mixin.py:104} INFO - [2022-03-01 01:58:57,854] {dag.py:1818} INFO - Sync 1 DAGs
[2022-03-01 01:58:57,890] {logging_mixin.py:104} INFO - [2022-03-01 01:58:57,890] {dag.py:2273} INFO - Setting next_dagrun for example_trigger_target_dag to None
[2022-03-01 01:58:57,903] {scheduler_job.py:190} INFO - Processing /home/airflow/.local/lib/python3.6/site-packages/airflow/example_dags/example_trigger_target_dag.py took 0.121 seconds
[2022-03-01 01:59:28,750] {scheduler_job.py:182} INFO - Started process (PID=639) to work on /home/airflow/.local/lib/python3.6/site-packages/airflow/example_dags/example_trigger_target_dag.py
[2022-03-01 01:59:28,755] {scheduler_job.py:629} INFO - Processing file /home/airflow/.local/lib/python3.6/site-packages/airflow/example_dags/example_trigger_target_dag.py for tasks to queue
[2022-03-01 01:59:28,757] {logging_mixin.py:104} INFO - [2022-03-01 01:59:28,757] {dagbag.py:448} INFO - Filling up the DagBag from /home/airflow/.local/lib/python3.6/site-packages/airflow/example_dags/example_trigger_target_dag.py
[2022-03-01 01:59:28,777] {scheduler_job.py:639} INFO - DAG(s) dict_keys(['example_trigger_target_dag']) retrieved from /home/airflow/.local/lib/python3.6/site-packages/airflow/example_dags/example_trigger_target_dag.py
[2022-03-01 01:59:28,813] {logging_mixin.py:104} INFO - [2022-03-01 01:59:28,812] {dag.py:1818} INFO - Sync 1 DAGs
[2022-03-01 01:59:28,835] {logging_mixin.py:104} INFO - [2022-03-01 01:59:28,834] {dag.py:2273} INFO - Setting next_dagrun for example_trigger_target_dag to None
[2022-03-01 01:59:28,846] {scheduler_job.py:190} INFO - Processing /home/airflow/.local/lib/python3.6/site-packages/airflow/example_dags/example_trigger_target_dag.py took 0.100 seconds
[2022-03-01 01:59:59,378] {scheduler_job.py:182} INFO - Started process (PID=665) to work on /home/airflow/.local/lib/python3.6/site-packages/airflow/example_dags/example_trigger_target_dag.py
[2022-03-01 01:59:59,381] {scheduler_job.py:629} INFO - Processing file /home/airflow/.local/lib/python3.6/site-packages/airflow/example_dags/example_trigger_target_dag.py for tasks to queue
[2022-03-01 01:59:59,384] {logging_mixin.py:104} INFO - [2022-03-01 01:59:59,384] {dagbag.py:448} INFO - Filling up the DagBag from /home/airflow/.local/lib/python3.6/site-packages/airflow/example_dags/example_trigger_target_dag.py
[2022-03-01 01:59:59,422] {scheduler_job.py:639} INFO - DAG(s) dict_keys(['example_trigger_target_dag']) retrieved from /home/airflow/.local/lib/python3.6/site-packages/airflow/example_dags/example_trigger_target_dag.py
[2022-03-01 01:59:59,458] {logging_mixin.py:104} INFO - [2022-03-01 01:59:59,458] {dag.py:1818} INFO - Sync 1 DAGs
[2022-03-01 01:59:59,478] {logging_mixin.py:104} INFO - [2022-03-01 01:59:59,478] {dag.py:2273} INFO - Setting next_dagrun for example_trigger_target_dag to None
[2022-03-01 01:59:59,489] {scheduler_job.py:190} INFO - Processing /home/airflow/.local/lib/python3.6/site-packages/airflow/example_dags/example_trigger_target_dag.py took 0.121 seconds
[2022-03-01 02:00:29,937] {scheduler_job.py:182} INFO - Started process (PID=691) to work on /home/airflow/.local/lib/python3.6/site-packages/airflow/example_dags/example_trigger_target_dag.py
[2022-03-01 02:00:29,940] {scheduler_job.py:629} INFO - Processing file /home/airflow/.local/lib/python3.6/site-packages/airflow/example_dags/example_trigger_target_dag.py for tasks to queue
[2022-03-01 02:00:29,942] {logging_mixin.py:104} INFO - [2022-03-01 02:00:29,942] {dagbag.py:448} INFO - Filling up the DagBag from /home/airflow/.local/lib/python3.6/site-packages/airflow/example_dags/example_trigger_target_dag.py
[2022-03-01 02:00:29,961] {scheduler_job.py:639} INFO - DAG(s) dict_keys(['example_trigger_target_dag']) retrieved from /home/airflow/.local/lib/python3.6/site-packages/airflow/example_dags/example_trigger_target_dag.py
[2022-03-01 02:00:29,988] {logging_mixin.py:104} INFO - [2022-03-01 02:00:29,988] {dag.py:1818} INFO - Sync 1 DAGs
[2022-03-01 02:00:30,007] {logging_mixin.py:104} INFO - [2022-03-01 02:00:30,007] {dag.py:2273} INFO - Setting next_dagrun for example_trigger_target_dag to None
[2022-03-01 02:00:30,018] {scheduler_job.py:190} INFO - Processing /home/airflow/.local/lib/python3.6/site-packages/airflow/example_dags/example_trigger_target_dag.py took 0.086 seconds
[2022-03-01 02:01:00,563] {scheduler_job.py:182} INFO - Started process (PID=717) to work on /home/airflow/.local/lib/python3.6/site-packages/airflow/example_dags/example_trigger_target_dag.py
[2022-03-01 02:01:00,566] {scheduler_job.py:629} INFO - Processing file /home/airflow/.local/lib/python3.6/site-packages/airflow/example_dags/example_trigger_target_dag.py for tasks to queue
[2022-03-01 02:01:00,567] {logging_mixin.py:104} INFO - [2022-03-01 02:01:00,567] {dagbag.py:448} INFO - Filling up the DagBag from /home/airflow/.local/lib/python3.6/site-packages/airflow/example_dags/example_trigger_target_dag.py
[2022-03-01 02:01:00,585] {scheduler_job.py:639} INFO - DAG(s) dict_keys(['example_trigger_target_dag']) retrieved from /home/airflow/.local/lib/python3.6/site-packages/airflow/example_dags/example_trigger_target_dag.py
[2022-03-01 02:01:00,617] {logging_mixin.py:104} INFO - [2022-03-01 02:01:00,617] {dag.py:1818} INFO - Sync 1 DAGs
[2022-03-01 02:01:00,635] {logging_mixin.py:104} INFO - [2022-03-01 02:01:00,634] {dag.py:2273} INFO - Setting next_dagrun for example_trigger_target_dag to None
[2022-03-01 02:01:00,644] {scheduler_job.py:190} INFO - Processing /home/airflow/.local/lib/python3.6/site-packages/airflow/example_dags/example_trigger_target_dag.py took 0.085 seconds
[2022-03-01 02:01:31,354] {scheduler_job.py:182} INFO - Started process (PID=748) to work on /home/airflow/.local/lib/python3.6/site-packages/airflow/example_dags/example_trigger_target_dag.py
[2022-03-01 02:01:31,357] {scheduler_job.py:629} INFO - Processing file /home/airflow/.local/lib/python3.6/site-packages/airflow/example_dags/example_trigger_target_dag.py for tasks to queue
[2022-03-01 02:01:31,359] {logging_mixin.py:104} INFO - [2022-03-01 02:01:31,359] {dagbag.py:448} INFO - Filling up the DagBag from /home/airflow/.local/lib/python3.6/site-packages/airflow/example_dags/example_trigger_target_dag.py
[2022-03-01 02:01:31,380] {scheduler_job.py:639} INFO - DAG(s) dict_keys(['example_trigger_target_dag']) retrieved from /home/airflow/.local/lib/python3.6/site-packages/airflow/example_dags/example_trigger_target_dag.py
[2022-03-01 02:01:31,406] {logging_mixin.py:104} INFO - [2022-03-01 02:01:31,406] {dag.py:1818} INFO - Sync 1 DAGs
[2022-03-01 02:01:31,429] {logging_mixin.py:104} INFO - [2022-03-01 02:01:31,429] {dag.py:2273} INFO - Setting next_dagrun for example_trigger_target_dag to None
[2022-03-01 02:01:31,442] {scheduler_job.py:190} INFO - Processing /home/airflow/.local/lib/python3.6/site-packages/airflow/example_dags/example_trigger_target_dag.py took 0.092 seconds
[2022-03-01 02:02:01,988] {scheduler_job.py:182} INFO - Started process (PID=774) to work on /home/airflow/.local/lib/python3.6/site-packages/airflow/example_dags/example_trigger_target_dag.py
[2022-03-01 02:02:01,990] {scheduler_job.py:629} INFO - Processing file /home/airflow/.local/lib/python3.6/site-packages/airflow/example_dags/example_trigger_target_dag.py for tasks to queue
[2022-03-01 02:02:01,991] {logging_mixin.py:104} INFO - [2022-03-01 02:02:01,991] {dagbag.py:448} INFO - Filling up the DagBag from /home/airflow/.local/lib/python3.6/site-packages/airflow/example_dags/example_trigger_target_dag.py
[2022-03-01 02:02:02,010] {scheduler_job.py:639} INFO - DAG(s) dict_keys(['example_trigger_target_dag']) retrieved from /home/airflow/.local/lib/python3.6/site-packages/airflow/example_dags/example_trigger_target_dag.py
[2022-03-01 02:02:02,037] {logging_mixin.py:104} INFO - [2022-03-01 02:02:02,037] {dag.py:1818} INFO - Sync 1 DAGs
[2022-03-01 02:02:02,057] {logging_mixin.py:104} INFO - [2022-03-01 02:02:02,056] {dag.py:2273} INFO - Setting next_dagrun for example_trigger_target_dag to None
[2022-03-01 02:02:02,070] {scheduler_job.py:190} INFO - Processing /home/airflow/.local/lib/python3.6/site-packages/airflow/example_dags/example_trigger_target_dag.py took 0.086 seconds
