[2022-03-01 01:48:10,811] {scheduler_job.py:182} INFO - Started process (PID=37) to work on /home/airflow/.local/lib/python3.6/site-packages/airflow/example_dags/example_nested_branch_dag.py
[2022-03-01 01:48:10,813] {scheduler_job.py:629} INFO - Processing file /home/airflow/.local/lib/python3.6/site-packages/airflow/example_dags/example_nested_branch_dag.py for tasks to queue
[2022-03-01 01:48:10,814] {logging_mixin.py:104} INFO - [2022-03-01 01:48:10,814] {dagbag.py:448} INFO - Filling up the DagBag from /home/airflow/.local/lib/python3.6/site-packages/airflow/example_dags/example_nested_branch_dag.py
[2022-03-01 01:48:10,837] {scheduler_job.py:639} INFO - DAG(s) dict_keys(['example_nested_branch_dag']) retrieved from /home/airflow/.local/lib/python3.6/site-packages/airflow/example_dags/example_nested_branch_dag.py
[2022-03-01 01:48:10,885] {logging_mixin.py:104} INFO - [2022-03-01 01:48:10,885] {dag.py:1818} INFO - Sync 1 DAGs
[2022-03-01 01:48:10,905] {logging_mixin.py:104} INFO - [2022-03-01 01:48:10,905] {dag.py:1837} INFO - Creating ORM DAG for example_nested_branch_dag
[2022-03-01 01:48:10,921] {logging_mixin.py:104} INFO - [2022-03-01 01:48:10,921] {dag.py:2273} INFO - Setting next_dagrun for example_nested_branch_dag to 2022-02-27 00:00:00+00:00
[2022-03-01 01:48:10,946] {scheduler_job.py:190} INFO - Processing /home/airflow/.local/lib/python3.6/site-packages/airflow/example_dags/example_nested_branch_dag.py took 0.139 seconds
[2022-03-01 01:48:41,549] {scheduler_job.py:182} INFO - Started process (PID=62) to work on /home/airflow/.local/lib/python3.6/site-packages/airflow/example_dags/example_nested_branch_dag.py
[2022-03-01 01:48:41,551] {scheduler_job.py:629} INFO - Processing file /home/airflow/.local/lib/python3.6/site-packages/airflow/example_dags/example_nested_branch_dag.py for tasks to queue
[2022-03-01 01:48:41,552] {logging_mixin.py:104} INFO - [2022-03-01 01:48:41,552] {dagbag.py:448} INFO - Filling up the DagBag from /home/airflow/.local/lib/python3.6/site-packages/airflow/example_dags/example_nested_branch_dag.py
[2022-03-01 01:48:41,572] {scheduler_job.py:639} INFO - DAG(s) dict_keys(['example_nested_branch_dag']) retrieved from /home/airflow/.local/lib/python3.6/site-packages/airflow/example_dags/example_nested_branch_dag.py
[2022-03-01 01:48:41,596] {logging_mixin.py:104} INFO - [2022-03-01 01:48:41,596] {dag.py:1818} INFO - Sync 1 DAGs
[2022-03-01 01:48:41,618] {logging_mixin.py:104} INFO - [2022-03-01 01:48:41,618] {dag.py:2273} INFO - Setting next_dagrun for example_nested_branch_dag to 2022-02-27 00:00:00+00:00
[2022-03-01 01:48:41,628] {scheduler_job.py:190} INFO - Processing /home/airflow/.local/lib/python3.6/site-packages/airflow/example_dags/example_nested_branch_dag.py took 0.082 seconds
[2022-03-01 01:49:12,117] {scheduler_job.py:182} INFO - Started process (PID=87) to work on /home/airflow/.local/lib/python3.6/site-packages/airflow/example_dags/example_nested_branch_dag.py
[2022-03-01 01:49:12,119] {scheduler_job.py:629} INFO - Processing file /home/airflow/.local/lib/python3.6/site-packages/airflow/example_dags/example_nested_branch_dag.py for tasks to queue
[2022-03-01 01:49:12,120] {logging_mixin.py:104} INFO - [2022-03-01 01:49:12,120] {dagbag.py:448} INFO - Filling up the DagBag from /home/airflow/.local/lib/python3.6/site-packages/airflow/example_dags/example_nested_branch_dag.py
[2022-03-01 01:49:12,139] {scheduler_job.py:639} INFO - DAG(s) dict_keys(['example_nested_branch_dag']) retrieved from /home/airflow/.local/lib/python3.6/site-packages/airflow/example_dags/example_nested_branch_dag.py
[2022-03-01 01:49:12,162] {logging_mixin.py:104} INFO - [2022-03-01 01:49:12,162] {dag.py:1818} INFO - Sync 1 DAGs
[2022-03-01 01:49:12,190] {logging_mixin.py:104} INFO - [2022-03-01 01:49:12,190] {dag.py:2273} INFO - Setting next_dagrun for example_nested_branch_dag to 2022-02-27 00:00:00+00:00
[2022-03-01 01:49:12,200] {scheduler_job.py:190} INFO - Processing /home/airflow/.local/lib/python3.6/site-packages/airflow/example_dags/example_nested_branch_dag.py took 0.088 seconds
[2022-03-01 01:49:42,633] {scheduler_job.py:182} INFO - Started process (PID=113) to work on /home/airflow/.local/lib/python3.6/site-packages/airflow/example_dags/example_nested_branch_dag.py
[2022-03-01 01:49:42,635] {scheduler_job.py:629} INFO - Processing file /home/airflow/.local/lib/python3.6/site-packages/airflow/example_dags/example_nested_branch_dag.py for tasks to queue
[2022-03-01 01:49:42,636] {logging_mixin.py:104} INFO - [2022-03-01 01:49:42,636] {dagbag.py:448} INFO - Filling up the DagBag from /home/airflow/.local/lib/python3.6/site-packages/airflow/example_dags/example_nested_branch_dag.py
[2022-03-01 01:49:42,654] {scheduler_job.py:639} INFO - DAG(s) dict_keys(['example_nested_branch_dag']) retrieved from /home/airflow/.local/lib/python3.6/site-packages/airflow/example_dags/example_nested_branch_dag.py
[2022-03-01 01:49:42,679] {logging_mixin.py:104} INFO - [2022-03-01 01:49:42,678] {dag.py:1818} INFO - Sync 1 DAGs
[2022-03-01 01:49:42,705] {logging_mixin.py:104} INFO - [2022-03-01 01:49:42,705] {dag.py:2273} INFO - Setting next_dagrun for example_nested_branch_dag to 2022-02-27 00:00:00+00:00
[2022-03-01 01:49:42,716] {scheduler_job.py:190} INFO - Processing /home/airflow/.local/lib/python3.6/site-packages/airflow/example_dags/example_nested_branch_dag.py took 0.088 seconds
[2022-03-01 01:50:14,095] {scheduler_job.py:182} INFO - Started process (PID=165) to work on /home/airflow/.local/lib/python3.6/site-packages/airflow/example_dags/example_nested_branch_dag.py
[2022-03-01 01:50:14,097] {scheduler_job.py:629} INFO - Processing file /home/airflow/.local/lib/python3.6/site-packages/airflow/example_dags/example_nested_branch_dag.py for tasks to queue
[2022-03-01 01:50:14,099] {logging_mixin.py:104} INFO - [2022-03-01 01:50:14,098] {dagbag.py:448} INFO - Filling up the DagBag from /home/airflow/.local/lib/python3.6/site-packages/airflow/example_dags/example_nested_branch_dag.py
[2022-03-01 01:50:14,126] {scheduler_job.py:639} INFO - DAG(s) dict_keys(['example_nested_branch_dag']) retrieved from /home/airflow/.local/lib/python3.6/site-packages/airflow/example_dags/example_nested_branch_dag.py
[2022-03-01 01:50:14,158] {logging_mixin.py:104} INFO - [2022-03-01 01:50:14,158] {dag.py:1818} INFO - Sync 1 DAGs
[2022-03-01 01:50:14,188] {logging_mixin.py:104} INFO - [2022-03-01 01:50:14,188] {dag.py:2273} INFO - Setting next_dagrun for example_nested_branch_dag to 2022-02-27 00:00:00+00:00
[2022-03-01 01:50:14,200] {scheduler_job.py:190} INFO - Processing /home/airflow/.local/lib/python3.6/site-packages/airflow/example_dags/example_nested_branch_dag.py took 0.110 seconds
[2022-03-01 01:50:44,905] {scheduler_job.py:182} INFO - Started process (PID=191) to work on /home/airflow/.local/lib/python3.6/site-packages/airflow/example_dags/example_nested_branch_dag.py
[2022-03-01 01:50:44,907] {scheduler_job.py:629} INFO - Processing file /home/airflow/.local/lib/python3.6/site-packages/airflow/example_dags/example_nested_branch_dag.py for tasks to queue
[2022-03-01 01:50:44,908] {logging_mixin.py:104} INFO - [2022-03-01 01:50:44,908] {dagbag.py:448} INFO - Filling up the DagBag from /home/airflow/.local/lib/python3.6/site-packages/airflow/example_dags/example_nested_branch_dag.py
[2022-03-01 01:50:44,924] {scheduler_job.py:639} INFO - DAG(s) dict_keys(['example_nested_branch_dag']) retrieved from /home/airflow/.local/lib/python3.6/site-packages/airflow/example_dags/example_nested_branch_dag.py
[2022-03-01 01:50:44,944] {logging_mixin.py:104} INFO - [2022-03-01 01:50:44,944] {dag.py:1818} INFO - Sync 1 DAGs
[2022-03-01 01:50:44,966] {logging_mixin.py:104} INFO - [2022-03-01 01:50:44,966] {dag.py:2273} INFO - Setting next_dagrun for example_nested_branch_dag to 2022-02-27 00:00:00+00:00
[2022-03-01 01:50:44,975] {scheduler_job.py:190} INFO - Processing /home/airflow/.local/lib/python3.6/site-packages/airflow/example_dags/example_nested_branch_dag.py took 0.074 seconds
[2022-03-01 01:51:15,791] {scheduler_job.py:182} INFO - Started process (PID=218) to work on /home/airflow/.local/lib/python3.6/site-packages/airflow/example_dags/example_nested_branch_dag.py
[2022-03-01 01:51:15,794] {scheduler_job.py:629} INFO - Processing file /home/airflow/.local/lib/python3.6/site-packages/airflow/example_dags/example_nested_branch_dag.py for tasks to queue
[2022-03-01 01:51:15,796] {logging_mixin.py:104} INFO - [2022-03-01 01:51:15,796] {dagbag.py:448} INFO - Filling up the DagBag from /home/airflow/.local/lib/python3.6/site-packages/airflow/example_dags/example_nested_branch_dag.py
[2022-03-01 01:51:15,814] {scheduler_job.py:639} INFO - DAG(s) dict_keys(['example_nested_branch_dag']) retrieved from /home/airflow/.local/lib/python3.6/site-packages/airflow/example_dags/example_nested_branch_dag.py
[2022-03-01 01:51:15,836] {logging_mixin.py:104} INFO - [2022-03-01 01:51:15,836] {dag.py:1818} INFO - Sync 1 DAGs
[2022-03-01 01:51:15,858] {logging_mixin.py:104} INFO - [2022-03-01 01:51:15,858] {dag.py:2273} INFO - Setting next_dagrun for example_nested_branch_dag to 2022-02-27 00:00:00+00:00
[2022-03-01 01:51:15,867] {scheduler_job.py:190} INFO - Processing /home/airflow/.local/lib/python3.6/site-packages/airflow/example_dags/example_nested_branch_dag.py took 0.080 seconds
[2022-03-01 01:51:46,463] {scheduler_job.py:182} INFO - Started process (PID=244) to work on /home/airflow/.local/lib/python3.6/site-packages/airflow/example_dags/example_nested_branch_dag.py
[2022-03-01 01:51:46,465] {scheduler_job.py:629} INFO - Processing file /home/airflow/.local/lib/python3.6/site-packages/airflow/example_dags/example_nested_branch_dag.py for tasks to queue
[2022-03-01 01:51:46,467] {logging_mixin.py:104} INFO - [2022-03-01 01:51:46,467] {dagbag.py:448} INFO - Filling up the DagBag from /home/airflow/.local/lib/python3.6/site-packages/airflow/example_dags/example_nested_branch_dag.py
[2022-03-01 01:51:46,488] {scheduler_job.py:639} INFO - DAG(s) dict_keys(['example_nested_branch_dag']) retrieved from /home/airflow/.local/lib/python3.6/site-packages/airflow/example_dags/example_nested_branch_dag.py
[2022-03-01 01:51:46,515] {logging_mixin.py:104} INFO - [2022-03-01 01:51:46,515] {dag.py:1818} INFO - Sync 1 DAGs
[2022-03-01 01:51:46,542] {logging_mixin.py:104} INFO - [2022-03-01 01:51:46,541] {dag.py:2273} INFO - Setting next_dagrun for example_nested_branch_dag to 2022-02-27 00:00:00+00:00
[2022-03-01 01:51:46,552] {scheduler_job.py:190} INFO - Processing /home/airflow/.local/lib/python3.6/site-packages/airflow/example_dags/example_nested_branch_dag.py took 0.097 seconds
[2022-03-01 01:52:17,146] {scheduler_job.py:182} INFO - Started process (PID=270) to work on /home/airflow/.local/lib/python3.6/site-packages/airflow/example_dags/example_nested_branch_dag.py
[2022-03-01 01:52:17,148] {scheduler_job.py:629} INFO - Processing file /home/airflow/.local/lib/python3.6/site-packages/airflow/example_dags/example_nested_branch_dag.py for tasks to queue
[2022-03-01 01:52:17,150] {logging_mixin.py:104} INFO - [2022-03-01 01:52:17,150] {dagbag.py:448} INFO - Filling up the DagBag from /home/airflow/.local/lib/python3.6/site-packages/airflow/example_dags/example_nested_branch_dag.py
[2022-03-01 01:52:17,170] {scheduler_job.py:639} INFO - DAG(s) dict_keys(['example_nested_branch_dag']) retrieved from /home/airflow/.local/lib/python3.6/site-packages/airflow/example_dags/example_nested_branch_dag.py
[2022-03-01 01:52:17,196] {logging_mixin.py:104} INFO - [2022-03-01 01:52:17,196] {dag.py:1818} INFO - Sync 1 DAGs
[2022-03-01 01:52:17,223] {logging_mixin.py:104} INFO - [2022-03-01 01:52:17,222] {dag.py:2273} INFO - Setting next_dagrun for example_nested_branch_dag to 2022-02-27 00:00:00+00:00
[2022-03-01 01:52:17,234] {scheduler_job.py:190} INFO - Processing /home/airflow/.local/lib/python3.6/site-packages/airflow/example_dags/example_nested_branch_dag.py took 0.092 seconds
[2022-03-01 01:52:47,966] {scheduler_job.py:182} INFO - Started process (PID=297) to work on /home/airflow/.local/lib/python3.6/site-packages/airflow/example_dags/example_nested_branch_dag.py
[2022-03-01 01:52:47,968] {scheduler_job.py:629} INFO - Processing file /home/airflow/.local/lib/python3.6/site-packages/airflow/example_dags/example_nested_branch_dag.py for tasks to queue
[2022-03-01 01:52:47,969] {logging_mixin.py:104} INFO - [2022-03-01 01:52:47,969] {dagbag.py:448} INFO - Filling up the DagBag from /home/airflow/.local/lib/python3.6/site-packages/airflow/example_dags/example_nested_branch_dag.py
[2022-03-01 01:52:47,996] {scheduler_job.py:639} INFO - DAG(s) dict_keys(['example_nested_branch_dag']) retrieved from /home/airflow/.local/lib/python3.6/site-packages/airflow/example_dags/example_nested_branch_dag.py
[2022-03-01 01:52:48,026] {logging_mixin.py:104} INFO - [2022-03-01 01:52:48,026] {dag.py:1818} INFO - Sync 1 DAGs
[2022-03-01 01:52:48,055] {logging_mixin.py:104} INFO - [2022-03-01 01:52:48,055] {dag.py:2273} INFO - Setting next_dagrun for example_nested_branch_dag to 2022-02-27 00:00:00+00:00
[2022-03-01 01:52:48,068] {scheduler_job.py:190} INFO - Processing /home/airflow/.local/lib/python3.6/site-packages/airflow/example_dags/example_nested_branch_dag.py took 0.106 seconds
[2022-03-01 01:53:18,128] {scheduler_job.py:182} INFO - Started process (PID=322) to work on /home/airflow/.local/lib/python3.6/site-packages/airflow/example_dags/example_nested_branch_dag.py
[2022-03-01 01:53:18,131] {scheduler_job.py:629} INFO - Processing file /home/airflow/.local/lib/python3.6/site-packages/airflow/example_dags/example_nested_branch_dag.py for tasks to queue
[2022-03-01 01:53:18,132] {logging_mixin.py:104} INFO - [2022-03-01 01:53:18,132] {dagbag.py:448} INFO - Filling up the DagBag from /home/airflow/.local/lib/python3.6/site-packages/airflow/example_dags/example_nested_branch_dag.py
[2022-03-01 01:53:18,153] {scheduler_job.py:639} INFO - DAG(s) dict_keys(['example_nested_branch_dag']) retrieved from /home/airflow/.local/lib/python3.6/site-packages/airflow/example_dags/example_nested_branch_dag.py
[2022-03-01 01:53:18,181] {logging_mixin.py:104} INFO - [2022-03-01 01:53:18,181] {dag.py:1818} INFO - Sync 1 DAGs
[2022-03-01 01:53:18,220] {logging_mixin.py:104} INFO - [2022-03-01 01:53:18,219] {dag.py:2273} INFO - Setting next_dagrun for example_nested_branch_dag to 2022-02-27 00:00:00+00:00
[2022-03-01 01:53:18,231] {scheduler_job.py:190} INFO - Processing /home/airflow/.local/lib/python3.6/site-packages/airflow/example_dags/example_nested_branch_dag.py took 0.107 seconds
[2022-03-01 01:53:48,980] {scheduler_job.py:182} INFO - Started process (PID=348) to work on /home/airflow/.local/lib/python3.6/site-packages/airflow/example_dags/example_nested_branch_dag.py
[2022-03-01 01:53:48,982] {scheduler_job.py:629} INFO - Processing file /home/airflow/.local/lib/python3.6/site-packages/airflow/example_dags/example_nested_branch_dag.py for tasks to queue
[2022-03-01 01:53:48,984] {logging_mixin.py:104} INFO - [2022-03-01 01:53:48,983] {dagbag.py:448} INFO - Filling up the DagBag from /home/airflow/.local/lib/python3.6/site-packages/airflow/example_dags/example_nested_branch_dag.py
[2022-03-01 01:53:49,003] {scheduler_job.py:639} INFO - DAG(s) dict_keys(['example_nested_branch_dag']) retrieved from /home/airflow/.local/lib/python3.6/site-packages/airflow/example_dags/example_nested_branch_dag.py
[2022-03-01 01:53:49,030] {logging_mixin.py:104} INFO - [2022-03-01 01:53:49,030] {dag.py:1818} INFO - Sync 1 DAGs
[2022-03-01 01:53:49,057] {logging_mixin.py:104} INFO - [2022-03-01 01:53:49,057] {dag.py:2273} INFO - Setting next_dagrun for example_nested_branch_dag to 2022-02-27 00:00:00+00:00
[2022-03-01 01:53:49,067] {scheduler_job.py:190} INFO - Processing /home/airflow/.local/lib/python3.6/site-packages/airflow/example_dags/example_nested_branch_dag.py took 0.090 seconds
[2022-03-01 01:54:19,424] {scheduler_job.py:182} INFO - Started process (PID=373) to work on /home/airflow/.local/lib/python3.6/site-packages/airflow/example_dags/example_nested_branch_dag.py
[2022-03-01 01:54:19,426] {scheduler_job.py:629} INFO - Processing file /home/airflow/.local/lib/python3.6/site-packages/airflow/example_dags/example_nested_branch_dag.py for tasks to queue
[2022-03-01 01:54:19,428] {logging_mixin.py:104} INFO - [2022-03-01 01:54:19,428] {dagbag.py:448} INFO - Filling up the DagBag from /home/airflow/.local/lib/python3.6/site-packages/airflow/example_dags/example_nested_branch_dag.py
[2022-03-01 01:54:19,449] {scheduler_job.py:639} INFO - DAG(s) dict_keys(['example_nested_branch_dag']) retrieved from /home/airflow/.local/lib/python3.6/site-packages/airflow/example_dags/example_nested_branch_dag.py
[2022-03-01 01:54:19,480] {logging_mixin.py:104} INFO - [2022-03-01 01:54:19,479] {dag.py:1818} INFO - Sync 1 DAGs
[2022-03-01 01:54:19,516] {logging_mixin.py:104} INFO - [2022-03-01 01:54:19,516] {dag.py:2273} INFO - Setting next_dagrun for example_nested_branch_dag to 2022-02-27 00:00:00+00:00
[2022-03-01 01:54:19,530] {scheduler_job.py:190} INFO - Processing /home/airflow/.local/lib/python3.6/site-packages/airflow/example_dags/example_nested_branch_dag.py took 0.111 seconds
[2022-03-01 01:54:50,092] {scheduler_job.py:182} INFO - Started process (PID=399) to work on /home/airflow/.local/lib/python3.6/site-packages/airflow/example_dags/example_nested_branch_dag.py
[2022-03-01 01:54:50,094] {scheduler_job.py:629} INFO - Processing file /home/airflow/.local/lib/python3.6/site-packages/airflow/example_dags/example_nested_branch_dag.py for tasks to queue
[2022-03-01 01:54:50,095] {logging_mixin.py:104} INFO - [2022-03-01 01:54:50,095] {dagbag.py:448} INFO - Filling up the DagBag from /home/airflow/.local/lib/python3.6/site-packages/airflow/example_dags/example_nested_branch_dag.py
[2022-03-01 01:54:50,116] {scheduler_job.py:639} INFO - DAG(s) dict_keys(['example_nested_branch_dag']) retrieved from /home/airflow/.local/lib/python3.6/site-packages/airflow/example_dags/example_nested_branch_dag.py
[2022-03-01 01:54:50,175] {logging_mixin.py:104} INFO - [2022-03-01 01:54:50,175] {dag.py:1818} INFO - Sync 1 DAGs
[2022-03-01 01:54:50,232] {logging_mixin.py:104} INFO - [2022-03-01 01:54:50,232] {dag.py:2273} INFO - Setting next_dagrun for example_nested_branch_dag to 2022-02-27 00:00:00+00:00
[2022-03-01 01:54:50,250] {scheduler_job.py:190} INFO - Processing /home/airflow/.local/lib/python3.6/site-packages/airflow/example_dags/example_nested_branch_dag.py took 0.162 seconds
[2022-03-01 01:55:21,095] {scheduler_job.py:182} INFO - Started process (PID=425) to work on /home/airflow/.local/lib/python3.6/site-packages/airflow/example_dags/example_nested_branch_dag.py
[2022-03-01 01:55:21,099] {scheduler_job.py:629} INFO - Processing file /home/airflow/.local/lib/python3.6/site-packages/airflow/example_dags/example_nested_branch_dag.py for tasks to queue
[2022-03-01 01:55:21,101] {logging_mixin.py:104} INFO - [2022-03-01 01:55:21,101] {dagbag.py:448} INFO - Filling up the DagBag from /home/airflow/.local/lib/python3.6/site-packages/airflow/example_dags/example_nested_branch_dag.py
[2022-03-01 01:55:21,122] {scheduler_job.py:639} INFO - DAG(s) dict_keys(['example_nested_branch_dag']) retrieved from /home/airflow/.local/lib/python3.6/site-packages/airflow/example_dags/example_nested_branch_dag.py
[2022-03-01 01:55:21,154] {logging_mixin.py:104} INFO - [2022-03-01 01:55:21,154] {dag.py:1818} INFO - Sync 1 DAGs
[2022-03-01 01:55:21,184] {logging_mixin.py:104} INFO - [2022-03-01 01:55:21,184] {dag.py:2273} INFO - Setting next_dagrun for example_nested_branch_dag to 2022-02-27 00:00:00+00:00
[2022-03-01 01:55:21,198] {scheduler_job.py:190} INFO - Processing /home/airflow/.local/lib/python3.6/site-packages/airflow/example_dags/example_nested_branch_dag.py took 0.111 seconds
[2022-03-01 01:55:51,910] {scheduler_job.py:182} INFO - Started process (PID=451) to work on /home/airflow/.local/lib/python3.6/site-packages/airflow/example_dags/example_nested_branch_dag.py
[2022-03-01 01:55:51,912] {scheduler_job.py:629} INFO - Processing file /home/airflow/.local/lib/python3.6/site-packages/airflow/example_dags/example_nested_branch_dag.py for tasks to queue
[2022-03-01 01:55:51,913] {logging_mixin.py:104} INFO - [2022-03-01 01:55:51,913] {dagbag.py:448} INFO - Filling up the DagBag from /home/airflow/.local/lib/python3.6/site-packages/airflow/example_dags/example_nested_branch_dag.py
[2022-03-01 01:55:51,940] {scheduler_job.py:639} INFO - DAG(s) dict_keys(['example_nested_branch_dag']) retrieved from /home/airflow/.local/lib/python3.6/site-packages/airflow/example_dags/example_nested_branch_dag.py
[2022-03-01 01:55:51,979] {logging_mixin.py:104} INFO - [2022-03-01 01:55:51,979] {dag.py:1818} INFO - Sync 1 DAGs
[2022-03-01 01:55:52,027] {logging_mixin.py:104} INFO - [2022-03-01 01:55:52,027] {dag.py:2273} INFO - Setting next_dagrun for example_nested_branch_dag to 2022-02-27 00:00:00+00:00
[2022-03-01 01:55:52,039] {scheduler_job.py:190} INFO - Processing /home/airflow/.local/lib/python3.6/site-packages/airflow/example_dags/example_nested_branch_dag.py took 0.134 seconds
[2022-03-01 01:56:23,116] {scheduler_job.py:182} INFO - Started process (PID=477) to work on /home/airflow/.local/lib/python3.6/site-packages/airflow/example_dags/example_nested_branch_dag.py
[2022-03-01 01:56:23,119] {scheduler_job.py:629} INFO - Processing file /home/airflow/.local/lib/python3.6/site-packages/airflow/example_dags/example_nested_branch_dag.py for tasks to queue
[2022-03-01 01:56:23,122] {logging_mixin.py:104} INFO - [2022-03-01 01:56:23,122] {dagbag.py:448} INFO - Filling up the DagBag from /home/airflow/.local/lib/python3.6/site-packages/airflow/example_dags/example_nested_branch_dag.py
[2022-03-01 01:56:23,156] {scheduler_job.py:639} INFO - DAG(s) dict_keys(['example_nested_branch_dag']) retrieved from /home/airflow/.local/lib/python3.6/site-packages/airflow/example_dags/example_nested_branch_dag.py
[2022-03-01 01:56:23,206] {logging_mixin.py:104} INFO - [2022-03-01 01:56:23,206] {dag.py:1818} INFO - Sync 1 DAGs
[2022-03-01 01:56:23,249] {logging_mixin.py:104} INFO - [2022-03-01 01:56:23,248] {dag.py:2273} INFO - Setting next_dagrun for example_nested_branch_dag to 2022-02-27 00:00:00+00:00
[2022-03-01 01:56:23,267] {scheduler_job.py:190} INFO - Processing /home/airflow/.local/lib/python3.6/site-packages/airflow/example_dags/example_nested_branch_dag.py took 0.158 seconds
[2022-03-01 01:56:54,101] {scheduler_job.py:182} INFO - Started process (PID=504) to work on /home/airflow/.local/lib/python3.6/site-packages/airflow/example_dags/example_nested_branch_dag.py
[2022-03-01 01:56:54,105] {scheduler_job.py:629} INFO - Processing file /home/airflow/.local/lib/python3.6/site-packages/airflow/example_dags/example_nested_branch_dag.py for tasks to queue
[2022-03-01 01:56:54,107] {logging_mixin.py:104} INFO - [2022-03-01 01:56:54,106] {dagbag.py:448} INFO - Filling up the DagBag from /home/airflow/.local/lib/python3.6/site-packages/airflow/example_dags/example_nested_branch_dag.py
[2022-03-01 01:56:54,127] {scheduler_job.py:639} INFO - DAG(s) dict_keys(['example_nested_branch_dag']) retrieved from /home/airflow/.local/lib/python3.6/site-packages/airflow/example_dags/example_nested_branch_dag.py
[2022-03-01 01:56:54,164] {logging_mixin.py:104} INFO - [2022-03-01 01:56:54,163] {dag.py:1818} INFO - Sync 1 DAGs
[2022-03-01 01:56:54,215] {logging_mixin.py:104} INFO - [2022-03-01 01:56:54,215] {dag.py:2273} INFO - Setting next_dagrun for example_nested_branch_dag to 2022-02-27 00:00:00+00:00
[2022-03-01 01:56:54,228] {scheduler_job.py:190} INFO - Processing /home/airflow/.local/lib/python3.6/site-packages/airflow/example_dags/example_nested_branch_dag.py took 0.133 seconds
[2022-03-01 01:57:24,667] {scheduler_job.py:182} INFO - Started process (PID=529) to work on /home/airflow/.local/lib/python3.6/site-packages/airflow/example_dags/example_nested_branch_dag.py
[2022-03-01 01:57:24,670] {scheduler_job.py:629} INFO - Processing file /home/airflow/.local/lib/python3.6/site-packages/airflow/example_dags/example_nested_branch_dag.py for tasks to queue
[2022-03-01 01:57:24,672] {logging_mixin.py:104} INFO - [2022-03-01 01:57:24,672] {dagbag.py:448} INFO - Filling up the DagBag from /home/airflow/.local/lib/python3.6/site-packages/airflow/example_dags/example_nested_branch_dag.py
[2022-03-01 01:57:24,693] {scheduler_job.py:639} INFO - DAG(s) dict_keys(['example_nested_branch_dag']) retrieved from /home/airflow/.local/lib/python3.6/site-packages/airflow/example_dags/example_nested_branch_dag.py
[2022-03-01 01:57:24,746] {logging_mixin.py:104} INFO - [2022-03-01 01:57:24,746] {dag.py:1818} INFO - Sync 1 DAGs
[2022-03-01 01:57:24,802] {logging_mixin.py:104} INFO - [2022-03-01 01:57:24,802] {dag.py:2273} INFO - Setting next_dagrun for example_nested_branch_dag to 2022-02-27 00:00:00+00:00
[2022-03-01 01:57:24,826] {scheduler_job.py:190} INFO - Processing /home/airflow/.local/lib/python3.6/site-packages/airflow/example_dags/example_nested_branch_dag.py took 0.166 seconds
[2022-03-01 01:57:55,576] {scheduler_job.py:182} INFO - Started process (PID=556) to work on /home/airflow/.local/lib/python3.6/site-packages/airflow/example_dags/example_nested_branch_dag.py
[2022-03-01 01:57:55,577] {scheduler_job.py:629} INFO - Processing file /home/airflow/.local/lib/python3.6/site-packages/airflow/example_dags/example_nested_branch_dag.py for tasks to queue
[2022-03-01 01:57:55,578] {logging_mixin.py:104} INFO - [2022-03-01 01:57:55,578] {dagbag.py:448} INFO - Filling up the DagBag from /home/airflow/.local/lib/python3.6/site-packages/airflow/example_dags/example_nested_branch_dag.py
[2022-03-01 01:57:55,598] {scheduler_job.py:639} INFO - DAG(s) dict_keys(['example_nested_branch_dag']) retrieved from /home/airflow/.local/lib/python3.6/site-packages/airflow/example_dags/example_nested_branch_dag.py
[2022-03-01 01:57:55,627] {logging_mixin.py:104} INFO - [2022-03-01 01:57:55,626] {dag.py:1818} INFO - Sync 1 DAGs
[2022-03-01 01:57:55,649] {logging_mixin.py:104} INFO - [2022-03-01 01:57:55,648] {dag.py:2273} INFO - Setting next_dagrun for example_nested_branch_dag to 2022-02-27 00:00:00+00:00
[2022-03-01 01:57:55,658] {scheduler_job.py:190} INFO - Processing /home/airflow/.local/lib/python3.6/site-packages/airflow/example_dags/example_nested_branch_dag.py took 0.087 seconds
[2022-03-01 01:58:26,218] {scheduler_job.py:182} INFO - Started process (PID=582) to work on /home/airflow/.local/lib/python3.6/site-packages/airflow/example_dags/example_nested_branch_dag.py
[2022-03-01 01:58:26,220] {scheduler_job.py:629} INFO - Processing file /home/airflow/.local/lib/python3.6/site-packages/airflow/example_dags/example_nested_branch_dag.py for tasks to queue
[2022-03-01 01:58:26,222] {logging_mixin.py:104} INFO - [2022-03-01 01:58:26,222] {dagbag.py:448} INFO - Filling up the DagBag from /home/airflow/.local/lib/python3.6/site-packages/airflow/example_dags/example_nested_branch_dag.py
[2022-03-01 01:58:26,243] {scheduler_job.py:639} INFO - DAG(s) dict_keys(['example_nested_branch_dag']) retrieved from /home/airflow/.local/lib/python3.6/site-packages/airflow/example_dags/example_nested_branch_dag.py
[2022-03-01 01:58:26,277] {logging_mixin.py:104} INFO - [2022-03-01 01:58:26,276] {dag.py:1818} INFO - Sync 1 DAGs
[2022-03-01 01:58:26,316] {logging_mixin.py:104} INFO - [2022-03-01 01:58:26,315] {dag.py:2273} INFO - Setting next_dagrun for example_nested_branch_dag to 2022-02-27 00:00:00+00:00
[2022-03-01 01:58:26,334] {scheduler_job.py:190} INFO - Processing /home/airflow/.local/lib/python3.6/site-packages/airflow/example_dags/example_nested_branch_dag.py took 0.120 seconds
[2022-03-01 01:58:56,429] {scheduler_job.py:182} INFO - Started process (PID=608) to work on /home/airflow/.local/lib/python3.6/site-packages/airflow/example_dags/example_nested_branch_dag.py
[2022-03-01 01:58:56,449] {scheduler_job.py:629} INFO - Processing file /home/airflow/.local/lib/python3.6/site-packages/airflow/example_dags/example_nested_branch_dag.py for tasks to queue
[2022-03-01 01:58:56,464] {logging_mixin.py:104} INFO - [2022-03-01 01:58:56,463] {dagbag.py:448} INFO - Filling up the DagBag from /home/airflow/.local/lib/python3.6/site-packages/airflow/example_dags/example_nested_branch_dag.py
[2022-03-01 01:58:56,508] {scheduler_job.py:639} INFO - DAG(s) dict_keys(['example_nested_branch_dag']) retrieved from /home/airflow/.local/lib/python3.6/site-packages/airflow/example_dags/example_nested_branch_dag.py
[2022-03-01 01:58:56,562] {logging_mixin.py:104} INFO - [2022-03-01 01:58:56,561] {dag.py:1818} INFO - Sync 1 DAGs
[2022-03-01 01:58:56,609] {logging_mixin.py:104} INFO - [2022-03-01 01:58:56,608] {dag.py:2273} INFO - Setting next_dagrun for example_nested_branch_dag to 2022-02-27 00:00:00+00:00
[2022-03-01 01:58:56,623] {scheduler_job.py:190} INFO - Processing /home/airflow/.local/lib/python3.6/site-packages/airflow/example_dags/example_nested_branch_dag.py took 0.200 seconds
[2022-03-01 01:59:27,505] {scheduler_job.py:182} INFO - Started process (PID=634) to work on /home/airflow/.local/lib/python3.6/site-packages/airflow/example_dags/example_nested_branch_dag.py
[2022-03-01 01:59:27,508] {scheduler_job.py:629} INFO - Processing file /home/airflow/.local/lib/python3.6/site-packages/airflow/example_dags/example_nested_branch_dag.py for tasks to queue
[2022-03-01 01:59:27,510] {logging_mixin.py:104} INFO - [2022-03-01 01:59:27,510] {dagbag.py:448} INFO - Filling up the DagBag from /home/airflow/.local/lib/python3.6/site-packages/airflow/example_dags/example_nested_branch_dag.py
[2022-03-01 01:59:27,537] {scheduler_job.py:639} INFO - DAG(s) dict_keys(['example_nested_branch_dag']) retrieved from /home/airflow/.local/lib/python3.6/site-packages/airflow/example_dags/example_nested_branch_dag.py
[2022-03-01 01:59:27,570] {logging_mixin.py:104} INFO - [2022-03-01 01:59:27,569] {dag.py:1818} INFO - Sync 1 DAGs
[2022-03-01 01:59:27,596] {logging_mixin.py:104} INFO - [2022-03-01 01:59:27,595] {dag.py:2273} INFO - Setting next_dagrun for example_nested_branch_dag to 2022-02-27 00:00:00+00:00
[2022-03-01 01:59:27,608] {scheduler_job.py:190} INFO - Processing /home/airflow/.local/lib/python3.6/site-packages/airflow/example_dags/example_nested_branch_dag.py took 0.107 seconds
[2022-03-01 01:59:58,134] {scheduler_job.py:182} INFO - Started process (PID=660) to work on /home/airflow/.local/lib/python3.6/site-packages/airflow/example_dags/example_nested_branch_dag.py
[2022-03-01 01:59:58,136] {scheduler_job.py:629} INFO - Processing file /home/airflow/.local/lib/python3.6/site-packages/airflow/example_dags/example_nested_branch_dag.py for tasks to queue
[2022-03-01 01:59:58,137] {logging_mixin.py:104} INFO - [2022-03-01 01:59:58,137] {dagbag.py:448} INFO - Filling up the DagBag from /home/airflow/.local/lib/python3.6/site-packages/airflow/example_dags/example_nested_branch_dag.py
[2022-03-01 01:59:58,159] {scheduler_job.py:639} INFO - DAG(s) dict_keys(['example_nested_branch_dag']) retrieved from /home/airflow/.local/lib/python3.6/site-packages/airflow/example_dags/example_nested_branch_dag.py
[2022-03-01 01:59:58,185] {logging_mixin.py:104} INFO - [2022-03-01 01:59:58,184] {dag.py:1818} INFO - Sync 1 DAGs
[2022-03-01 01:59:58,211] {logging_mixin.py:104} INFO - [2022-03-01 01:59:58,211] {dag.py:2273} INFO - Setting next_dagrun for example_nested_branch_dag to 2022-02-27 00:00:00+00:00
[2022-03-01 01:59:58,223] {scheduler_job.py:190} INFO - Processing /home/airflow/.local/lib/python3.6/site-packages/airflow/example_dags/example_nested_branch_dag.py took 0.093 seconds
[2022-03-01 02:00:28,727] {scheduler_job.py:182} INFO - Started process (PID=686) to work on /home/airflow/.local/lib/python3.6/site-packages/airflow/example_dags/example_nested_branch_dag.py
[2022-03-01 02:00:28,730] {scheduler_job.py:629} INFO - Processing file /home/airflow/.local/lib/python3.6/site-packages/airflow/example_dags/example_nested_branch_dag.py for tasks to queue
[2022-03-01 02:00:28,731] {logging_mixin.py:104} INFO - [2022-03-01 02:00:28,731] {dagbag.py:448} INFO - Filling up the DagBag from /home/airflow/.local/lib/python3.6/site-packages/airflow/example_dags/example_nested_branch_dag.py
[2022-03-01 02:00:28,753] {scheduler_job.py:639} INFO - DAG(s) dict_keys(['example_nested_branch_dag']) retrieved from /home/airflow/.local/lib/python3.6/site-packages/airflow/example_dags/example_nested_branch_dag.py
[2022-03-01 02:00:28,778] {logging_mixin.py:104} INFO - [2022-03-01 02:00:28,778] {dag.py:1818} INFO - Sync 1 DAGs
[2022-03-01 02:00:28,800] {logging_mixin.py:104} INFO - [2022-03-01 02:00:28,799] {dag.py:2273} INFO - Setting next_dagrun for example_nested_branch_dag to 2022-02-27 00:00:00+00:00
[2022-03-01 02:00:28,813] {scheduler_job.py:190} INFO - Processing /home/airflow/.local/lib/python3.6/site-packages/airflow/example_dags/example_nested_branch_dag.py took 0.091 seconds
[2022-03-01 02:00:59,348] {scheduler_job.py:182} INFO - Started process (PID=712) to work on /home/airflow/.local/lib/python3.6/site-packages/airflow/example_dags/example_nested_branch_dag.py
[2022-03-01 02:00:59,350] {scheduler_job.py:629} INFO - Processing file /home/airflow/.local/lib/python3.6/site-packages/airflow/example_dags/example_nested_branch_dag.py for tasks to queue
[2022-03-01 02:00:59,352] {logging_mixin.py:104} INFO - [2022-03-01 02:00:59,352] {dagbag.py:448} INFO - Filling up the DagBag from /home/airflow/.local/lib/python3.6/site-packages/airflow/example_dags/example_nested_branch_dag.py
[2022-03-01 02:00:59,374] {scheduler_job.py:639} INFO - DAG(s) dict_keys(['example_nested_branch_dag']) retrieved from /home/airflow/.local/lib/python3.6/site-packages/airflow/example_dags/example_nested_branch_dag.py
[2022-03-01 02:00:59,399] {logging_mixin.py:104} INFO - [2022-03-01 02:00:59,399] {dag.py:1818} INFO - Sync 1 DAGs
[2022-03-01 02:00:59,422] {logging_mixin.py:104} INFO - [2022-03-01 02:00:59,421] {dag.py:2273} INFO - Setting next_dagrun for example_nested_branch_dag to 2022-02-27 00:00:00+00:00
[2022-03-01 02:00:59,432] {scheduler_job.py:190} INFO - Processing /home/airflow/.local/lib/python3.6/site-packages/airflow/example_dags/example_nested_branch_dag.py took 0.088 seconds
[2022-03-01 02:01:29,841] {scheduler_job.py:182} INFO - Started process (PID=738) to work on /home/airflow/.local/lib/python3.6/site-packages/airflow/example_dags/example_nested_branch_dag.py
[2022-03-01 02:01:29,843] {scheduler_job.py:629} INFO - Processing file /home/airflow/.local/lib/python3.6/site-packages/airflow/example_dags/example_nested_branch_dag.py for tasks to queue
[2022-03-01 02:01:29,844] {logging_mixin.py:104} INFO - [2022-03-01 02:01:29,844] {dagbag.py:448} INFO - Filling up the DagBag from /home/airflow/.local/lib/python3.6/site-packages/airflow/example_dags/example_nested_branch_dag.py
[2022-03-01 02:01:29,860] {scheduler_job.py:639} INFO - DAG(s) dict_keys(['example_nested_branch_dag']) retrieved from /home/airflow/.local/lib/python3.6/site-packages/airflow/example_dags/example_nested_branch_dag.py
[2022-03-01 02:01:29,881] {logging_mixin.py:104} INFO - [2022-03-01 02:01:29,881] {dag.py:1818} INFO - Sync 1 DAGs
[2022-03-01 02:01:29,901] {logging_mixin.py:104} INFO - [2022-03-01 02:01:29,901] {dag.py:2273} INFO - Setting next_dagrun for example_nested_branch_dag to 2022-02-27 00:00:00+00:00
[2022-03-01 02:01:29,910] {scheduler_job.py:190} INFO - Processing /home/airflow/.local/lib/python3.6/site-packages/airflow/example_dags/example_nested_branch_dag.py took 0.073 seconds
[2022-03-01 02:02:00,373] {scheduler_job.py:182} INFO - Started process (PID=764) to work on /home/airflow/.local/lib/python3.6/site-packages/airflow/example_dags/example_nested_branch_dag.py
[2022-03-01 02:02:00,376] {scheduler_job.py:629} INFO - Processing file /home/airflow/.local/lib/python3.6/site-packages/airflow/example_dags/example_nested_branch_dag.py for tasks to queue
[2022-03-01 02:02:00,377] {logging_mixin.py:104} INFO - [2022-03-01 02:02:00,377] {dagbag.py:448} INFO - Filling up the DagBag from /home/airflow/.local/lib/python3.6/site-packages/airflow/example_dags/example_nested_branch_dag.py
[2022-03-01 02:02:00,403] {scheduler_job.py:639} INFO - DAG(s) dict_keys(['example_nested_branch_dag']) retrieved from /home/airflow/.local/lib/python3.6/site-packages/airflow/example_dags/example_nested_branch_dag.py
[2022-03-01 02:02:00,428] {logging_mixin.py:104} INFO - [2022-03-01 02:02:00,428] {dag.py:1818} INFO - Sync 1 DAGs
[2022-03-01 02:02:00,457] {logging_mixin.py:104} INFO - [2022-03-01 02:02:00,457] {dag.py:2273} INFO - Setting next_dagrun for example_nested_branch_dag to 2022-02-27 00:00:00+00:00
[2022-03-01 02:02:00,467] {scheduler_job.py:190} INFO - Processing /home/airflow/.local/lib/python3.6/site-packages/airflow/example_dags/example_nested_branch_dag.py took 0.098 seconds
