[2022-03-01 01:48:10,336] {scheduler_job.py:182} INFO - Started process (PID=30) to work on /home/airflow/.local/lib/python3.6/site-packages/airflow/example_dags/example_complex.py
[2022-03-01 01:48:10,338] {scheduler_job.py:629} INFO - Processing file /home/airflow/.local/lib/python3.6/site-packages/airflow/example_dags/example_complex.py for tasks to queue
[2022-03-01 01:48:10,340] {logging_mixin.py:104} INFO - [2022-03-01 01:48:10,340] {dagbag.py:448} INFO - Filling up the DagBag from /home/airflow/.local/lib/python3.6/site-packages/airflow/example_dags/example_complex.py
[2022-03-01 01:48:10,366] {scheduler_job.py:639} INFO - DAG(s) dict_keys(['example_complex']) retrieved from /home/airflow/.local/lib/python3.6/site-packages/airflow/example_dags/example_complex.py
[2022-03-01 01:48:10,399] {logging_mixin.py:104} INFO - [2022-03-01 01:48:10,398] {dag.py:1818} INFO - Sync 1 DAGs
[2022-03-01 01:48:10,414] {logging_mixin.py:104} INFO - [2022-03-01 01:48:10,414] {dag.py:1837} INFO - Creating ORM DAG for example_complex
[2022-03-01 01:48:10,423] {logging_mixin.py:104} INFO - [2022-03-01 01:48:10,423] {dag.py:2273} INFO - Setting next_dagrun for example_complex to None
[2022-03-01 01:48:10,453] {scheduler_job.py:190} INFO - Processing /home/airflow/.local/lib/python3.6/site-packages/airflow/example_dags/example_complex.py took 0.122 seconds
[2022-03-01 01:48:41,155] {scheduler_job.py:182} INFO - Started process (PID=55) to work on /home/airflow/.local/lib/python3.6/site-packages/airflow/example_dags/example_complex.py
[2022-03-01 01:48:41,159] {scheduler_job.py:629} INFO - Processing file /home/airflow/.local/lib/python3.6/site-packages/airflow/example_dags/example_complex.py for tasks to queue
[2022-03-01 01:48:41,160] {logging_mixin.py:104} INFO - [2022-03-01 01:48:41,160] {dagbag.py:448} INFO - Filling up the DagBag from /home/airflow/.local/lib/python3.6/site-packages/airflow/example_dags/example_complex.py
[2022-03-01 01:48:41,184] {scheduler_job.py:639} INFO - DAG(s) dict_keys(['example_complex']) retrieved from /home/airflow/.local/lib/python3.6/site-packages/airflow/example_dags/example_complex.py
[2022-03-01 01:48:41,209] {logging_mixin.py:104} INFO - [2022-03-01 01:48:41,209] {dag.py:1818} INFO - Sync 1 DAGs
[2022-03-01 01:48:41,223] {logging_mixin.py:104} INFO - [2022-03-01 01:48:41,223] {dag.py:2273} INFO - Setting next_dagrun for example_complex to None
[2022-03-01 01:48:41,232] {scheduler_job.py:190} INFO - Processing /home/airflow/.local/lib/python3.6/site-packages/airflow/example_dags/example_complex.py took 0.082 seconds
[2022-03-01 01:49:11,809] {scheduler_job.py:182} INFO - Started process (PID=81) to work on /home/airflow/.local/lib/python3.6/site-packages/airflow/example_dags/example_complex.py
[2022-03-01 01:49:11,811] {scheduler_job.py:629} INFO - Processing file /home/airflow/.local/lib/python3.6/site-packages/airflow/example_dags/example_complex.py for tasks to queue
[2022-03-01 01:49:11,813] {logging_mixin.py:104} INFO - [2022-03-01 01:49:11,812] {dagbag.py:448} INFO - Filling up the DagBag from /home/airflow/.local/lib/python3.6/site-packages/airflow/example_dags/example_complex.py
[2022-03-01 01:49:11,832] {scheduler_job.py:639} INFO - DAG(s) dict_keys(['example_complex']) retrieved from /home/airflow/.local/lib/python3.6/site-packages/airflow/example_dags/example_complex.py
[2022-03-01 01:49:11,859] {logging_mixin.py:104} INFO - [2022-03-01 01:49:11,859] {dag.py:1818} INFO - Sync 1 DAGs
[2022-03-01 01:49:11,875] {logging_mixin.py:104} INFO - [2022-03-01 01:49:11,875] {dag.py:2273} INFO - Setting next_dagrun for example_complex to None
[2022-03-01 01:49:11,886] {scheduler_job.py:190} INFO - Processing /home/airflow/.local/lib/python3.6/site-packages/airflow/example_dags/example_complex.py took 0.080 seconds
[2022-03-01 01:49:42,336] {scheduler_job.py:182} INFO - Started process (PID=107) to work on /home/airflow/.local/lib/python3.6/site-packages/airflow/example_dags/example_complex.py
[2022-03-01 01:49:42,338] {scheduler_job.py:629} INFO - Processing file /home/airflow/.local/lib/python3.6/site-packages/airflow/example_dags/example_complex.py for tasks to queue
[2022-03-01 01:49:42,339] {logging_mixin.py:104} INFO - [2022-03-01 01:49:42,339] {dagbag.py:448} INFO - Filling up the DagBag from /home/airflow/.local/lib/python3.6/site-packages/airflow/example_dags/example_complex.py
[2022-03-01 01:49:42,360] {scheduler_job.py:639} INFO - DAG(s) dict_keys(['example_complex']) retrieved from /home/airflow/.local/lib/python3.6/site-packages/airflow/example_dags/example_complex.py
[2022-03-01 01:49:42,386] {logging_mixin.py:104} INFO - [2022-03-01 01:49:42,386] {dag.py:1818} INFO - Sync 1 DAGs
[2022-03-01 01:49:42,402] {logging_mixin.py:104} INFO - [2022-03-01 01:49:42,402] {dag.py:2273} INFO - Setting next_dagrun for example_complex to None
[2022-03-01 01:49:42,411] {scheduler_job.py:190} INFO - Processing /home/airflow/.local/lib/python3.6/site-packages/airflow/example_dags/example_complex.py took 0.079 seconds
[2022-03-01 01:50:13,572] {scheduler_job.py:182} INFO - Started process (PID=159) to work on /home/airflow/.local/lib/python3.6/site-packages/airflow/example_dags/example_complex.py
[2022-03-01 01:50:13,574] {scheduler_job.py:629} INFO - Processing file /home/airflow/.local/lib/python3.6/site-packages/airflow/example_dags/example_complex.py for tasks to queue
[2022-03-01 01:50:13,577] {logging_mixin.py:104} INFO - [2022-03-01 01:50:13,577] {dagbag.py:448} INFO - Filling up the DagBag from /home/airflow/.local/lib/python3.6/site-packages/airflow/example_dags/example_complex.py
[2022-03-01 01:50:13,619] {scheduler_job.py:639} INFO - DAG(s) dict_keys(['example_complex']) retrieved from /home/airflow/.local/lib/python3.6/site-packages/airflow/example_dags/example_complex.py
[2022-03-01 01:50:13,683] {logging_mixin.py:104} INFO - [2022-03-01 01:50:13,683] {dag.py:1818} INFO - Sync 1 DAGs
[2022-03-01 01:50:13,705] {logging_mixin.py:104} INFO - [2022-03-01 01:50:13,705] {dag.py:2273} INFO - Setting next_dagrun for example_complex to None
[2022-03-01 01:50:13,717] {scheduler_job.py:190} INFO - Processing /home/airflow/.local/lib/python3.6/site-packages/airflow/example_dags/example_complex.py took 0.151 seconds
[2022-03-01 01:50:44,586] {scheduler_job.py:182} INFO - Started process (PID=185) to work on /home/airflow/.local/lib/python3.6/site-packages/airflow/example_dags/example_complex.py
[2022-03-01 01:50:44,589] {scheduler_job.py:629} INFO - Processing file /home/airflow/.local/lib/python3.6/site-packages/airflow/example_dags/example_complex.py for tasks to queue
[2022-03-01 01:50:44,591] {logging_mixin.py:104} INFO - [2022-03-01 01:50:44,591] {dagbag.py:448} INFO - Filling up the DagBag from /home/airflow/.local/lib/python3.6/site-packages/airflow/example_dags/example_complex.py
[2022-03-01 01:50:44,613] {scheduler_job.py:639} INFO - DAG(s) dict_keys(['example_complex']) retrieved from /home/airflow/.local/lib/python3.6/site-packages/airflow/example_dags/example_complex.py
[2022-03-01 01:50:44,642] {logging_mixin.py:104} INFO - [2022-03-01 01:50:44,642] {dag.py:1818} INFO - Sync 1 DAGs
[2022-03-01 01:50:44,659] {logging_mixin.py:104} INFO - [2022-03-01 01:50:44,659] {dag.py:2273} INFO - Setting next_dagrun for example_complex to None
[2022-03-01 01:50:44,670] {scheduler_job.py:190} INFO - Processing /home/airflow/.local/lib/python3.6/site-packages/airflow/example_dags/example_complex.py took 0.088 seconds
[2022-03-01 01:51:15,386] {scheduler_job.py:182} INFO - Started process (PID=211) to work on /home/airflow/.local/lib/python3.6/site-packages/airflow/example_dags/example_complex.py
[2022-03-01 01:51:15,389] {scheduler_job.py:629} INFO - Processing file /home/airflow/.local/lib/python3.6/site-packages/airflow/example_dags/example_complex.py for tasks to queue
[2022-03-01 01:51:15,390] {logging_mixin.py:104} INFO - [2022-03-01 01:51:15,390] {dagbag.py:448} INFO - Filling up the DagBag from /home/airflow/.local/lib/python3.6/site-packages/airflow/example_dags/example_complex.py
[2022-03-01 01:51:15,416] {scheduler_job.py:639} INFO - DAG(s) dict_keys(['example_complex']) retrieved from /home/airflow/.local/lib/python3.6/site-packages/airflow/example_dags/example_complex.py
[2022-03-01 01:51:15,451] {logging_mixin.py:104} INFO - [2022-03-01 01:51:15,451] {dag.py:1818} INFO - Sync 1 DAGs
[2022-03-01 01:51:15,470] {logging_mixin.py:104} INFO - [2022-03-01 01:51:15,470] {dag.py:2273} INFO - Setting next_dagrun for example_complex to None
[2022-03-01 01:51:15,483] {scheduler_job.py:190} INFO - Processing /home/airflow/.local/lib/python3.6/site-packages/airflow/example_dags/example_complex.py took 0.101 seconds
[2022-03-01 01:51:46,026] {scheduler_job.py:182} INFO - Started process (PID=237) to work on /home/airflow/.local/lib/python3.6/site-packages/airflow/example_dags/example_complex.py
[2022-03-01 01:51:46,028] {scheduler_job.py:629} INFO - Processing file /home/airflow/.local/lib/python3.6/site-packages/airflow/example_dags/example_complex.py for tasks to queue
[2022-03-01 01:51:46,030] {logging_mixin.py:104} INFO - [2022-03-01 01:51:46,030] {dagbag.py:448} INFO - Filling up the DagBag from /home/airflow/.local/lib/python3.6/site-packages/airflow/example_dags/example_complex.py
[2022-03-01 01:51:46,057] {scheduler_job.py:639} INFO - DAG(s) dict_keys(['example_complex']) retrieved from /home/airflow/.local/lib/python3.6/site-packages/airflow/example_dags/example_complex.py
[2022-03-01 01:51:46,090] {logging_mixin.py:104} INFO - [2022-03-01 01:51:46,090] {dag.py:1818} INFO - Sync 1 DAGs
[2022-03-01 01:51:46,108] {logging_mixin.py:104} INFO - [2022-03-01 01:51:46,108] {dag.py:2273} INFO - Setting next_dagrun for example_complex to None
[2022-03-01 01:51:46,119] {scheduler_job.py:190} INFO - Processing /home/airflow/.local/lib/python3.6/site-packages/airflow/example_dags/example_complex.py took 0.098 seconds
[2022-03-01 01:52:16,724] {scheduler_job.py:182} INFO - Started process (PID=263) to work on /home/airflow/.local/lib/python3.6/site-packages/airflow/example_dags/example_complex.py
[2022-03-01 01:52:16,726] {scheduler_job.py:629} INFO - Processing file /home/airflow/.local/lib/python3.6/site-packages/airflow/example_dags/example_complex.py for tasks to queue
[2022-03-01 01:52:16,728] {logging_mixin.py:104} INFO - [2022-03-01 01:52:16,728] {dagbag.py:448} INFO - Filling up the DagBag from /home/airflow/.local/lib/python3.6/site-packages/airflow/example_dags/example_complex.py
[2022-03-01 01:52:16,751] {scheduler_job.py:639} INFO - DAG(s) dict_keys(['example_complex']) retrieved from /home/airflow/.local/lib/python3.6/site-packages/airflow/example_dags/example_complex.py
[2022-03-01 01:52:16,785] {logging_mixin.py:104} INFO - [2022-03-01 01:52:16,785] {dag.py:1818} INFO - Sync 1 DAGs
[2022-03-01 01:52:16,802] {logging_mixin.py:104} INFO - [2022-03-01 01:52:16,802] {dag.py:2273} INFO - Setting next_dagrun for example_complex to None
[2022-03-01 01:52:16,815] {scheduler_job.py:190} INFO - Processing /home/airflow/.local/lib/python3.6/site-packages/airflow/example_dags/example_complex.py took 0.096 seconds
[2022-03-01 01:52:47,377] {scheduler_job.py:182} INFO - Started process (PID=289) to work on /home/airflow/.local/lib/python3.6/site-packages/airflow/example_dags/example_complex.py
[2022-03-01 01:52:47,379] {scheduler_job.py:629} INFO - Processing file /home/airflow/.local/lib/python3.6/site-packages/airflow/example_dags/example_complex.py for tasks to queue
[2022-03-01 01:52:47,381] {logging_mixin.py:104} INFO - [2022-03-01 01:52:47,381] {dagbag.py:448} INFO - Filling up the DagBag from /home/airflow/.local/lib/python3.6/site-packages/airflow/example_dags/example_complex.py
[2022-03-01 01:52:47,417] {scheduler_job.py:639} INFO - DAG(s) dict_keys(['example_complex']) retrieved from /home/airflow/.local/lib/python3.6/site-packages/airflow/example_dags/example_complex.py
[2022-03-01 01:52:47,460] {logging_mixin.py:104} INFO - [2022-03-01 01:52:47,460] {dag.py:1818} INFO - Sync 1 DAGs
[2022-03-01 01:52:47,489] {logging_mixin.py:104} INFO - [2022-03-01 01:52:47,489] {dag.py:2273} INFO - Setting next_dagrun for example_complex to None
[2022-03-01 01:52:47,509] {scheduler_job.py:190} INFO - Processing /home/airflow/.local/lib/python3.6/site-packages/airflow/example_dags/example_complex.py took 0.137 seconds
[2022-03-01 01:53:17,561] {scheduler_job.py:182} INFO - Started process (PID=315) to work on /home/airflow/.local/lib/python3.6/site-packages/airflow/example_dags/example_complex.py
[2022-03-01 01:53:17,563] {scheduler_job.py:629} INFO - Processing file /home/airflow/.local/lib/python3.6/site-packages/airflow/example_dags/example_complex.py for tasks to queue
[2022-03-01 01:53:17,564] {logging_mixin.py:104} INFO - [2022-03-01 01:53:17,564] {dagbag.py:448} INFO - Filling up the DagBag from /home/airflow/.local/lib/python3.6/site-packages/airflow/example_dags/example_complex.py
[2022-03-01 01:53:17,589] {scheduler_job.py:639} INFO - DAG(s) dict_keys(['example_complex']) retrieved from /home/airflow/.local/lib/python3.6/site-packages/airflow/example_dags/example_complex.py
[2022-03-01 01:53:17,622] {logging_mixin.py:104} INFO - [2022-03-01 01:53:17,622] {dag.py:1818} INFO - Sync 1 DAGs
[2022-03-01 01:53:17,645] {logging_mixin.py:104} INFO - [2022-03-01 01:53:17,645] {dag.py:2273} INFO - Setting next_dagrun for example_complex to None
[2022-03-01 01:53:17,658] {scheduler_job.py:190} INFO - Processing /home/airflow/.local/lib/python3.6/site-packages/airflow/example_dags/example_complex.py took 0.102 seconds
[2022-03-01 01:53:48,498] {scheduler_job.py:182} INFO - Started process (PID=341) to work on /home/airflow/.local/lib/python3.6/site-packages/airflow/example_dags/example_complex.py
[2022-03-01 01:53:48,500] {scheduler_job.py:629} INFO - Processing file /home/airflow/.local/lib/python3.6/site-packages/airflow/example_dags/example_complex.py for tasks to queue
[2022-03-01 01:53:48,502] {logging_mixin.py:104} INFO - [2022-03-01 01:53:48,502] {dagbag.py:448} INFO - Filling up the DagBag from /home/airflow/.local/lib/python3.6/site-packages/airflow/example_dags/example_complex.py
[2022-03-01 01:53:48,522] {scheduler_job.py:639} INFO - DAG(s) dict_keys(['example_complex']) retrieved from /home/airflow/.local/lib/python3.6/site-packages/airflow/example_dags/example_complex.py
[2022-03-01 01:53:48,552] {logging_mixin.py:104} INFO - [2022-03-01 01:53:48,552] {dag.py:1818} INFO - Sync 1 DAGs
[2022-03-01 01:53:48,570] {logging_mixin.py:104} INFO - [2022-03-01 01:53:48,570] {dag.py:2273} INFO - Setting next_dagrun for example_complex to None
[2022-03-01 01:53:48,581] {scheduler_job.py:190} INFO - Processing /home/airflow/.local/lib/python3.6/site-packages/airflow/example_dags/example_complex.py took 0.087 seconds
[2022-03-01 01:54:19,087] {scheduler_job.py:182} INFO - Started process (PID=367) to work on /home/airflow/.local/lib/python3.6/site-packages/airflow/example_dags/example_complex.py
[2022-03-01 01:54:19,089] {scheduler_job.py:629} INFO - Processing file /home/airflow/.local/lib/python3.6/site-packages/airflow/example_dags/example_complex.py for tasks to queue
[2022-03-01 01:54:19,091] {logging_mixin.py:104} INFO - [2022-03-01 01:54:19,091] {dagbag.py:448} INFO - Filling up the DagBag from /home/airflow/.local/lib/python3.6/site-packages/airflow/example_dags/example_complex.py
[2022-03-01 01:54:19,112] {scheduler_job.py:639} INFO - DAG(s) dict_keys(['example_complex']) retrieved from /home/airflow/.local/lib/python3.6/site-packages/airflow/example_dags/example_complex.py
[2022-03-01 01:54:19,141] {logging_mixin.py:104} INFO - [2022-03-01 01:54:19,141] {dag.py:1818} INFO - Sync 1 DAGs
[2022-03-01 01:54:19,167] {logging_mixin.py:104} INFO - [2022-03-01 01:54:19,167] {dag.py:2273} INFO - Setting next_dagrun for example_complex to None
[2022-03-01 01:54:19,179] {scheduler_job.py:190} INFO - Processing /home/airflow/.local/lib/python3.6/site-packages/airflow/example_dags/example_complex.py took 0.096 seconds
[2022-03-01 01:54:49,735] {scheduler_job.py:182} INFO - Started process (PID=393) to work on /home/airflow/.local/lib/python3.6/site-packages/airflow/example_dags/example_complex.py
[2022-03-01 01:54:49,738] {scheduler_job.py:629} INFO - Processing file /home/airflow/.local/lib/python3.6/site-packages/airflow/example_dags/example_complex.py for tasks to queue
[2022-03-01 01:54:49,739] {logging_mixin.py:104} INFO - [2022-03-01 01:54:49,739] {dagbag.py:448} INFO - Filling up the DagBag from /home/airflow/.local/lib/python3.6/site-packages/airflow/example_dags/example_complex.py
[2022-03-01 01:54:49,763] {scheduler_job.py:639} INFO - DAG(s) dict_keys(['example_complex']) retrieved from /home/airflow/.local/lib/python3.6/site-packages/airflow/example_dags/example_complex.py
[2022-03-01 01:54:49,797] {logging_mixin.py:104} INFO - [2022-03-01 01:54:49,797] {dag.py:1818} INFO - Sync 1 DAGs
[2022-03-01 01:54:49,819] {logging_mixin.py:104} INFO - [2022-03-01 01:54:49,819] {dag.py:2273} INFO - Setting next_dagrun for example_complex to None
[2022-03-01 01:54:49,832] {scheduler_job.py:190} INFO - Processing /home/airflow/.local/lib/python3.6/site-packages/airflow/example_dags/example_complex.py took 0.101 seconds
[2022-03-01 01:55:20,605] {scheduler_job.py:182} INFO - Started process (PID=419) to work on /home/airflow/.local/lib/python3.6/site-packages/airflow/example_dags/example_complex.py
[2022-03-01 01:55:20,608] {scheduler_job.py:629} INFO - Processing file /home/airflow/.local/lib/python3.6/site-packages/airflow/example_dags/example_complex.py for tasks to queue
[2022-03-01 01:55:20,609] {logging_mixin.py:104} INFO - [2022-03-01 01:55:20,609] {dagbag.py:448} INFO - Filling up the DagBag from /home/airflow/.local/lib/python3.6/site-packages/airflow/example_dags/example_complex.py
[2022-03-01 01:55:20,633] {scheduler_job.py:639} INFO - DAG(s) dict_keys(['example_complex']) retrieved from /home/airflow/.local/lib/python3.6/site-packages/airflow/example_dags/example_complex.py
[2022-03-01 01:55:20,675] {logging_mixin.py:104} INFO - [2022-03-01 01:55:20,675] {dag.py:1818} INFO - Sync 1 DAGs
[2022-03-01 01:55:20,692] {logging_mixin.py:104} INFO - [2022-03-01 01:55:20,692] {dag.py:2273} INFO - Setting next_dagrun for example_complex to None
[2022-03-01 01:55:20,702] {scheduler_job.py:190} INFO - Processing /home/airflow/.local/lib/python3.6/site-packages/airflow/example_dags/example_complex.py took 0.101 seconds
[2022-03-01 01:55:51,569] {scheduler_job.py:182} INFO - Started process (PID=445) to work on /home/airflow/.local/lib/python3.6/site-packages/airflow/example_dags/example_complex.py
[2022-03-01 01:55:51,571] {scheduler_job.py:629} INFO - Processing file /home/airflow/.local/lib/python3.6/site-packages/airflow/example_dags/example_complex.py for tasks to queue
[2022-03-01 01:55:51,573] {logging_mixin.py:104} INFO - [2022-03-01 01:55:51,573] {dagbag.py:448} INFO - Filling up the DagBag from /home/airflow/.local/lib/python3.6/site-packages/airflow/example_dags/example_complex.py
[2022-03-01 01:55:51,601] {scheduler_job.py:639} INFO - DAG(s) dict_keys(['example_complex']) retrieved from /home/airflow/.local/lib/python3.6/site-packages/airflow/example_dags/example_complex.py
[2022-03-01 01:55:51,642] {logging_mixin.py:104} INFO - [2022-03-01 01:55:51,641] {dag.py:1818} INFO - Sync 1 DAGs
[2022-03-01 01:55:51,658] {logging_mixin.py:104} INFO - [2022-03-01 01:55:51,658] {dag.py:2273} INFO - Setting next_dagrun for example_complex to None
[2022-03-01 01:55:51,669] {scheduler_job.py:190} INFO - Processing /home/airflow/.local/lib/python3.6/site-packages/airflow/example_dags/example_complex.py took 0.105 seconds
[2022-03-01 01:56:22,387] {scheduler_job.py:182} INFO - Started process (PID=471) to work on /home/airflow/.local/lib/python3.6/site-packages/airflow/example_dags/example_complex.py
[2022-03-01 01:56:22,389] {scheduler_job.py:629} INFO - Processing file /home/airflow/.local/lib/python3.6/site-packages/airflow/example_dags/example_complex.py for tasks to queue
[2022-03-01 01:56:22,391] {logging_mixin.py:104} INFO - [2022-03-01 01:56:22,390] {dagbag.py:448} INFO - Filling up the DagBag from /home/airflow/.local/lib/python3.6/site-packages/airflow/example_dags/example_complex.py
[2022-03-01 01:56:22,413] {scheduler_job.py:639} INFO - DAG(s) dict_keys(['example_complex']) retrieved from /home/airflow/.local/lib/python3.6/site-packages/airflow/example_dags/example_complex.py
[2022-03-01 01:56:22,451] {logging_mixin.py:104} INFO - [2022-03-01 01:56:22,451] {dag.py:1818} INFO - Sync 1 DAGs
[2022-03-01 01:56:22,475] {logging_mixin.py:104} INFO - [2022-03-01 01:56:22,475] {dag.py:2273} INFO - Setting next_dagrun for example_complex to None
[2022-03-01 01:56:22,488] {scheduler_job.py:190} INFO - Processing /home/airflow/.local/lib/python3.6/site-packages/airflow/example_dags/example_complex.py took 0.105 seconds
[2022-03-01 01:56:52,733] {scheduler_job.py:182} INFO - Started process (PID=497) to work on /home/airflow/.local/lib/python3.6/site-packages/airflow/example_dags/example_complex.py
[2022-03-01 01:56:52,735] {scheduler_job.py:629} INFO - Processing file /home/airflow/.local/lib/python3.6/site-packages/airflow/example_dags/example_complex.py for tasks to queue
[2022-03-01 01:56:52,736] {logging_mixin.py:104} INFO - [2022-03-01 01:56:52,736] {dagbag.py:448} INFO - Filling up the DagBag from /home/airflow/.local/lib/python3.6/site-packages/airflow/example_dags/example_complex.py
[2022-03-01 01:56:52,759] {scheduler_job.py:639} INFO - DAG(s) dict_keys(['example_complex']) retrieved from /home/airflow/.local/lib/python3.6/site-packages/airflow/example_dags/example_complex.py
[2022-03-01 01:56:52,794] {logging_mixin.py:104} INFO - [2022-03-01 01:56:52,794] {dag.py:1818} INFO - Sync 1 DAGs
[2022-03-01 01:56:52,812] {logging_mixin.py:104} INFO - [2022-03-01 01:56:52,812] {dag.py:2273} INFO - Setting next_dagrun for example_complex to None
[2022-03-01 01:56:52,823] {scheduler_job.py:190} INFO - Processing /home/airflow/.local/lib/python3.6/site-packages/airflow/example_dags/example_complex.py took 0.095 seconds
[2022-03-01 01:57:23,327] {scheduler_job.py:182} INFO - Started process (PID=523) to work on /home/airflow/.local/lib/python3.6/site-packages/airflow/example_dags/example_complex.py
[2022-03-01 01:57:23,329] {scheduler_job.py:629} INFO - Processing file /home/airflow/.local/lib/python3.6/site-packages/airflow/example_dags/example_complex.py for tasks to queue
[2022-03-01 01:57:23,330] {logging_mixin.py:104} INFO - [2022-03-01 01:57:23,330] {dagbag.py:448} INFO - Filling up the DagBag from /home/airflow/.local/lib/python3.6/site-packages/airflow/example_dags/example_complex.py
[2022-03-01 01:57:23,352] {scheduler_job.py:639} INFO - DAG(s) dict_keys(['example_complex']) retrieved from /home/airflow/.local/lib/python3.6/site-packages/airflow/example_dags/example_complex.py
[2022-03-01 01:57:23,384] {logging_mixin.py:104} INFO - [2022-03-01 01:57:23,384] {dag.py:1818} INFO - Sync 1 DAGs
[2022-03-01 01:57:23,401] {logging_mixin.py:104} INFO - [2022-03-01 01:57:23,401] {dag.py:2273} INFO - Setting next_dagrun for example_complex to None
[2022-03-01 01:57:23,412] {scheduler_job.py:190} INFO - Processing /home/airflow/.local/lib/python3.6/site-packages/airflow/example_dags/example_complex.py took 0.090 seconds
[2022-03-01 01:57:54,187] {scheduler_job.py:182} INFO - Started process (PID=549) to work on /home/airflow/.local/lib/python3.6/site-packages/airflow/example_dags/example_complex.py
[2022-03-01 01:57:54,189] {scheduler_job.py:629} INFO - Processing file /home/airflow/.local/lib/python3.6/site-packages/airflow/example_dags/example_complex.py for tasks to queue
[2022-03-01 01:57:54,190] {logging_mixin.py:104} INFO - [2022-03-01 01:57:54,190] {dagbag.py:448} INFO - Filling up the DagBag from /home/airflow/.local/lib/python3.6/site-packages/airflow/example_dags/example_complex.py
[2022-03-01 01:57:54,210] {scheduler_job.py:639} INFO - DAG(s) dict_keys(['example_complex']) retrieved from /home/airflow/.local/lib/python3.6/site-packages/airflow/example_dags/example_complex.py
[2022-03-01 01:57:54,239] {logging_mixin.py:104} INFO - [2022-03-01 01:57:54,239] {dag.py:1818} INFO - Sync 1 DAGs
[2022-03-01 01:57:54,254] {logging_mixin.py:104} INFO - [2022-03-01 01:57:54,254] {dag.py:2273} INFO - Setting next_dagrun for example_complex to None
[2022-03-01 01:57:54,264] {scheduler_job.py:190} INFO - Processing /home/airflow/.local/lib/python3.6/site-packages/airflow/example_dags/example_complex.py took 0.081 seconds
[2022-03-01 01:58:24,760] {scheduler_job.py:182} INFO - Started process (PID=575) to work on /home/airflow/.local/lib/python3.6/site-packages/airflow/example_dags/example_complex.py
[2022-03-01 01:58:24,762] {scheduler_job.py:629} INFO - Processing file /home/airflow/.local/lib/python3.6/site-packages/airflow/example_dags/example_complex.py for tasks to queue
[2022-03-01 01:58:24,763] {logging_mixin.py:104} INFO - [2022-03-01 01:58:24,763] {dagbag.py:448} INFO - Filling up the DagBag from /home/airflow/.local/lib/python3.6/site-packages/airflow/example_dags/example_complex.py
[2022-03-01 01:58:24,788] {scheduler_job.py:639} INFO - DAG(s) dict_keys(['example_complex']) retrieved from /home/airflow/.local/lib/python3.6/site-packages/airflow/example_dags/example_complex.py
[2022-03-01 01:58:24,818] {logging_mixin.py:104} INFO - [2022-03-01 01:58:24,818] {dag.py:1818} INFO - Sync 1 DAGs
[2022-03-01 01:58:24,834] {logging_mixin.py:104} INFO - [2022-03-01 01:58:24,834] {dag.py:2273} INFO - Setting next_dagrun for example_complex to None
[2022-03-01 01:58:24,845] {scheduler_job.py:190} INFO - Processing /home/airflow/.local/lib/python3.6/site-packages/airflow/example_dags/example_complex.py took 0.090 seconds
[2022-03-01 01:58:55,901] {scheduler_job.py:182} INFO - Started process (PID=601) to work on /home/airflow/.local/lib/python3.6/site-packages/airflow/example_dags/example_complex.py
[2022-03-01 01:58:55,904] {scheduler_job.py:629} INFO - Processing file /home/airflow/.local/lib/python3.6/site-packages/airflow/example_dags/example_complex.py for tasks to queue
[2022-03-01 01:58:55,906] {logging_mixin.py:104} INFO - [2022-03-01 01:58:55,905] {dagbag.py:448} INFO - Filling up the DagBag from /home/airflow/.local/lib/python3.6/site-packages/airflow/example_dags/example_complex.py
[2022-03-01 01:58:55,934] {scheduler_job.py:639} INFO - DAG(s) dict_keys(['example_complex']) retrieved from /home/airflow/.local/lib/python3.6/site-packages/airflow/example_dags/example_complex.py
[2022-03-01 01:58:55,969] {logging_mixin.py:104} INFO - [2022-03-01 01:58:55,968] {dag.py:1818} INFO - Sync 1 DAGs
[2022-03-01 01:58:55,986] {logging_mixin.py:104} INFO - [2022-03-01 01:58:55,986] {dag.py:2273} INFO - Setting next_dagrun for example_complex to None
[2022-03-01 01:58:55,997] {scheduler_job.py:190} INFO - Processing /home/airflow/.local/lib/python3.6/site-packages/airflow/example_dags/example_complex.py took 0.100 seconds
[2022-03-01 01:59:27,031] {scheduler_job.py:182} INFO - Started process (PID=627) to work on /home/airflow/.local/lib/python3.6/site-packages/airflow/example_dags/example_complex.py
[2022-03-01 01:59:27,034] {scheduler_job.py:629} INFO - Processing file /home/airflow/.local/lib/python3.6/site-packages/airflow/example_dags/example_complex.py for tasks to queue
[2022-03-01 01:59:27,036] {logging_mixin.py:104} INFO - [2022-03-01 01:59:27,035] {dagbag.py:448} INFO - Filling up the DagBag from /home/airflow/.local/lib/python3.6/site-packages/airflow/example_dags/example_complex.py
[2022-03-01 01:59:27,099] {scheduler_job.py:639} INFO - DAG(s) dict_keys(['example_complex']) retrieved from /home/airflow/.local/lib/python3.6/site-packages/airflow/example_dags/example_complex.py
[2022-03-01 01:59:27,145] {logging_mixin.py:104} INFO - [2022-03-01 01:59:27,145] {dag.py:1818} INFO - Sync 1 DAGs
[2022-03-01 01:59:27,170] {logging_mixin.py:104} INFO - [2022-03-01 01:59:27,170] {dag.py:2273} INFO - Setting next_dagrun for example_complex to None
[2022-03-01 01:59:27,186] {scheduler_job.py:190} INFO - Processing /home/airflow/.local/lib/python3.6/site-packages/airflow/example_dags/example_complex.py took 0.161 seconds
[2022-03-01 01:59:57,781] {scheduler_job.py:182} INFO - Started process (PID=653) to work on /home/airflow/.local/lib/python3.6/site-packages/airflow/example_dags/example_complex.py
[2022-03-01 01:59:57,783] {scheduler_job.py:629} INFO - Processing file /home/airflow/.local/lib/python3.6/site-packages/airflow/example_dags/example_complex.py for tasks to queue
[2022-03-01 01:59:57,784] {logging_mixin.py:104} INFO - [2022-03-01 01:59:57,784] {dagbag.py:448} INFO - Filling up the DagBag from /home/airflow/.local/lib/python3.6/site-packages/airflow/example_dags/example_complex.py
[2022-03-01 01:59:57,811] {scheduler_job.py:639} INFO - DAG(s) dict_keys(['example_complex']) retrieved from /home/airflow/.local/lib/python3.6/site-packages/airflow/example_dags/example_complex.py
[2022-03-01 01:59:57,842] {logging_mixin.py:104} INFO - [2022-03-01 01:59:57,842] {dag.py:1818} INFO - Sync 1 DAGs
[2022-03-01 01:59:57,861] {logging_mixin.py:104} INFO - [2022-03-01 01:59:57,861] {dag.py:2273} INFO - Setting next_dagrun for example_complex to None
[2022-03-01 01:59:57,872] {scheduler_job.py:190} INFO - Processing /home/airflow/.local/lib/python3.6/site-packages/airflow/example_dags/example_complex.py took 0.095 seconds
[2022-03-01 02:00:28,336] {scheduler_job.py:182} INFO - Started process (PID=679) to work on /home/airflow/.local/lib/python3.6/site-packages/airflow/example_dags/example_complex.py
[2022-03-01 02:00:28,339] {scheduler_job.py:629} INFO - Processing file /home/airflow/.local/lib/python3.6/site-packages/airflow/example_dags/example_complex.py for tasks to queue
[2022-03-01 02:00:28,341] {logging_mixin.py:104} INFO - [2022-03-01 02:00:28,340] {dagbag.py:448} INFO - Filling up the DagBag from /home/airflow/.local/lib/python3.6/site-packages/airflow/example_dags/example_complex.py
[2022-03-01 02:00:28,364] {scheduler_job.py:639} INFO - DAG(s) dict_keys(['example_complex']) retrieved from /home/airflow/.local/lib/python3.6/site-packages/airflow/example_dags/example_complex.py
[2022-03-01 02:00:28,394] {logging_mixin.py:104} INFO - [2022-03-01 02:00:28,394] {dag.py:1818} INFO - Sync 1 DAGs
[2022-03-01 02:00:28,410] {logging_mixin.py:104} INFO - [2022-03-01 02:00:28,409] {dag.py:2273} INFO - Setting next_dagrun for example_complex to None
[2022-03-01 02:00:28,419] {scheduler_job.py:190} INFO - Processing /home/airflow/.local/lib/python3.6/site-packages/airflow/example_dags/example_complex.py took 0.086 seconds
[2022-03-01 02:00:58,939] {scheduler_job.py:182} INFO - Started process (PID=705) to work on /home/airflow/.local/lib/python3.6/site-packages/airflow/example_dags/example_complex.py
[2022-03-01 02:00:58,941] {scheduler_job.py:629} INFO - Processing file /home/airflow/.local/lib/python3.6/site-packages/airflow/example_dags/example_complex.py for tasks to queue
[2022-03-01 02:00:58,942] {logging_mixin.py:104} INFO - [2022-03-01 02:00:58,942] {dagbag.py:448} INFO - Filling up the DagBag from /home/airflow/.local/lib/python3.6/site-packages/airflow/example_dags/example_complex.py
[2022-03-01 02:00:58,966] {scheduler_job.py:639} INFO - DAG(s) dict_keys(['example_complex']) retrieved from /home/airflow/.local/lib/python3.6/site-packages/airflow/example_dags/example_complex.py
[2022-03-01 02:00:58,998] {logging_mixin.py:104} INFO - [2022-03-01 02:00:58,998] {dag.py:1818} INFO - Sync 1 DAGs
[2022-03-01 02:00:59,015] {logging_mixin.py:104} INFO - [2022-03-01 02:00:59,015] {dag.py:2273} INFO - Setting next_dagrun for example_complex to None
[2022-03-01 02:00:59,026] {scheduler_job.py:190} INFO - Processing /home/airflow/.local/lib/python3.6/site-packages/airflow/example_dags/example_complex.py took 0.091 seconds
[2022-03-01 02:01:29,523] {scheduler_job.py:182} INFO - Started process (PID=731) to work on /home/airflow/.local/lib/python3.6/site-packages/airflow/example_dags/example_complex.py
[2022-03-01 02:01:29,526] {scheduler_job.py:629} INFO - Processing file /home/airflow/.local/lib/python3.6/site-packages/airflow/example_dags/example_complex.py for tasks to queue
[2022-03-01 02:01:29,527] {logging_mixin.py:104} INFO - [2022-03-01 02:01:29,527] {dagbag.py:448} INFO - Filling up the DagBag from /home/airflow/.local/lib/python3.6/site-packages/airflow/example_dags/example_complex.py
[2022-03-01 02:01:29,552] {scheduler_job.py:639} INFO - DAG(s) dict_keys(['example_complex']) retrieved from /home/airflow/.local/lib/python3.6/site-packages/airflow/example_dags/example_complex.py
[2022-03-01 02:01:29,596] {logging_mixin.py:104} INFO - [2022-03-01 02:01:29,596] {dag.py:1818} INFO - Sync 1 DAGs
[2022-03-01 02:01:29,618] {logging_mixin.py:104} INFO - [2022-03-01 02:01:29,618] {dag.py:2273} INFO - Setting next_dagrun for example_complex to None
[2022-03-01 02:01:29,648] {scheduler_job.py:190} INFO - Processing /home/airflow/.local/lib/python3.6/site-packages/airflow/example_dags/example_complex.py took 0.129 seconds
[2022-03-01 02:02:00,022] {scheduler_job.py:182} INFO - Started process (PID=757) to work on /home/airflow/.local/lib/python3.6/site-packages/airflow/example_dags/example_complex.py
[2022-03-01 02:02:00,025] {scheduler_job.py:629} INFO - Processing file /home/airflow/.local/lib/python3.6/site-packages/airflow/example_dags/example_complex.py for tasks to queue
[2022-03-01 02:02:00,026] {logging_mixin.py:104} INFO - [2022-03-01 02:02:00,026] {dagbag.py:448} INFO - Filling up the DagBag from /home/airflow/.local/lib/python3.6/site-packages/airflow/example_dags/example_complex.py
[2022-03-01 02:02:00,056] {scheduler_job.py:639} INFO - DAG(s) dict_keys(['example_complex']) retrieved from /home/airflow/.local/lib/python3.6/site-packages/airflow/example_dags/example_complex.py
[2022-03-01 02:02:00,089] {logging_mixin.py:104} INFO - [2022-03-01 02:02:00,089] {dag.py:1818} INFO - Sync 1 DAGs
[2022-03-01 02:02:00,106] {logging_mixin.py:104} INFO - [2022-03-01 02:02:00,106] {dag.py:2273} INFO - Setting next_dagrun for example_complex to None
[2022-03-01 02:02:00,118] {scheduler_job.py:190} INFO - Processing /home/airflow/.local/lib/python3.6/site-packages/airflow/example_dags/example_complex.py took 0.102 seconds
[2022-03-01 02:02:30,701] {scheduler_job.py:182} INFO - Started process (PID=783) to work on /home/airflow/.local/lib/python3.6/site-packages/airflow/example_dags/example_complex.py
[2022-03-01 02:02:30,704] {scheduler_job.py:629} INFO - Processing file /home/airflow/.local/lib/python3.6/site-packages/airflow/example_dags/example_complex.py for tasks to queue
[2022-03-01 02:02:30,705] {logging_mixin.py:104} INFO - [2022-03-01 02:02:30,705] {dagbag.py:448} INFO - Filling up the DagBag from /home/airflow/.local/lib/python3.6/site-packages/airflow/example_dags/example_complex.py
[2022-03-01 02:02:30,734] {scheduler_job.py:639} INFO - DAG(s) dict_keys(['example_complex']) retrieved from /home/airflow/.local/lib/python3.6/site-packages/airflow/example_dags/example_complex.py
[2022-03-01 02:02:30,771] {logging_mixin.py:104} INFO - [2022-03-01 02:02:30,771] {dag.py:1818} INFO - Sync 1 DAGs
[2022-03-01 02:02:30,793] {logging_mixin.py:104} INFO - [2022-03-01 02:02:30,793] {dag.py:2273} INFO - Setting next_dagrun for example_complex to None
[2022-03-01 02:02:30,806] {scheduler_job.py:190} INFO - Processing /home/airflow/.local/lib/python3.6/site-packages/airflow/example_dags/example_complex.py took 0.109 seconds
