[2022-03-01 01:48:10,002] {scheduler_job.py:182} INFO - Started process (PID=28) to work on /home/airflow/.local/lib/python3.6/site-packages/airflow/example_dags/example_external_task_marker_dag.py
[2022-03-01 01:48:10,007] {scheduler_job.py:629} INFO - Processing file /home/airflow/.local/lib/python3.6/site-packages/airflow/example_dags/example_external_task_marker_dag.py for tasks to queue
[2022-03-01 01:48:10,009] {logging_mixin.py:104} INFO - [2022-03-01 01:48:10,009] {dagbag.py:448} INFO - Filling up the DagBag from /home/airflow/.local/lib/python3.6/site-packages/airflow/example_dags/example_external_task_marker_dag.py
[2022-03-01 01:48:10,045] {scheduler_job.py:639} INFO - DAG(s) dict_keys(['example_external_task_marker_parent', 'example_external_task_marker_child']) retrieved from /home/airflow/.local/lib/python3.6/site-packages/airflow/example_dags/example_external_task_marker_dag.py
[2022-03-01 01:48:10,095] {logging_mixin.py:104} INFO - [2022-03-01 01:48:10,094] {dag.py:1818} INFO - Sync 2 DAGs
[2022-03-01 01:48:10,109] {logging_mixin.py:104} INFO - [2022-03-01 01:48:10,109] {dag.py:1837} INFO - Creating ORM DAG for example_external_task_marker_parent
[2022-03-01 01:48:10,110] {logging_mixin.py:104} INFO - [2022-03-01 01:48:10,110] {dag.py:1837} INFO - Creating ORM DAG for example_external_task_marker_child
[2022-03-01 01:48:10,119] {logging_mixin.py:104} INFO - [2022-03-01 01:48:10,119] {dag.py:2273} INFO - Setting next_dagrun for example_external_task_marker_child to None
[2022-03-01 01:48:10,120] {logging_mixin.py:104} INFO - [2022-03-01 01:48:10,120] {dag.py:2273} INFO - Setting next_dagrun for example_external_task_marker_parent to None
[2022-03-01 01:48:10,143] {scheduler_job.py:190} INFO - Processing /home/airflow/.local/lib/python3.6/site-packages/airflow/example_dags/example_external_task_marker_dag.py took 0.149 seconds
[2022-03-01 01:48:40,859] {scheduler_job.py:182} INFO - Started process (PID=53) to work on /home/airflow/.local/lib/python3.6/site-packages/airflow/example_dags/example_external_task_marker_dag.py
[2022-03-01 01:48:40,867] {scheduler_job.py:629} INFO - Processing file /home/airflow/.local/lib/python3.6/site-packages/airflow/example_dags/example_external_task_marker_dag.py for tasks to queue
[2022-03-01 01:48:40,875] {logging_mixin.py:104} INFO - [2022-03-01 01:48:40,875] {dagbag.py:448} INFO - Filling up the DagBag from /home/airflow/.local/lib/python3.6/site-packages/airflow/example_dags/example_external_task_marker_dag.py
[2022-03-01 01:48:40,989] {scheduler_job.py:639} INFO - DAG(s) dict_keys(['example_external_task_marker_parent', 'example_external_task_marker_child']) retrieved from /home/airflow/.local/lib/python3.6/site-packages/airflow/example_dags/example_external_task_marker_dag.py
[2022-03-01 01:48:41,083] {logging_mixin.py:104} INFO - [2022-03-01 01:48:41,083] {dag.py:1818} INFO - Sync 2 DAGs
[2022-03-01 01:48:41,110] {logging_mixin.py:104} INFO - [2022-03-01 01:48:41,110] {dag.py:2273} INFO - Setting next_dagrun for example_external_task_marker_child to None
[2022-03-01 01:48:41,114] {logging_mixin.py:104} INFO - [2022-03-01 01:48:41,114] {dag.py:2273} INFO - Setting next_dagrun for example_external_task_marker_parent to None
[2022-03-01 01:48:41,126] {scheduler_job.py:190} INFO - Processing /home/airflow/.local/lib/python3.6/site-packages/airflow/example_dags/example_external_task_marker_dag.py took 0.311 seconds
[2022-03-01 01:49:11,712] {scheduler_job.py:182} INFO - Started process (PID=79) to work on /home/airflow/.local/lib/python3.6/site-packages/airflow/example_dags/example_external_task_marker_dag.py
[2022-03-01 01:49:11,714] {scheduler_job.py:629} INFO - Processing file /home/airflow/.local/lib/python3.6/site-packages/airflow/example_dags/example_external_task_marker_dag.py for tasks to queue
[2022-03-01 01:49:11,716] {logging_mixin.py:104} INFO - [2022-03-01 01:49:11,716] {dagbag.py:448} INFO - Filling up the DagBag from /home/airflow/.local/lib/python3.6/site-packages/airflow/example_dags/example_external_task_marker_dag.py
[2022-03-01 01:49:11,730] {scheduler_job.py:639} INFO - DAG(s) dict_keys(['example_external_task_marker_parent', 'example_external_task_marker_child']) retrieved from /home/airflow/.local/lib/python3.6/site-packages/airflow/example_dags/example_external_task_marker_dag.py
[2022-03-01 01:49:11,758] {logging_mixin.py:104} INFO - [2022-03-01 01:49:11,758] {dag.py:1818} INFO - Sync 2 DAGs
[2022-03-01 01:49:11,776] {logging_mixin.py:104} INFO - [2022-03-01 01:49:11,776] {dag.py:2273} INFO - Setting next_dagrun for example_external_task_marker_child to None
[2022-03-01 01:49:11,778] {logging_mixin.py:104} INFO - [2022-03-01 01:49:11,778] {dag.py:2273} INFO - Setting next_dagrun for example_external_task_marker_parent to None
[2022-03-01 01:49:11,787] {scheduler_job.py:190} INFO - Processing /home/airflow/.local/lib/python3.6/site-packages/airflow/example_dags/example_external_task_marker_dag.py took 0.079 seconds
[2022-03-01 01:49:42,230] {scheduler_job.py:182} INFO - Started process (PID=105) to work on /home/airflow/.local/lib/python3.6/site-packages/airflow/example_dags/example_external_task_marker_dag.py
[2022-03-01 01:49:42,232] {scheduler_job.py:629} INFO - Processing file /home/airflow/.local/lib/python3.6/site-packages/airflow/example_dags/example_external_task_marker_dag.py for tasks to queue
[2022-03-01 01:49:42,234] {logging_mixin.py:104} INFO - [2022-03-01 01:49:42,233] {dagbag.py:448} INFO - Filling up the DagBag from /home/airflow/.local/lib/python3.6/site-packages/airflow/example_dags/example_external_task_marker_dag.py
[2022-03-01 01:49:42,248] {scheduler_job.py:639} INFO - DAG(s) dict_keys(['example_external_task_marker_parent', 'example_external_task_marker_child']) retrieved from /home/airflow/.local/lib/python3.6/site-packages/airflow/example_dags/example_external_task_marker_dag.py
[2022-03-01 01:49:42,281] {logging_mixin.py:104} INFO - [2022-03-01 01:49:42,280] {dag.py:1818} INFO - Sync 2 DAGs
[2022-03-01 01:49:42,299] {logging_mixin.py:104} INFO - [2022-03-01 01:49:42,299] {dag.py:2273} INFO - Setting next_dagrun for example_external_task_marker_child to None
[2022-03-01 01:49:42,302] {logging_mixin.py:104} INFO - [2022-03-01 01:49:42,302] {dag.py:2273} INFO - Setting next_dagrun for example_external_task_marker_parent to None
[2022-03-01 01:49:42,314] {scheduler_job.py:190} INFO - Processing /home/airflow/.local/lib/python3.6/site-packages/airflow/example_dags/example_external_task_marker_dag.py took 0.089 seconds
[2022-03-01 01:50:13,246] {scheduler_job.py:182} INFO - Started process (PID=157) to work on /home/airflow/.local/lib/python3.6/site-packages/airflow/example_dags/example_external_task_marker_dag.py
[2022-03-01 01:50:13,252] {scheduler_job.py:629} INFO - Processing file /home/airflow/.local/lib/python3.6/site-packages/airflow/example_dags/example_external_task_marker_dag.py for tasks to queue
[2022-03-01 01:50:13,256] {logging_mixin.py:104} INFO - [2022-03-01 01:50:13,256] {dagbag.py:448} INFO - Filling up the DagBag from /home/airflow/.local/lib/python3.6/site-packages/airflow/example_dags/example_external_task_marker_dag.py
[2022-03-01 01:50:13,339] {scheduler_job.py:639} INFO - DAG(s) dict_keys(['example_external_task_marker_parent', 'example_external_task_marker_child']) retrieved from /home/airflow/.local/lib/python3.6/site-packages/airflow/example_dags/example_external_task_marker_dag.py
[2022-03-01 01:50:13,440] {logging_mixin.py:104} INFO - [2022-03-01 01:50:13,440] {dag.py:1818} INFO - Sync 2 DAGs
[2022-03-01 01:50:13,484] {logging_mixin.py:104} INFO - [2022-03-01 01:50:13,484] {dag.py:2273} INFO - Setting next_dagrun for example_external_task_marker_child to None
[2022-03-01 01:50:13,493] {logging_mixin.py:104} INFO - [2022-03-01 01:50:13,492] {dag.py:2273} INFO - Setting next_dagrun for example_external_task_marker_parent to None
[2022-03-01 01:50:13,523] {scheduler_job.py:190} INFO - Processing /home/airflow/.local/lib/python3.6/site-packages/airflow/example_dags/example_external_task_marker_dag.py took 0.296 seconds
[2022-03-01 01:50:44,476] {scheduler_job.py:182} INFO - Started process (PID=183) to work on /home/airflow/.local/lib/python3.6/site-packages/airflow/example_dags/example_external_task_marker_dag.py
[2022-03-01 01:50:44,478] {scheduler_job.py:629} INFO - Processing file /home/airflow/.local/lib/python3.6/site-packages/airflow/example_dags/example_external_task_marker_dag.py for tasks to queue
[2022-03-01 01:50:44,480] {logging_mixin.py:104} INFO - [2022-03-01 01:50:44,480] {dagbag.py:448} INFO - Filling up the DagBag from /home/airflow/.local/lib/python3.6/site-packages/airflow/example_dags/example_external_task_marker_dag.py
[2022-03-01 01:50:44,494] {scheduler_job.py:639} INFO - DAG(s) dict_keys(['example_external_task_marker_parent', 'example_external_task_marker_child']) retrieved from /home/airflow/.local/lib/python3.6/site-packages/airflow/example_dags/example_external_task_marker_dag.py
[2022-03-01 01:50:44,526] {logging_mixin.py:104} INFO - [2022-03-01 01:50:44,526] {dag.py:1818} INFO - Sync 2 DAGs
[2022-03-01 01:50:44,547] {logging_mixin.py:104} INFO - [2022-03-01 01:50:44,547] {dag.py:2273} INFO - Setting next_dagrun for example_external_task_marker_child to None
[2022-03-01 01:50:44,549] {logging_mixin.py:104} INFO - [2022-03-01 01:50:44,549] {dag.py:2273} INFO - Setting next_dagrun for example_external_task_marker_parent to None
[2022-03-01 01:50:44,559] {scheduler_job.py:190} INFO - Processing /home/airflow/.local/lib/python3.6/site-packages/airflow/example_dags/example_external_task_marker_dag.py took 0.087 seconds
[2022-03-01 01:51:15,268] {scheduler_job.py:182} INFO - Started process (PID=209) to work on /home/airflow/.local/lib/python3.6/site-packages/airflow/example_dags/example_external_task_marker_dag.py
[2022-03-01 01:51:15,271] {scheduler_job.py:629} INFO - Processing file /home/airflow/.local/lib/python3.6/site-packages/airflow/example_dags/example_external_task_marker_dag.py for tasks to queue
[2022-03-01 01:51:15,273] {logging_mixin.py:104} INFO - [2022-03-01 01:51:15,273] {dagbag.py:448} INFO - Filling up the DagBag from /home/airflow/.local/lib/python3.6/site-packages/airflow/example_dags/example_external_task_marker_dag.py
[2022-03-01 01:51:15,291] {scheduler_job.py:639} INFO - DAG(s) dict_keys(['example_external_task_marker_parent', 'example_external_task_marker_child']) retrieved from /home/airflow/.local/lib/python3.6/site-packages/airflow/example_dags/example_external_task_marker_dag.py
[2022-03-01 01:51:15,328] {logging_mixin.py:104} INFO - [2022-03-01 01:51:15,328] {dag.py:1818} INFO - Sync 2 DAGs
[2022-03-01 01:51:15,348] {logging_mixin.py:104} INFO - [2022-03-01 01:51:15,348] {dag.py:2273} INFO - Setting next_dagrun for example_external_task_marker_child to None
[2022-03-01 01:51:15,350] {logging_mixin.py:104} INFO - [2022-03-01 01:51:15,349] {dag.py:2273} INFO - Setting next_dagrun for example_external_task_marker_parent to None
[2022-03-01 01:51:15,362] {scheduler_job.py:190} INFO - Processing /home/airflow/.local/lib/python3.6/site-packages/airflow/example_dags/example_external_task_marker_dag.py took 0.100 seconds
[2022-03-01 01:51:45,920] {scheduler_job.py:182} INFO - Started process (PID=235) to work on /home/airflow/.local/lib/python3.6/site-packages/airflow/example_dags/example_external_task_marker_dag.py
[2022-03-01 01:51:45,922] {scheduler_job.py:629} INFO - Processing file /home/airflow/.local/lib/python3.6/site-packages/airflow/example_dags/example_external_task_marker_dag.py for tasks to queue
[2022-03-01 01:51:45,924] {logging_mixin.py:104} INFO - [2022-03-01 01:51:45,923] {dagbag.py:448} INFO - Filling up the DagBag from /home/airflow/.local/lib/python3.6/site-packages/airflow/example_dags/example_external_task_marker_dag.py
[2022-03-01 01:51:45,938] {scheduler_job.py:639} INFO - DAG(s) dict_keys(['example_external_task_marker_parent', 'example_external_task_marker_child']) retrieved from /home/airflow/.local/lib/python3.6/site-packages/airflow/example_dags/example_external_task_marker_dag.py
[2022-03-01 01:51:45,968] {logging_mixin.py:104} INFO - [2022-03-01 01:51:45,968] {dag.py:1818} INFO - Sync 2 DAGs
[2022-03-01 01:51:45,986] {logging_mixin.py:104} INFO - [2022-03-01 01:51:45,986] {dag.py:2273} INFO - Setting next_dagrun for example_external_task_marker_child to None
[2022-03-01 01:51:45,988] {logging_mixin.py:104} INFO - [2022-03-01 01:51:45,988] {dag.py:2273} INFO - Setting next_dagrun for example_external_task_marker_parent to None
[2022-03-01 01:51:45,998] {scheduler_job.py:190} INFO - Processing /home/airflow/.local/lib/python3.6/site-packages/airflow/example_dags/example_external_task_marker_dag.py took 0.083 seconds
[2022-03-01 01:52:16,617] {scheduler_job.py:182} INFO - Started process (PID=261) to work on /home/airflow/.local/lib/python3.6/site-packages/airflow/example_dags/example_external_task_marker_dag.py
[2022-03-01 01:52:16,619] {scheduler_job.py:629} INFO - Processing file /home/airflow/.local/lib/python3.6/site-packages/airflow/example_dags/example_external_task_marker_dag.py for tasks to queue
[2022-03-01 01:52:16,620] {logging_mixin.py:104} INFO - [2022-03-01 01:52:16,620] {dagbag.py:448} INFO - Filling up the DagBag from /home/airflow/.local/lib/python3.6/site-packages/airflow/example_dags/example_external_task_marker_dag.py
[2022-03-01 01:52:16,638] {scheduler_job.py:639} INFO - DAG(s) dict_keys(['example_external_task_marker_parent', 'example_external_task_marker_child']) retrieved from /home/airflow/.local/lib/python3.6/site-packages/airflow/example_dags/example_external_task_marker_dag.py
[2022-03-01 01:52:16,673] {logging_mixin.py:104} INFO - [2022-03-01 01:52:16,673] {dag.py:1818} INFO - Sync 2 DAGs
[2022-03-01 01:52:16,691] {logging_mixin.py:104} INFO - [2022-03-01 01:52:16,691] {dag.py:2273} INFO - Setting next_dagrun for example_external_task_marker_child to None
[2022-03-01 01:52:16,693] {logging_mixin.py:104} INFO - [2022-03-01 01:52:16,693] {dag.py:2273} INFO - Setting next_dagrun for example_external_task_marker_parent to None
[2022-03-01 01:52:16,703] {scheduler_job.py:190} INFO - Processing /home/airflow/.local/lib/python3.6/site-packages/airflow/example_dags/example_external_task_marker_dag.py took 0.091 seconds
[2022-03-01 01:52:47,228] {scheduler_job.py:182} INFO - Started process (PID=287) to work on /home/airflow/.local/lib/python3.6/site-packages/airflow/example_dags/example_external_task_marker_dag.py
[2022-03-01 01:52:47,230] {scheduler_job.py:629} INFO - Processing file /home/airflow/.local/lib/python3.6/site-packages/airflow/example_dags/example_external_task_marker_dag.py for tasks to queue
[2022-03-01 01:52:47,231] {logging_mixin.py:104} INFO - [2022-03-01 01:52:47,231] {dagbag.py:448} INFO - Filling up the DagBag from /home/airflow/.local/lib/python3.6/site-packages/airflow/example_dags/example_external_task_marker_dag.py
[2022-03-01 01:52:47,246] {scheduler_job.py:639} INFO - DAG(s) dict_keys(['example_external_task_marker_parent', 'example_external_task_marker_child']) retrieved from /home/airflow/.local/lib/python3.6/site-packages/airflow/example_dags/example_external_task_marker_dag.py
[2022-03-01 01:52:47,299] {logging_mixin.py:104} INFO - [2022-03-01 01:52:47,298] {dag.py:1818} INFO - Sync 2 DAGs
[2022-03-01 01:52:47,326] {logging_mixin.py:104} INFO - [2022-03-01 01:52:47,326] {dag.py:2273} INFO - Setting next_dagrun for example_external_task_marker_child to None
[2022-03-01 01:52:47,330] {logging_mixin.py:104} INFO - [2022-03-01 01:52:47,330] {dag.py:2273} INFO - Setting next_dagrun for example_external_task_marker_parent to None
[2022-03-01 01:52:47,355] {scheduler_job.py:190} INFO - Processing /home/airflow/.local/lib/python3.6/site-packages/airflow/example_dags/example_external_task_marker_dag.py took 0.130 seconds
[2022-03-01 01:53:17,441] {scheduler_job.py:182} INFO - Started process (PID=313) to work on /home/airflow/.local/lib/python3.6/site-packages/airflow/example_dags/example_external_task_marker_dag.py
[2022-03-01 01:53:17,444] {scheduler_job.py:629} INFO - Processing file /home/airflow/.local/lib/python3.6/site-packages/airflow/example_dags/example_external_task_marker_dag.py for tasks to queue
[2022-03-01 01:53:17,445] {logging_mixin.py:104} INFO - [2022-03-01 01:53:17,445] {dagbag.py:448} INFO - Filling up the DagBag from /home/airflow/.local/lib/python3.6/site-packages/airflow/example_dags/example_external_task_marker_dag.py
[2022-03-01 01:53:17,465] {scheduler_job.py:639} INFO - DAG(s) dict_keys(['example_external_task_marker_parent', 'example_external_task_marker_child']) retrieved from /home/airflow/.local/lib/python3.6/site-packages/airflow/example_dags/example_external_task_marker_dag.py
[2022-03-01 01:53:17,503] {logging_mixin.py:104} INFO - [2022-03-01 01:53:17,503] {dag.py:1818} INFO - Sync 2 DAGs
[2022-03-01 01:53:17,525] {logging_mixin.py:104} INFO - [2022-03-01 01:53:17,524] {dag.py:2273} INFO - Setting next_dagrun for example_external_task_marker_child to None
[2022-03-01 01:53:17,526] {logging_mixin.py:104} INFO - [2022-03-01 01:53:17,526] {dag.py:2273} INFO - Setting next_dagrun for example_external_task_marker_parent to None
[2022-03-01 01:53:17,539] {scheduler_job.py:190} INFO - Processing /home/airflow/.local/lib/python3.6/site-packages/airflow/example_dags/example_external_task_marker_dag.py took 0.102 seconds
[2022-03-01 01:53:48,403] {scheduler_job.py:182} INFO - Started process (PID=339) to work on /home/airflow/.local/lib/python3.6/site-packages/airflow/example_dags/example_external_task_marker_dag.py
[2022-03-01 01:53:48,405] {scheduler_job.py:629} INFO - Processing file /home/airflow/.local/lib/python3.6/site-packages/airflow/example_dags/example_external_task_marker_dag.py for tasks to queue
[2022-03-01 01:53:48,407] {logging_mixin.py:104} INFO - [2022-03-01 01:53:48,407] {dagbag.py:448} INFO - Filling up the DagBag from /home/airflow/.local/lib/python3.6/site-packages/airflow/example_dags/example_external_task_marker_dag.py
[2022-03-01 01:53:48,421] {scheduler_job.py:639} INFO - DAG(s) dict_keys(['example_external_task_marker_parent', 'example_external_task_marker_child']) retrieved from /home/airflow/.local/lib/python3.6/site-packages/airflow/example_dags/example_external_task_marker_dag.py
[2022-03-01 01:53:48,450] {logging_mixin.py:104} INFO - [2022-03-01 01:53:48,450] {dag.py:1818} INFO - Sync 2 DAGs
[2022-03-01 01:53:48,467] {logging_mixin.py:104} INFO - [2022-03-01 01:53:48,467] {dag.py:2273} INFO - Setting next_dagrun for example_external_task_marker_child to None
[2022-03-01 01:53:48,469] {logging_mixin.py:104} INFO - [2022-03-01 01:53:48,469] {dag.py:2273} INFO - Setting next_dagrun for example_external_task_marker_parent to None
[2022-03-01 01:53:48,480] {scheduler_job.py:190} INFO - Processing /home/airflow/.local/lib/python3.6/site-packages/airflow/example_dags/example_external_task_marker_dag.py took 0.081 seconds
[2022-03-01 01:54:18,988] {scheduler_job.py:182} INFO - Started process (PID=365) to work on /home/airflow/.local/lib/python3.6/site-packages/airflow/example_dags/example_external_task_marker_dag.py
[2022-03-01 01:54:18,990] {scheduler_job.py:629} INFO - Processing file /home/airflow/.local/lib/python3.6/site-packages/airflow/example_dags/example_external_task_marker_dag.py for tasks to queue
[2022-03-01 01:54:18,992] {logging_mixin.py:104} INFO - [2022-03-01 01:54:18,991] {dagbag.py:448} INFO - Filling up the DagBag from /home/airflow/.local/lib/python3.6/site-packages/airflow/example_dags/example_external_task_marker_dag.py
[2022-03-01 01:54:19,007] {scheduler_job.py:639} INFO - DAG(s) dict_keys(['example_external_task_marker_parent', 'example_external_task_marker_child']) retrieved from /home/airflow/.local/lib/python3.6/site-packages/airflow/example_dags/example_external_task_marker_dag.py
[2022-03-01 01:54:19,032] {logging_mixin.py:104} INFO - [2022-03-01 01:54:19,032] {dag.py:1818} INFO - Sync 2 DAGs
[2022-03-01 01:54:19,051] {logging_mixin.py:104} INFO - [2022-03-01 01:54:19,051] {dag.py:2273} INFO - Setting next_dagrun for example_external_task_marker_child to None
[2022-03-01 01:54:19,053] {logging_mixin.py:104} INFO - [2022-03-01 01:54:19,053] {dag.py:2273} INFO - Setting next_dagrun for example_external_task_marker_parent to None
[2022-03-01 01:54:19,068] {scheduler_job.py:190} INFO - Processing /home/airflow/.local/lib/python3.6/site-packages/airflow/example_dags/example_external_task_marker_dag.py took 0.084 seconds
[2022-03-01 01:54:49,577] {scheduler_job.py:182} INFO - Started process (PID=391) to work on /home/airflow/.local/lib/python3.6/site-packages/airflow/example_dags/example_external_task_marker_dag.py
[2022-03-01 01:54:49,579] {scheduler_job.py:629} INFO - Processing file /home/airflow/.local/lib/python3.6/site-packages/airflow/example_dags/example_external_task_marker_dag.py for tasks to queue
[2022-03-01 01:54:49,581] {logging_mixin.py:104} INFO - [2022-03-01 01:54:49,581] {dagbag.py:448} INFO - Filling up the DagBag from /home/airflow/.local/lib/python3.6/site-packages/airflow/example_dags/example_external_task_marker_dag.py
[2022-03-01 01:54:49,598] {scheduler_job.py:639} INFO - DAG(s) dict_keys(['example_external_task_marker_parent', 'example_external_task_marker_child']) retrieved from /home/airflow/.local/lib/python3.6/site-packages/airflow/example_dags/example_external_task_marker_dag.py
[2022-03-01 01:54:49,641] {logging_mixin.py:104} INFO - [2022-03-01 01:54:49,640] {dag.py:1818} INFO - Sync 2 DAGs
[2022-03-01 01:54:49,699] {logging_mixin.py:104} INFO - [2022-03-01 01:54:49,699] {dag.py:2273} INFO - Setting next_dagrun for example_external_task_marker_child to None
[2022-03-01 01:54:49,702] {logging_mixin.py:104} INFO - [2022-03-01 01:54:49,701] {dag.py:2273} INFO - Setting next_dagrun for example_external_task_marker_parent to None
[2022-03-01 01:54:49,716] {scheduler_job.py:190} INFO - Processing /home/airflow/.local/lib/python3.6/site-packages/airflow/example_dags/example_external_task_marker_dag.py took 0.144 seconds
[2022-03-01 01:55:20,487] {scheduler_job.py:182} INFO - Started process (PID=417) to work on /home/airflow/.local/lib/python3.6/site-packages/airflow/example_dags/example_external_task_marker_dag.py
[2022-03-01 01:55:20,491] {scheduler_job.py:629} INFO - Processing file /home/airflow/.local/lib/python3.6/site-packages/airflow/example_dags/example_external_task_marker_dag.py for tasks to queue
[2022-03-01 01:55:20,492] {logging_mixin.py:104} INFO - [2022-03-01 01:55:20,492] {dagbag.py:448} INFO - Filling up the DagBag from /home/airflow/.local/lib/python3.6/site-packages/airflow/example_dags/example_external_task_marker_dag.py
[2022-03-01 01:55:20,508] {scheduler_job.py:639} INFO - DAG(s) dict_keys(['example_external_task_marker_parent', 'example_external_task_marker_child']) retrieved from /home/airflow/.local/lib/python3.6/site-packages/airflow/example_dags/example_external_task_marker_dag.py
[2022-03-01 01:55:20,542] {logging_mixin.py:104} INFO - [2022-03-01 01:55:20,542] {dag.py:1818} INFO - Sync 2 DAGs
[2022-03-01 01:55:20,571] {logging_mixin.py:104} INFO - [2022-03-01 01:55:20,570] {dag.py:2273} INFO - Setting next_dagrun for example_external_task_marker_child to None
[2022-03-01 01:55:20,573] {logging_mixin.py:104} INFO - [2022-03-01 01:55:20,572] {dag.py:2273} INFO - Setting next_dagrun for example_external_task_marker_parent to None
[2022-03-01 01:55:20,583] {scheduler_job.py:190} INFO - Processing /home/airflow/.local/lib/python3.6/site-packages/airflow/example_dags/example_external_task_marker_dag.py took 0.100 seconds
[2022-03-01 01:55:51,452] {scheduler_job.py:182} INFO - Started process (PID=443) to work on /home/airflow/.local/lib/python3.6/site-packages/airflow/example_dags/example_external_task_marker_dag.py
[2022-03-01 01:55:51,454] {scheduler_job.py:629} INFO - Processing file /home/airflow/.local/lib/python3.6/site-packages/airflow/example_dags/example_external_task_marker_dag.py for tasks to queue
[2022-03-01 01:55:51,456] {logging_mixin.py:104} INFO - [2022-03-01 01:55:51,456] {dagbag.py:448} INFO - Filling up the DagBag from /home/airflow/.local/lib/python3.6/site-packages/airflow/example_dags/example_external_task_marker_dag.py
[2022-03-01 01:55:51,472] {scheduler_job.py:639} INFO - DAG(s) dict_keys(['example_external_task_marker_parent', 'example_external_task_marker_child']) retrieved from /home/airflow/.local/lib/python3.6/site-packages/airflow/example_dags/example_external_task_marker_dag.py
[2022-03-01 01:55:51,507] {logging_mixin.py:104} INFO - [2022-03-01 01:55:51,507] {dag.py:1818} INFO - Sync 2 DAGs
[2022-03-01 01:55:51,528] {logging_mixin.py:104} INFO - [2022-03-01 01:55:51,528] {dag.py:2273} INFO - Setting next_dagrun for example_external_task_marker_child to None
[2022-03-01 01:55:51,530] {logging_mixin.py:104} INFO - [2022-03-01 01:55:51,530] {dag.py:2273} INFO - Setting next_dagrun for example_external_task_marker_parent to None
[2022-03-01 01:55:51,543] {scheduler_job.py:190} INFO - Processing /home/airflow/.local/lib/python3.6/site-packages/airflow/example_dags/example_external_task_marker_dag.py took 0.096 seconds
[2022-03-01 01:56:22,233] {scheduler_job.py:182} INFO - Started process (PID=469) to work on /home/airflow/.local/lib/python3.6/site-packages/airflow/example_dags/example_external_task_marker_dag.py
[2022-03-01 01:56:22,237] {scheduler_job.py:629} INFO - Processing file /home/airflow/.local/lib/python3.6/site-packages/airflow/example_dags/example_external_task_marker_dag.py for tasks to queue
[2022-03-01 01:56:22,239] {logging_mixin.py:104} INFO - [2022-03-01 01:56:22,239] {dagbag.py:448} INFO - Filling up the DagBag from /home/airflow/.local/lib/python3.6/site-packages/airflow/example_dags/example_external_task_marker_dag.py
[2022-03-01 01:56:22,262] {scheduler_job.py:639} INFO - DAG(s) dict_keys(['example_external_task_marker_parent', 'example_external_task_marker_child']) retrieved from /home/airflow/.local/lib/python3.6/site-packages/airflow/example_dags/example_external_task_marker_dag.py
[2022-03-01 01:56:22,329] {logging_mixin.py:104} INFO - [2022-03-01 01:56:22,329] {dag.py:1818} INFO - Sync 2 DAGs
[2022-03-01 01:56:22,352] {logging_mixin.py:104} INFO - [2022-03-01 01:56:22,352] {dag.py:2273} INFO - Setting next_dagrun for example_external_task_marker_child to None
[2022-03-01 01:56:22,354] {logging_mixin.py:104} INFO - [2022-03-01 01:56:22,354] {dag.py:2273} INFO - Setting next_dagrun for example_external_task_marker_parent to None
[2022-03-01 01:56:22,367] {scheduler_job.py:190} INFO - Processing /home/airflow/.local/lib/python3.6/site-packages/airflow/example_dags/example_external_task_marker_dag.py took 0.141 seconds
[2022-03-01 01:56:52,622] {scheduler_job.py:182} INFO - Started process (PID=495) to work on /home/airflow/.local/lib/python3.6/site-packages/airflow/example_dags/example_external_task_marker_dag.py
[2022-03-01 01:56:52,624] {scheduler_job.py:629} INFO - Processing file /home/airflow/.local/lib/python3.6/site-packages/airflow/example_dags/example_external_task_marker_dag.py for tasks to queue
[2022-03-01 01:56:52,625] {logging_mixin.py:104} INFO - [2022-03-01 01:56:52,625] {dagbag.py:448} INFO - Filling up the DagBag from /home/airflow/.local/lib/python3.6/site-packages/airflow/example_dags/example_external_task_marker_dag.py
[2022-03-01 01:56:52,640] {scheduler_job.py:639} INFO - DAG(s) dict_keys(['example_external_task_marker_parent', 'example_external_task_marker_child']) retrieved from /home/airflow/.local/lib/python3.6/site-packages/airflow/example_dags/example_external_task_marker_dag.py
[2022-03-01 01:56:52,671] {logging_mixin.py:104} INFO - [2022-03-01 01:56:52,671] {dag.py:1818} INFO - Sync 2 DAGs
[2022-03-01 01:56:52,693] {logging_mixin.py:104} INFO - [2022-03-01 01:56:52,693] {dag.py:2273} INFO - Setting next_dagrun for example_external_task_marker_child to None
[2022-03-01 01:56:52,696] {logging_mixin.py:104} INFO - [2022-03-01 01:56:52,696] {dag.py:2273} INFO - Setting next_dagrun for example_external_task_marker_parent to None
[2022-03-01 01:56:52,707] {scheduler_job.py:190} INFO - Processing /home/airflow/.local/lib/python3.6/site-packages/airflow/example_dags/example_external_task_marker_dag.py took 0.090 seconds
[2022-03-01 01:57:23,212] {scheduler_job.py:182} INFO - Started process (PID=521) to work on /home/airflow/.local/lib/python3.6/site-packages/airflow/example_dags/example_external_task_marker_dag.py
[2022-03-01 01:57:23,214] {scheduler_job.py:629} INFO - Processing file /home/airflow/.local/lib/python3.6/site-packages/airflow/example_dags/example_external_task_marker_dag.py for tasks to queue
[2022-03-01 01:57:23,216] {logging_mixin.py:104} INFO - [2022-03-01 01:57:23,216] {dagbag.py:448} INFO - Filling up the DagBag from /home/airflow/.local/lib/python3.6/site-packages/airflow/example_dags/example_external_task_marker_dag.py
[2022-03-01 01:57:23,232] {scheduler_job.py:639} INFO - DAG(s) dict_keys(['example_external_task_marker_parent', 'example_external_task_marker_child']) retrieved from /home/airflow/.local/lib/python3.6/site-packages/airflow/example_dags/example_external_task_marker_dag.py
[2022-03-01 01:57:23,265] {logging_mixin.py:104} INFO - [2022-03-01 01:57:23,265] {dag.py:1818} INFO - Sync 2 DAGs
[2022-03-01 01:57:23,287] {logging_mixin.py:104} INFO - [2022-03-01 01:57:23,286] {dag.py:2273} INFO - Setting next_dagrun for example_external_task_marker_child to None
[2022-03-01 01:57:23,288] {logging_mixin.py:104} INFO - [2022-03-01 01:57:23,288] {dag.py:2273} INFO - Setting next_dagrun for example_external_task_marker_parent to None
[2022-03-01 01:57:23,301] {scheduler_job.py:190} INFO - Processing /home/airflow/.local/lib/python3.6/site-packages/airflow/example_dags/example_external_task_marker_dag.py took 0.095 seconds
[2022-03-01 01:57:54,085] {scheduler_job.py:182} INFO - Started process (PID=547) to work on /home/airflow/.local/lib/python3.6/site-packages/airflow/example_dags/example_external_task_marker_dag.py
[2022-03-01 01:57:54,087] {scheduler_job.py:629} INFO - Processing file /home/airflow/.local/lib/python3.6/site-packages/airflow/example_dags/example_external_task_marker_dag.py for tasks to queue
[2022-03-01 01:57:54,089] {logging_mixin.py:104} INFO - [2022-03-01 01:57:54,089] {dagbag.py:448} INFO - Filling up the DagBag from /home/airflow/.local/lib/python3.6/site-packages/airflow/example_dags/example_external_task_marker_dag.py
[2022-03-01 01:57:54,105] {scheduler_job.py:639} INFO - DAG(s) dict_keys(['example_external_task_marker_parent', 'example_external_task_marker_child']) retrieved from /home/airflow/.local/lib/python3.6/site-packages/airflow/example_dags/example_external_task_marker_dag.py
[2022-03-01 01:57:54,138] {logging_mixin.py:104} INFO - [2022-03-01 01:57:54,138] {dag.py:1818} INFO - Sync 2 DAGs
[2022-03-01 01:57:54,153] {logging_mixin.py:104} INFO - [2022-03-01 01:57:54,153] {dag.py:2273} INFO - Setting next_dagrun for example_external_task_marker_child to None
[2022-03-01 01:57:54,155] {logging_mixin.py:104} INFO - [2022-03-01 01:57:54,155] {dag.py:2273} INFO - Setting next_dagrun for example_external_task_marker_parent to None
[2022-03-01 01:57:54,165] {scheduler_job.py:190} INFO - Processing /home/airflow/.local/lib/python3.6/site-packages/airflow/example_dags/example_external_task_marker_dag.py took 0.084 seconds
[2022-03-01 01:58:24,647] {scheduler_job.py:182} INFO - Started process (PID=573) to work on /home/airflow/.local/lib/python3.6/site-packages/airflow/example_dags/example_external_task_marker_dag.py
[2022-03-01 01:58:24,651] {scheduler_job.py:629} INFO - Processing file /home/airflow/.local/lib/python3.6/site-packages/airflow/example_dags/example_external_task_marker_dag.py for tasks to queue
[2022-03-01 01:58:24,653] {logging_mixin.py:104} INFO - [2022-03-01 01:58:24,652] {dagbag.py:448} INFO - Filling up the DagBag from /home/airflow/.local/lib/python3.6/site-packages/airflow/example_dags/example_external_task_marker_dag.py
[2022-03-01 01:58:24,668] {scheduler_job.py:639} INFO - DAG(s) dict_keys(['example_external_task_marker_parent', 'example_external_task_marker_child']) retrieved from /home/airflow/.local/lib/python3.6/site-packages/airflow/example_dags/example_external_task_marker_dag.py
[2022-03-01 01:58:24,703] {logging_mixin.py:104} INFO - [2022-03-01 01:58:24,703] {dag.py:1818} INFO - Sync 2 DAGs
[2022-03-01 01:58:24,719] {logging_mixin.py:104} INFO - [2022-03-01 01:58:24,719] {dag.py:2273} INFO - Setting next_dagrun for example_external_task_marker_child to None
[2022-03-01 01:58:24,721] {logging_mixin.py:104} INFO - [2022-03-01 01:58:24,721] {dag.py:2273} INFO - Setting next_dagrun for example_external_task_marker_parent to None
[2022-03-01 01:58:24,736] {scheduler_job.py:190} INFO - Processing /home/airflow/.local/lib/python3.6/site-packages/airflow/example_dags/example_external_task_marker_dag.py took 0.093 seconds
[2022-03-01 01:58:55,760] {scheduler_job.py:182} INFO - Started process (PID=599) to work on /home/airflow/.local/lib/python3.6/site-packages/airflow/example_dags/example_external_task_marker_dag.py
[2022-03-01 01:58:55,778] {scheduler_job.py:629} INFO - Processing file /home/airflow/.local/lib/python3.6/site-packages/airflow/example_dags/example_external_task_marker_dag.py for tasks to queue
[2022-03-01 01:58:55,780] {logging_mixin.py:104} INFO - [2022-03-01 01:58:55,779] {dagbag.py:448} INFO - Filling up the DagBag from /home/airflow/.local/lib/python3.6/site-packages/airflow/example_dags/example_external_task_marker_dag.py
[2022-03-01 01:58:55,798] {scheduler_job.py:639} INFO - DAG(s) dict_keys(['example_external_task_marker_parent', 'example_external_task_marker_child']) retrieved from /home/airflow/.local/lib/python3.6/site-packages/airflow/example_dags/example_external_task_marker_dag.py
[2022-03-01 01:58:55,842] {logging_mixin.py:104} INFO - [2022-03-01 01:58:55,842] {dag.py:1818} INFO - Sync 2 DAGs
[2022-03-01 01:58:55,864] {logging_mixin.py:104} INFO - [2022-03-01 01:58:55,864] {dag.py:2273} INFO - Setting next_dagrun for example_external_task_marker_child to None
[2022-03-01 01:58:55,866] {logging_mixin.py:104} INFO - [2022-03-01 01:58:55,866] {dag.py:2273} INFO - Setting next_dagrun for example_external_task_marker_parent to None
[2022-03-01 01:58:55,878] {scheduler_job.py:190} INFO - Processing /home/airflow/.local/lib/python3.6/site-packages/airflow/example_dags/example_external_task_marker_dag.py took 0.124 seconds
[2022-03-01 01:59:26,835] {scheduler_job.py:182} INFO - Started process (PID=625) to work on /home/airflow/.local/lib/python3.6/site-packages/airflow/example_dags/example_external_task_marker_dag.py
[2022-03-01 01:59:26,838] {scheduler_job.py:629} INFO - Processing file /home/airflow/.local/lib/python3.6/site-packages/airflow/example_dags/example_external_task_marker_dag.py for tasks to queue
[2022-03-01 01:59:26,839] {logging_mixin.py:104} INFO - [2022-03-01 01:59:26,839] {dagbag.py:448} INFO - Filling up the DagBag from /home/airflow/.local/lib/python3.6/site-packages/airflow/example_dags/example_external_task_marker_dag.py
[2022-03-01 01:59:26,860] {scheduler_job.py:639} INFO - DAG(s) dict_keys(['example_external_task_marker_parent', 'example_external_task_marker_child']) retrieved from /home/airflow/.local/lib/python3.6/site-packages/airflow/example_dags/example_external_task_marker_dag.py
[2022-03-01 01:59:26,934] {logging_mixin.py:104} INFO - [2022-03-01 01:59:26,934] {dag.py:1818} INFO - Sync 2 DAGs
[2022-03-01 01:59:26,974] {logging_mixin.py:104} INFO - [2022-03-01 01:59:26,974] {dag.py:2273} INFO - Setting next_dagrun for example_external_task_marker_child to None
[2022-03-01 01:59:26,978] {logging_mixin.py:104} INFO - [2022-03-01 01:59:26,977] {dag.py:2273} INFO - Setting next_dagrun for example_external_task_marker_parent to None
[2022-03-01 01:59:26,995] {scheduler_job.py:190} INFO - Processing /home/airflow/.local/lib/python3.6/site-packages/airflow/example_dags/example_external_task_marker_dag.py took 0.167 seconds
[2022-03-01 01:59:57,673] {scheduler_job.py:182} INFO - Started process (PID=651) to work on /home/airflow/.local/lib/python3.6/site-packages/airflow/example_dags/example_external_task_marker_dag.py
[2022-03-01 01:59:57,675] {scheduler_job.py:629} INFO - Processing file /home/airflow/.local/lib/python3.6/site-packages/airflow/example_dags/example_external_task_marker_dag.py for tasks to queue
[2022-03-01 01:59:57,676] {logging_mixin.py:104} INFO - [2022-03-01 01:59:57,676] {dagbag.py:448} INFO - Filling up the DagBag from /home/airflow/.local/lib/python3.6/site-packages/airflow/example_dags/example_external_task_marker_dag.py
[2022-03-01 01:59:57,690] {scheduler_job.py:639} INFO - DAG(s) dict_keys(['example_external_task_marker_parent', 'example_external_task_marker_child']) retrieved from /home/airflow/.local/lib/python3.6/site-packages/airflow/example_dags/example_external_task_marker_dag.py
[2022-03-01 01:59:57,728] {logging_mixin.py:104} INFO - [2022-03-01 01:59:57,727] {dag.py:1818} INFO - Sync 2 DAGs
[2022-03-01 01:59:57,750] {logging_mixin.py:104} INFO - [2022-03-01 01:59:57,750] {dag.py:2273} INFO - Setting next_dagrun for example_external_task_marker_child to None
[2022-03-01 01:59:57,752] {logging_mixin.py:104} INFO - [2022-03-01 01:59:57,752] {dag.py:2273} INFO - Setting next_dagrun for example_external_task_marker_parent to None
[2022-03-01 01:59:57,764] {scheduler_job.py:190} INFO - Processing /home/airflow/.local/lib/python3.6/site-packages/airflow/example_dags/example_external_task_marker_dag.py took 0.095 seconds
[2022-03-01 02:00:28,234] {scheduler_job.py:182} INFO - Started process (PID=677) to work on /home/airflow/.local/lib/python3.6/site-packages/airflow/example_dags/example_external_task_marker_dag.py
[2022-03-01 02:00:28,237] {scheduler_job.py:629} INFO - Processing file /home/airflow/.local/lib/python3.6/site-packages/airflow/example_dags/example_external_task_marker_dag.py for tasks to queue
[2022-03-01 02:00:28,238] {logging_mixin.py:104} INFO - [2022-03-01 02:00:28,238] {dagbag.py:448} INFO - Filling up the DagBag from /home/airflow/.local/lib/python3.6/site-packages/airflow/example_dags/example_external_task_marker_dag.py
[2022-03-01 02:00:28,255] {scheduler_job.py:639} INFO - DAG(s) dict_keys(['example_external_task_marker_parent', 'example_external_task_marker_child']) retrieved from /home/airflow/.local/lib/python3.6/site-packages/airflow/example_dags/example_external_task_marker_dag.py
[2022-03-01 02:00:28,282] {logging_mixin.py:104} INFO - [2022-03-01 02:00:28,282] {dag.py:1818} INFO - Sync 2 DAGs
[2022-03-01 02:00:28,301] {logging_mixin.py:104} INFO - [2022-03-01 02:00:28,300] {dag.py:2273} INFO - Setting next_dagrun for example_external_task_marker_child to None
[2022-03-01 02:00:28,302] {logging_mixin.py:104} INFO - [2022-03-01 02:00:28,302] {dag.py:2273} INFO - Setting next_dagrun for example_external_task_marker_parent to None
[2022-03-01 02:00:28,312] {scheduler_job.py:190} INFO - Processing /home/airflow/.local/lib/python3.6/site-packages/airflow/example_dags/example_external_task_marker_dag.py took 0.083 seconds
[2022-03-01 02:00:58,834] {scheduler_job.py:182} INFO - Started process (PID=703) to work on /home/airflow/.local/lib/python3.6/site-packages/airflow/example_dags/example_external_task_marker_dag.py
[2022-03-01 02:00:58,836] {scheduler_job.py:629} INFO - Processing file /home/airflow/.local/lib/python3.6/site-packages/airflow/example_dags/example_external_task_marker_dag.py for tasks to queue
[2022-03-01 02:00:58,837] {logging_mixin.py:104} INFO - [2022-03-01 02:00:58,837] {dagbag.py:448} INFO - Filling up the DagBag from /home/airflow/.local/lib/python3.6/site-packages/airflow/example_dags/example_external_task_marker_dag.py
[2022-03-01 02:00:58,854] {scheduler_job.py:639} INFO - DAG(s) dict_keys(['example_external_task_marker_parent', 'example_external_task_marker_child']) retrieved from /home/airflow/.local/lib/python3.6/site-packages/airflow/example_dags/example_external_task_marker_dag.py
[2022-03-01 02:00:58,887] {logging_mixin.py:104} INFO - [2022-03-01 02:00:58,887] {dag.py:1818} INFO - Sync 2 DAGs
[2022-03-01 02:00:58,904] {logging_mixin.py:104} INFO - [2022-03-01 02:00:58,903] {dag.py:2273} INFO - Setting next_dagrun for example_external_task_marker_child to None
[2022-03-01 02:00:58,905] {logging_mixin.py:104} INFO - [2022-03-01 02:00:58,905] {dag.py:2273} INFO - Setting next_dagrun for example_external_task_marker_parent to None
[2022-03-01 02:00:58,916] {scheduler_job.py:190} INFO - Processing /home/airflow/.local/lib/python3.6/site-packages/airflow/example_dags/example_external_task_marker_dag.py took 0.086 seconds
[2022-03-01 02:01:29,411] {scheduler_job.py:182} INFO - Started process (PID=729) to work on /home/airflow/.local/lib/python3.6/site-packages/airflow/example_dags/example_external_task_marker_dag.py
[2022-03-01 02:01:29,415] {scheduler_job.py:629} INFO - Processing file /home/airflow/.local/lib/python3.6/site-packages/airflow/example_dags/example_external_task_marker_dag.py for tasks to queue
[2022-03-01 02:01:29,417] {logging_mixin.py:104} INFO - [2022-03-01 02:01:29,417] {dagbag.py:448} INFO - Filling up the DagBag from /home/airflow/.local/lib/python3.6/site-packages/airflow/example_dags/example_external_task_marker_dag.py
[2022-03-01 02:01:29,438] {scheduler_job.py:639} INFO - DAG(s) dict_keys(['example_external_task_marker_parent', 'example_external_task_marker_child']) retrieved from /home/airflow/.local/lib/python3.6/site-packages/airflow/example_dags/example_external_task_marker_dag.py
[2022-03-01 02:01:29,469] {logging_mixin.py:104} INFO - [2022-03-01 02:01:29,469] {dag.py:1818} INFO - Sync 2 DAGs
[2022-03-01 02:01:29,487] {logging_mixin.py:104} INFO - [2022-03-01 02:01:29,487] {dag.py:2273} INFO - Setting next_dagrun for example_external_task_marker_child to None
[2022-03-01 02:01:29,489] {logging_mixin.py:104} INFO - [2022-03-01 02:01:29,489] {dag.py:2273} INFO - Setting next_dagrun for example_external_task_marker_parent to None
[2022-03-01 02:01:29,499] {scheduler_job.py:190} INFO - Processing /home/airflow/.local/lib/python3.6/site-packages/airflow/example_dags/example_external_task_marker_dag.py took 0.092 seconds
[2022-03-01 02:01:59,910] {scheduler_job.py:182} INFO - Started process (PID=755) to work on /home/airflow/.local/lib/python3.6/site-packages/airflow/example_dags/example_external_task_marker_dag.py
[2022-03-01 02:01:59,912] {scheduler_job.py:629} INFO - Processing file /home/airflow/.local/lib/python3.6/site-packages/airflow/example_dags/example_external_task_marker_dag.py for tasks to queue
[2022-03-01 02:01:59,914] {logging_mixin.py:104} INFO - [2022-03-01 02:01:59,914] {dagbag.py:448} INFO - Filling up the DagBag from /home/airflow/.local/lib/python3.6/site-packages/airflow/example_dags/example_external_task_marker_dag.py
[2022-03-01 02:01:59,932] {scheduler_job.py:639} INFO - DAG(s) dict_keys(['example_external_task_marker_parent', 'example_external_task_marker_child']) retrieved from /home/airflow/.local/lib/python3.6/site-packages/airflow/example_dags/example_external_task_marker_dag.py
[2022-03-01 02:01:59,961] {logging_mixin.py:104} INFO - [2022-03-01 02:01:59,961] {dag.py:1818} INFO - Sync 2 DAGs
[2022-03-01 02:01:59,982] {logging_mixin.py:104} INFO - [2022-03-01 02:01:59,982] {dag.py:2273} INFO - Setting next_dagrun for example_external_task_marker_child to None
[2022-03-01 02:01:59,984] {logging_mixin.py:104} INFO - [2022-03-01 02:01:59,984] {dag.py:2273} INFO - Setting next_dagrun for example_external_task_marker_parent to None
[2022-03-01 02:01:59,995] {scheduler_job.py:190} INFO - Processing /home/airflow/.local/lib/python3.6/site-packages/airflow/example_dags/example_external_task_marker_dag.py took 0.090 seconds
[2022-03-01 02:02:30,569] {scheduler_job.py:182} INFO - Started process (PID=781) to work on /home/airflow/.local/lib/python3.6/site-packages/airflow/example_dags/example_external_task_marker_dag.py
[2022-03-01 02:02:30,572] {scheduler_job.py:629} INFO - Processing file /home/airflow/.local/lib/python3.6/site-packages/airflow/example_dags/example_external_task_marker_dag.py for tasks to queue
[2022-03-01 02:02:30,573] {logging_mixin.py:104} INFO - [2022-03-01 02:02:30,573] {dagbag.py:448} INFO - Filling up the DagBag from /home/airflow/.local/lib/python3.6/site-packages/airflow/example_dags/example_external_task_marker_dag.py
[2022-03-01 02:02:30,595] {scheduler_job.py:639} INFO - DAG(s) dict_keys(['example_external_task_marker_parent', 'example_external_task_marker_child']) retrieved from /home/airflow/.local/lib/python3.6/site-packages/airflow/example_dags/example_external_task_marker_dag.py
[2022-03-01 02:02:30,635] {logging_mixin.py:104} INFO - [2022-03-01 02:02:30,635] {dag.py:1818} INFO - Sync 2 DAGs
[2022-03-01 02:02:30,660] {logging_mixin.py:104} INFO - [2022-03-01 02:02:30,660] {dag.py:2273} INFO - Setting next_dagrun for example_external_task_marker_child to None
[2022-03-01 02:02:30,662] {logging_mixin.py:104} INFO - [2022-03-01 02:02:30,662] {dag.py:2273} INFO - Setting next_dagrun for example_external_task_marker_parent to None
[2022-03-01 02:02:30,674] {scheduler_job.py:190} INFO - Processing /home/airflow/.local/lib/python3.6/site-packages/airflow/example_dags/example_external_task_marker_dag.py took 0.111 seconds
