[2022-03-01 01:48:11,668] {scheduler_job.py:182} INFO - Started process (PID=45) to work on /home/airflow/.local/lib/python3.6/site-packages/airflow/example_dags/example_skip_dag.py
[2022-03-01 01:48:11,672] {scheduler_job.py:629} INFO - Processing file /home/airflow/.local/lib/python3.6/site-packages/airflow/example_dags/example_skip_dag.py for tasks to queue
[2022-03-01 01:48:11,674] {logging_mixin.py:104} INFO - [2022-03-01 01:48:11,674] {dagbag.py:448} INFO - Filling up the DagBag from /home/airflow/.local/lib/python3.6/site-packages/airflow/example_dags/example_skip_dag.py
[2022-03-01 01:48:11,709] {scheduler_job.py:639} INFO - DAG(s) dict_keys(['example_skip_dag']) retrieved from /home/airflow/.local/lib/python3.6/site-packages/airflow/example_dags/example_skip_dag.py
[2022-03-01 01:48:11,766] {logging_mixin.py:104} INFO - [2022-03-01 01:48:11,766] {dag.py:1818} INFO - Sync 1 DAGs
[2022-03-01 01:48:11,788] {logging_mixin.py:104} INFO - [2022-03-01 01:48:11,787] {dag.py:1837} INFO - Creating ORM DAG for example_skip_dag
[2022-03-01 01:48:11,799] {logging_mixin.py:104} INFO - [2022-03-01 01:48:11,799] {dag.py:2273} INFO - Setting next_dagrun for example_skip_dag to 2022-02-27 00:00:00+00:00
[2022-03-01 01:48:11,827] {scheduler_job.py:190} INFO - Processing /home/airflow/.local/lib/python3.6/site-packages/airflow/example_dags/example_skip_dag.py took 0.166 seconds
[2022-03-01 01:48:41,991] {scheduler_job.py:182} INFO - Started process (PID=71) to work on /home/airflow/.local/lib/python3.6/site-packages/airflow/example_dags/example_skip_dag.py
[2022-03-01 01:48:41,993] {scheduler_job.py:629} INFO - Processing file /home/airflow/.local/lib/python3.6/site-packages/airflow/example_dags/example_skip_dag.py for tasks to queue
[2022-03-01 01:48:41,994] {logging_mixin.py:104} INFO - [2022-03-01 01:48:41,994] {dagbag.py:448} INFO - Filling up the DagBag from /home/airflow/.local/lib/python3.6/site-packages/airflow/example_dags/example_skip_dag.py
[2022-03-01 01:48:42,009] {scheduler_job.py:639} INFO - DAG(s) dict_keys(['example_skip_dag']) retrieved from /home/airflow/.local/lib/python3.6/site-packages/airflow/example_dags/example_skip_dag.py
[2022-03-01 01:48:42,036] {logging_mixin.py:104} INFO - [2022-03-01 01:48:42,036] {dag.py:1818} INFO - Sync 1 DAGs
[2022-03-01 01:48:42,058] {logging_mixin.py:104} INFO - [2022-03-01 01:48:42,058] {dag.py:2273} INFO - Setting next_dagrun for example_skip_dag to 2022-02-27 00:00:00+00:00
[2022-03-01 01:48:42,093] {scheduler_job.py:190} INFO - Processing /home/airflow/.local/lib/python3.6/site-packages/airflow/example_dags/example_skip_dag.py took 0.107 seconds
[2022-03-01 01:49:12,432] {scheduler_job.py:182} INFO - Started process (PID=93) to work on /home/airflow/.local/lib/python3.6/site-packages/airflow/example_dags/example_skip_dag.py
[2022-03-01 01:49:12,434] {scheduler_job.py:629} INFO - Processing file /home/airflow/.local/lib/python3.6/site-packages/airflow/example_dags/example_skip_dag.py for tasks to queue
[2022-03-01 01:49:12,435] {logging_mixin.py:104} INFO - [2022-03-01 01:49:12,435] {dagbag.py:448} INFO - Filling up the DagBag from /home/airflow/.local/lib/python3.6/site-packages/airflow/example_dags/example_skip_dag.py
[2022-03-01 01:49:12,449] {scheduler_job.py:639} INFO - DAG(s) dict_keys(['example_skip_dag']) retrieved from /home/airflow/.local/lib/python3.6/site-packages/airflow/example_dags/example_skip_dag.py
[2022-03-01 01:49:12,473] {logging_mixin.py:104} INFO - [2022-03-01 01:49:12,473] {dag.py:1818} INFO - Sync 1 DAGs
[2022-03-01 01:49:12,492] {logging_mixin.py:104} INFO - [2022-03-01 01:49:12,492] {dag.py:2273} INFO - Setting next_dagrun for example_skip_dag to 2022-02-27 00:00:00+00:00
[2022-03-01 01:49:12,502] {scheduler_job.py:190} INFO - Processing /home/airflow/.local/lib/python3.6/site-packages/airflow/example_dags/example_skip_dag.py took 0.074 seconds
[2022-03-01 01:49:43,007] {scheduler_job.py:182} INFO - Started process (PID=119) to work on /home/airflow/.local/lib/python3.6/site-packages/airflow/example_dags/example_skip_dag.py
[2022-03-01 01:49:43,010] {scheduler_job.py:629} INFO - Processing file /home/airflow/.local/lib/python3.6/site-packages/airflow/example_dags/example_skip_dag.py for tasks to queue
[2022-03-01 01:49:43,011] {logging_mixin.py:104} INFO - [2022-03-01 01:49:43,011] {dagbag.py:448} INFO - Filling up the DagBag from /home/airflow/.local/lib/python3.6/site-packages/airflow/example_dags/example_skip_dag.py
[2022-03-01 01:49:43,025] {scheduler_job.py:639} INFO - DAG(s) dict_keys(['example_skip_dag']) retrieved from /home/airflow/.local/lib/python3.6/site-packages/airflow/example_dags/example_skip_dag.py
[2022-03-01 01:49:43,054] {logging_mixin.py:104} INFO - [2022-03-01 01:49:43,054] {dag.py:1818} INFO - Sync 1 DAGs
[2022-03-01 01:49:43,074] {logging_mixin.py:104} INFO - [2022-03-01 01:49:43,073] {dag.py:2273} INFO - Setting next_dagrun for example_skip_dag to 2022-02-27 00:00:00+00:00
[2022-03-01 01:49:43,083] {scheduler_job.py:190} INFO - Processing /home/airflow/.local/lib/python3.6/site-packages/airflow/example_dags/example_skip_dag.py took 0.080 seconds
[2022-03-01 01:50:14,513] {scheduler_job.py:182} INFO - Started process (PID=171) to work on /home/airflow/.local/lib/python3.6/site-packages/airflow/example_dags/example_skip_dag.py
[2022-03-01 01:50:14,515] {scheduler_job.py:629} INFO - Processing file /home/airflow/.local/lib/python3.6/site-packages/airflow/example_dags/example_skip_dag.py for tasks to queue
[2022-03-01 01:50:14,516] {logging_mixin.py:104} INFO - [2022-03-01 01:50:14,516] {dagbag.py:448} INFO - Filling up the DagBag from /home/airflow/.local/lib/python3.6/site-packages/airflow/example_dags/example_skip_dag.py
[2022-03-01 01:50:14,532] {scheduler_job.py:639} INFO - DAG(s) dict_keys(['example_skip_dag']) retrieved from /home/airflow/.local/lib/python3.6/site-packages/airflow/example_dags/example_skip_dag.py
[2022-03-01 01:50:14,562] {logging_mixin.py:104} INFO - [2022-03-01 01:50:14,562] {dag.py:1818} INFO - Sync 1 DAGs
[2022-03-01 01:50:14,584] {logging_mixin.py:104} INFO - [2022-03-01 01:50:14,584] {dag.py:2273} INFO - Setting next_dagrun for example_skip_dag to 2022-02-27 00:00:00+00:00
[2022-03-01 01:50:14,597] {scheduler_job.py:190} INFO - Processing /home/airflow/.local/lib/python3.6/site-packages/airflow/example_dags/example_skip_dag.py took 0.089 seconds
[2022-03-01 01:50:45,218] {scheduler_job.py:182} INFO - Started process (PID=197) to work on /home/airflow/.local/lib/python3.6/site-packages/airflow/example_dags/example_skip_dag.py
[2022-03-01 01:50:45,221] {scheduler_job.py:629} INFO - Processing file /home/airflow/.local/lib/python3.6/site-packages/airflow/example_dags/example_skip_dag.py for tasks to queue
[2022-03-01 01:50:45,222] {logging_mixin.py:104} INFO - [2022-03-01 01:50:45,222] {dagbag.py:448} INFO - Filling up the DagBag from /home/airflow/.local/lib/python3.6/site-packages/airflow/example_dags/example_skip_dag.py
[2022-03-01 01:50:45,236] {scheduler_job.py:639} INFO - DAG(s) dict_keys(['example_skip_dag']) retrieved from /home/airflow/.local/lib/python3.6/site-packages/airflow/example_dags/example_skip_dag.py
[2022-03-01 01:50:45,261] {logging_mixin.py:104} INFO - [2022-03-01 01:50:45,261] {dag.py:1818} INFO - Sync 1 DAGs
[2022-03-01 01:50:45,279] {logging_mixin.py:104} INFO - [2022-03-01 01:50:45,279] {dag.py:2273} INFO - Setting next_dagrun for example_skip_dag to 2022-02-27 00:00:00+00:00
[2022-03-01 01:50:45,290] {scheduler_job.py:190} INFO - Processing /home/airflow/.local/lib/python3.6/site-packages/airflow/example_dags/example_skip_dag.py took 0.076 seconds
[2022-03-01 01:51:16,377] {scheduler_job.py:182} INFO - Started process (PID=227) to work on /home/airflow/.local/lib/python3.6/site-packages/airflow/example_dags/example_skip_dag.py
[2022-03-01 01:51:16,379] {scheduler_job.py:629} INFO - Processing file /home/airflow/.local/lib/python3.6/site-packages/airflow/example_dags/example_skip_dag.py for tasks to queue
[2022-03-01 01:51:16,381] {logging_mixin.py:104} INFO - [2022-03-01 01:51:16,381] {dagbag.py:448} INFO - Filling up the DagBag from /home/airflow/.local/lib/python3.6/site-packages/airflow/example_dags/example_skip_dag.py
[2022-03-01 01:51:16,407] {scheduler_job.py:639} INFO - DAG(s) dict_keys(['example_skip_dag']) retrieved from /home/airflow/.local/lib/python3.6/site-packages/airflow/example_dags/example_skip_dag.py
[2022-03-01 01:51:16,440] {logging_mixin.py:104} INFO - [2022-03-01 01:51:16,440] {dag.py:1818} INFO - Sync 1 DAGs
[2022-03-01 01:51:16,458] {logging_mixin.py:104} INFO - [2022-03-01 01:51:16,458] {dag.py:2273} INFO - Setting next_dagrun for example_skip_dag to 2022-02-27 00:00:00+00:00
[2022-03-01 01:51:16,468] {scheduler_job.py:190} INFO - Processing /home/airflow/.local/lib/python3.6/site-packages/airflow/example_dags/example_skip_dag.py took 0.095 seconds
[2022-03-01 01:51:46,784] {scheduler_job.py:182} INFO - Started process (PID=249) to work on /home/airflow/.local/lib/python3.6/site-packages/airflow/example_dags/example_skip_dag.py
[2022-03-01 01:51:46,786] {scheduler_job.py:629} INFO - Processing file /home/airflow/.local/lib/python3.6/site-packages/airflow/example_dags/example_skip_dag.py for tasks to queue
[2022-03-01 01:51:46,787] {logging_mixin.py:104} INFO - [2022-03-01 01:51:46,787] {dagbag.py:448} INFO - Filling up the DagBag from /home/airflow/.local/lib/python3.6/site-packages/airflow/example_dags/example_skip_dag.py
[2022-03-01 01:51:46,802] {scheduler_job.py:639} INFO - DAG(s) dict_keys(['example_skip_dag']) retrieved from /home/airflow/.local/lib/python3.6/site-packages/airflow/example_dags/example_skip_dag.py
[2022-03-01 01:51:46,829] {logging_mixin.py:104} INFO - [2022-03-01 01:51:46,829] {dag.py:1818} INFO - Sync 1 DAGs
[2022-03-01 01:51:46,848] {logging_mixin.py:104} INFO - [2022-03-01 01:51:46,848] {dag.py:2273} INFO - Setting next_dagrun for example_skip_dag to 2022-02-27 00:00:00+00:00
[2022-03-01 01:51:46,858] {scheduler_job.py:190} INFO - Processing /home/airflow/.local/lib/python3.6/site-packages/airflow/example_dags/example_skip_dag.py took 0.079 seconds
[2022-03-01 01:52:17,456] {scheduler_job.py:182} INFO - Started process (PID=275) to work on /home/airflow/.local/lib/python3.6/site-packages/airflow/example_dags/example_skip_dag.py
[2022-03-01 01:52:17,458] {scheduler_job.py:629} INFO - Processing file /home/airflow/.local/lib/python3.6/site-packages/airflow/example_dags/example_skip_dag.py for tasks to queue
[2022-03-01 01:52:17,460] {logging_mixin.py:104} INFO - [2022-03-01 01:52:17,459] {dagbag.py:448} INFO - Filling up the DagBag from /home/airflow/.local/lib/python3.6/site-packages/airflow/example_dags/example_skip_dag.py
[2022-03-01 01:52:17,474] {scheduler_job.py:639} INFO - DAG(s) dict_keys(['example_skip_dag']) retrieved from /home/airflow/.local/lib/python3.6/site-packages/airflow/example_dags/example_skip_dag.py
[2022-03-01 01:52:17,499] {logging_mixin.py:104} INFO - [2022-03-01 01:52:17,499] {dag.py:1818} INFO - Sync 1 DAGs
[2022-03-01 01:52:17,517] {logging_mixin.py:104} INFO - [2022-03-01 01:52:17,517] {dag.py:2273} INFO - Setting next_dagrun for example_skip_dag to 2022-02-27 00:00:00+00:00
[2022-03-01 01:52:17,527] {scheduler_job.py:190} INFO - Processing /home/airflow/.local/lib/python3.6/site-packages/airflow/example_dags/example_skip_dag.py took 0.076 seconds
[2022-03-01 01:52:48,219] {scheduler_job.py:182} INFO - Started process (PID=301) to work on /home/airflow/.local/lib/python3.6/site-packages/airflow/example_dags/example_skip_dag.py
[2022-03-01 01:52:48,221] {scheduler_job.py:629} INFO - Processing file /home/airflow/.local/lib/python3.6/site-packages/airflow/example_dags/example_skip_dag.py for tasks to queue
[2022-03-01 01:52:48,224] {logging_mixin.py:104} INFO - [2022-03-01 01:52:48,224] {dagbag.py:448} INFO - Filling up the DagBag from /home/airflow/.local/lib/python3.6/site-packages/airflow/example_dags/example_skip_dag.py
[2022-03-01 01:52:48,242] {scheduler_job.py:639} INFO - DAG(s) dict_keys(['example_skip_dag']) retrieved from /home/airflow/.local/lib/python3.6/site-packages/airflow/example_dags/example_skip_dag.py
[2022-03-01 01:52:48,273] {logging_mixin.py:104} INFO - [2022-03-01 01:52:48,273] {dag.py:1818} INFO - Sync 1 DAGs
[2022-03-01 01:52:48,298] {logging_mixin.py:104} INFO - [2022-03-01 01:52:48,298] {dag.py:2273} INFO - Setting next_dagrun for example_skip_dag to 2022-02-27 00:00:00+00:00
[2022-03-01 01:52:48,316] {scheduler_job.py:190} INFO - Processing /home/airflow/.local/lib/python3.6/site-packages/airflow/example_dags/example_skip_dag.py took 0.101 seconds
[2022-03-01 01:53:18,518] {scheduler_job.py:182} INFO - Started process (PID=327) to work on /home/airflow/.local/lib/python3.6/site-packages/airflow/example_dags/example_skip_dag.py
[2022-03-01 01:53:18,521] {scheduler_job.py:629} INFO - Processing file /home/airflow/.local/lib/python3.6/site-packages/airflow/example_dags/example_skip_dag.py for tasks to queue
[2022-03-01 01:53:18,522] {logging_mixin.py:104} INFO - [2022-03-01 01:53:18,522] {dagbag.py:448} INFO - Filling up the DagBag from /home/airflow/.local/lib/python3.6/site-packages/airflow/example_dags/example_skip_dag.py
[2022-03-01 01:53:18,539] {scheduler_job.py:639} INFO - DAG(s) dict_keys(['example_skip_dag']) retrieved from /home/airflow/.local/lib/python3.6/site-packages/airflow/example_dags/example_skip_dag.py
[2022-03-01 01:53:18,567] {logging_mixin.py:104} INFO - [2022-03-01 01:53:18,567] {dag.py:1818} INFO - Sync 1 DAGs
[2022-03-01 01:53:18,592] {logging_mixin.py:104} INFO - [2022-03-01 01:53:18,592] {dag.py:2273} INFO - Setting next_dagrun for example_skip_dag to 2022-02-27 00:00:00+00:00
[2022-03-01 01:53:18,601] {scheduler_job.py:190} INFO - Processing /home/airflow/.local/lib/python3.6/site-packages/airflow/example_dags/example_skip_dag.py took 0.087 seconds
[2022-03-01 01:53:49,346] {scheduler_job.py:182} INFO - Started process (PID=355) to work on /home/airflow/.local/lib/python3.6/site-packages/airflow/example_dags/example_skip_dag.py
[2022-03-01 01:53:49,349] {scheduler_job.py:629} INFO - Processing file /home/airflow/.local/lib/python3.6/site-packages/airflow/example_dags/example_skip_dag.py for tasks to queue
[2022-03-01 01:53:49,350] {logging_mixin.py:104} INFO - [2022-03-01 01:53:49,350] {dagbag.py:448} INFO - Filling up the DagBag from /home/airflow/.local/lib/python3.6/site-packages/airflow/example_dags/example_skip_dag.py
[2022-03-01 01:53:49,363] {scheduler_job.py:639} INFO - DAG(s) dict_keys(['example_skip_dag']) retrieved from /home/airflow/.local/lib/python3.6/site-packages/airflow/example_dags/example_skip_dag.py
[2022-03-01 01:53:49,393] {logging_mixin.py:104} INFO - [2022-03-01 01:53:49,393] {dag.py:1818} INFO - Sync 1 DAGs
[2022-03-01 01:53:49,411] {logging_mixin.py:104} INFO - [2022-03-01 01:53:49,411] {dag.py:2273} INFO - Setting next_dagrun for example_skip_dag to 2022-02-27 00:00:00+00:00
[2022-03-01 01:53:49,421] {scheduler_job.py:190} INFO - Processing /home/airflow/.local/lib/python3.6/site-packages/airflow/example_dags/example_skip_dag.py took 0.079 seconds
[2022-03-01 01:54:20,010] {scheduler_job.py:182} INFO - Started process (PID=382) to work on /home/airflow/.local/lib/python3.6/site-packages/airflow/example_dags/example_skip_dag.py
[2022-03-01 01:54:20,012] {scheduler_job.py:629} INFO - Processing file /home/airflow/.local/lib/python3.6/site-packages/airflow/example_dags/example_skip_dag.py for tasks to queue
[2022-03-01 01:54:20,013] {logging_mixin.py:104} INFO - [2022-03-01 01:54:20,013] {dagbag.py:448} INFO - Filling up the DagBag from /home/airflow/.local/lib/python3.6/site-packages/airflow/example_dags/example_skip_dag.py
[2022-03-01 01:54:20,025] {scheduler_job.py:639} INFO - DAG(s) dict_keys(['example_skip_dag']) retrieved from /home/airflow/.local/lib/python3.6/site-packages/airflow/example_dags/example_skip_dag.py
[2022-03-01 01:54:20,048] {logging_mixin.py:104} INFO - [2022-03-01 01:54:20,048] {dag.py:1818} INFO - Sync 1 DAGs
[2022-03-01 01:54:20,065] {logging_mixin.py:104} INFO - [2022-03-01 01:54:20,065] {dag.py:2273} INFO - Setting next_dagrun for example_skip_dag to 2022-02-27 00:00:00+00:00
[2022-03-01 01:54:20,076] {scheduler_job.py:190} INFO - Processing /home/airflow/.local/lib/python3.6/site-packages/airflow/example_dags/example_skip_dag.py took 0.070 seconds
[2022-03-01 01:54:50,575] {scheduler_job.py:182} INFO - Started process (PID=405) to work on /home/airflow/.local/lib/python3.6/site-packages/airflow/example_dags/example_skip_dag.py
[2022-03-01 01:54:50,577] {scheduler_job.py:629} INFO - Processing file /home/airflow/.local/lib/python3.6/site-packages/airflow/example_dags/example_skip_dag.py for tasks to queue
[2022-03-01 01:54:50,579] {logging_mixin.py:104} INFO - [2022-03-01 01:54:50,579] {dagbag.py:448} INFO - Filling up the DagBag from /home/airflow/.local/lib/python3.6/site-packages/airflow/example_dags/example_skip_dag.py
[2022-03-01 01:54:50,593] {scheduler_job.py:639} INFO - DAG(s) dict_keys(['example_skip_dag']) retrieved from /home/airflow/.local/lib/python3.6/site-packages/airflow/example_dags/example_skip_dag.py
[2022-03-01 01:54:50,622] {logging_mixin.py:104} INFO - [2022-03-01 01:54:50,622] {dag.py:1818} INFO - Sync 1 DAGs
[2022-03-01 01:54:50,640] {logging_mixin.py:104} INFO - [2022-03-01 01:54:50,640] {dag.py:2273} INFO - Setting next_dagrun for example_skip_dag to 2022-02-27 00:00:00+00:00
[2022-03-01 01:54:50,657] {scheduler_job.py:190} INFO - Processing /home/airflow/.local/lib/python3.6/site-packages/airflow/example_dags/example_skip_dag.py took 0.087 seconds
[2022-03-01 01:55:21,687] {scheduler_job.py:182} INFO - Started process (PID=432) to work on /home/airflow/.local/lib/python3.6/site-packages/airflow/example_dags/example_skip_dag.py
[2022-03-01 01:55:21,690] {scheduler_job.py:629} INFO - Processing file /home/airflow/.local/lib/python3.6/site-packages/airflow/example_dags/example_skip_dag.py for tasks to queue
[2022-03-01 01:55:21,692] {logging_mixin.py:104} INFO - [2022-03-01 01:55:21,692] {dagbag.py:448} INFO - Filling up the DagBag from /home/airflow/.local/lib/python3.6/site-packages/airflow/example_dags/example_skip_dag.py
[2022-03-01 01:55:21,705] {scheduler_job.py:639} INFO - DAG(s) dict_keys(['example_skip_dag']) retrieved from /home/airflow/.local/lib/python3.6/site-packages/airflow/example_dags/example_skip_dag.py
[2022-03-01 01:55:21,733] {logging_mixin.py:104} INFO - [2022-03-01 01:55:21,733] {dag.py:1818} INFO - Sync 1 DAGs
[2022-03-01 01:55:21,753] {logging_mixin.py:104} INFO - [2022-03-01 01:55:21,752] {dag.py:2273} INFO - Setting next_dagrun for example_skip_dag to 2022-02-27 00:00:00+00:00
[2022-03-01 01:55:21,766] {scheduler_job.py:190} INFO - Processing /home/airflow/.local/lib/python3.6/site-packages/airflow/example_dags/example_skip_dag.py took 0.084 seconds
[2022-03-01 01:55:52,406] {scheduler_job.py:182} INFO - Started process (PID=458) to work on /home/airflow/.local/lib/python3.6/site-packages/airflow/example_dags/example_skip_dag.py
[2022-03-01 01:55:52,408] {scheduler_job.py:629} INFO - Processing file /home/airflow/.local/lib/python3.6/site-packages/airflow/example_dags/example_skip_dag.py for tasks to queue
[2022-03-01 01:55:52,409] {logging_mixin.py:104} INFO - [2022-03-01 01:55:52,409] {dagbag.py:448} INFO - Filling up the DagBag from /home/airflow/.local/lib/python3.6/site-packages/airflow/example_dags/example_skip_dag.py
[2022-03-01 01:55:52,424] {scheduler_job.py:639} INFO - DAG(s) dict_keys(['example_skip_dag']) retrieved from /home/airflow/.local/lib/python3.6/site-packages/airflow/example_dags/example_skip_dag.py
[2022-03-01 01:55:52,449] {logging_mixin.py:104} INFO - [2022-03-01 01:55:52,449] {dag.py:1818} INFO - Sync 1 DAGs
[2022-03-01 01:55:52,474] {logging_mixin.py:104} INFO - [2022-03-01 01:55:52,474] {dag.py:2273} INFO - Setting next_dagrun for example_skip_dag to 2022-02-27 00:00:00+00:00
[2022-03-01 01:55:52,485] {scheduler_job.py:190} INFO - Processing /home/airflow/.local/lib/python3.6/site-packages/airflow/example_dags/example_skip_dag.py took 0.084 seconds
[2022-03-01 01:56:23,798] {scheduler_job.py:182} INFO - Started process (PID=484) to work on /home/airflow/.local/lib/python3.6/site-packages/airflow/example_dags/example_skip_dag.py
[2022-03-01 01:56:23,802] {scheduler_job.py:629} INFO - Processing file /home/airflow/.local/lib/python3.6/site-packages/airflow/example_dags/example_skip_dag.py for tasks to queue
[2022-03-01 01:56:23,804] {logging_mixin.py:104} INFO - [2022-03-01 01:56:23,804] {dagbag.py:448} INFO - Filling up the DagBag from /home/airflow/.local/lib/python3.6/site-packages/airflow/example_dags/example_skip_dag.py
[2022-03-01 01:56:23,820] {scheduler_job.py:639} INFO - DAG(s) dict_keys(['example_skip_dag']) retrieved from /home/airflow/.local/lib/python3.6/site-packages/airflow/example_dags/example_skip_dag.py
[2022-03-01 01:56:23,864] {logging_mixin.py:104} INFO - [2022-03-01 01:56:23,864] {dag.py:1818} INFO - Sync 1 DAGs
[2022-03-01 01:56:23,891] {logging_mixin.py:104} INFO - [2022-03-01 01:56:23,891] {dag.py:2273} INFO - Setting next_dagrun for example_skip_dag to 2022-02-27 00:00:00+00:00
[2022-03-01 01:56:23,910] {scheduler_job.py:190} INFO - Processing /home/airflow/.local/lib/python3.6/site-packages/airflow/example_dags/example_skip_dag.py took 0.118 seconds
[2022-03-01 01:56:54,380] {scheduler_job.py:182} INFO - Started process (PID=508) to work on /home/airflow/.local/lib/python3.6/site-packages/airflow/example_dags/example_skip_dag.py
[2022-03-01 01:56:54,382] {scheduler_job.py:629} INFO - Processing file /home/airflow/.local/lib/python3.6/site-packages/airflow/example_dags/example_skip_dag.py for tasks to queue
[2022-03-01 01:56:54,384] {logging_mixin.py:104} INFO - [2022-03-01 01:56:54,384] {dagbag.py:448} INFO - Filling up the DagBag from /home/airflow/.local/lib/python3.6/site-packages/airflow/example_dags/example_skip_dag.py
[2022-03-01 01:56:54,397] {scheduler_job.py:639} INFO - DAG(s) dict_keys(['example_skip_dag']) retrieved from /home/airflow/.local/lib/python3.6/site-packages/airflow/example_dags/example_skip_dag.py
[2022-03-01 01:56:54,423] {logging_mixin.py:104} INFO - [2022-03-01 01:56:54,423] {dag.py:1818} INFO - Sync 1 DAGs
[2022-03-01 01:56:54,442] {logging_mixin.py:104} INFO - [2022-03-01 01:56:54,441] {dag.py:2273} INFO - Setting next_dagrun for example_skip_dag to 2022-02-27 00:00:00+00:00
[2022-03-01 01:56:54,454] {scheduler_job.py:190} INFO - Processing /home/airflow/.local/lib/python3.6/site-packages/airflow/example_dags/example_skip_dag.py took 0.079 seconds
[2022-03-01 01:57:25,013] {scheduler_job.py:182} INFO - Started process (PID=533) to work on /home/airflow/.local/lib/python3.6/site-packages/airflow/example_dags/example_skip_dag.py
[2022-03-01 01:57:25,016] {scheduler_job.py:629} INFO - Processing file /home/airflow/.local/lib/python3.6/site-packages/airflow/example_dags/example_skip_dag.py for tasks to queue
[2022-03-01 01:57:25,017] {logging_mixin.py:104} INFO - [2022-03-01 01:57:25,017] {dagbag.py:448} INFO - Filling up the DagBag from /home/airflow/.local/lib/python3.6/site-packages/airflow/example_dags/example_skip_dag.py
[2022-03-01 01:57:25,040] {scheduler_job.py:639} INFO - DAG(s) dict_keys(['example_skip_dag']) retrieved from /home/airflow/.local/lib/python3.6/site-packages/airflow/example_dags/example_skip_dag.py
[2022-03-01 01:57:25,091] {logging_mixin.py:104} INFO - [2022-03-01 01:57:25,090] {dag.py:1818} INFO - Sync 1 DAGs
[2022-03-01 01:57:25,125] {logging_mixin.py:104} INFO - [2022-03-01 01:57:25,125] {dag.py:2273} INFO - Setting next_dagrun for example_skip_dag to 2022-02-27 00:00:00+00:00
[2022-03-01 01:57:25,138] {scheduler_job.py:190} INFO - Processing /home/airflow/.local/lib/python3.6/site-packages/airflow/example_dags/example_skip_dag.py took 0.132 seconds
[2022-03-01 01:57:55,767] {scheduler_job.py:182} INFO - Started process (PID=560) to work on /home/airflow/.local/lib/python3.6/site-packages/airflow/example_dags/example_skip_dag.py
[2022-03-01 01:57:55,768] {scheduler_job.py:629} INFO - Processing file /home/airflow/.local/lib/python3.6/site-packages/airflow/example_dags/example_skip_dag.py for tasks to queue
[2022-03-01 01:57:55,770] {logging_mixin.py:104} INFO - [2022-03-01 01:57:55,770] {dagbag.py:448} INFO - Filling up the DagBag from /home/airflow/.local/lib/python3.6/site-packages/airflow/example_dags/example_skip_dag.py
[2022-03-01 01:57:55,783] {scheduler_job.py:639} INFO - DAG(s) dict_keys(['example_skip_dag']) retrieved from /home/airflow/.local/lib/python3.6/site-packages/airflow/example_dags/example_skip_dag.py
[2022-03-01 01:57:55,814] {logging_mixin.py:104} INFO - [2022-03-01 01:57:55,814] {dag.py:1818} INFO - Sync 1 DAGs
[2022-03-01 01:57:55,836] {logging_mixin.py:104} INFO - [2022-03-01 01:57:55,836] {dag.py:2273} INFO - Setting next_dagrun for example_skip_dag to 2022-02-27 00:00:00+00:00
[2022-03-01 01:57:55,846] {scheduler_job.py:190} INFO - Processing /home/airflow/.local/lib/python3.6/site-packages/airflow/example_dags/example_skip_dag.py took 0.084 seconds
[2022-03-01 01:58:26,612] {scheduler_job.py:182} INFO - Started process (PID=586) to work on /home/airflow/.local/lib/python3.6/site-packages/airflow/example_dags/example_skip_dag.py
[2022-03-01 01:58:26,635] {scheduler_job.py:629} INFO - Processing file /home/airflow/.local/lib/python3.6/site-packages/airflow/example_dags/example_skip_dag.py for tasks to queue
[2022-03-01 01:58:26,647] {logging_mixin.py:104} INFO - [2022-03-01 01:58:26,646] {dagbag.py:448} INFO - Filling up the DagBag from /home/airflow/.local/lib/python3.6/site-packages/airflow/example_dags/example_skip_dag.py
[2022-03-01 01:58:26,696] {scheduler_job.py:639} INFO - DAG(s) dict_keys(['example_skip_dag']) retrieved from /home/airflow/.local/lib/python3.6/site-packages/airflow/example_dags/example_skip_dag.py
[2022-03-01 01:58:26,751] {logging_mixin.py:104} INFO - [2022-03-01 01:58:26,751] {dag.py:1818} INFO - Sync 1 DAGs
[2022-03-01 01:58:26,783] {logging_mixin.py:104} INFO - [2022-03-01 01:58:26,783] {dag.py:2273} INFO - Setting next_dagrun for example_skip_dag to 2022-02-27 00:00:00+00:00
[2022-03-01 01:58:26,810] {scheduler_job.py:190} INFO - Processing /home/airflow/.local/lib/python3.6/site-packages/airflow/example_dags/example_skip_dag.py took 0.269 seconds
[2022-03-01 01:58:57,908] {scheduler_job.py:182} INFO - Started process (PID=614) to work on /home/airflow/.local/lib/python3.6/site-packages/airflow/example_dags/example_skip_dag.py
[2022-03-01 01:58:57,911] {scheduler_job.py:629} INFO - Processing file /home/airflow/.local/lib/python3.6/site-packages/airflow/example_dags/example_skip_dag.py for tasks to queue
[2022-03-01 01:58:57,912] {logging_mixin.py:104} INFO - [2022-03-01 01:58:57,912] {dagbag.py:448} INFO - Filling up the DagBag from /home/airflow/.local/lib/python3.6/site-packages/airflow/example_dags/example_skip_dag.py
[2022-03-01 01:58:57,928] {scheduler_job.py:639} INFO - DAG(s) dict_keys(['example_skip_dag']) retrieved from /home/airflow/.local/lib/python3.6/site-packages/airflow/example_dags/example_skip_dag.py
[2022-03-01 01:58:57,961] {logging_mixin.py:104} INFO - [2022-03-01 01:58:57,961] {dag.py:1818} INFO - Sync 1 DAGs
[2022-03-01 01:58:57,979] {logging_mixin.py:104} INFO - [2022-03-01 01:58:57,979] {dag.py:2273} INFO - Setting next_dagrun for example_skip_dag to 2022-02-27 00:00:00+00:00
[2022-03-01 01:58:57,990] {scheduler_job.py:190} INFO - Processing /home/airflow/.local/lib/python3.6/site-packages/airflow/example_dags/example_skip_dag.py took 0.088 seconds
[2022-03-01 01:59:28,877] {scheduler_job.py:182} INFO - Started process (PID=640) to work on /home/airflow/.local/lib/python3.6/site-packages/airflow/example_dags/example_skip_dag.py
[2022-03-01 01:59:28,879] {scheduler_job.py:629} INFO - Processing file /home/airflow/.local/lib/python3.6/site-packages/airflow/example_dags/example_skip_dag.py for tasks to queue
[2022-03-01 01:59:28,881] {logging_mixin.py:104} INFO - [2022-03-01 01:59:28,881] {dagbag.py:448} INFO - Filling up the DagBag from /home/airflow/.local/lib/python3.6/site-packages/airflow/example_dags/example_skip_dag.py
[2022-03-01 01:59:28,895] {scheduler_job.py:639} INFO - DAG(s) dict_keys(['example_skip_dag']) retrieved from /home/airflow/.local/lib/python3.6/site-packages/airflow/example_dags/example_skip_dag.py
[2022-03-01 01:59:28,938] {logging_mixin.py:104} INFO - [2022-03-01 01:59:28,938] {dag.py:1818} INFO - Sync 1 DAGs
[2022-03-01 01:59:28,962] {logging_mixin.py:104} INFO - [2022-03-01 01:59:28,961] {dag.py:2273} INFO - Setting next_dagrun for example_skip_dag to 2022-02-27 00:00:00+00:00
[2022-03-01 01:59:28,974] {scheduler_job.py:190} INFO - Processing /home/airflow/.local/lib/python3.6/site-packages/airflow/example_dags/example_skip_dag.py took 0.102 seconds
[2022-03-01 01:59:59,516] {scheduler_job.py:182} INFO - Started process (PID=666) to work on /home/airflow/.local/lib/python3.6/site-packages/airflow/example_dags/example_skip_dag.py
[2022-03-01 01:59:59,518] {scheduler_job.py:629} INFO - Processing file /home/airflow/.local/lib/python3.6/site-packages/airflow/example_dags/example_skip_dag.py for tasks to queue
[2022-03-01 01:59:59,520] {logging_mixin.py:104} INFO - [2022-03-01 01:59:59,520] {dagbag.py:448} INFO - Filling up the DagBag from /home/airflow/.local/lib/python3.6/site-packages/airflow/example_dags/example_skip_dag.py
[2022-03-01 01:59:59,534] {scheduler_job.py:639} INFO - DAG(s) dict_keys(['example_skip_dag']) retrieved from /home/airflow/.local/lib/python3.6/site-packages/airflow/example_dags/example_skip_dag.py
[2022-03-01 01:59:59,573] {logging_mixin.py:104} INFO - [2022-03-01 01:59:59,573] {dag.py:1818} INFO - Sync 1 DAGs
[2022-03-01 01:59:59,593] {logging_mixin.py:104} INFO - [2022-03-01 01:59:59,593] {dag.py:2273} INFO - Setting next_dagrun for example_skip_dag to 2022-02-27 00:00:00+00:00
[2022-03-01 01:59:59,605] {scheduler_job.py:190} INFO - Processing /home/airflow/.local/lib/python3.6/site-packages/airflow/example_dags/example_skip_dag.py took 0.096 seconds
[2022-03-01 02:00:30,043] {scheduler_job.py:182} INFO - Started process (PID=692) to work on /home/airflow/.local/lib/python3.6/site-packages/airflow/example_dags/example_skip_dag.py
[2022-03-01 02:00:30,046] {scheduler_job.py:629} INFO - Processing file /home/airflow/.local/lib/python3.6/site-packages/airflow/example_dags/example_skip_dag.py for tasks to queue
[2022-03-01 02:00:30,048] {logging_mixin.py:104} INFO - [2022-03-01 02:00:30,048] {dagbag.py:448} INFO - Filling up the DagBag from /home/airflow/.local/lib/python3.6/site-packages/airflow/example_dags/example_skip_dag.py
[2022-03-01 02:00:30,063] {scheduler_job.py:639} INFO - DAG(s) dict_keys(['example_skip_dag']) retrieved from /home/airflow/.local/lib/python3.6/site-packages/airflow/example_dags/example_skip_dag.py
[2022-03-01 02:00:30,095] {logging_mixin.py:104} INFO - [2022-03-01 02:00:30,095] {dag.py:1818} INFO - Sync 1 DAGs
[2022-03-01 02:00:30,126] {logging_mixin.py:104} INFO - [2022-03-01 02:00:30,126] {dag.py:2273} INFO - Setting next_dagrun for example_skip_dag to 2022-02-27 00:00:00+00:00
[2022-03-01 02:00:30,137] {scheduler_job.py:190} INFO - Processing /home/airflow/.local/lib/python3.6/site-packages/airflow/example_dags/example_skip_dag.py took 0.098 seconds
[2022-03-01 02:01:00,670] {scheduler_job.py:182} INFO - Started process (PID=718) to work on /home/airflow/.local/lib/python3.6/site-packages/airflow/example_dags/example_skip_dag.py
[2022-03-01 02:01:00,673] {scheduler_job.py:629} INFO - Processing file /home/airflow/.local/lib/python3.6/site-packages/airflow/example_dags/example_skip_dag.py for tasks to queue
[2022-03-01 02:01:00,675] {logging_mixin.py:104} INFO - [2022-03-01 02:01:00,675] {dagbag.py:448} INFO - Filling up the DagBag from /home/airflow/.local/lib/python3.6/site-packages/airflow/example_dags/example_skip_dag.py
[2022-03-01 02:01:00,694] {scheduler_job.py:639} INFO - DAG(s) dict_keys(['example_skip_dag']) retrieved from /home/airflow/.local/lib/python3.6/site-packages/airflow/example_dags/example_skip_dag.py
[2022-03-01 02:01:00,723] {logging_mixin.py:104} INFO - [2022-03-01 02:01:00,722] {dag.py:1818} INFO - Sync 1 DAGs
[2022-03-01 02:01:00,739] {logging_mixin.py:104} INFO - [2022-03-01 02:01:00,739] {dag.py:2273} INFO - Setting next_dagrun for example_skip_dag to 2022-02-27 00:00:00+00:00
[2022-03-01 02:01:00,748] {scheduler_job.py:190} INFO - Processing /home/airflow/.local/lib/python3.6/site-packages/airflow/example_dags/example_skip_dag.py took 0.085 seconds
[2022-03-01 02:01:31,018] {scheduler_job.py:182} INFO - Started process (PID=742) to work on /home/airflow/.local/lib/python3.6/site-packages/airflow/example_dags/example_skip_dag.py
[2022-03-01 02:01:31,021] {scheduler_job.py:629} INFO - Processing file /home/airflow/.local/lib/python3.6/site-packages/airflow/example_dags/example_skip_dag.py for tasks to queue
[2022-03-01 02:01:31,022] {logging_mixin.py:104} INFO - [2022-03-01 02:01:31,022] {dagbag.py:448} INFO - Filling up the DagBag from /home/airflow/.local/lib/python3.6/site-packages/airflow/example_dags/example_skip_dag.py
[2022-03-01 02:01:31,043] {scheduler_job.py:639} INFO - DAG(s) dict_keys(['example_skip_dag']) retrieved from /home/airflow/.local/lib/python3.6/site-packages/airflow/example_dags/example_skip_dag.py
[2022-03-01 02:01:31,071] {logging_mixin.py:104} INFO - [2022-03-01 02:01:31,071] {dag.py:1818} INFO - Sync 1 DAGs
[2022-03-01 02:01:31,091] {logging_mixin.py:104} INFO - [2022-03-01 02:01:31,091] {dag.py:2273} INFO - Setting next_dagrun for example_skip_dag to 2022-02-27 00:00:00+00:00
[2022-03-01 02:01:31,107] {scheduler_job.py:190} INFO - Processing /home/airflow/.local/lib/python3.6/site-packages/airflow/example_dags/example_skip_dag.py took 0.096 seconds
[2022-03-01 02:02:01,608] {scheduler_job.py:182} INFO - Started process (PID=769) to work on /home/airflow/.local/lib/python3.6/site-packages/airflow/example_dags/example_skip_dag.py
[2022-03-01 02:02:01,611] {scheduler_job.py:629} INFO - Processing file /home/airflow/.local/lib/python3.6/site-packages/airflow/example_dags/example_skip_dag.py for tasks to queue
[2022-03-01 02:02:01,613] {logging_mixin.py:104} INFO - [2022-03-01 02:02:01,613] {dagbag.py:448} INFO - Filling up the DagBag from /home/airflow/.local/lib/python3.6/site-packages/airflow/example_dags/example_skip_dag.py
[2022-03-01 02:02:01,634] {scheduler_job.py:639} INFO - DAG(s) dict_keys(['example_skip_dag']) retrieved from /home/airflow/.local/lib/python3.6/site-packages/airflow/example_dags/example_skip_dag.py
[2022-03-01 02:02:01,664] {logging_mixin.py:104} INFO - [2022-03-01 02:02:01,664] {dag.py:1818} INFO - Sync 1 DAGs
[2022-03-01 02:02:01,687] {logging_mixin.py:104} INFO - [2022-03-01 02:02:01,687] {dag.py:2273} INFO - Setting next_dagrun for example_skip_dag to 2022-02-27 00:00:00+00:00
[2022-03-01 02:02:01,702] {scheduler_job.py:190} INFO - Processing /home/airflow/.local/lib/python3.6/site-packages/airflow/example_dags/example_skip_dag.py took 0.101 seconds
