[2022-03-01 01:48:11,423] {scheduler_job.py:182} INFO - Started process (PID=42) to work on /home/airflow/.local/lib/python3.6/site-packages/airflow/example_dags/example_bash_operator.py
[2022-03-01 01:48:11,428] {scheduler_job.py:629} INFO - Processing file /home/airflow/.local/lib/python3.6/site-packages/airflow/example_dags/example_bash_operator.py for tasks to queue
[2022-03-01 01:48:11,430] {logging_mixin.py:104} INFO - [2022-03-01 01:48:11,430] {dagbag.py:448} INFO - Filling up the DagBag from /home/airflow/.local/lib/python3.6/site-packages/airflow/example_dags/example_bash_operator.py
[2022-03-01 01:48:11,452] {scheduler_job.py:639} INFO - DAG(s) dict_keys(['example_bash_operator']) retrieved from /home/airflow/.local/lib/python3.6/site-packages/airflow/example_dags/example_bash_operator.py
[2022-03-01 01:48:11,502] {logging_mixin.py:104} INFO - [2022-03-01 01:48:11,501] {dag.py:1818} INFO - Sync 1 DAGs
[2022-03-01 01:48:11,517] {logging_mixin.py:104} INFO - [2022-03-01 01:48:11,517] {dag.py:1837} INFO - Creating ORM DAG for example_bash_operator
[2022-03-01 01:48:11,539] {logging_mixin.py:104} INFO - [2022-03-01 01:48:11,539] {dag.py:2273} INFO - Setting next_dagrun for example_bash_operator to 2022-02-27 00:00:00+00:00
[2022-03-01 01:48:11,574] {scheduler_job.py:190} INFO - Processing /home/airflow/.local/lib/python3.6/site-packages/airflow/example_dags/example_bash_operator.py took 0.155 seconds
[2022-03-01 01:48:41,866] {scheduler_job.py:182} INFO - Started process (PID=69) to work on /home/airflow/.local/lib/python3.6/site-packages/airflow/example_dags/example_bash_operator.py
[2022-03-01 01:48:41,868] {scheduler_job.py:629} INFO - Processing file /home/airflow/.local/lib/python3.6/site-packages/airflow/example_dags/example_bash_operator.py for tasks to queue
[2022-03-01 01:48:41,870] {logging_mixin.py:104} INFO - [2022-03-01 01:48:41,870] {dagbag.py:448} INFO - Filling up the DagBag from /home/airflow/.local/lib/python3.6/site-packages/airflow/example_dags/example_bash_operator.py
[2022-03-01 01:48:41,891] {scheduler_job.py:639} INFO - DAG(s) dict_keys(['example_bash_operator']) retrieved from /home/airflow/.local/lib/python3.6/site-packages/airflow/example_dags/example_bash_operator.py
[2022-03-01 01:48:41,922] {logging_mixin.py:104} INFO - [2022-03-01 01:48:41,922] {dag.py:1818} INFO - Sync 1 DAGs
[2022-03-01 01:48:41,954] {logging_mixin.py:104} INFO - [2022-03-01 01:48:41,953] {dag.py:2273} INFO - Setting next_dagrun for example_bash_operator to 2022-02-27 00:00:00+00:00
[2022-03-01 01:48:41,965] {scheduler_job.py:190} INFO - Processing /home/airflow/.local/lib/python3.6/site-packages/airflow/example_dags/example_bash_operator.py took 0.105 seconds
[2022-03-01 01:49:12,284] {scheduler_job.py:182} INFO - Started process (PID=90) to work on /home/airflow/.local/lib/python3.6/site-packages/airflow/example_dags/example_bash_operator.py
[2022-03-01 01:49:12,286] {scheduler_job.py:629} INFO - Processing file /home/airflow/.local/lib/python3.6/site-packages/airflow/example_dags/example_bash_operator.py for tasks to queue
[2022-03-01 01:49:12,288] {logging_mixin.py:104} INFO - [2022-03-01 01:49:12,288] {dagbag.py:448} INFO - Filling up the DagBag from /home/airflow/.local/lib/python3.6/site-packages/airflow/example_dags/example_bash_operator.py
[2022-03-01 01:49:12,305] {scheduler_job.py:639} INFO - DAG(s) dict_keys(['example_bash_operator']) retrieved from /home/airflow/.local/lib/python3.6/site-packages/airflow/example_dags/example_bash_operator.py
[2022-03-01 01:49:12,332] {logging_mixin.py:104} INFO - [2022-03-01 01:49:12,332] {dag.py:1818} INFO - Sync 1 DAGs
[2022-03-01 01:49:12,357] {logging_mixin.py:104} INFO - [2022-03-01 01:49:12,357] {dag.py:2273} INFO - Setting next_dagrun for example_bash_operator to 2022-02-27 00:00:00+00:00
[2022-03-01 01:49:12,367] {scheduler_job.py:190} INFO - Processing /home/airflow/.local/lib/python3.6/site-packages/airflow/example_dags/example_bash_operator.py took 0.087 seconds
[2022-03-01 01:49:42,964] {scheduler_job.py:182} INFO - Started process (PID=118) to work on /home/airflow/.local/lib/python3.6/site-packages/airflow/example_dags/example_bash_operator.py
[2022-03-01 01:49:42,966] {scheduler_job.py:629} INFO - Processing file /home/airflow/.local/lib/python3.6/site-packages/airflow/example_dags/example_bash_operator.py for tasks to queue
[2022-03-01 01:49:42,968] {logging_mixin.py:104} INFO - [2022-03-01 01:49:42,968] {dagbag.py:448} INFO - Filling up the DagBag from /home/airflow/.local/lib/python3.6/site-packages/airflow/example_dags/example_bash_operator.py
[2022-03-01 01:49:42,985] {scheduler_job.py:639} INFO - DAG(s) dict_keys(['example_bash_operator']) retrieved from /home/airflow/.local/lib/python3.6/site-packages/airflow/example_dags/example_bash_operator.py
[2022-03-01 01:49:43,014] {logging_mixin.py:104} INFO - [2022-03-01 01:49:43,014] {dag.py:1818} INFO - Sync 1 DAGs
[2022-03-01 01:49:43,042] {logging_mixin.py:104} INFO - [2022-03-01 01:49:43,042] {dag.py:2273} INFO - Setting next_dagrun for example_bash_operator to 2022-02-27 00:00:00+00:00
[2022-03-01 01:49:43,052] {scheduler_job.py:190} INFO - Processing /home/airflow/.local/lib/python3.6/site-packages/airflow/example_dags/example_bash_operator.py took 0.092 seconds
[2022-03-01 01:50:14,493] {scheduler_job.py:182} INFO - Started process (PID=170) to work on /home/airflow/.local/lib/python3.6/site-packages/airflow/example_dags/example_bash_operator.py
[2022-03-01 01:50:14,496] {scheduler_job.py:629} INFO - Processing file /home/airflow/.local/lib/python3.6/site-packages/airflow/example_dags/example_bash_operator.py for tasks to queue
[2022-03-01 01:50:14,497] {logging_mixin.py:104} INFO - [2022-03-01 01:50:14,497] {dagbag.py:448} INFO - Filling up the DagBag from /home/airflow/.local/lib/python3.6/site-packages/airflow/example_dags/example_bash_operator.py
[2022-03-01 01:50:14,515] {scheduler_job.py:639} INFO - DAG(s) dict_keys(['example_bash_operator']) retrieved from /home/airflow/.local/lib/python3.6/site-packages/airflow/example_dags/example_bash_operator.py
[2022-03-01 01:50:14,545] {logging_mixin.py:104} INFO - [2022-03-01 01:50:14,545] {dag.py:1818} INFO - Sync 1 DAGs
[2022-03-01 01:50:14,570] {logging_mixin.py:104} INFO - [2022-03-01 01:50:14,570] {dag.py:2273} INFO - Setting next_dagrun for example_bash_operator to 2022-03-01 00:00:00+00:00
[2022-03-01 01:50:14,582] {scheduler_job.py:190} INFO - Processing /home/airflow/.local/lib/python3.6/site-packages/airflow/example_dags/example_bash_operator.py took 0.094 seconds
[2022-03-01 01:50:45,088] {scheduler_job.py:182} INFO - Started process (PID=195) to work on /home/airflow/.local/lib/python3.6/site-packages/airflow/example_dags/example_bash_operator.py
[2022-03-01 01:50:45,090] {scheduler_job.py:629} INFO - Processing file /home/airflow/.local/lib/python3.6/site-packages/airflow/example_dags/example_bash_operator.py for tasks to queue
[2022-03-01 01:50:45,092] {logging_mixin.py:104} INFO - [2022-03-01 01:50:45,092] {dagbag.py:448} INFO - Filling up the DagBag from /home/airflow/.local/lib/python3.6/site-packages/airflow/example_dags/example_bash_operator.py
[2022-03-01 01:50:45,121] {scheduler_job.py:639} INFO - DAG(s) dict_keys(['example_bash_operator']) retrieved from /home/airflow/.local/lib/python3.6/site-packages/airflow/example_dags/example_bash_operator.py
[2022-03-01 01:50:45,156] {logging_mixin.py:104} INFO - [2022-03-01 01:50:45,156] {dag.py:1818} INFO - Sync 1 DAGs
[2022-03-01 01:50:45,180] {logging_mixin.py:104} INFO - [2022-03-01 01:50:45,180] {dag.py:2273} INFO - Setting next_dagrun for example_bash_operator to 2022-03-01 00:00:00+00:00
[2022-03-01 01:50:45,192] {scheduler_job.py:190} INFO - Processing /home/airflow/.local/lib/python3.6/site-packages/airflow/example_dags/example_bash_operator.py took 0.110 seconds
[2022-03-01 01:51:15,511] {scheduler_job.py:182} INFO - Started process (PID=213) to work on /home/airflow/.local/lib/python3.6/site-packages/airflow/example_dags/example_bash_operator.py
[2022-03-01 01:51:15,513] {scheduler_job.py:629} INFO - Processing file /home/airflow/.local/lib/python3.6/site-packages/airflow/example_dags/example_bash_operator.py for tasks to queue
[2022-03-01 01:51:15,515] {logging_mixin.py:104} INFO - [2022-03-01 01:51:15,515] {dagbag.py:448} INFO - Filling up the DagBag from /home/airflow/.local/lib/python3.6/site-packages/airflow/example_dags/example_bash_operator.py
[2022-03-01 01:51:15,529] {scheduler_job.py:639} INFO - DAG(s) dict_keys(['example_bash_operator']) retrieved from /home/airflow/.local/lib/python3.6/site-packages/airflow/example_dags/example_bash_operator.py
[2022-03-01 01:51:15,554] {logging_mixin.py:104} INFO - [2022-03-01 01:51:15,554] {dag.py:1818} INFO - Sync 1 DAGs
[2022-03-01 01:51:15,574] {logging_mixin.py:104} INFO - [2022-03-01 01:51:15,574] {dag.py:2273} INFO - Setting next_dagrun for example_bash_operator to 2022-03-01 00:00:00+00:00
[2022-03-01 01:51:15,585] {scheduler_job.py:190} INFO - Processing /home/airflow/.local/lib/python3.6/site-packages/airflow/example_dags/example_bash_operator.py took 0.078 seconds
[2022-03-01 01:51:46,147] {scheduler_job.py:182} INFO - Started process (PID=239) to work on /home/airflow/.local/lib/python3.6/site-packages/airflow/example_dags/example_bash_operator.py
[2022-03-01 01:51:46,150] {scheduler_job.py:629} INFO - Processing file /home/airflow/.local/lib/python3.6/site-packages/airflow/example_dags/example_bash_operator.py for tasks to queue
[2022-03-01 01:51:46,151] {logging_mixin.py:104} INFO - [2022-03-01 01:51:46,151] {dagbag.py:448} INFO - Filling up the DagBag from /home/airflow/.local/lib/python3.6/site-packages/airflow/example_dags/example_bash_operator.py
[2022-03-01 01:51:46,168] {scheduler_job.py:639} INFO - DAG(s) dict_keys(['example_bash_operator']) retrieved from /home/airflow/.local/lib/python3.6/site-packages/airflow/example_dags/example_bash_operator.py
[2022-03-01 01:51:46,197] {logging_mixin.py:104} INFO - [2022-03-01 01:51:46,197] {dag.py:1818} INFO - Sync 1 DAGs
[2022-03-01 01:51:46,221] {logging_mixin.py:104} INFO - [2022-03-01 01:51:46,221] {dag.py:2273} INFO - Setting next_dagrun for example_bash_operator to 2022-03-01 00:00:00+00:00
[2022-03-01 01:51:46,232] {scheduler_job.py:190} INFO - Processing /home/airflow/.local/lib/python3.6/site-packages/airflow/example_dags/example_bash_operator.py took 0.090 seconds
[2022-03-01 01:52:16,842] {scheduler_job.py:182} INFO - Started process (PID=265) to work on /home/airflow/.local/lib/python3.6/site-packages/airflow/example_dags/example_bash_operator.py
[2022-03-01 01:52:16,844] {scheduler_job.py:629} INFO - Processing file /home/airflow/.local/lib/python3.6/site-packages/airflow/example_dags/example_bash_operator.py for tasks to queue
[2022-03-01 01:52:16,845] {logging_mixin.py:104} INFO - [2022-03-01 01:52:16,845] {dagbag.py:448} INFO - Filling up the DagBag from /home/airflow/.local/lib/python3.6/site-packages/airflow/example_dags/example_bash_operator.py
[2022-03-01 01:52:16,861] {scheduler_job.py:639} INFO - DAG(s) dict_keys(['example_bash_operator']) retrieved from /home/airflow/.local/lib/python3.6/site-packages/airflow/example_dags/example_bash_operator.py
[2022-03-01 01:52:16,887] {logging_mixin.py:104} INFO - [2022-03-01 01:52:16,887] {dag.py:1818} INFO - Sync 1 DAGs
[2022-03-01 01:52:16,909] {logging_mixin.py:104} INFO - [2022-03-01 01:52:16,909] {dag.py:2273} INFO - Setting next_dagrun for example_bash_operator to 2022-03-01 00:00:00+00:00
[2022-03-01 01:52:16,921] {scheduler_job.py:190} INFO - Processing /home/airflow/.local/lib/python3.6/site-packages/airflow/example_dags/example_bash_operator.py took 0.083 seconds
[2022-03-01 01:52:47,543] {scheduler_job.py:182} INFO - Started process (PID=291) to work on /home/airflow/.local/lib/python3.6/site-packages/airflow/example_dags/example_bash_operator.py
[2022-03-01 01:52:47,545] {scheduler_job.py:629} INFO - Processing file /home/airflow/.local/lib/python3.6/site-packages/airflow/example_dags/example_bash_operator.py for tasks to queue
[2022-03-01 01:52:47,548] {logging_mixin.py:104} INFO - [2022-03-01 01:52:47,547] {dagbag.py:448} INFO - Filling up the DagBag from /home/airflow/.local/lib/python3.6/site-packages/airflow/example_dags/example_bash_operator.py
[2022-03-01 01:52:47,569] {scheduler_job.py:639} INFO - DAG(s) dict_keys(['example_bash_operator']) retrieved from /home/airflow/.local/lib/python3.6/site-packages/airflow/example_dags/example_bash_operator.py
[2022-03-01 01:52:47,609] {logging_mixin.py:104} INFO - [2022-03-01 01:52:47,609] {dag.py:1818} INFO - Sync 1 DAGs
[2022-03-01 01:52:47,639] {logging_mixin.py:104} INFO - [2022-03-01 01:52:47,639] {dag.py:2273} INFO - Setting next_dagrun for example_bash_operator to 2022-03-01 00:00:00+00:00
[2022-03-01 01:52:47,653] {scheduler_job.py:190} INFO - Processing /home/airflow/.local/lib/python3.6/site-packages/airflow/example_dags/example_bash_operator.py took 0.116 seconds
[2022-03-01 01:53:17,993] {scheduler_job.py:182} INFO - Started process (PID=319) to work on /home/airflow/.local/lib/python3.6/site-packages/airflow/example_dags/example_bash_operator.py
[2022-03-01 01:53:17,996] {scheduler_job.py:629} INFO - Processing file /home/airflow/.local/lib/python3.6/site-packages/airflow/example_dags/example_bash_operator.py for tasks to queue
[2022-03-01 01:53:17,998] {logging_mixin.py:104} INFO - [2022-03-01 01:53:17,998] {dagbag.py:448} INFO - Filling up the DagBag from /home/airflow/.local/lib/python3.6/site-packages/airflow/example_dags/example_bash_operator.py
[2022-03-01 01:53:18,015] {scheduler_job.py:639} INFO - DAG(s) dict_keys(['example_bash_operator']) retrieved from /home/airflow/.local/lib/python3.6/site-packages/airflow/example_dags/example_bash_operator.py
[2022-03-01 01:53:18,042] {logging_mixin.py:104} INFO - [2022-03-01 01:53:18,041] {dag.py:1818} INFO - Sync 1 DAGs
[2022-03-01 01:53:18,064] {logging_mixin.py:104} INFO - [2022-03-01 01:53:18,064] {dag.py:2273} INFO - Setting next_dagrun for example_bash_operator to 2022-03-01 00:00:00+00:00
[2022-03-01 01:53:18,078] {scheduler_job.py:190} INFO - Processing /home/airflow/.local/lib/python3.6/site-packages/airflow/example_dags/example_bash_operator.py took 0.090 seconds
[2022-03-01 01:53:48,600] {scheduler_job.py:182} INFO - Started process (PID=343) to work on /home/airflow/.local/lib/python3.6/site-packages/airflow/example_dags/example_bash_operator.py
[2022-03-01 01:53:48,602] {scheduler_job.py:629} INFO - Processing file /home/airflow/.local/lib/python3.6/site-packages/airflow/example_dags/example_bash_operator.py for tasks to queue
[2022-03-01 01:53:48,604] {logging_mixin.py:104} INFO - [2022-03-01 01:53:48,604] {dagbag.py:448} INFO - Filling up the DagBag from /home/airflow/.local/lib/python3.6/site-packages/airflow/example_dags/example_bash_operator.py
[2022-03-01 01:53:48,619] {scheduler_job.py:639} INFO - DAG(s) dict_keys(['example_bash_operator']) retrieved from /home/airflow/.local/lib/python3.6/site-packages/airflow/example_dags/example_bash_operator.py
[2022-03-01 01:53:48,643] {logging_mixin.py:104} INFO - [2022-03-01 01:53:48,643] {dag.py:1818} INFO - Sync 1 DAGs
[2022-03-01 01:53:48,669] {logging_mixin.py:104} INFO - [2022-03-01 01:53:48,669] {dag.py:2273} INFO - Setting next_dagrun for example_bash_operator to 2022-03-01 00:00:00+00:00
[2022-03-01 01:53:48,682] {scheduler_job.py:190} INFO - Processing /home/airflow/.local/lib/python3.6/site-packages/airflow/example_dags/example_bash_operator.py took 0.086 seconds
[2022-03-01 01:54:19,194] {scheduler_job.py:182} INFO - Started process (PID=369) to work on /home/airflow/.local/lib/python3.6/site-packages/airflow/example_dags/example_bash_operator.py
[2022-03-01 01:54:19,196] {scheduler_job.py:629} INFO - Processing file /home/airflow/.local/lib/python3.6/site-packages/airflow/example_dags/example_bash_operator.py for tasks to queue
[2022-03-01 01:54:19,198] {logging_mixin.py:104} INFO - [2022-03-01 01:54:19,198] {dagbag.py:448} INFO - Filling up the DagBag from /home/airflow/.local/lib/python3.6/site-packages/airflow/example_dags/example_bash_operator.py
[2022-03-01 01:54:19,215] {scheduler_job.py:639} INFO - DAG(s) dict_keys(['example_bash_operator']) retrieved from /home/airflow/.local/lib/python3.6/site-packages/airflow/example_dags/example_bash_operator.py
[2022-03-01 01:54:19,240] {logging_mixin.py:104} INFO - [2022-03-01 01:54:19,240] {dag.py:1818} INFO - Sync 1 DAGs
[2022-03-01 01:54:19,282] {logging_mixin.py:104} INFO - [2022-03-01 01:54:19,281] {dag.py:2273} INFO - Setting next_dagrun for example_bash_operator to 2022-03-01 00:00:00+00:00
[2022-03-01 01:54:19,300] {scheduler_job.py:190} INFO - Processing /home/airflow/.local/lib/python3.6/site-packages/airflow/example_dags/example_bash_operator.py took 0.111 seconds
[2022-03-01 01:54:49,857] {scheduler_job.py:182} INFO - Started process (PID=395) to work on /home/airflow/.local/lib/python3.6/site-packages/airflow/example_dags/example_bash_operator.py
[2022-03-01 01:54:49,859] {scheduler_job.py:629} INFO - Processing file /home/airflow/.local/lib/python3.6/site-packages/airflow/example_dags/example_bash_operator.py for tasks to queue
[2022-03-01 01:54:49,861] {logging_mixin.py:104} INFO - [2022-03-01 01:54:49,860] {dagbag.py:448} INFO - Filling up the DagBag from /home/airflow/.local/lib/python3.6/site-packages/airflow/example_dags/example_bash_operator.py
[2022-03-01 01:54:49,878] {scheduler_job.py:639} INFO - DAG(s) dict_keys(['example_bash_operator']) retrieved from /home/airflow/.local/lib/python3.6/site-packages/airflow/example_dags/example_bash_operator.py
[2022-03-01 01:54:49,902] {logging_mixin.py:104} INFO - [2022-03-01 01:54:49,902] {dag.py:1818} INFO - Sync 1 DAGs
[2022-03-01 01:54:49,923] {logging_mixin.py:104} INFO - [2022-03-01 01:54:49,923] {dag.py:2273} INFO - Setting next_dagrun for example_bash_operator to 2022-03-01 00:00:00+00:00
[2022-03-01 01:54:49,937] {scheduler_job.py:190} INFO - Processing /home/airflow/.local/lib/python3.6/site-packages/airflow/example_dags/example_bash_operator.py took 0.084 seconds
[2022-03-01 01:55:20,731] {scheduler_job.py:182} INFO - Started process (PID=421) to work on /home/airflow/.local/lib/python3.6/site-packages/airflow/example_dags/example_bash_operator.py
[2022-03-01 01:55:20,735] {scheduler_job.py:629} INFO - Processing file /home/airflow/.local/lib/python3.6/site-packages/airflow/example_dags/example_bash_operator.py for tasks to queue
[2022-03-01 01:55:20,737] {logging_mixin.py:104} INFO - [2022-03-01 01:55:20,737] {dagbag.py:448} INFO - Filling up the DagBag from /home/airflow/.local/lib/python3.6/site-packages/airflow/example_dags/example_bash_operator.py
[2022-03-01 01:55:20,754] {scheduler_job.py:639} INFO - DAG(s) dict_keys(['example_bash_operator']) retrieved from /home/airflow/.local/lib/python3.6/site-packages/airflow/example_dags/example_bash_operator.py
[2022-03-01 01:55:20,784] {logging_mixin.py:104} INFO - [2022-03-01 01:55:20,783] {dag.py:1818} INFO - Sync 1 DAGs
[2022-03-01 01:55:20,810] {logging_mixin.py:104} INFO - [2022-03-01 01:55:20,809] {dag.py:2273} INFO - Setting next_dagrun for example_bash_operator to 2022-03-01 00:00:00+00:00
[2022-03-01 01:55:20,820] {scheduler_job.py:190} INFO - Processing /home/airflow/.local/lib/python3.6/site-packages/airflow/example_dags/example_bash_operator.py took 0.093 seconds
[2022-03-01 01:55:51,694] {scheduler_job.py:182} INFO - Started process (PID=447) to work on /home/airflow/.local/lib/python3.6/site-packages/airflow/example_dags/example_bash_operator.py
[2022-03-01 01:55:51,696] {scheduler_job.py:629} INFO - Processing file /home/airflow/.local/lib/python3.6/site-packages/airflow/example_dags/example_bash_operator.py for tasks to queue
[2022-03-01 01:55:51,698] {logging_mixin.py:104} INFO - [2022-03-01 01:55:51,697] {dagbag.py:448} INFO - Filling up the DagBag from /home/airflow/.local/lib/python3.6/site-packages/airflow/example_dags/example_bash_operator.py
[2022-03-01 01:55:51,714] {scheduler_job.py:639} INFO - DAG(s) dict_keys(['example_bash_operator']) retrieved from /home/airflow/.local/lib/python3.6/site-packages/airflow/example_dags/example_bash_operator.py
[2022-03-01 01:55:51,740] {logging_mixin.py:104} INFO - [2022-03-01 01:55:51,739] {dag.py:1818} INFO - Sync 1 DAGs
[2022-03-01 01:55:51,763] {logging_mixin.py:104} INFO - [2022-03-01 01:55:51,762] {dag.py:2273} INFO - Setting next_dagrun for example_bash_operator to 2022-03-01 00:00:00+00:00
[2022-03-01 01:55:51,774] {scheduler_job.py:190} INFO - Processing /home/airflow/.local/lib/python3.6/site-packages/airflow/example_dags/example_bash_operator.py took 0.084 seconds
[2022-03-01 01:56:22,540] {scheduler_job.py:182} INFO - Started process (PID=473) to work on /home/airflow/.local/lib/python3.6/site-packages/airflow/example_dags/example_bash_operator.py
[2022-03-01 01:56:22,560] {scheduler_job.py:629} INFO - Processing file /home/airflow/.local/lib/python3.6/site-packages/airflow/example_dags/example_bash_operator.py for tasks to queue
[2022-03-01 01:56:22,576] {logging_mixin.py:104} INFO - [2022-03-01 01:56:22,575] {dagbag.py:448} INFO - Filling up the DagBag from /home/airflow/.local/lib/python3.6/site-packages/airflow/example_dags/example_bash_operator.py
[2022-03-01 01:56:22,607] {scheduler_job.py:639} INFO - DAG(s) dict_keys(['example_bash_operator']) retrieved from /home/airflow/.local/lib/python3.6/site-packages/airflow/example_dags/example_bash_operator.py
[2022-03-01 01:56:22,654] {logging_mixin.py:104} INFO - [2022-03-01 01:56:22,654] {dag.py:1818} INFO - Sync 1 DAGs
[2022-03-01 01:56:22,689] {logging_mixin.py:104} INFO - [2022-03-01 01:56:22,688] {dag.py:2273} INFO - Setting next_dagrun for example_bash_operator to 2022-03-01 00:00:00+00:00
[2022-03-01 01:56:22,702] {scheduler_job.py:190} INFO - Processing /home/airflow/.local/lib/python3.6/site-packages/airflow/example_dags/example_bash_operator.py took 0.185 seconds
[2022-03-01 01:56:52,849] {scheduler_job.py:182} INFO - Started process (PID=499) to work on /home/airflow/.local/lib/python3.6/site-packages/airflow/example_dags/example_bash_operator.py
[2022-03-01 01:56:52,852] {scheduler_job.py:629} INFO - Processing file /home/airflow/.local/lib/python3.6/site-packages/airflow/example_dags/example_bash_operator.py for tasks to queue
[2022-03-01 01:56:52,853] {logging_mixin.py:104} INFO - [2022-03-01 01:56:52,853] {dagbag.py:448} INFO - Filling up the DagBag from /home/airflow/.local/lib/python3.6/site-packages/airflow/example_dags/example_bash_operator.py
[2022-03-01 01:56:52,871] {scheduler_job.py:639} INFO - DAG(s) dict_keys(['example_bash_operator']) retrieved from /home/airflow/.local/lib/python3.6/site-packages/airflow/example_dags/example_bash_operator.py
[2022-03-01 01:56:52,898] {logging_mixin.py:104} INFO - [2022-03-01 01:56:52,897] {dag.py:1818} INFO - Sync 1 DAGs
[2022-03-01 01:56:52,920] {logging_mixin.py:104} INFO - [2022-03-01 01:56:52,920] {dag.py:2273} INFO - Setting next_dagrun for example_bash_operator to 2022-03-01 00:00:00+00:00
[2022-03-01 01:56:52,931] {scheduler_job.py:190} INFO - Processing /home/airflow/.local/lib/python3.6/site-packages/airflow/example_dags/example_bash_operator.py took 0.086 seconds
[2022-03-01 01:57:23,439] {scheduler_job.py:182} INFO - Started process (PID=525) to work on /home/airflow/.local/lib/python3.6/site-packages/airflow/example_dags/example_bash_operator.py
[2022-03-01 01:57:23,441] {scheduler_job.py:629} INFO - Processing file /home/airflow/.local/lib/python3.6/site-packages/airflow/example_dags/example_bash_operator.py for tasks to queue
[2022-03-01 01:57:23,442] {logging_mixin.py:104} INFO - [2022-03-01 01:57:23,442] {dagbag.py:448} INFO - Filling up the DagBag from /home/airflow/.local/lib/python3.6/site-packages/airflow/example_dags/example_bash_operator.py
[2022-03-01 01:57:23,457] {scheduler_job.py:639} INFO - DAG(s) dict_keys(['example_bash_operator']) retrieved from /home/airflow/.local/lib/python3.6/site-packages/airflow/example_dags/example_bash_operator.py
[2022-03-01 01:57:23,482] {logging_mixin.py:104} INFO - [2022-03-01 01:57:23,482] {dag.py:1818} INFO - Sync 1 DAGs
[2022-03-01 01:57:23,506] {logging_mixin.py:104} INFO - [2022-03-01 01:57:23,505] {dag.py:2273} INFO - Setting next_dagrun for example_bash_operator to 2022-03-01 00:00:00+00:00
[2022-03-01 01:57:23,518] {scheduler_job.py:190} INFO - Processing /home/airflow/.local/lib/python3.6/site-packages/airflow/example_dags/example_bash_operator.py took 0.083 seconds
[2022-03-01 01:57:54,290] {scheduler_job.py:182} INFO - Started process (PID=551) to work on /home/airflow/.local/lib/python3.6/site-packages/airflow/example_dags/example_bash_operator.py
[2022-03-01 01:57:54,292] {scheduler_job.py:629} INFO - Processing file /home/airflow/.local/lib/python3.6/site-packages/airflow/example_dags/example_bash_operator.py for tasks to queue
[2022-03-01 01:57:54,293] {logging_mixin.py:104} INFO - [2022-03-01 01:57:54,293] {dagbag.py:448} INFO - Filling up the DagBag from /home/airflow/.local/lib/python3.6/site-packages/airflow/example_dags/example_bash_operator.py
[2022-03-01 01:57:54,309] {scheduler_job.py:639} INFO - DAG(s) dict_keys(['example_bash_operator']) retrieved from /home/airflow/.local/lib/python3.6/site-packages/airflow/example_dags/example_bash_operator.py
[2022-03-01 01:57:54,333] {logging_mixin.py:104} INFO - [2022-03-01 01:57:54,333] {dag.py:1818} INFO - Sync 1 DAGs
[2022-03-01 01:57:54,355] {logging_mixin.py:104} INFO - [2022-03-01 01:57:54,354] {dag.py:2273} INFO - Setting next_dagrun for example_bash_operator to 2022-03-01 00:00:00+00:00
[2022-03-01 01:57:54,366] {scheduler_job.py:190} INFO - Processing /home/airflow/.local/lib/python3.6/site-packages/airflow/example_dags/example_bash_operator.py took 0.079 seconds
[2022-03-01 01:58:24,872] {scheduler_job.py:182} INFO - Started process (PID=577) to work on /home/airflow/.local/lib/python3.6/site-packages/airflow/example_dags/example_bash_operator.py
[2022-03-01 01:58:24,874] {scheduler_job.py:629} INFO - Processing file /home/airflow/.local/lib/python3.6/site-packages/airflow/example_dags/example_bash_operator.py for tasks to queue
[2022-03-01 01:58:24,876] {logging_mixin.py:104} INFO - [2022-03-01 01:58:24,875] {dagbag.py:448} INFO - Filling up the DagBag from /home/airflow/.local/lib/python3.6/site-packages/airflow/example_dags/example_bash_operator.py
[2022-03-01 01:58:24,892] {scheduler_job.py:639} INFO - DAG(s) dict_keys(['example_bash_operator']) retrieved from /home/airflow/.local/lib/python3.6/site-packages/airflow/example_dags/example_bash_operator.py
[2022-03-01 01:58:24,923] {logging_mixin.py:104} INFO - [2022-03-01 01:58:24,923] {dag.py:1818} INFO - Sync 1 DAGs
[2022-03-01 01:58:24,941] {logging_mixin.py:104} INFO - [2022-03-01 01:58:24,941] {dag.py:2273} INFO - Setting next_dagrun for example_bash_operator to 2022-03-01 00:00:00+00:00
[2022-03-01 01:58:24,952] {scheduler_job.py:190} INFO - Processing /home/airflow/.local/lib/python3.6/site-packages/airflow/example_dags/example_bash_operator.py took 0.084 seconds
[2022-03-01 01:58:56,029] {scheduler_job.py:182} INFO - Started process (PID=603) to work on /home/airflow/.local/lib/python3.6/site-packages/airflow/example_dags/example_bash_operator.py
[2022-03-01 01:58:56,031] {scheduler_job.py:629} INFO - Processing file /home/airflow/.local/lib/python3.6/site-packages/airflow/example_dags/example_bash_operator.py for tasks to queue
[2022-03-01 01:58:56,033] {logging_mixin.py:104} INFO - [2022-03-01 01:58:56,032] {dagbag.py:448} INFO - Filling up the DagBag from /home/airflow/.local/lib/python3.6/site-packages/airflow/example_dags/example_bash_operator.py
[2022-03-01 01:58:56,055] {scheduler_job.py:639} INFO - DAG(s) dict_keys(['example_bash_operator']) retrieved from /home/airflow/.local/lib/python3.6/site-packages/airflow/example_dags/example_bash_operator.py
[2022-03-01 01:58:56,091] {logging_mixin.py:104} INFO - [2022-03-01 01:58:56,091] {dag.py:1818} INFO - Sync 1 DAGs
[2022-03-01 01:58:56,117] {logging_mixin.py:104} INFO - [2022-03-01 01:58:56,117] {dag.py:2273} INFO - Setting next_dagrun for example_bash_operator to 2022-03-01 00:00:00+00:00
[2022-03-01 01:58:56,131] {scheduler_job.py:190} INFO - Processing /home/airflow/.local/lib/python3.6/site-packages/airflow/example_dags/example_bash_operator.py took 0.107 seconds
[2022-03-01 01:59:27,205] {scheduler_job.py:182} INFO - Started process (PID=629) to work on /home/airflow/.local/lib/python3.6/site-packages/airflow/example_dags/example_bash_operator.py
[2022-03-01 01:59:27,208] {scheduler_job.py:629} INFO - Processing file /home/airflow/.local/lib/python3.6/site-packages/airflow/example_dags/example_bash_operator.py for tasks to queue
[2022-03-01 01:59:27,234] {logging_mixin.py:104} INFO - [2022-03-01 01:59:27,233] {dagbag.py:448} INFO - Filling up the DagBag from /home/airflow/.local/lib/python3.6/site-packages/airflow/example_dags/example_bash_operator.py
[2022-03-01 01:59:27,254] {scheduler_job.py:639} INFO - DAG(s) dict_keys(['example_bash_operator']) retrieved from /home/airflow/.local/lib/python3.6/site-packages/airflow/example_dags/example_bash_operator.py
[2022-03-01 01:59:27,287] {logging_mixin.py:104} INFO - [2022-03-01 01:59:27,287] {dag.py:1818} INFO - Sync 1 DAGs
[2022-03-01 01:59:27,319] {logging_mixin.py:104} INFO - [2022-03-01 01:59:27,319] {dag.py:2273} INFO - Setting next_dagrun for example_bash_operator to 2022-03-01 00:00:00+00:00
[2022-03-01 01:59:27,334] {scheduler_job.py:190} INFO - Processing /home/airflow/.local/lib/python3.6/site-packages/airflow/example_dags/example_bash_operator.py took 0.133 seconds
[2022-03-01 01:59:57,889] {scheduler_job.py:182} INFO - Started process (PID=655) to work on /home/airflow/.local/lib/python3.6/site-packages/airflow/example_dags/example_bash_operator.py
[2022-03-01 01:59:57,891] {scheduler_job.py:629} INFO - Processing file /home/airflow/.local/lib/python3.6/site-packages/airflow/example_dags/example_bash_operator.py for tasks to queue
[2022-03-01 01:59:57,892] {logging_mixin.py:104} INFO - [2022-03-01 01:59:57,892] {dagbag.py:448} INFO - Filling up the DagBag from /home/airflow/.local/lib/python3.6/site-packages/airflow/example_dags/example_bash_operator.py
[2022-03-01 01:59:57,909] {scheduler_job.py:639} INFO - DAG(s) dict_keys(['example_bash_operator']) retrieved from /home/airflow/.local/lib/python3.6/site-packages/airflow/example_dags/example_bash_operator.py
[2022-03-01 01:59:57,940] {logging_mixin.py:104} INFO - [2022-03-01 01:59:57,939] {dag.py:1818} INFO - Sync 1 DAGs
[2022-03-01 01:59:57,961] {logging_mixin.py:104} INFO - [2022-03-01 01:59:57,961] {dag.py:2273} INFO - Setting next_dagrun for example_bash_operator to 2022-03-01 00:00:00+00:00
[2022-03-01 01:59:57,971] {scheduler_job.py:190} INFO - Processing /home/airflow/.local/lib/python3.6/site-packages/airflow/example_dags/example_bash_operator.py took 0.086 seconds
[2022-03-01 02:00:28,440] {scheduler_job.py:182} INFO - Started process (PID=681) to work on /home/airflow/.local/lib/python3.6/site-packages/airflow/example_dags/example_bash_operator.py
[2022-03-01 02:00:28,443] {scheduler_job.py:629} INFO - Processing file /home/airflow/.local/lib/python3.6/site-packages/airflow/example_dags/example_bash_operator.py for tasks to queue
[2022-03-01 02:00:28,444] {logging_mixin.py:104} INFO - [2022-03-01 02:00:28,444] {dagbag.py:448} INFO - Filling up the DagBag from /home/airflow/.local/lib/python3.6/site-packages/airflow/example_dags/example_bash_operator.py
[2022-03-01 02:00:28,462] {scheduler_job.py:639} INFO - DAG(s) dict_keys(['example_bash_operator']) retrieved from /home/airflow/.local/lib/python3.6/site-packages/airflow/example_dags/example_bash_operator.py
[2022-03-01 02:00:28,485] {logging_mixin.py:104} INFO - [2022-03-01 02:00:28,485] {dag.py:1818} INFO - Sync 1 DAGs
[2022-03-01 02:00:28,504] {logging_mixin.py:104} INFO - [2022-03-01 02:00:28,504] {dag.py:2273} INFO - Setting next_dagrun for example_bash_operator to 2022-03-01 00:00:00+00:00
[2022-03-01 02:00:28,514] {scheduler_job.py:190} INFO - Processing /home/airflow/.local/lib/python3.6/site-packages/airflow/example_dags/example_bash_operator.py took 0.078 seconds
[2022-03-01 02:00:59,045] {scheduler_job.py:182} INFO - Started process (PID=707) to work on /home/airflow/.local/lib/python3.6/site-packages/airflow/example_dags/example_bash_operator.py
[2022-03-01 02:00:59,047] {scheduler_job.py:629} INFO - Processing file /home/airflow/.local/lib/python3.6/site-packages/airflow/example_dags/example_bash_operator.py for tasks to queue
[2022-03-01 02:00:59,048] {logging_mixin.py:104} INFO - [2022-03-01 02:00:59,048] {dagbag.py:448} INFO - Filling up the DagBag from /home/airflow/.local/lib/python3.6/site-packages/airflow/example_dags/example_bash_operator.py
[2022-03-01 02:00:59,067] {scheduler_job.py:639} INFO - DAG(s) dict_keys(['example_bash_operator']) retrieved from /home/airflow/.local/lib/python3.6/site-packages/airflow/example_dags/example_bash_operator.py
[2022-03-01 02:00:59,090] {logging_mixin.py:104} INFO - [2022-03-01 02:00:59,090] {dag.py:1818} INFO - Sync 1 DAGs
[2022-03-01 02:00:59,108] {logging_mixin.py:104} INFO - [2022-03-01 02:00:59,108] {dag.py:2273} INFO - Setting next_dagrun for example_bash_operator to 2022-03-01 00:00:00+00:00
[2022-03-01 02:00:59,118] {scheduler_job.py:190} INFO - Processing /home/airflow/.local/lib/python3.6/site-packages/airflow/example_dags/example_bash_operator.py took 0.078 seconds
[2022-03-01 02:01:29,663] {scheduler_job.py:182} INFO - Started process (PID=733) to work on /home/airflow/.local/lib/python3.6/site-packages/airflow/example_dags/example_bash_operator.py
[2022-03-01 02:01:29,665] {scheduler_job.py:629} INFO - Processing file /home/airflow/.local/lib/python3.6/site-packages/airflow/example_dags/example_bash_operator.py for tasks to queue
[2022-03-01 02:01:29,667] {logging_mixin.py:104} INFO - [2022-03-01 02:01:29,667] {dagbag.py:448} INFO - Filling up the DagBag from /home/airflow/.local/lib/python3.6/site-packages/airflow/example_dags/example_bash_operator.py
[2022-03-01 02:01:29,683] {scheduler_job.py:639} INFO - DAG(s) dict_keys(['example_bash_operator']) retrieved from /home/airflow/.local/lib/python3.6/site-packages/airflow/example_dags/example_bash_operator.py
[2022-03-01 02:01:29,702] {logging_mixin.py:104} INFO - [2022-03-01 02:01:29,702] {dag.py:1818} INFO - Sync 1 DAGs
[2022-03-01 02:01:29,717] {logging_mixin.py:104} INFO - [2022-03-01 02:01:29,717] {dag.py:2273} INFO - Setting next_dagrun for example_bash_operator to 2022-03-01 00:00:00+00:00
[2022-03-01 02:01:29,726] {scheduler_job.py:190} INFO - Processing /home/airflow/.local/lib/python3.6/site-packages/airflow/example_dags/example_bash_operator.py took 0.065 seconds
[2022-03-01 02:02:00,143] {scheduler_job.py:182} INFO - Started process (PID=759) to work on /home/airflow/.local/lib/python3.6/site-packages/airflow/example_dags/example_bash_operator.py
[2022-03-01 02:02:00,145] {scheduler_job.py:629} INFO - Processing file /home/airflow/.local/lib/python3.6/site-packages/airflow/example_dags/example_bash_operator.py for tasks to queue
[2022-03-01 02:02:00,146] {logging_mixin.py:104} INFO - [2022-03-01 02:02:00,146] {dagbag.py:448} INFO - Filling up the DagBag from /home/airflow/.local/lib/python3.6/site-packages/airflow/example_dags/example_bash_operator.py
[2022-03-01 02:02:00,166] {scheduler_job.py:639} INFO - DAG(s) dict_keys(['example_bash_operator']) retrieved from /home/airflow/.local/lib/python3.6/site-packages/airflow/example_dags/example_bash_operator.py
[2022-03-01 02:02:00,193] {logging_mixin.py:104} INFO - [2022-03-01 02:02:00,192] {dag.py:1818} INFO - Sync 1 DAGs
[2022-03-01 02:02:00,214] {logging_mixin.py:104} INFO - [2022-03-01 02:02:00,214] {dag.py:2273} INFO - Setting next_dagrun for example_bash_operator to 2022-03-01 00:00:00+00:00
[2022-03-01 02:02:00,226] {scheduler_job.py:190} INFO - Processing /home/airflow/.local/lib/python3.6/site-packages/airflow/example_dags/example_bash_operator.py took 0.087 seconds
[2022-03-01 02:02:30,827] {scheduler_job.py:182} INFO - Started process (PID=785) to work on /home/airflow/.local/lib/python3.6/site-packages/airflow/example_dags/example_bash_operator.py
[2022-03-01 02:02:30,829] {scheduler_job.py:629} INFO - Processing file /home/airflow/.local/lib/python3.6/site-packages/airflow/example_dags/example_bash_operator.py for tasks to queue
[2022-03-01 02:02:30,831] {logging_mixin.py:104} INFO - [2022-03-01 02:02:30,830] {dagbag.py:448} INFO - Filling up the DagBag from /home/airflow/.local/lib/python3.6/site-packages/airflow/example_dags/example_bash_operator.py
[2022-03-01 02:02:30,857] {scheduler_job.py:639} INFO - DAG(s) dict_keys(['example_bash_operator']) retrieved from /home/airflow/.local/lib/python3.6/site-packages/airflow/example_dags/example_bash_operator.py
[2022-03-01 02:02:30,892] {logging_mixin.py:104} INFO - [2022-03-01 02:02:30,892] {dag.py:1818} INFO - Sync 1 DAGs
[2022-03-01 02:02:30,925] {logging_mixin.py:104} INFO - [2022-03-01 02:02:30,925] {dag.py:2273} INFO - Setting next_dagrun for example_bash_operator to 2022-03-01 00:00:00+00:00
