[2022-03-01 01:48:10,201] {scheduler_job.py:182} INFO - Started process (PID=29) to work on /home/airflow/.local/lib/python3.6/site-packages/airflow/example_dags/tutorial_taskflow_api_etl.py
[2022-03-01 01:48:10,204] {scheduler_job.py:629} INFO - Processing file /home/airflow/.local/lib/python3.6/site-packages/airflow/example_dags/tutorial_taskflow_api_etl.py for tasks to queue
[2022-03-01 01:48:10,205] {logging_mixin.py:104} INFO - [2022-03-01 01:48:10,205] {dagbag.py:448} INFO - Filling up the DagBag from /home/airflow/.local/lib/python3.6/site-packages/airflow/example_dags/tutorial_taskflow_api_etl.py
[2022-03-01 01:48:10,223] {scheduler_job.py:639} INFO - DAG(s) dict_keys(['tutorial_taskflow_api_etl']) retrieved from /home/airflow/.local/lib/python3.6/site-packages/airflow/example_dags/tutorial_taskflow_api_etl.py
[2022-03-01 01:48:10,257] {logging_mixin.py:104} INFO - [2022-03-01 01:48:10,256] {dag.py:1818} INFO - Sync 1 DAGs
[2022-03-01 01:48:10,271] {logging_mixin.py:104} INFO - [2022-03-01 01:48:10,270] {dag.py:1837} INFO - Creating ORM DAG for tutorial_taskflow_api_etl
[2022-03-01 01:48:10,279] {logging_mixin.py:104} INFO - [2022-03-01 01:48:10,279] {dag.py:2273} INFO - Setting next_dagrun for tutorial_taskflow_api_etl to None
[2022-03-01 01:48:10,298] {scheduler_job.py:190} INFO - Processing /home/airflow/.local/lib/python3.6/site-packages/airflow/example_dags/tutorial_taskflow_api_etl.py took 0.101 seconds
[2022-03-01 01:48:40,882] {scheduler_job.py:182} INFO - Started process (PID=54) to work on /home/airflow/.local/lib/python3.6/site-packages/airflow/example_dags/tutorial_taskflow_api_etl.py
[2022-03-01 01:48:40,889] {scheduler_job.py:629} INFO - Processing file /home/airflow/.local/lib/python3.6/site-packages/airflow/example_dags/tutorial_taskflow_api_etl.py for tasks to queue
[2022-03-01 01:48:40,894] {logging_mixin.py:104} INFO - [2022-03-01 01:48:40,892] {dagbag.py:448} INFO - Filling up the DagBag from /home/airflow/.local/lib/python3.6/site-packages/airflow/example_dags/tutorial_taskflow_api_etl.py
[2022-03-01 01:48:40,992] {scheduler_job.py:639} INFO - DAG(s) dict_keys(['tutorial_taskflow_api_etl']) retrieved from /home/airflow/.local/lib/python3.6/site-packages/airflow/example_dags/tutorial_taskflow_api_etl.py
[2022-03-01 01:48:41,081] {logging_mixin.py:104} INFO - [2022-03-01 01:48:41,081] {dag.py:1818} INFO - Sync 1 DAGs
[2022-03-01 01:48:41,111] {logging_mixin.py:104} INFO - [2022-03-01 01:48:41,110] {dag.py:2273} INFO - Setting next_dagrun for tutorial_taskflow_api_etl to None
[2022-03-01 01:48:41,130] {scheduler_job.py:190} INFO - Processing /home/airflow/.local/lib/python3.6/site-packages/airflow/example_dags/tutorial_taskflow_api_etl.py took 0.270 seconds
[2022-03-01 01:49:11,715] {scheduler_job.py:182} INFO - Started process (PID=80) to work on /home/airflow/.local/lib/python3.6/site-packages/airflow/example_dags/tutorial_taskflow_api_etl.py
[2022-03-01 01:49:11,717] {scheduler_job.py:629} INFO - Processing file /home/airflow/.local/lib/python3.6/site-packages/airflow/example_dags/tutorial_taskflow_api_etl.py for tasks to queue
[2022-03-01 01:49:11,718] {logging_mixin.py:104} INFO - [2022-03-01 01:49:11,718] {dagbag.py:448} INFO - Filling up the DagBag from /home/airflow/.local/lib/python3.6/site-packages/airflow/example_dags/tutorial_taskflow_api_etl.py
[2022-03-01 01:49:11,733] {scheduler_job.py:639} INFO - DAG(s) dict_keys(['tutorial_taskflow_api_etl']) retrieved from /home/airflow/.local/lib/python3.6/site-packages/airflow/example_dags/tutorial_taskflow_api_etl.py
[2022-03-01 01:49:11,760] {logging_mixin.py:104} INFO - [2022-03-01 01:49:11,760] {dag.py:1818} INFO - Sync 1 DAGs
[2022-03-01 01:49:11,777] {logging_mixin.py:104} INFO - [2022-03-01 01:49:11,776] {dag.py:2273} INFO - Setting next_dagrun for tutorial_taskflow_api_etl to None
[2022-03-01 01:49:11,788] {scheduler_job.py:190} INFO - Processing /home/airflow/.local/lib/python3.6/site-packages/airflow/example_dags/tutorial_taskflow_api_etl.py took 0.077 seconds
[2022-03-01 01:49:42,233] {scheduler_job.py:182} INFO - Started process (PID=106) to work on /home/airflow/.local/lib/python3.6/site-packages/airflow/example_dags/tutorial_taskflow_api_etl.py
[2022-03-01 01:49:42,234] {scheduler_job.py:629} INFO - Processing file /home/airflow/.local/lib/python3.6/site-packages/airflow/example_dags/tutorial_taskflow_api_etl.py for tasks to queue
[2022-03-01 01:49:42,236] {logging_mixin.py:104} INFO - [2022-03-01 01:49:42,236] {dagbag.py:448} INFO - Filling up the DagBag from /home/airflow/.local/lib/python3.6/site-packages/airflow/example_dags/tutorial_taskflow_api_etl.py
[2022-03-01 01:49:42,253] {scheduler_job.py:639} INFO - DAG(s) dict_keys(['tutorial_taskflow_api_etl']) retrieved from /home/airflow/.local/lib/python3.6/site-packages/airflow/example_dags/tutorial_taskflow_api_etl.py
[2022-03-01 01:49:42,282] {logging_mixin.py:104} INFO - [2022-03-01 01:49:42,282] {dag.py:1818} INFO - Sync 1 DAGs
[2022-03-01 01:49:42,299] {logging_mixin.py:104} INFO - [2022-03-01 01:49:42,299] {dag.py:2273} INFO - Setting next_dagrun for tutorial_taskflow_api_etl to None
[2022-03-01 01:49:42,313] {scheduler_job.py:190} INFO - Processing /home/airflow/.local/lib/python3.6/site-packages/airflow/example_dags/tutorial_taskflow_api_etl.py took 0.085 seconds
[2022-03-01 01:50:13,252] {scheduler_job.py:182} INFO - Started process (PID=158) to work on /home/airflow/.local/lib/python3.6/site-packages/airflow/example_dags/tutorial_taskflow_api_etl.py
[2022-03-01 01:50:13,257] {scheduler_job.py:629} INFO - Processing file /home/airflow/.local/lib/python3.6/site-packages/airflow/example_dags/tutorial_taskflow_api_etl.py for tasks to queue
[2022-03-01 01:50:13,264] {logging_mixin.py:104} INFO - [2022-03-01 01:50:13,264] {dagbag.py:448} INFO - Filling up the DagBag from /home/airflow/.local/lib/python3.6/site-packages/airflow/example_dags/tutorial_taskflow_api_etl.py
[2022-03-01 01:50:13,345] {scheduler_job.py:639} INFO - DAG(s) dict_keys(['tutorial_taskflow_api_etl']) retrieved from /home/airflow/.local/lib/python3.6/site-packages/airflow/example_dags/tutorial_taskflow_api_etl.py
[2022-03-01 01:50:13,429] {logging_mixin.py:104} INFO - [2022-03-01 01:50:13,428] {dag.py:1818} INFO - Sync 1 DAGs
[2022-03-01 01:50:13,483] {logging_mixin.py:104} INFO - [2022-03-01 01:50:13,483] {dag.py:2273} INFO - Setting next_dagrun for tutorial_taskflow_api_etl to None
[2022-03-01 01:50:13,518] {scheduler_job.py:190} INFO - Processing /home/airflow/.local/lib/python3.6/site-packages/airflow/example_dags/tutorial_taskflow_api_etl.py took 0.290 seconds
[2022-03-01 01:50:44,481] {scheduler_job.py:182} INFO - Started process (PID=184) to work on /home/airflow/.local/lib/python3.6/site-packages/airflow/example_dags/tutorial_taskflow_api_etl.py
[2022-03-01 01:50:44,484] {scheduler_job.py:629} INFO - Processing file /home/airflow/.local/lib/python3.6/site-packages/airflow/example_dags/tutorial_taskflow_api_etl.py for tasks to queue
[2022-03-01 01:50:44,485] {logging_mixin.py:104} INFO - [2022-03-01 01:50:44,485] {dagbag.py:448} INFO - Filling up the DagBag from /home/airflow/.local/lib/python3.6/site-packages/airflow/example_dags/tutorial_taskflow_api_etl.py
[2022-03-01 01:50:44,503] {scheduler_job.py:639} INFO - DAG(s) dict_keys(['tutorial_taskflow_api_etl']) retrieved from /home/airflow/.local/lib/python3.6/site-packages/airflow/example_dags/tutorial_taskflow_api_etl.py
[2022-03-01 01:50:44,534] {logging_mixin.py:104} INFO - [2022-03-01 01:50:44,534] {dag.py:1818} INFO - Sync 1 DAGs
[2022-03-01 01:50:44,554] {logging_mixin.py:104} INFO - [2022-03-01 01:50:44,553] {dag.py:2273} INFO - Setting next_dagrun for tutorial_taskflow_api_etl to None
[2022-03-01 01:50:44,569] {scheduler_job.py:190} INFO - Processing /home/airflow/.local/lib/python3.6/site-packages/airflow/example_dags/tutorial_taskflow_api_etl.py took 0.093 seconds
[2022-03-01 01:51:15,268] {scheduler_job.py:182} INFO - Started process (PID=210) to work on /home/airflow/.local/lib/python3.6/site-packages/airflow/example_dags/tutorial_taskflow_api_etl.py
[2022-03-01 01:51:15,271] {scheduler_job.py:629} INFO - Processing file /home/airflow/.local/lib/python3.6/site-packages/airflow/example_dags/tutorial_taskflow_api_etl.py for tasks to queue
[2022-03-01 01:51:15,273] {logging_mixin.py:104} INFO - [2022-03-01 01:51:15,273] {dagbag.py:448} INFO - Filling up the DagBag from /home/airflow/.local/lib/python3.6/site-packages/airflow/example_dags/tutorial_taskflow_api_etl.py
[2022-03-01 01:51:15,293] {scheduler_job.py:639} INFO - DAG(s) dict_keys(['tutorial_taskflow_api_etl']) retrieved from /home/airflow/.local/lib/python3.6/site-packages/airflow/example_dags/tutorial_taskflow_api_etl.py
[2022-03-01 01:51:15,325] {logging_mixin.py:104} INFO - [2022-03-01 01:51:15,325] {dag.py:1818} INFO - Sync 1 DAGs
[2022-03-01 01:51:15,347] {logging_mixin.py:104} INFO - [2022-03-01 01:51:15,347] {dag.py:2273} INFO - Setting next_dagrun for tutorial_taskflow_api_etl to None
[2022-03-01 01:51:15,364] {scheduler_job.py:190} INFO - Processing /home/airflow/.local/lib/python3.6/site-packages/airflow/example_dags/tutorial_taskflow_api_etl.py took 0.102 seconds
[2022-03-01 01:51:45,922] {scheduler_job.py:182} INFO - Started process (PID=236) to work on /home/airflow/.local/lib/python3.6/site-packages/airflow/example_dags/tutorial_taskflow_api_etl.py
[2022-03-01 01:51:45,924] {scheduler_job.py:629} INFO - Processing file /home/airflow/.local/lib/python3.6/site-packages/airflow/example_dags/tutorial_taskflow_api_etl.py for tasks to queue
[2022-03-01 01:51:45,925] {logging_mixin.py:104} INFO - [2022-03-01 01:51:45,925] {dagbag.py:448} INFO - Filling up the DagBag from /home/airflow/.local/lib/python3.6/site-packages/airflow/example_dags/tutorial_taskflow_api_etl.py
[2022-03-01 01:51:45,940] {scheduler_job.py:639} INFO - DAG(s) dict_keys(['tutorial_taskflow_api_etl']) retrieved from /home/airflow/.local/lib/python3.6/site-packages/airflow/example_dags/tutorial_taskflow_api_etl.py
[2022-03-01 01:51:45,970] {logging_mixin.py:104} INFO - [2022-03-01 01:51:45,970] {dag.py:1818} INFO - Sync 1 DAGs
[2022-03-01 01:51:45,995] {logging_mixin.py:104} INFO - [2022-03-01 01:51:45,995] {dag.py:2273} INFO - Setting next_dagrun for tutorial_taskflow_api_etl to None
[2022-03-01 01:51:46,014] {scheduler_job.py:190} INFO - Processing /home/airflow/.local/lib/python3.6/site-packages/airflow/example_dags/tutorial_taskflow_api_etl.py took 0.096 seconds
[2022-03-01 01:52:16,617] {scheduler_job.py:182} INFO - Started process (PID=262) to work on /home/airflow/.local/lib/python3.6/site-packages/airflow/example_dags/tutorial_taskflow_api_etl.py
[2022-03-01 01:52:16,619] {scheduler_job.py:629} INFO - Processing file /home/airflow/.local/lib/python3.6/site-packages/airflow/example_dags/tutorial_taskflow_api_etl.py for tasks to queue
[2022-03-01 01:52:16,620] {logging_mixin.py:104} INFO - [2022-03-01 01:52:16,620] {dagbag.py:448} INFO - Filling up the DagBag from /home/airflow/.local/lib/python3.6/site-packages/airflow/example_dags/tutorial_taskflow_api_etl.py
[2022-03-01 01:52:16,639] {scheduler_job.py:639} INFO - DAG(s) dict_keys(['tutorial_taskflow_api_etl']) retrieved from /home/airflow/.local/lib/python3.6/site-packages/airflow/example_dags/tutorial_taskflow_api_etl.py
[2022-03-01 01:52:16,672] {logging_mixin.py:104} INFO - [2022-03-01 01:52:16,672] {dag.py:1818} INFO - Sync 1 DAGs
[2022-03-01 01:52:16,689] {logging_mixin.py:104} INFO - [2022-03-01 01:52:16,689] {dag.py:2273} INFO - Setting next_dagrun for tutorial_taskflow_api_etl to None
[2022-03-01 01:52:16,701] {scheduler_job.py:190} INFO - Processing /home/airflow/.local/lib/python3.6/site-packages/airflow/example_dags/tutorial_taskflow_api_etl.py took 0.089 seconds
[2022-03-01 01:52:47,229] {scheduler_job.py:182} INFO - Started process (PID=288) to work on /home/airflow/.local/lib/python3.6/site-packages/airflow/example_dags/tutorial_taskflow_api_etl.py
[2022-03-01 01:52:47,230] {scheduler_job.py:629} INFO - Processing file /home/airflow/.local/lib/python3.6/site-packages/airflow/example_dags/tutorial_taskflow_api_etl.py for tasks to queue
[2022-03-01 01:52:47,231] {logging_mixin.py:104} INFO - [2022-03-01 01:52:47,231] {dagbag.py:448} INFO - Filling up the DagBag from /home/airflow/.local/lib/python3.6/site-packages/airflow/example_dags/tutorial_taskflow_api_etl.py
[2022-03-01 01:52:47,249] {scheduler_job.py:639} INFO - DAG(s) dict_keys(['tutorial_taskflow_api_etl']) retrieved from /home/airflow/.local/lib/python3.6/site-packages/airflow/example_dags/tutorial_taskflow_api_etl.py
[2022-03-01 01:52:47,295] {logging_mixin.py:104} INFO - [2022-03-01 01:52:47,295] {dag.py:1818} INFO - Sync 1 DAGs
[2022-03-01 01:52:47,320] {logging_mixin.py:104} INFO - [2022-03-01 01:52:47,320] {dag.py:2273} INFO - Setting next_dagrun for tutorial_taskflow_api_etl to None
[2022-03-01 01:52:47,345] {scheduler_job.py:190} INFO - Processing /home/airflow/.local/lib/python3.6/site-packages/airflow/example_dags/tutorial_taskflow_api_etl.py took 0.120 seconds
[2022-03-01 01:53:17,441] {scheduler_job.py:182} INFO - Started process (PID=314) to work on /home/airflow/.local/lib/python3.6/site-packages/airflow/example_dags/tutorial_taskflow_api_etl.py
[2022-03-01 01:53:17,444] {scheduler_job.py:629} INFO - Processing file /home/airflow/.local/lib/python3.6/site-packages/airflow/example_dags/tutorial_taskflow_api_etl.py for tasks to queue
[2022-03-01 01:53:17,445] {logging_mixin.py:104} INFO - [2022-03-01 01:53:17,445] {dagbag.py:448} INFO - Filling up the DagBag from /home/airflow/.local/lib/python3.6/site-packages/airflow/example_dags/tutorial_taskflow_api_etl.py
[2022-03-01 01:53:17,467] {scheduler_job.py:639} INFO - DAG(s) dict_keys(['tutorial_taskflow_api_etl']) retrieved from /home/airflow/.local/lib/python3.6/site-packages/airflow/example_dags/tutorial_taskflow_api_etl.py
[2022-03-01 01:53:17,498] {logging_mixin.py:104} INFO - [2022-03-01 01:53:17,498] {dag.py:1818} INFO - Sync 1 DAGs
[2022-03-01 01:53:17,524] {logging_mixin.py:104} INFO - [2022-03-01 01:53:17,524] {dag.py:2273} INFO - Setting next_dagrun for tutorial_taskflow_api_etl to None
[2022-03-01 01:53:17,537] {scheduler_job.py:190} INFO - Processing /home/airflow/.local/lib/python3.6/site-packages/airflow/example_dags/tutorial_taskflow_api_etl.py took 0.100 seconds
[2022-03-01 01:53:48,405] {scheduler_job.py:182} INFO - Started process (PID=340) to work on /home/airflow/.local/lib/python3.6/site-packages/airflow/example_dags/tutorial_taskflow_api_etl.py
[2022-03-01 01:53:48,407] {scheduler_job.py:629} INFO - Processing file /home/airflow/.local/lib/python3.6/site-packages/airflow/example_dags/tutorial_taskflow_api_etl.py for tasks to queue
[2022-03-01 01:53:48,408] {logging_mixin.py:104} INFO - [2022-03-01 01:53:48,408] {dagbag.py:448} INFO - Filling up the DagBag from /home/airflow/.local/lib/python3.6/site-packages/airflow/example_dags/tutorial_taskflow_api_etl.py
[2022-03-01 01:53:48,423] {scheduler_job.py:639} INFO - DAG(s) dict_keys(['tutorial_taskflow_api_etl']) retrieved from /home/airflow/.local/lib/python3.6/site-packages/airflow/example_dags/tutorial_taskflow_api_etl.py
[2022-03-01 01:53:48,447] {logging_mixin.py:104} INFO - [2022-03-01 01:53:48,446] {dag.py:1818} INFO - Sync 1 DAGs
[2022-03-01 01:53:48,464] {logging_mixin.py:104} INFO - [2022-03-01 01:53:48,464] {dag.py:2273} INFO - Setting next_dagrun for tutorial_taskflow_api_etl to None
[2022-03-01 01:53:48,476] {scheduler_job.py:190} INFO - Processing /home/airflow/.local/lib/python3.6/site-packages/airflow/example_dags/tutorial_taskflow_api_etl.py took 0.075 seconds
[2022-03-01 01:54:18,991] {scheduler_job.py:182} INFO - Started process (PID=366) to work on /home/airflow/.local/lib/python3.6/site-packages/airflow/example_dags/tutorial_taskflow_api_etl.py
[2022-03-01 01:54:18,993] {scheduler_job.py:629} INFO - Processing file /home/airflow/.local/lib/python3.6/site-packages/airflow/example_dags/tutorial_taskflow_api_etl.py for tasks to queue
[2022-03-01 01:54:18,994] {logging_mixin.py:104} INFO - [2022-03-01 01:54:18,994] {dagbag.py:448} INFO - Filling up the DagBag from /home/airflow/.local/lib/python3.6/site-packages/airflow/example_dags/tutorial_taskflow_api_etl.py
[2022-03-01 01:54:19,010] {scheduler_job.py:639} INFO - DAG(s) dict_keys(['tutorial_taskflow_api_etl']) retrieved from /home/airflow/.local/lib/python3.6/site-packages/airflow/example_dags/tutorial_taskflow_api_etl.py
[2022-03-01 01:54:19,036] {logging_mixin.py:104} INFO - [2022-03-01 01:54:19,036] {dag.py:1818} INFO - Sync 1 DAGs
[2022-03-01 01:54:19,053] {logging_mixin.py:104} INFO - [2022-03-01 01:54:19,053] {dag.py:2273} INFO - Setting next_dagrun for tutorial_taskflow_api_etl to None
[2022-03-01 01:54:19,064] {scheduler_job.py:190} INFO - Processing /home/airflow/.local/lib/python3.6/site-packages/airflow/example_dags/tutorial_taskflow_api_etl.py took 0.077 seconds
[2022-03-01 01:54:49,586] {scheduler_job.py:182} INFO - Started process (PID=392) to work on /home/airflow/.local/lib/python3.6/site-packages/airflow/example_dags/tutorial_taskflow_api_etl.py
[2022-03-01 01:54:49,588] {scheduler_job.py:629} INFO - Processing file /home/airflow/.local/lib/python3.6/site-packages/airflow/example_dags/tutorial_taskflow_api_etl.py for tasks to queue
[2022-03-01 01:54:49,590] {logging_mixin.py:104} INFO - [2022-03-01 01:54:49,590] {dagbag.py:448} INFO - Filling up the DagBag from /home/airflow/.local/lib/python3.6/site-packages/airflow/example_dags/tutorial_taskflow_api_etl.py
[2022-03-01 01:54:49,609] {scheduler_job.py:639} INFO - DAG(s) dict_keys(['tutorial_taskflow_api_etl']) retrieved from /home/airflow/.local/lib/python3.6/site-packages/airflow/example_dags/tutorial_taskflow_api_etl.py
[2022-03-01 01:54:49,645] {logging_mixin.py:104} INFO - [2022-03-01 01:54:49,645] {dag.py:1818} INFO - Sync 1 DAGs
[2022-03-01 01:54:49,691] {logging_mixin.py:104} INFO - [2022-03-01 01:54:49,690] {dag.py:2273} INFO - Setting next_dagrun for tutorial_taskflow_api_etl to None
[2022-03-01 01:54:49,710] {scheduler_job.py:190} INFO - Processing /home/airflow/.local/lib/python3.6/site-packages/airflow/example_dags/tutorial_taskflow_api_etl.py took 0.130 seconds
[2022-03-01 01:55:20,494] {scheduler_job.py:182} INFO - Started process (PID=418) to work on /home/airflow/.local/lib/python3.6/site-packages/airflow/example_dags/tutorial_taskflow_api_etl.py
[2022-03-01 01:55:20,497] {scheduler_job.py:629} INFO - Processing file /home/airflow/.local/lib/python3.6/site-packages/airflow/example_dags/tutorial_taskflow_api_etl.py for tasks to queue
[2022-03-01 01:55:20,498] {logging_mixin.py:104} INFO - [2022-03-01 01:55:20,498] {dagbag.py:448} INFO - Filling up the DagBag from /home/airflow/.local/lib/python3.6/site-packages/airflow/example_dags/tutorial_taskflow_api_etl.py
[2022-03-01 01:55:20,514] {scheduler_job.py:639} INFO - DAG(s) dict_keys(['tutorial_taskflow_api_etl']) retrieved from /home/airflow/.local/lib/python3.6/site-packages/airflow/example_dags/tutorial_taskflow_api_etl.py
[2022-03-01 01:55:20,552] {logging_mixin.py:104} INFO - [2022-03-01 01:55:20,552] {dag.py:1818} INFO - Sync 1 DAGs
[2022-03-01 01:55:20,573] {logging_mixin.py:104} INFO - [2022-03-01 01:55:20,573] {dag.py:2273} INFO - Setting next_dagrun for tutorial_taskflow_api_etl to None
[2022-03-01 01:55:20,585] {scheduler_job.py:190} INFO - Processing /home/airflow/.local/lib/python3.6/site-packages/airflow/example_dags/tutorial_taskflow_api_etl.py took 0.095 seconds
[2022-03-01 01:55:51,459] {scheduler_job.py:182} INFO - Started process (PID=444) to work on /home/airflow/.local/lib/python3.6/site-packages/airflow/example_dags/tutorial_taskflow_api_etl.py
[2022-03-01 01:55:51,461] {scheduler_job.py:629} INFO - Processing file /home/airflow/.local/lib/python3.6/site-packages/airflow/example_dags/tutorial_taskflow_api_etl.py for tasks to queue
[2022-03-01 01:55:51,463] {logging_mixin.py:104} INFO - [2022-03-01 01:55:51,462] {dagbag.py:448} INFO - Filling up the DagBag from /home/airflow/.local/lib/python3.6/site-packages/airflow/example_dags/tutorial_taskflow_api_etl.py
[2022-03-01 01:55:51,481] {scheduler_job.py:639} INFO - DAG(s) dict_keys(['tutorial_taskflow_api_etl']) retrieved from /home/airflow/.local/lib/python3.6/site-packages/airflow/example_dags/tutorial_taskflow_api_etl.py
[2022-03-01 01:55:51,511] {logging_mixin.py:104} INFO - [2022-03-01 01:55:51,511] {dag.py:1818} INFO - Sync 1 DAGs
[2022-03-01 01:55:51,531] {logging_mixin.py:104} INFO - [2022-03-01 01:55:51,531] {dag.py:2273} INFO - Setting next_dagrun for tutorial_taskflow_api_etl to None
[2022-03-01 01:55:51,543] {scheduler_job.py:190} INFO - Processing /home/airflow/.local/lib/python3.6/site-packages/airflow/example_dags/tutorial_taskflow_api_etl.py took 0.089 seconds
[2022-03-01 01:56:22,239] {scheduler_job.py:182} INFO - Started process (PID=470) to work on /home/airflow/.local/lib/python3.6/site-packages/airflow/example_dags/tutorial_taskflow_api_etl.py
[2022-03-01 01:56:22,242] {scheduler_job.py:629} INFO - Processing file /home/airflow/.local/lib/python3.6/site-packages/airflow/example_dags/tutorial_taskflow_api_etl.py for tasks to queue
[2022-03-01 01:56:22,243] {logging_mixin.py:104} INFO - [2022-03-01 01:56:22,243] {dagbag.py:448} INFO - Filling up the DagBag from /home/airflow/.local/lib/python3.6/site-packages/airflow/example_dags/tutorial_taskflow_api_etl.py
[2022-03-01 01:56:22,267] {scheduler_job.py:639} INFO - DAG(s) dict_keys(['tutorial_taskflow_api_etl']) retrieved from /home/airflow/.local/lib/python3.6/site-packages/airflow/example_dags/tutorial_taskflow_api_etl.py
[2022-03-01 01:56:22,328] {logging_mixin.py:104} INFO - [2022-03-01 01:56:22,328] {dag.py:1818} INFO - Sync 1 DAGs
[2022-03-01 01:56:22,349] {logging_mixin.py:104} INFO - [2022-03-01 01:56:22,349] {dag.py:2273} INFO - Setting next_dagrun for tutorial_taskflow_api_etl to None
[2022-03-01 01:56:22,362] {scheduler_job.py:190} INFO - Processing /home/airflow/.local/lib/python3.6/site-packages/airflow/example_dags/tutorial_taskflow_api_etl.py took 0.129 seconds
[2022-03-01 01:56:52,627] {scheduler_job.py:182} INFO - Started process (PID=496) to work on /home/airflow/.local/lib/python3.6/site-packages/airflow/example_dags/tutorial_taskflow_api_etl.py
[2022-03-01 01:56:52,630] {scheduler_job.py:629} INFO - Processing file /home/airflow/.local/lib/python3.6/site-packages/airflow/example_dags/tutorial_taskflow_api_etl.py for tasks to queue
[2022-03-01 01:56:52,631] {logging_mixin.py:104} INFO - [2022-03-01 01:56:52,631] {dagbag.py:448} INFO - Filling up the DagBag from /home/airflow/.local/lib/python3.6/site-packages/airflow/example_dags/tutorial_taskflow_api_etl.py
[2022-03-01 01:56:52,648] {scheduler_job.py:639} INFO - DAG(s) dict_keys(['tutorial_taskflow_api_etl']) retrieved from /home/airflow/.local/lib/python3.6/site-packages/airflow/example_dags/tutorial_taskflow_api_etl.py
[2022-03-01 01:56:52,678] {logging_mixin.py:104} INFO - [2022-03-01 01:56:52,678] {dag.py:1818} INFO - Sync 1 DAGs
[2022-03-01 01:56:52,700] {logging_mixin.py:104} INFO - [2022-03-01 01:56:52,700] {dag.py:2273} INFO - Setting next_dagrun for tutorial_taskflow_api_etl to None
[2022-03-01 01:56:52,716] {scheduler_job.py:190} INFO - Processing /home/airflow/.local/lib/python3.6/site-packages/airflow/example_dags/tutorial_taskflow_api_etl.py took 0.094 seconds
[2022-03-01 01:57:23,217] {scheduler_job.py:182} INFO - Started process (PID=522) to work on /home/airflow/.local/lib/python3.6/site-packages/airflow/example_dags/tutorial_taskflow_api_etl.py
[2022-03-01 01:57:23,220] {scheduler_job.py:629} INFO - Processing file /home/airflow/.local/lib/python3.6/site-packages/airflow/example_dags/tutorial_taskflow_api_etl.py for tasks to queue
[2022-03-01 01:57:23,221] {logging_mixin.py:104} INFO - [2022-03-01 01:57:23,221] {dagbag.py:448} INFO - Filling up the DagBag from /home/airflow/.local/lib/python3.6/site-packages/airflow/example_dags/tutorial_taskflow_api_etl.py
[2022-03-01 01:57:23,239] {scheduler_job.py:639} INFO - DAG(s) dict_keys(['tutorial_taskflow_api_etl']) retrieved from /home/airflow/.local/lib/python3.6/site-packages/airflow/example_dags/tutorial_taskflow_api_etl.py
[2022-03-01 01:57:23,271] {logging_mixin.py:104} INFO - [2022-03-01 01:57:23,271] {dag.py:1818} INFO - Sync 1 DAGs
[2022-03-01 01:57:23,289] {logging_mixin.py:104} INFO - [2022-03-01 01:57:23,289] {dag.py:2273} INFO - Setting next_dagrun for tutorial_taskflow_api_etl to None
[2022-03-01 01:57:23,302] {scheduler_job.py:190} INFO - Processing /home/airflow/.local/lib/python3.6/site-packages/airflow/example_dags/tutorial_taskflow_api_etl.py took 0.089 seconds
[2022-03-01 01:57:54,090] {scheduler_job.py:182} INFO - Started process (PID=548) to work on /home/airflow/.local/lib/python3.6/site-packages/airflow/example_dags/tutorial_taskflow_api_etl.py
[2022-03-01 01:57:54,091] {scheduler_job.py:629} INFO - Processing file /home/airflow/.local/lib/python3.6/site-packages/airflow/example_dags/tutorial_taskflow_api_etl.py for tasks to queue
[2022-03-01 01:57:54,093] {logging_mixin.py:104} INFO - [2022-03-01 01:57:54,093] {dagbag.py:448} INFO - Filling up the DagBag from /home/airflow/.local/lib/python3.6/site-packages/airflow/example_dags/tutorial_taskflow_api_etl.py
[2022-03-01 01:57:54,108] {scheduler_job.py:639} INFO - DAG(s) dict_keys(['tutorial_taskflow_api_etl']) retrieved from /home/airflow/.local/lib/python3.6/site-packages/airflow/example_dags/tutorial_taskflow_api_etl.py
[2022-03-01 01:57:54,137] {logging_mixin.py:104} INFO - [2022-03-01 01:57:54,137] {dag.py:1818} INFO - Sync 1 DAGs
[2022-03-01 01:57:54,153] {logging_mixin.py:104} INFO - [2022-03-01 01:57:54,153] {dag.py:2273} INFO - Setting next_dagrun for tutorial_taskflow_api_etl to None
[2022-03-01 01:57:54,164] {scheduler_job.py:190} INFO - Processing /home/airflow/.local/lib/python3.6/site-packages/airflow/example_dags/tutorial_taskflow_api_etl.py took 0.079 seconds
[2022-03-01 01:58:24,652] {scheduler_job.py:182} INFO - Started process (PID=574) to work on /home/airflow/.local/lib/python3.6/site-packages/airflow/example_dags/tutorial_taskflow_api_etl.py
[2022-03-01 01:58:24,654] {scheduler_job.py:629} INFO - Processing file /home/airflow/.local/lib/python3.6/site-packages/airflow/example_dags/tutorial_taskflow_api_etl.py for tasks to queue
[2022-03-01 01:58:24,655] {logging_mixin.py:104} INFO - [2022-03-01 01:58:24,655] {dagbag.py:448} INFO - Filling up the DagBag from /home/airflow/.local/lib/python3.6/site-packages/airflow/example_dags/tutorial_taskflow_api_etl.py
[2022-03-01 01:58:24,671] {scheduler_job.py:639} INFO - DAG(s) dict_keys(['tutorial_taskflow_api_etl']) retrieved from /home/airflow/.local/lib/python3.6/site-packages/airflow/example_dags/tutorial_taskflow_api_etl.py
[2022-03-01 01:58:24,703] {logging_mixin.py:104} INFO - [2022-03-01 01:58:24,703] {dag.py:1818} INFO - Sync 1 DAGs
[2022-03-01 01:58:24,723] {logging_mixin.py:104} INFO - [2022-03-01 01:58:24,723] {dag.py:2273} INFO - Setting next_dagrun for tutorial_taskflow_api_etl to None
[2022-03-01 01:58:24,739] {scheduler_job.py:190} INFO - Processing /home/airflow/.local/lib/python3.6/site-packages/airflow/example_dags/tutorial_taskflow_api_etl.py took 0.092 seconds
[2022-03-01 01:58:55,763] {scheduler_job.py:182} INFO - Started process (PID=600) to work on /home/airflow/.local/lib/python3.6/site-packages/airflow/example_dags/tutorial_taskflow_api_etl.py
[2022-03-01 01:58:55,778] {scheduler_job.py:629} INFO - Processing file /home/airflow/.local/lib/python3.6/site-packages/airflow/example_dags/tutorial_taskflow_api_etl.py for tasks to queue
[2022-03-01 01:58:55,780] {logging_mixin.py:104} INFO - [2022-03-01 01:58:55,779] {dagbag.py:448} INFO - Filling up the DagBag from /home/airflow/.local/lib/python3.6/site-packages/airflow/example_dags/tutorial_taskflow_api_etl.py
[2022-03-01 01:58:55,801] {scheduler_job.py:639} INFO - DAG(s) dict_keys(['tutorial_taskflow_api_etl']) retrieved from /home/airflow/.local/lib/python3.6/site-packages/airflow/example_dags/tutorial_taskflow_api_etl.py
[2022-03-01 01:58:55,840] {logging_mixin.py:104} INFO - [2022-03-01 01:58:55,840] {dag.py:1818} INFO - Sync 1 DAGs
[2022-03-01 01:58:55,863] {logging_mixin.py:104} INFO - [2022-03-01 01:58:55,862] {dag.py:2273} INFO - Setting next_dagrun for tutorial_taskflow_api_etl to None
[2022-03-01 01:58:55,876] {scheduler_job.py:190} INFO - Processing /home/airflow/.local/lib/python3.6/site-packages/airflow/example_dags/tutorial_taskflow_api_etl.py took 0.117 seconds
[2022-03-01 01:59:26,841] {scheduler_job.py:182} INFO - Started process (PID=626) to work on /home/airflow/.local/lib/python3.6/site-packages/airflow/example_dags/tutorial_taskflow_api_etl.py
[2022-03-01 01:59:26,843] {scheduler_job.py:629} INFO - Processing file /home/airflow/.local/lib/python3.6/site-packages/airflow/example_dags/tutorial_taskflow_api_etl.py for tasks to queue
[2022-03-01 01:59:26,846] {logging_mixin.py:104} INFO - [2022-03-01 01:59:26,845] {dagbag.py:448} INFO - Filling up the DagBag from /home/airflow/.local/lib/python3.6/site-packages/airflow/example_dags/tutorial_taskflow_api_etl.py
[2022-03-01 01:59:26,874] {scheduler_job.py:639} INFO - DAG(s) dict_keys(['tutorial_taskflow_api_etl']) retrieved from /home/airflow/.local/lib/python3.6/site-packages/airflow/example_dags/tutorial_taskflow_api_etl.py
[2022-03-01 01:59:26,948] {logging_mixin.py:104} INFO - [2022-03-01 01:59:26,947] {dag.py:1818} INFO - Sync 1 DAGs
[2022-03-01 01:59:26,982] {logging_mixin.py:104} INFO - [2022-03-01 01:59:26,981] {dag.py:2273} INFO - Setting next_dagrun for tutorial_taskflow_api_etl to None
[2022-03-01 01:59:27,003] {scheduler_job.py:190} INFO - Processing /home/airflow/.local/lib/python3.6/site-packages/airflow/example_dags/tutorial_taskflow_api_etl.py took 0.168 seconds
[2022-03-01 01:59:57,675] {scheduler_job.py:182} INFO - Started process (PID=652) to work on /home/airflow/.local/lib/python3.6/site-packages/airflow/example_dags/tutorial_taskflow_api_etl.py
[2022-03-01 01:59:57,677] {scheduler_job.py:629} INFO - Processing file /home/airflow/.local/lib/python3.6/site-packages/airflow/example_dags/tutorial_taskflow_api_etl.py for tasks to queue
[2022-03-01 01:59:57,678] {logging_mixin.py:104} INFO - [2022-03-01 01:59:57,678] {dagbag.py:448} INFO - Filling up the DagBag from /home/airflow/.local/lib/python3.6/site-packages/airflow/example_dags/tutorial_taskflow_api_etl.py
[2022-03-01 01:59:57,697] {scheduler_job.py:639} INFO - DAG(s) dict_keys(['tutorial_taskflow_api_etl']) retrieved from /home/airflow/.local/lib/python3.6/site-packages/airflow/example_dags/tutorial_taskflow_api_etl.py
[2022-03-01 01:59:57,726] {logging_mixin.py:104} INFO - [2022-03-01 01:59:57,726] {dag.py:1818} INFO - Sync 1 DAGs
[2022-03-01 01:59:57,744] {logging_mixin.py:104} INFO - [2022-03-01 01:59:57,744] {dag.py:2273} INFO - Setting next_dagrun for tutorial_taskflow_api_etl to None
[2022-03-01 01:59:57,758] {scheduler_job.py:190} INFO - Processing /home/airflow/.local/lib/python3.6/site-packages/airflow/example_dags/tutorial_taskflow_api_etl.py took 0.087 seconds
[2022-03-01 02:00:28,238] {scheduler_job.py:182} INFO - Started process (PID=678) to work on /home/airflow/.local/lib/python3.6/site-packages/airflow/example_dags/tutorial_taskflow_api_etl.py
[2022-03-01 02:00:28,240] {scheduler_job.py:629} INFO - Processing file /home/airflow/.local/lib/python3.6/site-packages/airflow/example_dags/tutorial_taskflow_api_etl.py for tasks to queue
[2022-03-01 02:00:28,242] {logging_mixin.py:104} INFO - [2022-03-01 02:00:28,242] {dagbag.py:448} INFO - Filling up the DagBag from /home/airflow/.local/lib/python3.6/site-packages/airflow/example_dags/tutorial_taskflow_api_etl.py
[2022-03-01 02:00:28,260] {scheduler_job.py:639} INFO - DAG(s) dict_keys(['tutorial_taskflow_api_etl']) retrieved from /home/airflow/.local/lib/python3.6/site-packages/airflow/example_dags/tutorial_taskflow_api_etl.py
[2022-03-01 02:00:28,288] {logging_mixin.py:104} INFO - [2022-03-01 02:00:28,288] {dag.py:1818} INFO - Sync 1 DAGs
[2022-03-01 02:00:28,306] {logging_mixin.py:104} INFO - [2022-03-01 02:00:28,306] {dag.py:2273} INFO - Setting next_dagrun for tutorial_taskflow_api_etl to None
[2022-03-01 02:00:28,321] {scheduler_job.py:190} INFO - Processing /home/airflow/.local/lib/python3.6/site-packages/airflow/example_dags/tutorial_taskflow_api_etl.py took 0.087 seconds
[2022-03-01 02:00:58,838] {scheduler_job.py:182} INFO - Started process (PID=704) to work on /home/airflow/.local/lib/python3.6/site-packages/airflow/example_dags/tutorial_taskflow_api_etl.py
[2022-03-01 02:00:58,840] {scheduler_job.py:629} INFO - Processing file /home/airflow/.local/lib/python3.6/site-packages/airflow/example_dags/tutorial_taskflow_api_etl.py for tasks to queue
[2022-03-01 02:00:58,841] {logging_mixin.py:104} INFO - [2022-03-01 02:00:58,841] {dagbag.py:448} INFO - Filling up the DagBag from /home/airflow/.local/lib/python3.6/site-packages/airflow/example_dags/tutorial_taskflow_api_etl.py
[2022-03-01 02:00:58,859] {scheduler_job.py:639} INFO - DAG(s) dict_keys(['tutorial_taskflow_api_etl']) retrieved from /home/airflow/.local/lib/python3.6/site-packages/airflow/example_dags/tutorial_taskflow_api_etl.py
[2022-03-01 02:00:58,888] {logging_mixin.py:104} INFO - [2022-03-01 02:00:58,887] {dag.py:1818} INFO - Sync 1 DAGs
[2022-03-01 02:00:58,904] {logging_mixin.py:104} INFO - [2022-03-01 02:00:58,903] {dag.py:2273} INFO - Setting next_dagrun for tutorial_taskflow_api_etl to None
[2022-03-01 02:00:58,915] {scheduler_job.py:190} INFO - Processing /home/airflow/.local/lib/python3.6/site-packages/airflow/example_dags/tutorial_taskflow_api_etl.py took 0.082 seconds
[2022-03-01 02:01:29,416] {scheduler_job.py:182} INFO - Started process (PID=730) to work on /home/airflow/.local/lib/python3.6/site-packages/airflow/example_dags/tutorial_taskflow_api_etl.py
[2022-03-01 02:01:29,421] {scheduler_job.py:629} INFO - Processing file /home/airflow/.local/lib/python3.6/site-packages/airflow/example_dags/tutorial_taskflow_api_etl.py for tasks to queue
[2022-03-01 02:01:29,423] {logging_mixin.py:104} INFO - [2022-03-01 02:01:29,423] {dagbag.py:448} INFO - Filling up the DagBag from /home/airflow/.local/lib/python3.6/site-packages/airflow/example_dags/tutorial_taskflow_api_etl.py
[2022-03-01 02:01:29,443] {scheduler_job.py:639} INFO - DAG(s) dict_keys(['tutorial_taskflow_api_etl']) retrieved from /home/airflow/.local/lib/python3.6/site-packages/airflow/example_dags/tutorial_taskflow_api_etl.py
[2022-03-01 02:01:29,473] {logging_mixin.py:104} INFO - [2022-03-01 02:01:29,473] {dag.py:1818} INFO - Sync 1 DAGs
[2022-03-01 02:01:29,491] {logging_mixin.py:104} INFO - [2022-03-01 02:01:29,491] {dag.py:2273} INFO - Setting next_dagrun for tutorial_taskflow_api_etl to None
[2022-03-01 02:01:29,504] {scheduler_job.py:190} INFO - Processing /home/airflow/.local/lib/python3.6/site-packages/airflow/example_dags/tutorial_taskflow_api_etl.py took 0.093 seconds
[2022-03-01 02:01:59,914] {scheduler_job.py:182} INFO - Started process (PID=756) to work on /home/airflow/.local/lib/python3.6/site-packages/airflow/example_dags/tutorial_taskflow_api_etl.py
[2022-03-01 02:01:59,916] {scheduler_job.py:629} INFO - Processing file /home/airflow/.local/lib/python3.6/site-packages/airflow/example_dags/tutorial_taskflow_api_etl.py for tasks to queue
[2022-03-01 02:01:59,917] {logging_mixin.py:104} INFO - [2022-03-01 02:01:59,917] {dagbag.py:448} INFO - Filling up the DagBag from /home/airflow/.local/lib/python3.6/site-packages/airflow/example_dags/tutorial_taskflow_api_etl.py
[2022-03-01 02:01:59,936] {scheduler_job.py:639} INFO - DAG(s) dict_keys(['tutorial_taskflow_api_etl']) retrieved from /home/airflow/.local/lib/python3.6/site-packages/airflow/example_dags/tutorial_taskflow_api_etl.py
[2022-03-01 02:01:59,967] {logging_mixin.py:104} INFO - [2022-03-01 02:01:59,967] {dag.py:1818} INFO - Sync 1 DAGs
[2022-03-01 02:01:59,987] {logging_mixin.py:104} INFO - [2022-03-01 02:01:59,987] {dag.py:2273} INFO - Setting next_dagrun for tutorial_taskflow_api_etl to None
[2022-03-01 02:02:00,000] {scheduler_job.py:190} INFO - Processing /home/airflow/.local/lib/python3.6/site-packages/airflow/example_dags/tutorial_taskflow_api_etl.py took 0.090 seconds
[2022-03-01 02:02:30,571] {scheduler_job.py:182} INFO - Started process (PID=782) to work on /home/airflow/.local/lib/python3.6/site-packages/airflow/example_dags/tutorial_taskflow_api_etl.py
[2022-03-01 02:02:30,574] {scheduler_job.py:629} INFO - Processing file /home/airflow/.local/lib/python3.6/site-packages/airflow/example_dags/tutorial_taskflow_api_etl.py for tasks to queue
[2022-03-01 02:02:30,576] {logging_mixin.py:104} INFO - [2022-03-01 02:02:30,576] {dagbag.py:448} INFO - Filling up the DagBag from /home/airflow/.local/lib/python3.6/site-packages/airflow/example_dags/tutorial_taskflow_api_etl.py
[2022-03-01 02:02:30,598] {scheduler_job.py:639} INFO - DAG(s) dict_keys(['tutorial_taskflow_api_etl']) retrieved from /home/airflow/.local/lib/python3.6/site-packages/airflow/example_dags/tutorial_taskflow_api_etl.py
[2022-03-01 02:02:30,636] {logging_mixin.py:104} INFO - [2022-03-01 02:02:30,636] {dag.py:1818} INFO - Sync 1 DAGs
[2022-03-01 02:02:30,660] {logging_mixin.py:104} INFO - [2022-03-01 02:02:30,660] {dag.py:2273} INFO - Setting next_dagrun for tutorial_taskflow_api_etl to None
[2022-03-01 02:02:30,674] {scheduler_job.py:190} INFO - Processing /home/airflow/.local/lib/python3.6/site-packages/airflow/example_dags/tutorial_taskflow_api_etl.py took 0.108 seconds
