[2022-03-01 01:48:12,280] {scheduler_job.py:182} INFO - Started process (PID=51) to work on /home/airflow/.local/lib/python3.6/site-packages/airflow/example_dags/tutorial.py
[2022-03-01 01:48:12,283] {scheduler_job.py:629} INFO - Processing file /home/airflow/.local/lib/python3.6/site-packages/airflow/example_dags/tutorial.py for tasks to queue
[2022-03-01 01:48:12,286] {logging_mixin.py:104} INFO - [2022-03-01 01:48:12,286] {dagbag.py:448} INFO - Filling up the DagBag from /home/airflow/.local/lib/python3.6/site-packages/airflow/example_dags/tutorial.py
[2022-03-01 01:48:12,311] {scheduler_job.py:639} INFO - DAG(s) dict_keys(['tutorial']) retrieved from /home/airflow/.local/lib/python3.6/site-packages/airflow/example_dags/tutorial.py
[2022-03-01 01:48:12,368] {logging_mixin.py:104} INFO - [2022-03-01 01:48:12,368] {dag.py:1818} INFO - Sync 1 DAGs
[2022-03-01 01:48:12,400] {logging_mixin.py:104} INFO - [2022-03-01 01:48:12,400] {dag.py:1837} INFO - Creating ORM DAG for tutorial
[2022-03-01 01:48:12,412] {logging_mixin.py:104} INFO - [2022-03-01 01:48:12,412] {dag.py:2273} INFO - Setting next_dagrun for tutorial to 2022-02-27 00:00:00+00:00
[2022-03-01 01:48:12,444] {scheduler_job.py:190} INFO - Processing /home/airflow/.local/lib/python3.6/site-packages/airflow/example_dags/tutorial.py took 0.171 seconds
[2022-03-01 01:48:42,487] {scheduler_job.py:182} INFO - Started process (PID=77) to work on /home/airflow/.local/lib/python3.6/site-packages/airflow/example_dags/tutorial.py
[2022-03-01 01:48:42,489] {scheduler_job.py:629} INFO - Processing file /home/airflow/.local/lib/python3.6/site-packages/airflow/example_dags/tutorial.py for tasks to queue
[2022-03-01 01:48:42,490] {logging_mixin.py:104} INFO - [2022-03-01 01:48:42,490] {dagbag.py:448} INFO - Filling up the DagBag from /home/airflow/.local/lib/python3.6/site-packages/airflow/example_dags/tutorial.py
[2022-03-01 01:48:42,505] {scheduler_job.py:639} INFO - DAG(s) dict_keys(['tutorial']) retrieved from /home/airflow/.local/lib/python3.6/site-packages/airflow/example_dags/tutorial.py
[2022-03-01 01:48:42,539] {logging_mixin.py:104} INFO - [2022-03-01 01:48:42,539] {dag.py:1818} INFO - Sync 1 DAGs
[2022-03-01 01:48:42,561] {logging_mixin.py:104} INFO - [2022-03-01 01:48:42,561] {dag.py:2273} INFO - Setting next_dagrun for tutorial to 2022-02-27 00:00:00+00:00
[2022-03-01 01:48:42,574] {scheduler_job.py:190} INFO - Processing /home/airflow/.local/lib/python3.6/site-packages/airflow/example_dags/tutorial.py took 0.094 seconds
[2022-03-01 01:49:13,905] {scheduler_job.py:182} INFO - Started process (PID=103) to work on /home/airflow/.local/lib/python3.6/site-packages/airflow/example_dags/tutorial.py
[2022-03-01 01:49:13,910] {scheduler_job.py:629} INFO - Processing file /home/airflow/.local/lib/python3.6/site-packages/airflow/example_dags/tutorial.py for tasks to queue
[2022-03-01 01:49:13,913] {logging_mixin.py:104} INFO - [2022-03-01 01:49:13,912] {dagbag.py:448} INFO - Filling up the DagBag from /home/airflow/.local/lib/python3.6/site-packages/airflow/example_dags/tutorial.py
[2022-03-01 01:49:13,946] {scheduler_job.py:639} INFO - DAG(s) dict_keys(['tutorial']) retrieved from /home/airflow/.local/lib/python3.6/site-packages/airflow/example_dags/tutorial.py
[2022-03-01 01:49:14,004] {logging_mixin.py:104} INFO - [2022-03-01 01:49:14,003] {dag.py:1818} INFO - Sync 1 DAGs
[2022-03-01 01:49:14,040] {logging_mixin.py:104} INFO - [2022-03-01 01:49:14,039] {dag.py:2273} INFO - Setting next_dagrun for tutorial to 2022-02-27 00:00:00+00:00
[2022-03-01 01:49:14,061] {scheduler_job.py:190} INFO - Processing /home/airflow/.local/lib/python3.6/site-packages/airflow/example_dags/tutorial.py took 0.166 seconds
[2022-03-01 01:49:44,523] {scheduler_job.py:182} INFO - Started process (PID=129) to work on /home/airflow/.local/lib/python3.6/site-packages/airflow/example_dags/tutorial.py
[2022-03-01 01:49:44,525] {scheduler_job.py:629} INFO - Processing file /home/airflow/.local/lib/python3.6/site-packages/airflow/example_dags/tutorial.py for tasks to queue
[2022-03-01 01:49:44,527] {logging_mixin.py:104} INFO - [2022-03-01 01:49:44,527] {dagbag.py:448} INFO - Filling up the DagBag from /home/airflow/.local/lib/python3.6/site-packages/airflow/example_dags/tutorial.py
[2022-03-01 01:49:44,542] {scheduler_job.py:639} INFO - DAG(s) dict_keys(['tutorial']) retrieved from /home/airflow/.local/lib/python3.6/site-packages/airflow/example_dags/tutorial.py
[2022-03-01 01:49:44,567] {logging_mixin.py:104} INFO - [2022-03-01 01:49:44,567] {dag.py:1818} INFO - Sync 1 DAGs
[2022-03-01 01:49:44,587] {logging_mixin.py:104} INFO - [2022-03-01 01:49:44,586] {dag.py:2273} INFO - Setting next_dagrun for tutorial to 2022-02-27 00:00:00+00:00
[2022-03-01 01:49:44,597] {scheduler_job.py:190} INFO - Processing /home/airflow/.local/lib/python3.6/site-packages/airflow/example_dags/tutorial.py took 0.078 seconds
[2022-03-01 01:50:15,226] {scheduler_job.py:182} INFO - Started process (PID=181) to work on /home/airflow/.local/lib/python3.6/site-packages/airflow/example_dags/tutorial.py
[2022-03-01 01:50:15,230] {scheduler_job.py:629} INFO - Processing file /home/airflow/.local/lib/python3.6/site-packages/airflow/example_dags/tutorial.py for tasks to queue
[2022-03-01 01:50:15,232] {logging_mixin.py:104} INFO - [2022-03-01 01:50:15,232] {dagbag.py:448} INFO - Filling up the DagBag from /home/airflow/.local/lib/python3.6/site-packages/airflow/example_dags/tutorial.py
[2022-03-01 01:50:15,253] {scheduler_job.py:639} INFO - DAG(s) dict_keys(['tutorial']) retrieved from /home/airflow/.local/lib/python3.6/site-packages/airflow/example_dags/tutorial.py
[2022-03-01 01:50:15,309] {logging_mixin.py:104} INFO - [2022-03-01 01:50:15,309] {dag.py:1818} INFO - Sync 1 DAGs
[2022-03-01 01:50:15,333] {logging_mixin.py:104} INFO - [2022-03-01 01:50:15,333] {dag.py:2273} INFO - Setting next_dagrun for tutorial to 2022-02-27 00:00:00+00:00
[2022-03-01 01:50:15,349] {scheduler_job.py:190} INFO - Processing /home/airflow/.local/lib/python3.6/site-packages/airflow/example_dags/tutorial.py took 0.132 seconds
[2022-03-01 01:50:45,711] {scheduler_job.py:182} INFO - Started process (PID=204) to work on /home/airflow/.local/lib/python3.6/site-packages/airflow/example_dags/tutorial.py
[2022-03-01 01:50:45,714] {scheduler_job.py:629} INFO - Processing file /home/airflow/.local/lib/python3.6/site-packages/airflow/example_dags/tutorial.py for tasks to queue
[2022-03-01 01:50:45,715] {logging_mixin.py:104} INFO - [2022-03-01 01:50:45,715] {dagbag.py:448} INFO - Filling up the DagBag from /home/airflow/.local/lib/python3.6/site-packages/airflow/example_dags/tutorial.py
[2022-03-01 01:50:45,728] {scheduler_job.py:639} INFO - DAG(s) dict_keys(['tutorial']) retrieved from /home/airflow/.local/lib/python3.6/site-packages/airflow/example_dags/tutorial.py
[2022-03-01 01:50:45,774] {logging_mixin.py:104} INFO - [2022-03-01 01:50:45,774] {dag.py:1818} INFO - Sync 1 DAGs
[2022-03-01 01:50:45,811] {logging_mixin.py:104} INFO - [2022-03-01 01:50:45,810] {dag.py:2273} INFO - Setting next_dagrun for tutorial to 2022-02-27 00:00:00+00:00
[2022-03-01 01:50:45,832] {scheduler_job.py:190} INFO - Processing /home/airflow/.local/lib/python3.6/site-packages/airflow/example_dags/tutorial.py took 0.126 seconds
[2022-03-01 01:51:16,506] {scheduler_job.py:182} INFO - Started process (PID=230) to work on /home/airflow/.local/lib/python3.6/site-packages/airflow/example_dags/tutorial.py
[2022-03-01 01:51:16,508] {scheduler_job.py:629} INFO - Processing file /home/airflow/.local/lib/python3.6/site-packages/airflow/example_dags/tutorial.py for tasks to queue
[2022-03-01 01:51:16,510] {logging_mixin.py:104} INFO - [2022-03-01 01:51:16,510] {dagbag.py:448} INFO - Filling up the DagBag from /home/airflow/.local/lib/python3.6/site-packages/airflow/example_dags/tutorial.py
[2022-03-01 01:51:16,523] {scheduler_job.py:639} INFO - DAG(s) dict_keys(['tutorial']) retrieved from /home/airflow/.local/lib/python3.6/site-packages/airflow/example_dags/tutorial.py
[2022-03-01 01:51:16,565] {logging_mixin.py:104} INFO - [2022-03-01 01:51:16,565] {dag.py:1818} INFO - Sync 1 DAGs
[2022-03-01 01:51:16,584] {logging_mixin.py:104} INFO - [2022-03-01 01:51:16,584] {dag.py:2273} INFO - Setting next_dagrun for tutorial to 2022-02-27 00:00:00+00:00
[2022-03-01 01:51:16,597] {scheduler_job.py:190} INFO - Processing /home/airflow/.local/lib/python3.6/site-packages/airflow/example_dags/tutorial.py took 0.095 seconds
[2022-03-01 01:51:47,100] {scheduler_job.py:182} INFO - Started process (PID=255) to work on /home/airflow/.local/lib/python3.6/site-packages/airflow/example_dags/tutorial.py
[2022-03-01 01:51:47,102] {scheduler_job.py:629} INFO - Processing file /home/airflow/.local/lib/python3.6/site-packages/airflow/example_dags/tutorial.py for tasks to queue
[2022-03-01 01:51:47,104] {logging_mixin.py:104} INFO - [2022-03-01 01:51:47,103] {dagbag.py:448} INFO - Filling up the DagBag from /home/airflow/.local/lib/python3.6/site-packages/airflow/example_dags/tutorial.py
[2022-03-01 01:51:47,116] {scheduler_job.py:639} INFO - DAG(s) dict_keys(['tutorial']) retrieved from /home/airflow/.local/lib/python3.6/site-packages/airflow/example_dags/tutorial.py
[2022-03-01 01:51:47,147] {logging_mixin.py:104} INFO - [2022-03-01 01:51:47,147] {dag.py:1818} INFO - Sync 1 DAGs
[2022-03-01 01:51:47,171] {logging_mixin.py:104} INFO - [2022-03-01 01:51:47,171] {dag.py:2273} INFO - Setting next_dagrun for tutorial to 2022-02-27 00:00:00+00:00
[2022-03-01 01:51:47,188] {scheduler_job.py:190} INFO - Processing /home/airflow/.local/lib/python3.6/site-packages/airflow/example_dags/tutorial.py took 0.093 seconds
[2022-03-01 01:52:17,778] {scheduler_job.py:182} INFO - Started process (PID=281) to work on /home/airflow/.local/lib/python3.6/site-packages/airflow/example_dags/tutorial.py
[2022-03-01 01:52:17,782] {scheduler_job.py:629} INFO - Processing file /home/airflow/.local/lib/python3.6/site-packages/airflow/example_dags/tutorial.py for tasks to queue
[2022-03-01 01:52:17,786] {logging_mixin.py:104} INFO - [2022-03-01 01:52:17,786] {dagbag.py:448} INFO - Filling up the DagBag from /home/airflow/.local/lib/python3.6/site-packages/airflow/example_dags/tutorial.py
[2022-03-01 01:52:17,804] {scheduler_job.py:639} INFO - DAG(s) dict_keys(['tutorial']) retrieved from /home/airflow/.local/lib/python3.6/site-packages/airflow/example_dags/tutorial.py
[2022-03-01 01:52:17,830] {logging_mixin.py:104} INFO - [2022-03-01 01:52:17,830] {dag.py:1818} INFO - Sync 1 DAGs
[2022-03-01 01:52:17,851] {logging_mixin.py:104} INFO - [2022-03-01 01:52:17,851] {dag.py:2273} INFO - Setting next_dagrun for tutorial to 2022-02-27 00:00:00+00:00
[2022-03-01 01:52:17,866] {scheduler_job.py:190} INFO - Processing /home/airflow/.local/lib/python3.6/site-packages/airflow/example_dags/tutorial.py took 0.093 seconds
[2022-03-01 01:52:48,872] {scheduler_job.py:182} INFO - Started process (PID=307) to work on /home/airflow/.local/lib/python3.6/site-packages/airflow/example_dags/tutorial.py
[2022-03-01 01:52:48,875] {scheduler_job.py:629} INFO - Processing file /home/airflow/.local/lib/python3.6/site-packages/airflow/example_dags/tutorial.py for tasks to queue
[2022-03-01 01:52:48,876] {logging_mixin.py:104} INFO - [2022-03-01 01:52:48,876] {dagbag.py:448} INFO - Filling up the DagBag from /home/airflow/.local/lib/python3.6/site-packages/airflow/example_dags/tutorial.py
[2022-03-01 01:52:48,894] {scheduler_job.py:639} INFO - DAG(s) dict_keys(['tutorial']) retrieved from /home/airflow/.local/lib/python3.6/site-packages/airflow/example_dags/tutorial.py
[2022-03-01 01:52:48,923] {logging_mixin.py:104} INFO - [2022-03-01 01:52:48,923] {dag.py:1818} INFO - Sync 1 DAGs
[2022-03-01 01:52:48,949] {logging_mixin.py:104} INFO - [2022-03-01 01:52:48,949] {dag.py:2273} INFO - Setting next_dagrun for tutorial to 2022-02-27 00:00:00+00:00
[2022-03-01 01:52:48,964] {scheduler_job.py:190} INFO - Processing /home/airflow/.local/lib/python3.6/site-packages/airflow/example_dags/tutorial.py took 0.099 seconds
[2022-03-01 01:53:19,754] {scheduler_job.py:182} INFO - Started process (PID=331) to work on /home/airflow/.local/lib/python3.6/site-packages/airflow/example_dags/tutorial.py
[2022-03-01 01:53:19,757] {scheduler_job.py:629} INFO - Processing file /home/airflow/.local/lib/python3.6/site-packages/airflow/example_dags/tutorial.py for tasks to queue
[2022-03-01 01:53:19,759] {logging_mixin.py:104} INFO - [2022-03-01 01:53:19,758] {dagbag.py:448} INFO - Filling up the DagBag from /home/airflow/.local/lib/python3.6/site-packages/airflow/example_dags/tutorial.py
[2022-03-01 01:53:19,774] {scheduler_job.py:639} INFO - DAG(s) dict_keys(['tutorial']) retrieved from /home/airflow/.local/lib/python3.6/site-packages/airflow/example_dags/tutorial.py
[2022-03-01 01:53:19,810] {logging_mixin.py:104} INFO - [2022-03-01 01:53:19,809] {dag.py:1818} INFO - Sync 1 DAGs
[2022-03-01 01:53:19,849] {logging_mixin.py:104} INFO - [2022-03-01 01:53:19,849] {dag.py:2273} INFO - Setting next_dagrun for tutorial to 2022-02-27 00:00:00+00:00
[2022-03-01 01:53:19,861] {scheduler_job.py:190} INFO - Processing /home/airflow/.local/lib/python3.6/site-packages/airflow/example_dags/tutorial.py took 0.114 seconds
[2022-03-01 01:53:50,451] {scheduler_job.py:182} INFO - Started process (PID=357) to work on /home/airflow/.local/lib/python3.6/site-packages/airflow/example_dags/tutorial.py
[2022-03-01 01:53:50,453] {scheduler_job.py:629} INFO - Processing file /home/airflow/.local/lib/python3.6/site-packages/airflow/example_dags/tutorial.py for tasks to queue
[2022-03-01 01:53:50,455] {logging_mixin.py:104} INFO - [2022-03-01 01:53:50,454] {dagbag.py:448} INFO - Filling up the DagBag from /home/airflow/.local/lib/python3.6/site-packages/airflow/example_dags/tutorial.py
[2022-03-01 01:53:50,477] {scheduler_job.py:639} INFO - DAG(s) dict_keys(['tutorial']) retrieved from /home/airflow/.local/lib/python3.6/site-packages/airflow/example_dags/tutorial.py
[2022-03-01 01:53:50,502] {logging_mixin.py:104} INFO - [2022-03-01 01:53:50,502] {dag.py:1818} INFO - Sync 1 DAGs
[2022-03-01 01:53:50,519] {logging_mixin.py:104} INFO - [2022-03-01 01:53:50,519] {dag.py:2273} INFO - Setting next_dagrun for tutorial to 2022-02-27 00:00:00+00:00
[2022-03-01 01:53:50,528] {scheduler_job.py:190} INFO - Processing /home/airflow/.local/lib/python3.6/site-packages/airflow/example_dags/tutorial.py took 0.081 seconds
[2022-03-01 01:54:21,016] {scheduler_job.py:182} INFO - Started process (PID=383) to work on /home/airflow/.local/lib/python3.6/site-packages/airflow/example_dags/tutorial.py
[2022-03-01 01:54:21,018] {scheduler_job.py:629} INFO - Processing file /home/airflow/.local/lib/python3.6/site-packages/airflow/example_dags/tutorial.py for tasks to queue
[2022-03-01 01:54:21,021] {logging_mixin.py:104} INFO - [2022-03-01 01:54:21,021] {dagbag.py:448} INFO - Filling up the DagBag from /home/airflow/.local/lib/python3.6/site-packages/airflow/example_dags/tutorial.py
[2022-03-01 01:54:21,032] {scheduler_job.py:639} INFO - DAG(s) dict_keys(['tutorial']) retrieved from /home/airflow/.local/lib/python3.6/site-packages/airflow/example_dags/tutorial.py
[2022-03-01 01:54:21,074] {logging_mixin.py:104} INFO - [2022-03-01 01:54:21,073] {dag.py:1818} INFO - Sync 1 DAGs
[2022-03-01 01:54:21,109] {logging_mixin.py:104} INFO - [2022-03-01 01:54:21,109] {dag.py:2273} INFO - Setting next_dagrun for tutorial to 2022-02-27 00:00:00+00:00
[2022-03-01 01:54:21,122] {scheduler_job.py:190} INFO - Processing /home/airflow/.local/lib/python3.6/site-packages/airflow/example_dags/tutorial.py took 0.109 seconds
[2022-03-01 01:54:51,796] {scheduler_job.py:182} INFO - Started process (PID=409) to work on /home/airflow/.local/lib/python3.6/site-packages/airflow/example_dags/tutorial.py
[2022-03-01 01:54:51,798] {scheduler_job.py:629} INFO - Processing file /home/airflow/.local/lib/python3.6/site-packages/airflow/example_dags/tutorial.py for tasks to queue
[2022-03-01 01:54:51,800] {logging_mixin.py:104} INFO - [2022-03-01 01:54:51,800] {dagbag.py:448} INFO - Filling up the DagBag from /home/airflow/.local/lib/python3.6/site-packages/airflow/example_dags/tutorial.py
[2022-03-01 01:54:51,815] {scheduler_job.py:639} INFO - DAG(s) dict_keys(['tutorial']) retrieved from /home/airflow/.local/lib/python3.6/site-packages/airflow/example_dags/tutorial.py
[2022-03-01 01:54:51,846] {logging_mixin.py:104} INFO - [2022-03-01 01:54:51,846] {dag.py:1818} INFO - Sync 1 DAGs
[2022-03-01 01:54:51,871] {logging_mixin.py:104} INFO - [2022-03-01 01:54:51,871] {dag.py:2273} INFO - Setting next_dagrun for tutorial to 2022-02-27 00:00:00+00:00
[2022-03-01 01:54:51,886] {scheduler_job.py:190} INFO - Processing /home/airflow/.local/lib/python3.6/site-packages/airflow/example_dags/tutorial.py took 0.095 seconds
[2022-03-01 01:55:22,899] {scheduler_job.py:182} INFO - Started process (PID=435) to work on /home/airflow/.local/lib/python3.6/site-packages/airflow/example_dags/tutorial.py
[2022-03-01 01:55:22,902] {scheduler_job.py:629} INFO - Processing file /home/airflow/.local/lib/python3.6/site-packages/airflow/example_dags/tutorial.py for tasks to queue
[2022-03-01 01:55:22,903] {logging_mixin.py:104} INFO - [2022-03-01 01:55:22,903] {dagbag.py:448} INFO - Filling up the DagBag from /home/airflow/.local/lib/python3.6/site-packages/airflow/example_dags/tutorial.py
[2022-03-01 01:55:22,915] {scheduler_job.py:639} INFO - DAG(s) dict_keys(['tutorial']) retrieved from /home/airflow/.local/lib/python3.6/site-packages/airflow/example_dags/tutorial.py
[2022-03-01 01:55:22,944] {logging_mixin.py:104} INFO - [2022-03-01 01:55:22,944] {dag.py:1818} INFO - Sync 1 DAGs
[2022-03-01 01:55:22,964] {logging_mixin.py:104} INFO - [2022-03-01 01:55:22,964] {dag.py:2273} INFO - Setting next_dagrun for tutorial to 2022-02-27 00:00:00+00:00
[2022-03-01 01:55:22,979] {scheduler_job.py:190} INFO - Processing /home/airflow/.local/lib/python3.6/site-packages/airflow/example_dags/tutorial.py took 0.085 seconds
[2022-03-01 01:55:53,591] {scheduler_job.py:182} INFO - Started process (PID=461) to work on /home/airflow/.local/lib/python3.6/site-packages/airflow/example_dags/tutorial.py
[2022-03-01 01:55:53,593] {scheduler_job.py:629} INFO - Processing file /home/airflow/.local/lib/python3.6/site-packages/airflow/example_dags/tutorial.py for tasks to queue
[2022-03-01 01:55:53,594] {logging_mixin.py:104} INFO - [2022-03-01 01:55:53,594] {dagbag.py:448} INFO - Filling up the DagBag from /home/airflow/.local/lib/python3.6/site-packages/airflow/example_dags/tutorial.py
[2022-03-01 01:55:53,611] {scheduler_job.py:639} INFO - DAG(s) dict_keys(['tutorial']) retrieved from /home/airflow/.local/lib/python3.6/site-packages/airflow/example_dags/tutorial.py
[2022-03-01 01:55:53,644] {logging_mixin.py:104} INFO - [2022-03-01 01:55:53,644] {dag.py:1818} INFO - Sync 1 DAGs
[2022-03-01 01:55:53,668] {logging_mixin.py:104} INFO - [2022-03-01 01:55:53,668] {dag.py:2273} INFO - Setting next_dagrun for tutorial to 2022-02-27 00:00:00+00:00
[2022-03-01 01:55:53,682] {scheduler_job.py:190} INFO - Processing /home/airflow/.local/lib/python3.6/site-packages/airflow/example_dags/tutorial.py took 0.095 seconds
[2022-03-01 01:56:24,088] {scheduler_job.py:182} INFO - Started process (PID=489) to work on /home/airflow/.local/lib/python3.6/site-packages/airflow/example_dags/tutorial.py
[2022-03-01 01:56:24,090] {scheduler_job.py:629} INFO - Processing file /home/airflow/.local/lib/python3.6/site-packages/airflow/example_dags/tutorial.py for tasks to queue
[2022-03-01 01:56:24,092] {logging_mixin.py:104} INFO - [2022-03-01 01:56:24,092] {dagbag.py:448} INFO - Filling up the DagBag from /home/airflow/.local/lib/python3.6/site-packages/airflow/example_dags/tutorial.py
[2022-03-01 01:56:24,109] {scheduler_job.py:639} INFO - DAG(s) dict_keys(['tutorial']) retrieved from /home/airflow/.local/lib/python3.6/site-packages/airflow/example_dags/tutorial.py
[2022-03-01 01:56:24,143] {logging_mixin.py:104} INFO - [2022-03-01 01:56:24,143] {dag.py:1818} INFO - Sync 1 DAGs
[2022-03-01 01:56:24,174] {logging_mixin.py:104} INFO - [2022-03-01 01:56:24,174] {dag.py:2273} INFO - Setting next_dagrun for tutorial to 2022-02-27 00:00:00+00:00
[2022-03-01 01:56:24,194] {scheduler_job.py:190} INFO - Processing /home/airflow/.local/lib/python3.6/site-packages/airflow/example_dags/tutorial.py took 0.113 seconds
[2022-03-01 01:56:54,670] {scheduler_job.py:182} INFO - Started process (PID=513) to work on /home/airflow/.local/lib/python3.6/site-packages/airflow/example_dags/tutorial.py
[2022-03-01 01:56:54,672] {scheduler_job.py:629} INFO - Processing file /home/airflow/.local/lib/python3.6/site-packages/airflow/example_dags/tutorial.py for tasks to queue
[2022-03-01 01:56:54,674] {logging_mixin.py:104} INFO - [2022-03-01 01:56:54,673] {dagbag.py:448} INFO - Filling up the DagBag from /home/airflow/.local/lib/python3.6/site-packages/airflow/example_dags/tutorial.py
[2022-03-01 01:56:54,686] {scheduler_job.py:639} INFO - DAG(s) dict_keys(['tutorial']) retrieved from /home/airflow/.local/lib/python3.6/site-packages/airflow/example_dags/tutorial.py
[2022-03-01 01:56:54,716] {logging_mixin.py:104} INFO - [2022-03-01 01:56:54,716] {dag.py:1818} INFO - Sync 1 DAGs
[2022-03-01 01:56:54,738] {logging_mixin.py:104} INFO - [2022-03-01 01:56:54,738] {dag.py:2273} INFO - Setting next_dagrun for tutorial to 2022-02-27 00:00:00+00:00
[2022-03-01 01:56:54,749] {scheduler_job.py:190} INFO - Processing /home/airflow/.local/lib/python3.6/site-packages/airflow/example_dags/tutorial.py took 0.083 seconds
[2022-03-01 01:57:25,313] {scheduler_job.py:182} INFO - Started process (PID=537) to work on /home/airflow/.local/lib/python3.6/site-packages/airflow/example_dags/tutorial.py
[2022-03-01 01:57:25,315] {scheduler_job.py:629} INFO - Processing file /home/airflow/.local/lib/python3.6/site-packages/airflow/example_dags/tutorial.py for tasks to queue
[2022-03-01 01:57:25,316] {logging_mixin.py:104} INFO - [2022-03-01 01:57:25,316] {dagbag.py:448} INFO - Filling up the DagBag from /home/airflow/.local/lib/python3.6/site-packages/airflow/example_dags/tutorial.py
[2022-03-01 01:57:25,330] {scheduler_job.py:639} INFO - DAG(s) dict_keys(['tutorial']) retrieved from /home/airflow/.local/lib/python3.6/site-packages/airflow/example_dags/tutorial.py
[2022-03-01 01:57:25,364] {logging_mixin.py:104} INFO - [2022-03-01 01:57:25,364] {dag.py:1818} INFO - Sync 1 DAGs
[2022-03-01 01:57:25,397] {logging_mixin.py:104} INFO - [2022-03-01 01:57:25,397] {dag.py:2273} INFO - Setting next_dagrun for tutorial to 2022-02-27 00:00:00+00:00
[2022-03-01 01:57:25,409] {scheduler_job.py:190} INFO - Processing /home/airflow/.local/lib/python3.6/site-packages/airflow/example_dags/tutorial.py took 0.101 seconds
[2022-03-01 01:57:55,953] {scheduler_job.py:182} INFO - Started process (PID=563) to work on /home/airflow/.local/lib/python3.6/site-packages/airflow/example_dags/tutorial.py
[2022-03-01 01:57:55,955] {scheduler_job.py:629} INFO - Processing file /home/airflow/.local/lib/python3.6/site-packages/airflow/example_dags/tutorial.py for tasks to queue
[2022-03-01 01:57:55,957] {logging_mixin.py:104} INFO - [2022-03-01 01:57:55,956] {dagbag.py:448} INFO - Filling up the DagBag from /home/airflow/.local/lib/python3.6/site-packages/airflow/example_dags/tutorial.py
[2022-03-01 01:57:55,978] {scheduler_job.py:639} INFO - DAG(s) dict_keys(['tutorial']) retrieved from /home/airflow/.local/lib/python3.6/site-packages/airflow/example_dags/tutorial.py
[2022-03-01 01:57:56,011] {logging_mixin.py:104} INFO - [2022-03-01 01:57:56,011] {dag.py:1818} INFO - Sync 1 DAGs
[2022-03-01 01:57:56,041] {logging_mixin.py:104} INFO - [2022-03-01 01:57:56,041] {dag.py:2273} INFO - Setting next_dagrun for tutorial to 2022-02-27 00:00:00+00:00
[2022-03-01 01:57:56,051] {scheduler_job.py:190} INFO - Processing /home/airflow/.local/lib/python3.6/site-packages/airflow/example_dags/tutorial.py took 0.102 seconds
[2022-03-01 01:58:27,021] {scheduler_job.py:182} INFO - Started process (PID=589) to work on /home/airflow/.local/lib/python3.6/site-packages/airflow/example_dags/tutorial.py
[2022-03-01 01:58:27,024] {scheduler_job.py:629} INFO - Processing file /home/airflow/.local/lib/python3.6/site-packages/airflow/example_dags/tutorial.py for tasks to queue
[2022-03-01 01:58:27,026] {logging_mixin.py:104} INFO - [2022-03-01 01:58:27,026] {dagbag.py:448} INFO - Filling up the DagBag from /home/airflow/.local/lib/python3.6/site-packages/airflow/example_dags/tutorial.py
[2022-03-01 01:58:27,049] {scheduler_job.py:639} INFO - DAG(s) dict_keys(['tutorial']) retrieved from /home/airflow/.local/lib/python3.6/site-packages/airflow/example_dags/tutorial.py
[2022-03-01 01:58:27,090] {logging_mixin.py:104} INFO - [2022-03-01 01:58:27,090] {dag.py:1818} INFO - Sync 1 DAGs
[2022-03-01 01:58:27,119] {logging_mixin.py:104} INFO - [2022-03-01 01:58:27,119] {dag.py:2273} INFO - Setting next_dagrun for tutorial to 2022-02-27 00:00:00+00:00
[2022-03-01 01:58:27,133] {scheduler_job.py:190} INFO - Processing /home/airflow/.local/lib/python3.6/site-packages/airflow/example_dags/tutorial.py took 0.118 seconds
[2022-03-01 01:58:58,325] {scheduler_job.py:182} INFO - Started process (PID=621) to work on /home/airflow/.local/lib/python3.6/site-packages/airflow/example_dags/tutorial.py
[2022-03-01 01:58:58,328] {scheduler_job.py:629} INFO - Processing file /home/airflow/.local/lib/python3.6/site-packages/airflow/example_dags/tutorial.py for tasks to queue
[2022-03-01 01:58:58,330] {logging_mixin.py:104} INFO - [2022-03-01 01:58:58,330] {dagbag.py:448} INFO - Filling up the DagBag from /home/airflow/.local/lib/python3.6/site-packages/airflow/example_dags/tutorial.py
[2022-03-01 01:58:58,344] {scheduler_job.py:639} INFO - DAG(s) dict_keys(['tutorial']) retrieved from /home/airflow/.local/lib/python3.6/site-packages/airflow/example_dags/tutorial.py
[2022-03-01 01:58:58,418] {logging_mixin.py:104} INFO - [2022-03-01 01:58:58,418] {dag.py:1818} INFO - Sync 1 DAGs
[2022-03-01 01:58:58,463] {logging_mixin.py:104} INFO - [2022-03-01 01:58:58,463] {dag.py:2273} INFO - Setting next_dagrun for tutorial to 2022-02-27 00:00:00+00:00
[2022-03-01 01:58:58,479] {scheduler_job.py:190} INFO - Processing /home/airflow/.local/lib/python3.6/site-packages/airflow/example_dags/tutorial.py took 0.159 seconds
[2022-03-01 01:59:29,315] {scheduler_job.py:182} INFO - Started process (PID=647) to work on /home/airflow/.local/lib/python3.6/site-packages/airflow/example_dags/tutorial.py
[2022-03-01 01:59:29,318] {scheduler_job.py:629} INFO - Processing file /home/airflow/.local/lib/python3.6/site-packages/airflow/example_dags/tutorial.py for tasks to queue
[2022-03-01 01:59:29,320] {logging_mixin.py:104} INFO - [2022-03-01 01:59:29,319] {dagbag.py:448} INFO - Filling up the DagBag from /home/airflow/.local/lib/python3.6/site-packages/airflow/example_dags/tutorial.py
[2022-03-01 01:59:29,332] {scheduler_job.py:639} INFO - DAG(s) dict_keys(['tutorial']) retrieved from /home/airflow/.local/lib/python3.6/site-packages/airflow/example_dags/tutorial.py
[2022-03-01 01:59:29,359] {logging_mixin.py:104} INFO - [2022-03-01 01:59:29,359] {dag.py:1818} INFO - Sync 1 DAGs
[2022-03-01 01:59:29,375] {logging_mixin.py:104} INFO - [2022-03-01 01:59:29,375] {dag.py:2273} INFO - Setting next_dagrun for tutorial to 2022-02-27 00:00:00+00:00
[2022-03-01 01:59:29,385] {scheduler_job.py:190} INFO - Processing /home/airflow/.local/lib/python3.6/site-packages/airflow/example_dags/tutorial.py took 0.075 seconds
[2022-03-01 01:59:59,864] {scheduler_job.py:182} INFO - Started process (PID=672) to work on /home/airflow/.local/lib/python3.6/site-packages/airflow/example_dags/tutorial.py
[2022-03-01 01:59:59,865] {scheduler_job.py:629} INFO - Processing file /home/airflow/.local/lib/python3.6/site-packages/airflow/example_dags/tutorial.py for tasks to queue
[2022-03-01 01:59:59,867] {logging_mixin.py:104} INFO - [2022-03-01 01:59:59,867] {dagbag.py:448} INFO - Filling up the DagBag from /home/airflow/.local/lib/python3.6/site-packages/airflow/example_dags/tutorial.py
[2022-03-01 01:59:59,879] {scheduler_job.py:639} INFO - DAG(s) dict_keys(['tutorial']) retrieved from /home/airflow/.local/lib/python3.6/site-packages/airflow/example_dags/tutorial.py
[2022-03-01 01:59:59,906] {logging_mixin.py:104} INFO - [2022-03-01 01:59:59,906] {dag.py:1818} INFO - Sync 1 DAGs
[2022-03-01 01:59:59,924] {logging_mixin.py:104} INFO - [2022-03-01 01:59:59,923] {dag.py:2273} INFO - Setting next_dagrun for tutorial to 2022-02-27 00:00:00+00:00
[2022-03-01 01:59:59,934] {scheduler_job.py:190} INFO - Processing /home/airflow/.local/lib/python3.6/site-packages/airflow/example_dags/tutorial.py took 0.075 seconds
[2022-03-01 02:00:30,452] {scheduler_job.py:182} INFO - Started process (PID=698) to work on /home/airflow/.local/lib/python3.6/site-packages/airflow/example_dags/tutorial.py
[2022-03-01 02:00:30,456] {scheduler_job.py:629} INFO - Processing file /home/airflow/.local/lib/python3.6/site-packages/airflow/example_dags/tutorial.py for tasks to queue
[2022-03-01 02:00:30,458] {logging_mixin.py:104} INFO - [2022-03-01 02:00:30,457] {dagbag.py:448} INFO - Filling up the DagBag from /home/airflow/.local/lib/python3.6/site-packages/airflow/example_dags/tutorial.py
[2022-03-01 02:00:30,472] {scheduler_job.py:639} INFO - DAG(s) dict_keys(['tutorial']) retrieved from /home/airflow/.local/lib/python3.6/site-packages/airflow/example_dags/tutorial.py
[2022-03-01 02:00:30,506] {logging_mixin.py:104} INFO - [2022-03-01 02:00:30,505] {dag.py:1818} INFO - Sync 1 DAGs
[2022-03-01 02:00:30,528] {logging_mixin.py:104} INFO - [2022-03-01 02:00:30,528] {dag.py:2273} INFO - Setting next_dagrun for tutorial to 2022-02-27 00:00:00+00:00
[2022-03-01 02:00:30,540] {scheduler_job.py:190} INFO - Processing /home/airflow/.local/lib/python3.6/site-packages/airflow/example_dags/tutorial.py took 0.093 seconds
[2022-03-01 02:01:01,020] {scheduler_job.py:182} INFO - Started process (PID=724) to work on /home/airflow/.local/lib/python3.6/site-packages/airflow/example_dags/tutorial.py
[2022-03-01 02:01:01,023] {scheduler_job.py:629} INFO - Processing file /home/airflow/.local/lib/python3.6/site-packages/airflow/example_dags/tutorial.py for tasks to queue
[2022-03-01 02:01:01,025] {logging_mixin.py:104} INFO - [2022-03-01 02:01:01,025] {dagbag.py:448} INFO - Filling up the DagBag from /home/airflow/.local/lib/python3.6/site-packages/airflow/example_dags/tutorial.py
[2022-03-01 02:01:01,045] {scheduler_job.py:639} INFO - DAG(s) dict_keys(['tutorial']) retrieved from /home/airflow/.local/lib/python3.6/site-packages/airflow/example_dags/tutorial.py
[2022-03-01 02:01:01,085] {logging_mixin.py:104} INFO - [2022-03-01 02:01:01,085] {dag.py:1818} INFO - Sync 1 DAGs
[2022-03-01 02:01:01,112] {logging_mixin.py:104} INFO - [2022-03-01 02:01:01,111] {dag.py:2273} INFO - Setting next_dagrun for tutorial to 2022-02-27 00:00:00+00:00
[2022-03-01 02:01:01,131] {scheduler_job.py:190} INFO - Processing /home/airflow/.local/lib/python3.6/site-packages/airflow/example_dags/tutorial.py took 0.118 seconds
[2022-03-01 02:01:31,396] {scheduler_job.py:182} INFO - Started process (PID=749) to work on /home/airflow/.local/lib/python3.6/site-packages/airflow/example_dags/tutorial.py
[2022-03-01 02:01:31,398] {scheduler_job.py:629} INFO - Processing file /home/airflow/.local/lib/python3.6/site-packages/airflow/example_dags/tutorial.py for tasks to queue
[2022-03-01 02:01:31,400] {logging_mixin.py:104} INFO - [2022-03-01 02:01:31,400] {dagbag.py:448} INFO - Filling up the DagBag from /home/airflow/.local/lib/python3.6/site-packages/airflow/example_dags/tutorial.py
[2022-03-01 02:01:31,418] {scheduler_job.py:639} INFO - DAG(s) dict_keys(['tutorial']) retrieved from /home/airflow/.local/lib/python3.6/site-packages/airflow/example_dags/tutorial.py
[2022-03-01 02:01:31,449] {logging_mixin.py:104} INFO - [2022-03-01 02:01:31,449] {dag.py:1818} INFO - Sync 1 DAGs
[2022-03-01 02:01:31,474] {logging_mixin.py:104} INFO - [2022-03-01 02:01:31,474] {dag.py:2273} INFO - Setting next_dagrun for tutorial to 2022-02-27 00:00:00+00:00
[2022-03-01 02:01:31,492] {scheduler_job.py:190} INFO - Processing /home/airflow/.local/lib/python3.6/site-packages/airflow/example_dags/tutorial.py took 0.100 seconds
[2022-03-01 02:02:02,099] {scheduler_job.py:182} INFO - Started process (PID=775) to work on /home/airflow/.local/lib/python3.6/site-packages/airflow/example_dags/tutorial.py
[2022-03-01 02:02:02,101] {scheduler_job.py:629} INFO - Processing file /home/airflow/.local/lib/python3.6/site-packages/airflow/example_dags/tutorial.py for tasks to queue
[2022-03-01 02:02:02,103] {logging_mixin.py:104} INFO - [2022-03-01 02:02:02,103] {dagbag.py:448} INFO - Filling up the DagBag from /home/airflow/.local/lib/python3.6/site-packages/airflow/example_dags/tutorial.py
[2022-03-01 02:02:02,122] {scheduler_job.py:639} INFO - DAG(s) dict_keys(['tutorial']) retrieved from /home/airflow/.local/lib/python3.6/site-packages/airflow/example_dags/tutorial.py
[2022-03-01 02:02:02,149] {logging_mixin.py:104} INFO - [2022-03-01 02:02:02,149] {dag.py:1818} INFO - Sync 1 DAGs
[2022-03-01 02:02:02,170] {logging_mixin.py:104} INFO - [2022-03-01 02:02:02,170] {dag.py:2273} INFO - Setting next_dagrun for tutorial to 2022-02-27 00:00:00+00:00
[2022-03-01 02:02:02,181] {scheduler_job.py:190} INFO - Processing /home/airflow/.local/lib/python3.6/site-packages/airflow/example_dags/tutorial.py took 0.087 seconds
