[2022-03-01 01:49:59,120] {taskinstance.py:851} INFO - Dependencies all met for <TaskInstance: example_bash_operator.runme_1 2022-03-01T01:49:58.007630+00:00 [queued]>
[2022-03-01 01:49:59,172] {taskinstance.py:851} INFO - Dependencies all met for <TaskInstance: example_bash_operator.runme_1 2022-03-01T01:49:58.007630+00:00 [queued]>
[2022-03-01 01:49:59,173] {taskinstance.py:1042} INFO - 
--------------------------------------------------------------------------------
[2022-03-01 01:49:59,174] {taskinstance.py:1043} INFO - Starting attempt 1 of 1
[2022-03-01 01:49:59,175] {taskinstance.py:1044} INFO - 
--------------------------------------------------------------------------------
[2022-03-01 01:49:59,201] {taskinstance.py:1063} INFO - Executing <Task(BashOperator): runme_1> on 2022-03-01T01:49:58.007630+00:00
[2022-03-01 01:49:59,218] {standard_task_runner.py:76} INFO - Running: ['airflow', 'tasks', 'run', 'example_bash_operator', 'runme_1', '2022-03-01T01:49:58.007630+00:00', '--job-id', '12', '--pool', 'default_pool', '--raw', '--subdir', '/home/airflow/.local/lib/python3.6/site-packages/airflow/example_dags/example_bash_operator.py', '--cfg-path', '/tmp/tmp38up_rym', '--error-file', '/tmp/tmptkvnc45g']
[2022-03-01 01:49:59,220] {standard_task_runner.py:77} INFO - Job 12: Subtask runme_1
[2022-03-01 01:49:59,211] {standard_task_runner.py:52} INFO - Started process 80 to run task
[2022-03-01 01:49:59,319] {logging_mixin.py:104} INFO - Running <TaskInstance: example_bash_operator.runme_1 2022-03-01T01:49:58.007630+00:00 [running]> on host aaa141cd3a10
[2022-03-01 01:49:59,452] {taskinstance.py:1257} INFO - Exporting the following env vars:
AIRFLOW_CTX_DAG_OWNER=airflow
AIRFLOW_CTX_DAG_ID=example_bash_operator
AIRFLOW_CTX_TASK_ID=runme_1
AIRFLOW_CTX_EXECUTION_DATE=2022-03-01T01:49:58.007630+00:00
AIRFLOW_CTX_DAG_RUN_ID=manual__2022-03-01T01:49:58.007630+00:00
[2022-03-01 01:49:59,455] {bash.py:135} INFO - Tmp dir root location: 
 /tmp
[2022-03-01 01:49:59,458] {bash.py:158} INFO - Running command: echo "example_bash_operator__runme_1__20220301" && sleep 1
[2022-03-01 01:49:59,475] {bash.py:169} INFO - Output:
[2022-03-01 01:49:59,477] {bash.py:173} INFO - example_bash_operator__runme_1__20220301
[2022-03-01 01:50:00,479] {bash.py:177} INFO - Command exited with return code 0
[2022-03-01 01:50:00,516] {taskinstance.py:1166} INFO - Marking task as SUCCESS. dag_id=example_bash_operator, task_id=runme_1, execution_date=20220301T014958, start_date=20220301T014959, end_date=20220301T015000
[2022-03-01 01:50:00,600] {taskinstance.py:1220} INFO - 0 downstream tasks scheduled from follow-on schedule check
[2022-03-01 01:50:00,626] {local_task_job.py:146} INFO - Task exited with return code 0
