[2022-03-01 01:49:59,132] {taskinstance.py:851} INFO - Dependencies all met for <TaskInstance: example_bash_operator.runme_0 2022-03-01T01:49:58.007630+00:00 [queued]>
[2022-03-01 01:49:59,169] {taskinstance.py:851} INFO - Dependencies all met for <TaskInstance: example_bash_operator.runme_0 2022-03-01T01:49:58.007630+00:00 [queued]>
[2022-03-01 01:49:59,170] {taskinstance.py:1042} INFO - 
--------------------------------------------------------------------------------
[2022-03-01 01:49:59,171] {taskinstance.py:1043} INFO - Starting attempt 1 of 1
[2022-03-01 01:49:59,173] {taskinstance.py:1044} INFO - 
--------------------------------------------------------------------------------
[2022-03-01 01:49:59,189] {taskinstance.py:1063} INFO - Executing <Task(BashOperator): runme_0> on 2022-03-01T01:49:58.007630+00:00
[2022-03-01 01:49:59,204] {standard_task_runner.py:76} INFO - Running: ['airflow', 'tasks', 'run', 'example_bash_operator', 'runme_0', '2022-03-01T01:49:58.007630+00:00', '--job-id', '15', '--pool', 'default_pool', '--raw', '--subdir', '/home/airflow/.local/lib/python3.6/site-packages/airflow/example_dags/example_bash_operator.py', '--cfg-path', '/tmp/tmp0w0igjvx', '--error-file', '/tmp/tmpbxqyl985']
[2022-03-01 01:49:59,197] {standard_task_runner.py:52} INFO - Started process 79 to run task
[2022-03-01 01:49:59,205] {standard_task_runner.py:77} INFO - Job 15: Subtask runme_0
[2022-03-01 01:49:59,299] {logging_mixin.py:104} INFO - Running <TaskInstance: example_bash_operator.runme_0 2022-03-01T01:49:58.007630+00:00 [running]> on host aaa141cd3a10
[2022-03-01 01:49:59,441] {taskinstance.py:1257} INFO - Exporting the following env vars:
AIRFLOW_CTX_DAG_OWNER=airflow
AIRFLOW_CTX_DAG_ID=example_bash_operator
AIRFLOW_CTX_TASK_ID=runme_0
AIRFLOW_CTX_EXECUTION_DATE=2022-03-01T01:49:58.007630+00:00
AIRFLOW_CTX_DAG_RUN_ID=manual__2022-03-01T01:49:58.007630+00:00
[2022-03-01 01:49:59,444] {bash.py:135} INFO - Tmp dir root location: 
 /tmp
[2022-03-01 01:49:59,448] {bash.py:158} INFO - Running command: echo "example_bash_operator__runme_0__20220301" && sleep 1
[2022-03-01 01:49:59,470] {bash.py:169} INFO - Output:
[2022-03-01 01:49:59,472] {bash.py:173} INFO - example_bash_operator__runme_0__20220301
[2022-03-01 01:50:00,474] {bash.py:177} INFO - Command exited with return code 0
[2022-03-01 01:50:00,518] {taskinstance.py:1166} INFO - Marking task as SUCCESS. dag_id=example_bash_operator, task_id=runme_0, execution_date=20220301T014958, start_date=20220301T014959, end_date=20220301T015000
[2022-03-01 01:50:00,566] {taskinstance.py:1220} INFO - 1 downstream tasks scheduled from follow-on schedule check
[2022-03-01 01:50:00,591] {local_task_job.py:146} INFO - Task exited with return code 0
